#
# A fatal error has been detected by the Java Runtime Environment:
#
#  SIGSEGV (0xb) at pc=0x00007f8e718a5134, pid=3742, tid=0x00007f8e97b7c700
#
# JRE version: OpenJDK Runtime Environment (8.0_151-b12) (build 1.8.0_151-8u151-b12-0ubuntu0.16.04.2-b12)
# Java VM: OpenJDK 64-Bit Server VM (25.151-b12 mixed mode linux-amd64 compressed oops)
# Problematic frame:
# C  [libpcap.so.0.8+0xf134]  pcap_next+0x4
#
# Failed to write core dump. Core dumps have been disabled. To enable core dumping, try "ulimit -c unlimited" before starting Java again
#
# If you would like to submit a bug report, please visit:
#   http://bugreport.java.com/bugreport/crash.jsp
# The crash happened outside the Java Virtual Machine in native code.
# See problematic frame for where to report the bug.
#

---------------  T H R E A D  ---------------

Current thread (0x00007f8e90009800):  JavaThread "main" [_thread_in_native, id=3743, stack(0x00007f8e97a7c000,0x00007f8e97b7d000)]

siginfo: si_signo: 11 (SIGSEGV), si_code: 1 (SEGV_MAPERR), si_addr: 0x0000000000000260

Registers:
RAX=0x0000000000000000, RBX=0x00007f8e73c05548, RCX=0x00007f8e974992dd, RDX=0x00007f8e97b7b790
RSP=0x00007f8e97b7b730, RBP=0x00007f8e97b7b7b0, RSI=0x00007f8e97b7b790, RDI=0x0000000000000000
R8 =0x00007f8e900000b8, R9 =0x0000000000000000, R10=0x0000000000000077, R11=0x00007f8e718a5130
R12=0x0000000000000000, R13=0x00007f8e73c05548, R14=0x00007f8e97b7b830, R15=0x00007f8e90009800
RIP=0x00007f8e718a5134, EFLAGS=0x0000000000010206, CSGSFS=0x002b000000000033, ERR=0x0000000000000004
  TRAPNO=0x000000000000000e

Top of Stack: (sp=0x00007f8e97b7b730)
0x00007f8e97b7b730:   0000000000000000 00007f8e97767620
0x00007f8e97b7b740:   00007f8e71d105b8 00007f8e974117fa
0x00007f8e97b7b750:   00007f8e73c05548 00007f8e90150450
0x00007f8e97b7b760:   0000000000000002 00007f8e71d100b5
0x00007f8e97b7b770:   00007f8e97b7b830 00007f8e900099e0
0x00007f8e97b7b780:   00007f8e97b7b7b0 00007f8e73c05548
0x00007f8e97b7b790:   0000000000000000 00007f8e73c05548
0x00007f8e97b7b7a0:   00007f8e97b7b810 00007f8e81017612
0x00007f8e97b7b7b0:   00007f8e97b7b810 00007f8e81017774
0x00007f8e97b7b7c0:   0000000600000001 00007f8e810174c2
0x00007f8e97b7b7d0:   00007f8e97b7b7d0 00007f8e73c05548
0x00007f8e97b7b7e0:   00007f8e97b7b830 00007f8e73c05dc0
0x00007f8e97b7b7f0:   0000000000000000 00007f8e73c05548
0x00007f8e97b7b800:   0000000000000000 00007f8e97b7b830
0x00007f8e97b7b810:   00007f8e97b7b878 00007f8e81007d80
0x00007f8e97b7b820:   0000000000000000 00007f8e8101127b
0x00007f8e97b7b830:   00000000d7089c98 00007f8e97b7b838
0x00007f8e97b7b840:   00007f8e73c03a2d 00007f8e97b7b8c8
0x00007f8e97b7b850:   00007f8e73c03e38 0000000000000000
0x00007f8e97b7b860:   00007f8e73c03b38 00007f8e97b7b830
0x00007f8e97b7b870:   00007f8e97b7b8c8 00007f8e97b7b910
0x00007f8e97b7b880:   00007f8e81007d80 0000000000000000
0x00007f8e97b7b890:   0000000000000000 0000000000000000
0x00007f8e97b7b8a0:   0000000000000000 0000000000000000
0x00007f8e97b7b8b0:   0000000000000000 0000000000000000
0x00007f8e97b7b8c0:   0000000000000000 00000000d7084ee8
0x00007f8e97b7b8d0:   00007f8e97b7b8d0 00007f8e73c03616
0x00007f8e97b7b8e0:   00007f8e97b7b9b8 00007f8e73c03e38
0x00007f8e97b7b8f0:   0000000000000000 00007f8e73c03878
0x00007f8e97b7b900:   00007f8e97b7b8c8 00007f8e97b7b9b8
0x00007f8e97b7b910:   00007f8e97b7ba00 00007f8e81007ffd
0x00007f8e97b7b920:   0000000000000000 0000000000000000 

Instructions: (pc=0x00007f8e718a5134)
0x00007f8e718a5114:   e0 90 66 2e 0f 1f 84 00 00 00 00 00 eb ee 0f 1f
0x00007f8e718a5124:   40 00 66 2e 0f 1f 84 00 00 00 00 00 48 83 ec 38
0x00007f8e718a5134:   48 8b 97 60 02 00 00 64 48 8b 04 25 28 00 00 00
0x00007f8e718a5144:   48 89 44 24 28 31 c0 48 8d 4c 24 10 48 8d 44 24 

Register to memory mapping:

RAX=0x0000000000000000 is an unknown value
RBX={method} {0x00007f8e73c05548} 'readPacket' '()[B' in 'SimplePacketDriver'
RCX=0x00007f8e974992dd: __write+0x2d in /lib/x86_64-linux-gnu/libc.so.6 at 0x00007f8e973a2000
RDX=0x00007f8e97b7b790 is pointing into the stack for thread: 0x00007f8e90009800
RSP=0x00007f8e97b7b730 is pointing into the stack for thread: 0x00007f8e90009800
RBP=0x00007f8e97b7b7b0 is pointing into the stack for thread: 0x00007f8e90009800
RSI=0x00007f8e97b7b790 is pointing into the stack for thread: 0x00007f8e90009800
RDI=0x0000000000000000 is an unknown value
R8 =0x00007f8e900000b8 is an unknown value
R9 =0x0000000000000000 is an unknown value
R10=0x0000000000000077 is an unknown value
R11=0x00007f8e718a5130: pcap_next+0 in /usr/lib/x86_64-linux-gnu/libpcap.so.0.8 at 0x00007f8e71896000
R12=0x0000000000000000 is an unknown value
R13={method} {0x00007f8e73c05548} 'readPacket' '()[B' in 'SimplePacketDriver'
R14=0x00007f8e97b7b830 is pointing into the stack for thread: 0x00007f8e90009800
R15=0x00007f8e90009800 is a thread


Stack: [0x00007f8e97a7c000,0x00007f8e97b7d000],  sp=0x00007f8e97b7b730,  free space=1021k
Native frames: (J=compiled Java code, j=interpreted, Vv=VM code, C=native code)
C  [libpcap.so.0.8+0xf134]  pcap_next+0x4
j  SimplePacketDriver.readPacket()[B+0
j  OptionHandler.getPacket()[B+13
j  OptionHandler.runOptions()V+862
j  Main.main([Ljava/lang/String;)V+18
v  ~StubRoutines::call_stub
V  [libjvm.so+0x66287b]
V  [libjvm.so+0x68452e]
V  [libjvm.so+0x686e5f]
C  [libjli.so+0x3552]
C  [libjli.so+0x73dd]
C  [libpthread.so.0+0x76ba]  start_thread+0xca

Java frames: (J=compiled Java code, j=interpreted, Vv=VM code)
j  SimplePacketDriver.readPacket()[B+0
j  OptionHandler.getPacket()[B+13
j  OptionHandler.runOptions()V+862
j  Main.main([Ljava/lang/String;)V+18
v  ~StubRoutines::call_stub

---------------  P R O C E S S  ---------------

Java Threads: ( => current thread )
  0x00007f8e900c9800 JavaThread "Service Thread" daemon [_thread_blocked, id=3755, stack(0x00007f8e72013000,0x00007f8e72114000)]
  0x00007f8e900b2000 JavaThread "C1 CompilerThread2" daemon [_thread_blocked, id=3754, stack(0x00007f8e72114000,0x00007f8e72215000)]
  0x00007f8e900b0800 JavaThread "C2 CompilerThread1" daemon [_thread_blocked, id=3753, stack(0x00007f8e72215000,0x00007f8e72316000)]
  0x00007f8e900ad800 JavaThread "C2 CompilerThread0" daemon [_thread_blocked, id=3752, stack(0x00007f8e72316000,0x00007f8e72417000)]
  0x00007f8e900ab800 JavaThread "Signal Dispatcher" daemon [_thread_blocked, id=3751, stack(0x00007f8e72417000,0x00007f8e72518000)]
  0x00007f8e90083800 JavaThread "Finalizer" daemon [_thread_blocked, id=3750, stack(0x00007f8e727f0000,0x00007f8e728f1000)]
  0x00007f8e9007f000 JavaThread "Reference Handler" daemon [_thread_blocked, id=3749, stack(0x00007f8e728f1000,0x00007f8e729f2000)]
=>0x00007f8e90009800 JavaThread "main" [_thread_in_native, id=3743, stack(0x00007f8e97a7c000,0x00007f8e97b7d000)]

Other Threads:
  0x00007f8e90077000 VMThread [stack: 0x00007f8e729f2000,0x00007f8e72af3000] [id=3748]
  0x00007f8e900cc000 WatcherThread [stack: 0x00007f8e71f12000,0x00007f8e72013000] [id=3756]

VM state:not at safepoint (normal execution)

VM Mutex/Monitor currently owned by a thread: None

Heap:
 PSYoungGen      total 36864K, used 1910K [0x00000000d7000000, 0x00000000d9900000, 0x0000000100000000)
  eden space 31744K, 6% used [0x00000000d7000000,0x00000000d71dd9a0,0x00000000d8f00000)
  from space 5120K, 0% used [0x00000000d9400000,0x00000000d9400000,0x00000000d9900000)
  to   space 5120K, 0% used [0x00000000d8f00000,0x00000000d8f00000,0x00000000d9400000)
 ParOldGen       total 84992K, used 0K [0x0000000085000000, 0x000000008a300000, 0x00000000d7000000)
  object space 84992K, 0% used [0x0000000085000000,0x0000000085000000,0x000000008a300000)
 Metaspace       used 3627K, capacity 4656K, committed 4864K, reserved 1056768K
  class space    used 400K, capacity 428K, committed 512K, reserved 1048576K

Card table byte_map: [0x00007f8e80c27000,0x00007f8e81000000] byte_map_base: 0x00007f8e807ff000

Marking Bits: (ParMarkBitMap*) 0x00007f8e96d4a2c0
 Begin Bits: [0x00007f8e78280000, 0x00007f8e7a140000)
 End Bits:   [0x00007f8e7a140000, 0x00007f8e7c000000)

Polling page: 0x00007f8e97b9e000

CodeCache: size=245760Kb used=1245Kb max_used=1255Kb free=244514Kb
 bounds [0x00007f8e81000000, 0x00007f8e81270000, 0x00007f8e90000000]
 total_blobs=330 nmethods=89 adapters=156
 compilation: enabled

Compilation events (10 events):
Event: 0.121 Thread 0x00007f8e900b2000 nmethod 86 0x00007f8e81135e50 code [0x00007f8e81135fc0, 0x00007f8e81136150]
Event: 0.121 Thread 0x00007f8e900b2000   85       3       java.util.regex.Pattern::next (33 bytes)
Event: 0.121 Thread 0x00007f8e900b2000 nmethod 85 0x00007f8e811361d0 code [0x00007f8e81136360, 0x00007f8e81136608]
Event: 0.121 Thread 0x00007f8e900b2000   88       3       java.util.regex.ASCII::isAscii (13 bytes)
Event: 0.121 Thread 0x00007f8e900b2000 nmethod 88 0x00007f8e81136750 code [0x00007f8e811368c0, 0x00007f8e81136a50]
Event: 0.121 Thread 0x00007f8e900b2000   87       1       java.util.regex.Pattern::flags (5 bytes)
Event: 0.122 Thread 0x00007f8e900b2000 nmethod 87 0x00007f8e81136ad0 code [0x00007f8e81136c20, 0x00007f8e81136d30]
Event: 0.123 Thread 0x00007f8e900b0800 nmethod 83 0x00007f8e81139b50 code [0x00007f8e81139ca0, 0x00007f8e81139e38]
Event: 1.213 Thread 0x00007f8e900b2000   89       1       java.nio.Buffer::position (5 bytes)
Event: 1.213 Thread 0x00007f8e900b2000 nmethod 89 0x00007f8e81139890 code [0x00007f8e811399e0, 0x00007f8e81139af0]

GC Heap History (0 events):
No events

Deoptimization events (0 events):
No events

Internal exceptions (8 events):
Event: 0.044 Thread 0x00007f8e90009800 Exception <a 'java/lang/NoSuchMethodError': Method sun.misc.Unsafe.defineClass(Ljava/lang/String;[BII)Ljava/lang/Class; name or signature does not match> (0x00000000d7007ca8) thrown at [/build/openjdk-8-W2Qe27/openjdk-8-8u151-b12/src/hotspot/src/share/vm/
Event: 0.044 Thread 0x00007f8e90009800 Exception <a 'java/lang/NoSuchMethodError': Method sun.misc.Unsafe.prefetchRead(Ljava/lang/Object;J)V name or signature does not match> (0x00000000d7007f90) thrown at [/build/openjdk-8-W2Qe27/openjdk-8-8u151-b12/src/hotspot/src/share/vm/prims/jni.cpp, lin
Event: 0.112 Thread 0x00007f8e90009800 Exception <a 'java/security/PrivilegedActionException'> (0x00000000d71a27a8) thrown at [/build/openjdk-8-W2Qe27/openjdk-8-8u151-b12/src/hotspot/src/share/vm/prims/jvm.cpp, line 1390]
Event: 0.112 Thread 0x00007f8e90009800 Exception <a 'java/security/PrivilegedActionException'> (0x00000000d71a2ba0) thrown at [/build/openjdk-8-W2Qe27/openjdk-8-8u151-b12/src/hotspot/src/share/vm/prims/jvm.cpp, line 1390]
Event: 0.112 Thread 0x00007f8e90009800 Exception <a 'java/security/PrivilegedActionException'> (0x00000000d71a4e10) thrown at [/build/openjdk-8-W2Qe27/openjdk-8-8u151-b12/src/hotspot/src/share/vm/prims/jvm.cpp, line 1390]
Event: 0.112 Thread 0x00007f8e90009800 Exception <a 'java/security/PrivilegedActionException'> (0x00000000d71a5208) thrown at [/build/openjdk-8-W2Qe27/openjdk-8-8u151-b12/src/hotspot/src/share/vm/prims/jvm.cpp, line 1390]
Event: 0.112 Thread 0x00007f8e90009800 Exception <a 'java/security/PrivilegedActionException'> (0x00000000d71a5ec8) thrown at [/build/openjdk-8-W2Qe27/openjdk-8-8u151-b12/src/hotspot/src/share/vm/prims/jvm.cpp, line 1390]
Event: 0.113 Thread 0x00007f8e90009800 Exception <a 'java/security/PrivilegedActionException'> (0x00000000d71a62c0) thrown at [/build/openjdk-8-W2Qe27/openjdk-8-8u151-b12/src/hotspot/src/share/vm/prims/jvm.cpp, line 1390]

Events (10 events):
Event: 0.119 loading class java/math/RoundingMode
Event: 0.119 loading class java/math/RoundingMode done
Event: 0.120 loading class java/util/regex/Pattern$GroupTail
Event: 0.120 loading class java/util/regex/Pattern$GroupTail done
Event: 0.120 loading class java/util/regex/Pattern$Ques
Event: 0.120 loading class java/util/regex/Pattern$Ques done
Event: 0.121 loading class java/util/regex/Pattern$Loop
Event: 0.121 loading class java/util/regex/Pattern$Loop done
Event: 0.121 loading class java/util/regex/Pattern$Prolog
Event: 0.121 loading class java/util/regex/Pattern$Prolog done


Dynamic libraries:
00400000-00401000 r-xp 00000000 08:05 8533564                            /usr/lib/jvm/java-8-openjdk-amd64/jre/bin/java
00600000-00601000 r--p 00000000 08:05 8533564                            /usr/lib/jvm/java-8-openjdk-amd64/jre/bin/java
00601000-00602000 rw-p 00001000 08:05 8533564                            /usr/lib/jvm/java-8-openjdk-amd64/jre/bin/java
00db5000-00dd6000 rw-p 00000000 00:00 0                                  [heap]
85000000-8a300000 rw-p 00000000 00:00 0 
8a300000-d7000000 ---p 00000000 00:00 0 
d7000000-d9900000 rw-p 00000000 00:00 0 
d9900000-100000000 ---p 00000000 00:00 0 
100000000-100080000 rw-p 00000000 00:00 0 
100080000-140000000 ---p 00000000 00:00 0 
7f8e44000000-7f8e44021000 rw-p 00000000 00:00 0 
7f8e44021000-7f8e48000000 ---p 00000000 00:00 0 
7f8e48000000-7f8e48021000 rw-p 00000000 00:00 0 
7f8e48021000-7f8e4c000000 ---p 00000000 00:00 0 
7f8e4c000000-7f8e4c021000 rw-p 00000000 00:00 0 
7f8e4c021000-7f8e50000000 ---p 00000000 00:00 0 
7f8e50000000-7f8e500ed000 rw-p 00000000 00:00 0 
7f8e500ed000-7f8e54000000 ---p 00000000 00:00 0 
7f8e54000000-7f8e54021000 rw-p 00000000 00:00 0 
7f8e54021000-7f8e58000000 ---p 00000000 00:00 0 
7f8e58000000-7f8e5803e000 rw-p 00000000 00:00 0 
7f8e5803e000-7f8e5c000000 ---p 00000000 00:00 0 
7f8e5c000000-7f8e5c021000 rw-p 00000000 00:00 0 
7f8e5c021000-7f8e60000000 ---p 00000000 00:00 0 
7f8e60000000-7f8e60021000 rw-p 00000000 00:00 0 
7f8e60021000-7f8e64000000 ---p 00000000 00:00 0 
7f8e64000000-7f8e64021000 rw-p 00000000 00:00 0 
7f8e64021000-7f8e68000000 ---p 00000000 00:00 0 
7f8e68000000-7f8e68021000 rw-p 00000000 00:00 0 
7f8e68021000-7f8e6c000000 ---p 00000000 00:00 0 
7f8e6c000000-7f8e6c021000 rw-p 00000000 00:00 0 
7f8e6c021000-7f8e70000000 ---p 00000000 00:00 0 
7f8e71896000-7f8e718d4000 r-xp 00000000 08:05 5252117                    /usr/lib/x86_64-linux-gnu/libpcap.so.1.7.4
7f8e718d4000-7f8e71ad4000 ---p 0003e000 08:05 5252117                    /usr/lib/x86_64-linux-gnu/libpcap.so.1.7.4
7f8e71ad4000-7f8e71ad6000 r--p 0003e000 08:05 5252117                    /usr/lib/x86_64-linux-gnu/libpcap.so.1.7.4
7f8e71ad6000-7f8e71ad7000 rw-p 00040000 08:05 5252117                    /usr/lib/x86_64-linux-gnu/libpcap.so.1.7.4
7f8e71ad7000-7f8e71ad8000 rw-p 00000000 00:00 0 
7f8e71ad8000-7f8e71aee000 r-xp 00000000 08:05 5249511                    /usr/lib/x86_64-linux-gnu/libnet.so.1.7.0
7f8e71aee000-7f8e71ced000 ---p 00016000 08:05 5249511                    /usr/lib/x86_64-linux-gnu/libnet.so.1.7.0
7f8e71ced000-7f8e71cee000 r--p 00015000 08:05 5249511                    /usr/lib/x86_64-linux-gnu/libnet.so.1.7.0
7f8e71cee000-7f8e71cef000 rw-p 00016000 08:05 5249511                    /usr/lib/x86_64-linux-gnu/libnet.so.1.7.0
7f8e71cef000-7f8e71cf1000 rw-p 00000000 00:00 0 
7f8e71d0f000-7f8e71d11000 r-xp 00000000 08:05 5249935                    /usr/lib/x86_64-linux-gnu/libsimplepacketdriver_x64.so
7f8e71d11000-7f8e71f10000 ---p 00002000 08:05 5249935                    /usr/lib/x86_64-linux-gnu/libsimplepacketdriver_x64.so
7f8e71f10000-7f8e71f11000 r--p 00001000 08:05 5249935                    /usr/lib/x86_64-linux-gnu/libsimplepacketdriver_x64.so
7f8e71f11000-7f8e71f12000 rw-p 00002000 08:05 5249935                    /usr/lib/x86_64-linux-gnu/libsimplepacketdriver_x64.so
7f8e71f12000-7f8e71f13000 ---p 00000000 00:00 0 
7f8e71f13000-7f8e72013000 rw-p 00000000 00:00 0 
7f8e72013000-7f8e72016000 ---p 00000000 00:00 0 
7f8e72016000-7f8e72114000 rw-p 00000000 00:00 0 
7f8e72114000-7f8e72117000 ---p 00000000 00:00 0 
7f8e72117000-7f8e72215000 rw-p 00000000 00:00 0 
7f8e72215000-7f8e72218000 ---p 00000000 00:00 0 
7f8e72218000-7f8e72316000 rw-p 00000000 00:00 0 
7f8e72316000-7f8e72319000 ---p 00000000 00:00 0 
7f8e72319000-7f8e72417000 rw-p 00000000 00:00 0 
7f8e72417000-7f8e7241a000 ---p 00000000 00:00 0 
7f8e7241a000-7f8e72518000 rw-p 00000000 00:00 0 
7f8e72518000-7f8e727f0000 r--p 00000000 08:05 5242947                    /usr/lib/locale/locale-archive
7f8e727f0000-7f8e727f3000 ---p 00000000 00:00 0 
7f8e727f3000-7f8e728f1000 rw-p 00000000 00:00 0 
7f8e728f1000-7f8e728f4000 ---p 00000000 00:00 0 
7f8e728f4000-7f8e729f2000 rw-p 00000000 00:00 0 
7f8e729f2000-7f8e729f3000 ---p 00000000 00:00 0 
7f8e729f3000-7f8e73c40000 rw-p 00000000 00:00 0 
7f8e73c40000-7f8e74000000 ---p 00000000 00:00 0 
7f8e74000000-7f8e74021000 rw-p 00000000 00:00 0 
7f8e74021000-7f8e78000000 ---p 00000000 00:00 0 
7f8e78006000-7f8e78021000 r--s 001d6000 08:05 8262874                    /usr/lib/jvm/java-8-openjdk-amd64/jre/lib/ext/nashorn.jar
7f8e78021000-7f8e7803c000 r--s 00394000 08:05 8262872                    /usr/lib/jvm/java-8-openjdk-amd64/jre/lib/ext/cldrdata.jar
7f8e7803c000-7f8e7c000000 rw-p 00000000 00:00 0 
7f8e7c000000-7f8e7c021000 rw-p 00000000 00:00 0 
7f8e7c021000-7f8e80000000 ---p 00000000 00:00 0 
7f8e80008000-7f8e80077000 rw-p 00000000 00:00 0 
7f8e80077000-7f8e80246000 r--s 03c21000 08:05 8130606                    /usr/lib/jvm/java-8-openjdk-amd64/jre/lib/rt.jar
7f8e80246000-7f8e80694000 rw-p 00000000 00:00 0 
7f8e80694000-7f8e80695000 ---p 00000000 00:00 0 
7f8e80695000-7f8e80795000 rw-p 00000000 00:00 0 
7f8e80795000-7f8e80796000 ---p 00000000 00:00 0 
7f8e80796000-7f8e80896000 rw-p 00000000 00:00 0 
7f8e80896000-7f8e80897000 ---p 00000000 00:00 0 
7f8e80897000-7f8e809c1000 rw-p 00000000 00:00 0 
7f8e809c1000-7f8e80c27000 ---p 00000000 00:00 0 
7f8e80c27000-7f8e80c51000 rw-p 00000000 00:00 0 
7f8e80c51000-7f8e80eb7000 ---p 00000000 00:00 0 
7f8e80eb7000-7f8e80ecc000 rw-p 00000000 00:00 0 
7f8e80ecc000-7f8e80fff000 ---p 00000000 00:00 0 
7f8e80fff000-7f8e81000000 rw-p 00000000 00:00 0 
7f8e81000000-7f8e81270000 rwxp 00000000 00:00 0 
7f8e81270000-7f8e90000000 ---p 00000000 00:00 0 
7f8e90000000-7f8e90231000 rw-p 00000000 00:00 0 
7f8e90231000-7f8e94000000 ---p 00000000 00:00 0 
7f8e94015000-7f8e94036000 rw-p 00000000 00:00 0 
7f8e94036000-7f8e94037000 ---p 00000000 00:00 0 
7f8e94037000-7f8e94141000 rw-p 00000000 00:00 0 
7f8e94141000-7f8e944f7000 ---p 00000000 00:00 0 
7f8e944f7000-7f8e944ff000 r-xp 00000000 08:05 8533544                    /usr/lib/jvm/java-8-openjdk-amd64/jre/lib/amd64/libzip.so
7f8e944ff000-7f8e946fe000 ---p 00008000 08:05 8533544                    /usr/lib/jvm/java-8-openjdk-amd64/jre/lib/amd64/libzip.so
7f8e946fe000-7f8e946ff000 r--p 00007000 08:05 8533544                    /usr/lib/jvm/java-8-openjdk-amd64/jre/lib/amd64/libzip.so
7f8e946ff000-7f8e94700000 rw-p 00008000 08:05 8533544                    /usr/lib/jvm/java-8-openjdk-amd64/jre/lib/amd64/libzip.so
7f8e94700000-7f8e9470b000 r-xp 00000000 08:05 1835182                    /lib/x86_64-linux-gnu/libnss_files-2.23.so
7f8e9470b000-7f8e9490a000 ---p 0000b000 08:05 1835182                    /lib/x86_64-linux-gnu/libnss_files-2.23.so
7f8e9490a000-7f8e9490b000 r--p 0000a000 08:05 1835182                    /lib/x86_64-linux-gnu/libnss_files-2.23.so
7f8e9490b000-7f8e9490c000 rw-p 0000b000 08:05 1835182                    /lib/x86_64-linux-gnu/libnss_files-2.23.so
7f8e9490c000-7f8e94912000 rw-p 00000000 00:00 0 
7f8e94912000-7f8e9491d000 r-xp 00000000 08:05 1835186                    /lib/x86_64-linux-gnu/libnss_nis-2.23.so
7f8e9491d000-7f8e94b1c000 ---p 0000b000 08:05 1835186                    /lib/x86_64-linux-gnu/libnss_nis-2.23.so
7f8e94b1c000-7f8e94b1d000 r--p 0000a000 08:05 1835186                    /lib/x86_64-linux-gnu/libnss_nis-2.23.so
7f8e94b1d000-7f8e94b1e000 rw-p 0000b000 08:05 1835186                    /lib/x86_64-linux-gnu/libnss_nis-2.23.so
7f8e94b1e000-7f8e94b34000 r-xp 00000000 08:05 1835025                    /lib/x86_64-linux-gnu/libnsl-2.23.so
7f8e94b34000-7f8e94d33000 ---p 00016000 08:05 1835025                    /lib/x86_64-linux-gnu/libnsl-2.23.so
7f8e94d33000-7f8e94d34000 r--p 00015000 08:05 1835025                    /lib/x86_64-linux-gnu/libnsl-2.23.so
7f8e94d34000-7f8e94d35000 rw-p 00016000 08:05 1835025                    /lib/x86_64-linux-gnu/libnsl-2.23.so
7f8e94d35000-7f8e94d37000 rw-p 00000000 00:00 0 
7f8e94d37000-7f8e94d3f000 r-xp 00000000 08:05 1835177                    /lib/x86_64-linux-gnu/libnss_compat-2.23.so
7f8e94d3f000-7f8e94f3e000 ---p 00008000 08:05 1835177                    /lib/x86_64-linux-gnu/libnss_compat-2.23.so
7f8e94f3e000-7f8e94f3f000 r--p 00007000 08:05 1835177                    /lib/x86_64-linux-gnu/libnss_compat-2.23.so
7f8e94f3f000-7f8e94f40000 rw-p 00008000 08:05 1835177                    /lib/x86_64-linux-gnu/libnss_compat-2.23.so
7f8e94f40000-7f8e94f6d000 r-xp 00000000 08:05 8533527                    /usr/lib/jvm/java-8-openjdk-amd64/jre/lib/amd64/libjava.so
7f8e94f6d000-7f8e9516c000 ---p 0002d000 08:05 8533527                    /usr/lib/jvm/java-8-openjdk-amd64/jre/lib/amd64/libjava.so
7f8e9516c000-7f8e9516d000 r--p 0002c000 08:05 8533527                    /usr/lib/jvm/java-8-openjdk-amd64/jre/lib/amd64/libjava.so
7f8e9516d000-7f8e9516f000 rw-p 0002d000 08:05 8533527                    /usr/lib/jvm/java-8-openjdk-amd64/jre/lib/amd64/libjava.so
7f8e9516f000-7f8e9517e000 r-xp 00000000 08:05 8533542                    /usr/lib/jvm/java-8-openjdk-amd64/jre/lib/amd64/libverify.so
7f8e9517e000-7f8e9537d000 ---p 0000f000 08:05 8533542                    /usr/lib/jvm/java-8-openjdk-amd64/jre/lib/amd64/libverify.so
7f8e9537d000-7f8e9537f000 r--p 0000e000 08:05 8533542                    /usr/lib/jvm/java-8-openjdk-amd64/jre/lib/amd64/libverify.so
7f8e9537f000-7f8e95380000 rw-p 00010000 08:05 8533542                    /usr/lib/jvm/java-8-openjdk-amd64/jre/lib/amd64/libverify.so
7f8e95380000-7f8e95387000 r-xp 00000000 08:05 1835187                    /lib/x86_64-linux-gnu/librt-2.23.so
7f8e95387000-7f8e95586000 ---p 00007000 08:05 1835187                    /lib/x86_64-linux-gnu/librt-2.23.so
7f8e95586000-7f8e95587000 r--p 00006000 08:05 1835187                    /lib/x86_64-linux-gnu/librt-2.23.so
7f8e95587000-7f8e95588000 rw-p 00007000 08:05 1835187                    /lib/x86_64-linux-gnu/librt-2.23.so
7f8e95588000-7f8e9559e000 r-xp 00000000 08:05 1839627                    /lib/x86_64-linux-gnu/libgcc_s.so.1
7f8e9559e000-7f8e9579d000 ---p 00016000 08:05 1839627                    /lib/x86_64-linux-gnu/libgcc_s.so.1
7f8e9579d000-7f8e9579e000 rw-p 00015000 08:05 1839627                    /lib/x86_64-linux-gnu/libgcc_s.so.1
7f8e9579e000-7f8e958a6000 r-xp 00000000 08:05 1835022                    /lib/x86_64-linux-gnu/libm-2.23.so
7f8e958a6000-7f8e95aa5000 ---p 00108000 08:05 1835022                    /lib/x86_64-linux-gnu/libm-2.23.so
7f8e95aa5000-7f8e95aa6000 r--p 00107000 08:05 1835022                    /lib/x86_64-linux-gnu/libm-2.23.so
7f8e95aa6000-7f8e95aa7000 rw-p 00108000 08:05 1835022                    /lib/x86_64-linux-gnu/libm-2.23.so
7f8e95aa7000-7f8e95c19000 r-xp 00000000 08:05 5244930                    /usr/lib/x86_64-linux-gnu/libstdc++.so.6.0.21
7f8e95c19000-7f8e95e19000 ---p 00172000 08:05 5244930                    /usr/lib/x86_64-linux-gnu/libstdc++.so.6.0.21
7f8e95e19000-7f8e95e23000 r--p 00172000 08:05 5244930                    /usr/lib/x86_64-linux-gnu/libstdc++.so.6.0.21
7f8e95e23000-7f8e95e25000 rw-p 0017c000 08:05 5244930                    /usr/lib/x86_64-linux-gnu/libstdc++.so.6.0.21
7f8e95e25000-7f8e95e29000 rw-p 00000000 00:00 0 
7f8e95e29000-7f8e96a7b000 r-xp 00000000 08:05 8533537                    /usr/lib/jvm/java-8-openjdk-amd64/jre/lib/amd64/server/libjvm.so
7f8e96a7b000-7f8e96c7b000 ---p 00c52000 08:05 8533537                    /usr/lib/jvm/java-8-openjdk-amd64/jre/lib/amd64/server/libjvm.so
7f8e96c7b000-7f8e96d0e000 r--p 00c52000 08:05 8533537                    /usr/lib/jvm/java-8-openjdk-amd64/jre/lib/amd64/server/libjvm.so
7f8e96d0e000-7f8e96d37000 rw-p 00ce5000 08:05 8533537                    /usr/lib/jvm/java-8-openjdk-amd64/jre/lib/amd64/server/libjvm.so
7f8e96d37000-7f8e96d67000 rw-p 00000000 00:00 0 
7f8e96d67000-7f8e96d7f000 r-xp 00000000 08:05 1835092                    /lib/x86_64-linux-gnu/libpthread-2.23.so
7f8e96d7f000-7f8e96f7e000 ---p 00018000 08:05 1835092                    /lib/x86_64-linux-gnu/libpthread-2.23.so
7f8e96f7e000-7f8e96f7f000 r--p 00017000 08:05 1835092                    /lib/x86_64-linux-gnu/libpthread-2.23.so
7f8e96f7f000-7f8e96f80000 rw-p 00018000 08:05 1835092                    /lib/x86_64-linux-gnu/libpthread-2.23.so
7f8e96f80000-7f8e96f84000 rw-p 00000000 00:00 0 
7f8e96f84000-7f8e96f87000 r-xp 00000000 08:05 1835099                    /lib/x86_64-linux-gnu/libdl-2.23.so
7f8e96f87000-7f8e97186000 ---p 00003000 08:05 1835099                    /lib/x86_64-linux-gnu/libdl-2.23.so
7f8e97186000-7f8e97187000 r--p 00002000 08:05 1835099                    /lib/x86_64-linux-gnu/libdl-2.23.so
7f8e97187000-7f8e97188000 rw-p 00003000 08:05 1835099                    /lib/x86_64-linux-gnu/libdl-2.23.so
7f8e97188000-7f8e971a1000 r-xp 00000000 08:05 1839561                    /lib/x86_64-linux-gnu/libz.so.1.2.8
7f8e971a1000-7f8e973a0000 ---p 00019000 08:05 1839561                    /lib/x86_64-linux-gnu/libz.so.1.2.8
7f8e973a0000-7f8e973a1000 r--p 00018000 08:05 1839561                    /lib/x86_64-linux-gnu/libz.so.1.2.8
7f8e973a1000-7f8e973a2000 rw-p 00019000 08:05 1839561                    /lib/x86_64-linux-gnu/libz.so.1.2.8
7f8e973a2000-7f8e97562000 r-xp 00000000 08:05 1835096                    /lib/x86_64-linux-gnu/libc-2.23.so
7f8e97562000-7f8e97762000 ---p 001c0000 08:05 1835096                    /lib/x86_64-linux-gnu/libc-2.23.so
7f8e97762000-7f8e97766000 r--p 001c0000 08:05 1835096                    /lib/x86_64-linux-gnu/libc-2.23.so
7f8e97766000-7f8e97768000 rw-p 001c4000 08:05 1835096                    /lib/x86_64-linux-gnu/libc-2.23.so
7f8e97768000-7f8e9776c000 rw-p 00000000 00:00 0 
7f8e9776c000-7f8e97779000 r-xp 00000000 08:05 8533540                    /usr/lib/jvm/java-8-openjdk-amd64/jre/lib/amd64/jli/libjli.so
7f8e97779000-7f8e97979000 ---p 0000d000 08:05 8533540                    /usr/lib/jvm/java-8-openjdk-amd64/jre/lib/amd64/jli/libjli.so
7f8e97979000-7f8e9797a000 r--p 0000d000 08:05 8533540                    /usr/lib/jvm/java-8-openjdk-amd64/jre/lib/amd64/jli/libjli.so
7f8e9797a000-7f8e9797b000 rw-p 0000e000 08:05 8533540                    /usr/lib/jvm/java-8-openjdk-amd64/jre/lib/amd64/jli/libjli.so
7f8e9797b000-7f8e979a1000 r-xp 00000000 08:05 1835037                    /lib/x86_64-linux-gnu/ld-2.23.so
7f8e979a5000-7f8e979a7000 r--s 0000c000 08:05 6951373                    /home/chris/Desktop/NetworkSecurity/Project1/PacketParser/commons-cli-1.4.jar
7f8e979a7000-7f8e979b1000 r--s 00116000 08:05 8262877                    /usr/lib/jvm/java-8-openjdk-amd64/jre/lib/ext/localedata.jar
7f8e979b1000-7f8e97a7c000 rw-p 00000000 00:00 0 
7f8e97a7c000-7f8e97a7f000 ---p 00000000 00:00 0 
7f8e97a7f000-7f8e97b81000 rw-p 00000000 00:00 0 
7f8e97b82000-7f8e97b84000 r--s 00008000 08:05 8262876                    /usr/lib/jvm/java-8-openjdk-amd64/jre/lib/ext/sunec.jar
7f8e97b84000-7f8e97b86000 r--s 00001000 08:05 8262880                    /usr/lib/jvm/java-8-openjdk-amd64/jre/lib/ext/dnsns.jar
7f8e97b86000-7f8e97b87000 r--s 0000a000 08:05 8262879                    /usr/lib/jvm/java-8-openjdk-amd64/jre/lib/ext/jaccess.jar
7f8e97b87000-7f8e97b8a000 r--s 0000f000 08:05 8261925                    /usr/lib/jvm/java-8-openjdk-amd64/jre/lib/ext/icedtea-sound.jar
7f8e97b8a000-7f8e97b8e000 r--s 00037000 08:05 8262878                    /usr/lib/jvm/java-8-openjdk-amd64/jre/lib/ext/sunpkcs11.jar
7f8e97b8e000-7f8e97b8f000 r--s 00010000 08:05 8262873                    /usr/lib/jvm/java-8-openjdk-amd64/jre/lib/ext/zipfs.jar
7f8e97b8f000-7f8e97b95000 r--s 0003a000 08:05 8262875                    /usr/lib/jvm/java-8-openjdk-amd64/jre/lib/ext/sunjce_provider.jar
7f8e97b95000-7f8e97b9d000 rw-s 00000000 08:05 659569                     /tmp/hsperfdata_chris/3742
7f8e97b9d000-7f8e97b9e000 rw-p 00000000 00:00 0 
7f8e97b9e000-7f8e97b9f000 r--p 00000000 00:00 0 
7f8e97b9f000-7f8e97ba0000 rw-p 00000000 00:00 0 
7f8e97ba0000-7f8e97ba1000 r--p 00025000 08:05 1835037                    /lib/x86_64-linux-gnu/ld-2.23.so
7f8e97ba1000-7f8e97ba2000 rw-p 00026000 08:05 1835037                    /lib/x86_64-linux-gnu/ld-2.23.so
7f8e97ba2000-7f8e97ba3000 rw-p 00000000 00:00 0 
7ffc549e1000-7ffc54a02000 rw-p 00000000 00:00 0                          [stack]
7ffc54bf9000-7ffc54bfc000 r--p 00000000 00:00 0                          [vvar]
7ffc54bfc000-7ffc54bfe000 r-xp 00000000 00:00 0                          [vdso]
ffffffffff600000-ffffffffff601000 r-xp 00000000 00:00 0                  [vsyscall]

VM Arguments:
java_command: Main
java_class_path (initial): .:commons-cli-1.4.jar
Launcher Type: SUN_STANDARD

Environment Variables:
PATH=/home/chris/bin:/home/chris/.local/bin:/usr/local/sbin:/usr/local/bin:/usr/sbin:/usr/bin:/sbin:/bin:/usr/games:/usr/local/games:~/opt/gradle/gradle-4.0/bin:/snap/bin
SHELL=/bin/bash
DISPLAY=:0

Signal Handlers:
SIGSEGV: [libjvm.so+0xa69040], sa_mask[0]=11111111011111111101111111111110, sa_flags=SA_RESTART|SA_SIGINFO
SIGBUS: [libjvm.so+0xa69040], sa_mask[0]=11111111011111111101111111111110, sa_flags=SA_RESTART|SA_SIGINFO
SIGFPE: [libjvm.so+0x8b2170], sa_mask[0]=11111111011111111101111111111110, sa_flags=SA_RESTART|SA_SIGINFO
SIGPIPE: [libjvm.so+0x8b2170], sa_mask[0]=11111111011111111101111111111110, sa_flags=SA_RESTART|SA_SIGINFO
SIGXFSZ: [libjvm.so+0x8b2170], sa_mask[0]=11111111011111111101111111111110, sa_flags=SA_RESTART|SA_SIGINFO
SIGILL: [libjvm.so+0x8b2170], sa_mask[0]=11111111011111111101111111111110, sa_flags=SA_RESTART|SA_SIGINFO
SIGUSR1: SIG_DFL, sa_mask[0]=00000000000000000000000000000000, sa_flags=none
SIGUSR2: [libjvm.so+0x8b2020], sa_mask[0]=00000000000000000000000000000000, sa_flags=SA_RESTART|SA_SIGINFO
SIGHUP: [libjvm.so+0x8b24f0], sa_mask[0]=11111111011111111101111111111110, sa_flags=SA_RESTART|SA_SIGINFO
SIGINT: [libjvm.so+0x8b24f0], sa_mask[0]=11111111011111111101111111111110, sa_flags=SA_RESTART|SA_SIGINFO
SIGTERM: [libjvm.so+0x8b24f0], sa_mask[0]=11111111011111111101111111111110, sa_flags=SA_RESTART|SA_SIGINFO
SIGQUIT: [libjvm.so+0x8b24f0], sa_mask[0]=11111111011111111101111111111110, sa_flags=SA_RESTART|SA_SIGINFO


---------------  S Y S T E M  ---------------

OS:DISTRIB_ID=Ubuntu
DISTRIB_RELEASE=16.04
DISTRIB_CODENAME=xenial
DISTRIB_DESCRIPTION="Ubuntu 16.04.3 LTS"

uname:Linux 4.13.0-32-generic #35~16.04.1-Ubuntu SMP Thu Jan 25 10:13:43 UTC 2018 x86_64
libc:glibc 2.23 NPTL 2.23 
rlimit: STACK 8192k, CORE 0k, NPROC 31061, NOFILE 1048576, AS infinity
load average:2.25 1.75 0.90

/proc/meminfo:
MemTotal:        8057372 kB
MemFree:         5460628 kB
MemAvailable:    6464972 kB
Buffers:          111112 kB
Cached:          1349608 kB
SwapCached:            0 kB
Active:          1426960 kB
Inactive:         964772 kB
Active(anon):     934152 kB
Inactive(anon):   261420 kB
Active(file):     492808 kB
Inactive(file):   703352 kB
Unevictable:          32 kB
Mlocked:              32 kB
SwapTotal:       8276988 kB
SwapFree:        8276988 kB
Dirty:               444 kB
Writeback:             0 kB
AnonPages:        931144 kB
Mapped:           397092 kB
Shmem:            264564 kB
Slab:             103932 kB
SReclaimable:      64988 kB
SUnreclaim:        38944 kB
KernelStack:        9504 kB
PageTables:        34148 kB
NFS_Unstable:          0 kB
Bounce:                0 kB
WritebackTmp:          0 kB
CommitLimit:    12305672 kB
Committed_AS:    5673728 kB
VmallocTotal:   34359738367 kB
VmallocUsed:           0 kB
VmallocChunk:          0 kB
HardwareCorrupted:     0 kB
AnonHugePages:         0 kB
ShmemHugePages:        0 kB
ShmemPmdMapped:        0 kB
CmaTotal:              0 kB
CmaFree:               0 kB
HugePages_Total:       0
HugePages_Free:        0
HugePages_Rsvd:        0
HugePages_Surp:        0
Hugepagesize:       2048 kB
DirectMap4k:      120208 kB
DirectMap2M:     6060032 kB
DirectMap1G:     2097152 kB


CPU:total 4 (initial active 4) (2 cores per cpu, 2 threads per core) family 6 model 78 stepping 3, cmov, cx8, fxsr, mmx, sse, sse2, sse3, ssse3, sse4.1, sse4.2, popcnt, avx, avx2, aes, clmul, erms, rtm, 3dnowpref, lzcnt, ht, tsc, tscinvbit, bmi1, bmi2, adx

/proc/cpuinfo:
processor	: 0
vendor_id	: GenuineIntel
cpu family	: 6
model		: 78
model name	: Intel(R) Core(TM) i3-6100U CPU @ 2.30GHz
stepping	: 3
microcode	: 0x7c
cpu MHz		: 2300.000
cache size	: 3072 KB
physical id	: 0
siblings	: 4
core id		: 0
cpu cores	: 2
apicid		: 0
initial apicid	: 0
fpu		: yes
fpu_exception	: yes
cpuid level	: 22
wp		: yes
flags		: fpu vme de pse tsc msr pae mce cx8 apic sep mtrr pge mca cmov pat pse36 clflush dts acpi mmx fxsr sse sse2 ss ht tm pbe syscall nx pdpe1gb rdtscp lm constant_tsc art arch_perfmon pebs bts rep_good nopl xtopology nonstop_tsc cpuid aperfmperf tsc_known_freq pni pclmulqdq dtes64 monitor ds_cpl vmx est tm2 ssse3 sdbg fma cx16 xtpr pdcm pcid sse4_1 sse4_2 x2apic movbe popcnt aes xsave avx f16c rdrand lahf_lm abm 3dnowprefetch cpuid_fault epb invpcid_single pti intel_pt tpr_shadow vnmi flexpriority ept vpid fsgsbase tsc_adjust bmi1 hle avx2 smep bmi2 erms invpcid rtm mpx rdseed adx smap clflushopt xsaveopt xsavec xgetbv1 xsaves dtherm ida arat pln pts hwp hwp_notify hwp_act_window hwp_epp
bugs		: cpu_meltdown spectre_v1 spectre_v2
bogomips	: 4608.00
clflush size	: 64
cache_alignment	: 64
address sizes	: 39 bits physical, 48 bits virtual
power management:

processor	: 1
vendor_id	: GenuineIntel
cpu family	: 6
model		: 78
model name	: Intel(R) Core(TM) i3-6100U CPU @ 2.30GHz
stepping	: 3
microcode	: 0x7c
cpu MHz		: 2300.000
cache size	: 3072 KB
physical id	: 0
siblings	: 4
core id		: 1
cpu cores	: 2
apicid		: 2
initial apicid	: 2
fpu		: yes
fpu_exception	: yes
cpuid level	: 22
wp		: yes
flags		: fpu vme de pse tsc msr pae mce cx8 apic sep mtrr pge mca cmov pat pse36 clflush dts acpi mmx fxsr sse sse2 ss ht tm pbe syscall nx pdpe1gb rdtscp lm constant_tsc art arch_perfmon pebs bts rep_good nopl xtopology nonstop_tsc cpuid aperfmperf tsc_known_freq pni pclmulqdq dtes64 monitor ds_cpl vmx est tm2 ssse3 sdbg fma cx16 xtpr pdcm pcid sse4_1 sse4_2 x2apic movbe popcnt aes xsave avx f16c rdrand lahf_lm abm 3dnowprefetch cpuid_fault epb invpcid_single pti intel_pt tpr_shadow vnmi flexpriority ept vpid fsgsbase tsc_adjust bmi1 hle avx2 smep bmi2 erms invpcid rtm mpx rdseed adx smap clflushopt xsaveopt xsavec xgetbv1 xsaves dtherm ida arat pln pts hwp hwp_notify hwp_act_window hwp_epp
bugs		: cpu_meltdown spectre_v1 spectre_v2
bogomips	: 4608.00
clflush size	: 64
cache_alignment	: 64
address sizes	: 39 bits physical, 48 bits virtual
power management:

processor	: 2
vendor_id	: GenuineIntel
cpu family	: 6
model		: 78
model name	: Intel(R) Core(TM) i3-6100U CPU @ 2.30GHz
stepping	: 3
microcode	: 0x7c
cpu MHz		: 2300.000
cache size	: 3072 KB
physical id	: 0
siblings	: 4
core id		: 0
cpu cores	: 2
apicid		: 1
initial apicid	: 1
fpu		: yes
fpu_exception	: yes
cpuid level	: 22
wp		: yes
flags		: fpu vme de pse tsc msr pae mce cx8 apic sep mtrr pge mca cmov pat pse36 clflush dts acpi mmx fxsr sse sse2 ss ht tm pbe syscall nx pdpe1gb rdtscp lm constant_tsc art arch_perfmon pebs bts rep_good nopl xtopology nonstop_tsc cpuid aperfmperf tsc_known_freq pni pclmulqdq dtes64 monitor ds_cpl vmx est tm2 ssse3 sdbg fma cx16 xtpr pdcm pcid sse4_1 sse4_2 x2apic movbe popcnt aes xsave avx f16c rdrand lahf_lm abm 3dnowprefetch cpuid_fault epb invpcid_single pti intel_pt tpr_shadow vnmi flexpriority ept vpid fsgsbase tsc_adjust bmi1 hle avx2 smep bmi2 erms invpcid rtm mpx rdseed adx smap clflushopt xsaveopt xsavec xgetbv1 xsaves dtherm ida arat pln pts hwp hwp_notify hwp_act_window hwp_epp
bugs		: cpu_meltdown spectre_v1 spectre_v2
bogomips	: 4608.00
clflush size	: 64
cache_alignment	: 64
address sizes	: 39 bits physical, 48 bits virtual
power management:

processor	: 3
vendor_id	: GenuineIntel
cpu family	: 6
model		: 78
model name	: Intel(R) Core(TM) i3-6100U CPU @ 2.30GHz
stepping	: 3
microcode	: 0x7c
cpu MHz		: 2300.000
cache size	: 3072 KB
physical id	: 0
siblings	: 4
core id		: 1
cpu cores	: 2
apicid		: 3
initial apicid	: 3
fpu		: yes
fpu_exception	: yes
cpuid level	: 22
wp		: yes
flags		: fpu vme de pse tsc msr pae mce cx8 apic sep mtrr pge mca cmov pat pse36 clflush dts acpi mmx fxsr sse sse2 ss ht tm pbe syscall nx pdpe1gb rdtscp lm constant_tsc art arch_perfmon pebs bts rep_good nopl xtopology nonstop_tsc cpuid aperfmperf tsc_known_freq pni pclmulqdq dtes64 monitor ds_cpl vmx est tm2 ssse3 sdbg fma cx16 xtpr pdcm pcid sse4_1 sse4_2 x2apic movbe popcnt aes xsave avx f16c rdrand lahf_lm abm 3dnowprefetch cpuid_fault epb invpcid_single pti intel_pt tpr_shadow vnmi flexpriority ept vpid fsgsbase tsc_adjust bmi1 hle avx2 smep bmi2 erms invpcid rtm mpx rdseed adx smap clflushopt xsaveopt xsavec xgetbv1 xsaves dtherm ida arat pln pts hwp hwp_notify hwp_act_window hwp_epp
bugs		: cpu_meltdown spectre_v1 spectre_v2
bogomips	: 4608.00
clflush size	: 64
cache_alignment	: 64
address sizes	: 39 bits physical, 48 bits virtual
power management:



Memory: 4k page, physical 8057372k(5460628k free), swap 8276988k(8276988k free)

vm_info: OpenJDK 64-Bit Server VM (25.151-b12) for linux-amd64 JRE (1.8.0_151-8u151-b12-0ubuntu0.16.04.2-b12), built on Oct 27 2017 21:59:02 by "buildd" with gcc 5.4.0 20160609

time: Fri Feb 23 10:25:58 2018
elapsed time: 1 seconds (0d 0h 0m 1s)

