#
# A fatal error has been detected by the Java Runtime Environment:
#
#  SIGSEGV (0xb) at pc=0x00007f17574d7134, pid=3685, tid=0x00007f177d87f700
#
# JRE version: OpenJDK Runtime Environment (8.0_151-b12) (build 1.8.0_151-8u151-b12-0ubuntu0.16.04.2-b12)
# Java VM: OpenJDK 64-Bit Server VM (25.151-b12 mixed mode linux-amd64 compressed oops)
# Problematic frame:
# C  [libpcap.so.0.8+0xf134]  pcap_next+0x4
#
# Failed to write core dump. Core dumps have been disabled. To enable core dumping, try "ulimit -c unlimited" before starting Java again
#
# If you would like to submit a bug report, please visit:
#   http://bugreport.java.com/bugreport/crash.jsp
# The crash happened outside the Java Virtual Machine in native code.
# See problematic frame for where to report the bug.
#

---------------  T H R E A D  ---------------

Current thread (0x00007f1774009800):  JavaThread "main" [_thread_in_native, id=3686, stack(0x00007f177d77f000,0x00007f177d880000)]

siginfo: si_signo: 11 (SIGSEGV), si_code: 1 (SEGV_MAPERR), si_addr: 0x0000000000000260

Registers:
RAX=0x0000000000000000, RBX=0x00007f1778bfa548, RCX=0x00007f177d19c2dd, RDX=0x00007f177d87e790
RSP=0x00007f177d87e730, RBP=0x00007f177d87e7b0, RSI=0x00007f177d87e790, RDI=0x0000000000000000
R8 =0x00007f17740000b8, R9 =0x0000000000000000, R10=0x0000000000000077, R11=0x00007f17574d7130
R12=0x0000000000000000, R13=0x00007f1778bfa548, R14=0x00007f177d87e830, R15=0x00007f1774009800
RIP=0x00007f17574d7134, EFLAGS=0x0000000000010206, CSGSFS=0x002b000000000033, ERR=0x0000000000000004
  TRAPNO=0x000000000000000e

Top of Stack: (sp=0x00007f177d87e730)
0x00007f177d87e730:   0000000000000000 00007f177d46a620
0x00007f177d87e740:   00007f17579245b8 00007f177d1147fa
0x00007f177d87e750:   00007f1778bfa548 00007f177414ff10
0x00007f177d87e760:   0000000000000002 00007f17579240b5
0x00007f177d87e770:   00007f177d87e830 00007f17740099e0
0x00007f177d87e780:   00007f177d87e7b0 00007f1778bfa548
0x00007f177d87e790:   0000000000000000 00007f1778bfa548
0x00007f177d87e7a0:   00007f177d87e810 00007f1765017612
0x00007f177d87e7b0:   00007f177d87e810 00007f1765017774
0x00007f177d87e7c0:   0000000600000001 00007f17650174c2
0x00007f177d87e7d0:   00007f177d87e7d0 00007f1778bfa548
0x00007f177d87e7e0:   00007f177d87e830 00007f1778bfadc0
0x00007f177d87e7f0:   0000000000000000 00007f1778bfa548
0x00007f177d87e800:   0000000000000000 00007f177d87e830
0x00007f177d87e810:   00007f177d87e878 00007f1765007d80
0x00007f177d87e820:   0000000000000000 00007f176501127b
0x00007f177d87e830:   00000000d7089c98 00007f177d87e838
0x00007f177d87e840:   00007f1778bf8a2d 00007f177d87e8c8
0x00007f177d87e850:   00007f1778bf8e38 0000000000000000
0x00007f177d87e860:   00007f1778bf8b38 00007f177d87e830
0x00007f177d87e870:   00007f177d87e8c8 00007f177d87e910
0x00007f177d87e880:   00007f1765007d80 0000000000000000
0x00007f177d87e890:   0000000000000000 0000000000000000
0x00007f177d87e8a0:   0000000000000000 0000000000000000
0x00007f177d87e8b0:   0000000000000000 0000000000000000
0x00007f177d87e8c0:   0000000000000000 00000000d7084ee8
0x00007f177d87e8d0:   00007f177d87e8d0 00007f1778bf8616
0x00007f177d87e8e0:   00007f177d87e9b8 00007f1778bf8e38
0x00007f177d87e8f0:   0000000000000000 00007f1778bf8878
0x00007f177d87e900:   00007f177d87e8c8 00007f177d87e9b8
0x00007f177d87e910:   00007f177d87ea00 00007f1765007ffd
0x00007f177d87e920:   0000000000000000 0000000000000000 

Instructions: (pc=0x00007f17574d7134)
0x00007f17574d7114:   e0 90 66 2e 0f 1f 84 00 00 00 00 00 eb ee 0f 1f
0x00007f17574d7124:   40 00 66 2e 0f 1f 84 00 00 00 00 00 48 83 ec 38
0x00007f17574d7134:   48 8b 97 60 02 00 00 64 48 8b 04 25 28 00 00 00
0x00007f17574d7144:   48 89 44 24 28 31 c0 48 8d 4c 24 10 48 8d 44 24 

Register to memory mapping:

RAX=0x0000000000000000 is an unknown value
RBX={method} {0x00007f1778bfa548} 'readPacket' '()[B' in 'SimplePacketDriver'
RCX=0x00007f177d19c2dd: __write+0x2d in /lib/x86_64-linux-gnu/libc.so.6 at 0x00007f177d0a5000
RDX=0x00007f177d87e790 is pointing into the stack for thread: 0x00007f1774009800
RSP=0x00007f177d87e730 is pointing into the stack for thread: 0x00007f1774009800
RBP=0x00007f177d87e7b0 is pointing into the stack for thread: 0x00007f1774009800
RSI=0x00007f177d87e790 is pointing into the stack for thread: 0x00007f1774009800
RDI=0x0000000000000000 is an unknown value
R8 =0x00007f17740000b8 is an unknown value
R9 =0x0000000000000000 is an unknown value
R10=0x0000000000000077 is an unknown value
R11=0x00007f17574d7130: pcap_next+0 in /usr/lib/x86_64-linux-gnu/libpcap.so.0.8 at 0x00007f17574c8000
R12=0x0000000000000000 is an unknown value
R13={method} {0x00007f1778bfa548} 'readPacket' '()[B' in 'SimplePacketDriver'
R14=0x00007f177d87e830 is pointing into the stack for thread: 0x00007f1774009800
R15=0x00007f1774009800 is a thread


Stack: [0x00007f177d77f000,0x00007f177d880000],  sp=0x00007f177d87e730,  free space=1021k
Native frames: (J=compiled Java code, j=interpreted, Vv=VM code, C=native code)
C  [libpcap.so.0.8+0xf134]  pcap_next+0x4
j  SimplePacketDriver.readPacket()[B+0
j  OptionHandler.getPacket()[B+13
j  OptionHandler.runOptions()V+862
j  Main.main([Ljava/lang/String;)V+18
v  ~StubRoutines::call_stub
V  [libjvm.so+0x66287b]
V  [libjvm.so+0x68452e]
V  [libjvm.so+0x686e5f]
C  [libjli.so+0x3552]
C  [libjli.so+0x73dd]
C  [libpthread.so.0+0x76ba]  start_thread+0xca

Java frames: (J=compiled Java code, j=interpreted, Vv=VM code)
j  SimplePacketDriver.readPacket()[B+0
j  OptionHandler.getPacket()[B+13
j  OptionHandler.runOptions()V+862
j  Main.main([Ljava/lang/String;)V+18
v  ~StubRoutines::call_stub

---------------  P R O C E S S  ---------------

Java Threads: ( => current thread )
  0x00007f17740c1800 JavaThread "Service Thread" daemon [_thread_blocked, id=3698, stack(0x00007f1757c27000,0x00007f1757d28000)]
  0x00007f17740b2000 JavaThread "C1 CompilerThread2" daemon [_thread_blocked, id=3697, stack(0x00007f175c07e000,0x00007f175c17f000)]
  0x00007f17740b0800 JavaThread "C2 CompilerThread1" daemon [_thread_blocked, id=3696, stack(0x00007f175c17f000,0x00007f175c280000)]
  0x00007f17740ad800 JavaThread "C2 CompilerThread0" daemon [_thread_blocked, id=3695, stack(0x00007f17640af000,0x00007f17641b0000)]
  0x00007f17740ab800 JavaThread "Signal Dispatcher" daemon [_thread_blocked, id=3694, stack(0x00007f17641b0000,0x00007f17642b1000)]
  0x00007f1774083800 JavaThread "Finalizer" daemon [_thread_blocked, id=3693, stack(0x00007f17642b1000,0x00007f17643b2000)]
  0x00007f177407f000 JavaThread "Reference Handler" daemon [_thread_blocked, id=3692, stack(0x00007f17643b2000,0x00007f17644b3000)]
=>0x00007f1774009800 JavaThread "main" [_thread_in_native, id=3686, stack(0x00007f177d77f000,0x00007f177d880000)]

Other Threads:
  0x00007f1774077000 VMThread [stack: 0x00007f17644b3000,0x00007f17645b4000] [id=3691]
  0x00007f17740c4000 WatcherThread [stack: 0x00007f1757b26000,0x00007f1757c27000] [id=3699]

VM state:not at safepoint (normal execution)

VM Mutex/Monitor currently owned by a thread: None

Heap:
 PSYoungGen      total 36864K, used 1910K [0x00000000d7000000, 0x00000000d9900000, 0x0000000100000000)
  eden space 31744K, 6% used [0x00000000d7000000,0x00000000d71dd9a0,0x00000000d8f00000)
  from space 5120K, 0% used [0x00000000d9400000,0x00000000d9400000,0x00000000d9900000)
  to   space 5120K, 0% used [0x00000000d8f00000,0x00000000d8f00000,0x00000000d9400000)
 ParOldGen       total 84992K, used 0K [0x0000000085000000, 0x000000008a300000, 0x00000000d7000000)
  object space 84992K, 0% used [0x0000000085000000,0x0000000085000000,0x000000008a300000)
 Metaspace       used 3627K, capacity 4656K, committed 4864K, reserved 1056768K
  class space    used 400K, capacity 428K, committed 512K, reserved 1048576K

Card table byte_map: [0x00007f1779a61000,0x00007f1779e3a000] byte_map_base: 0x00007f1779639000

Marking Bits: (ParMarkBitMap*) 0x00007f177ca4d2c0
 Begin Bits: [0x00007f175c280000, 0x00007f175e140000)
 End Bits:   [0x00007f175e140000, 0x00007f1760000000)

Polling page: 0x00007f177d8a1000

CodeCache: size=245760Kb used=1245Kb max_used=1255Kb free=244514Kb
 bounds [0x00007f1765000000, 0x00007f1765270000, 0x00007f1774000000]
 total_blobs=330 nmethods=89 adapters=156
 compilation: enabled

Compilation events (10 events):
Event: 0.097 Thread 0x00007f17740b2000 nmethod 86 0x00007f1765136010 code [0x00007f1765136180, 0x00007f1765136310]
Event: 0.097 Thread 0x00007f17740b2000   85       3       java.util.regex.Pattern::next (33 bytes)
Event: 0.097 Thread 0x00007f17740b2000 nmethod 85 0x00007f1765136390 code [0x00007f1765136520, 0x00007f17651367c8]
Event: 0.097 Thread 0x00007f17740b2000   88       3       java.util.regex.ASCII::isAscii (13 bytes)
Event: 0.097 Thread 0x00007f17740b2000 nmethod 88 0x00007f1765136910 code [0x00007f1765136a80, 0x00007f1765136c10]
Event: 0.097 Thread 0x00007f17740b2000   87       1       java.util.regex.Pattern::flags (5 bytes)
Event: 0.097 Thread 0x00007f17740b2000 nmethod 87 0x00007f1765136c90 code [0x00007f1765136de0, 0x00007f1765136ef0]
Event: 0.098 Thread 0x00007f17740ad800 nmethod 83 0x00007f1765139d10 code [0x00007f1765139e60, 0x00007f1765139ff8]
Event: 2.958 Thread 0x00007f17740b2000   89       1       java.nio.Buffer::position (5 bytes)
Event: 2.958 Thread 0x00007f17740b2000 nmethod 89 0x00007f1765139a50 code [0x00007f1765139ba0, 0x00007f1765139cb0]

GC Heap History (0 events):
No events

Deoptimization events (0 events):
No events

Internal exceptions (8 events):
Event: 0.018 Thread 0x00007f1774009800 Exception <a 'java/lang/NoSuchMethodError': Method sun.misc.Unsafe.defineClass(Ljava/lang/String;[BII)Ljava/lang/Class; name or signature does not match> (0x00000000d7007ca8) thrown at [/build/openjdk-8-W2Qe27/openjdk-8-8u151-b12/src/hotspot/src/share/vm/
Event: 0.018 Thread 0x00007f1774009800 Exception <a 'java/lang/NoSuchMethodError': Method sun.misc.Unsafe.prefetchRead(Ljava/lang/Object;J)V name or signature does not match> (0x00000000d7007f90) thrown at [/build/openjdk-8-W2Qe27/openjdk-8-8u151-b12/src/hotspot/src/share/vm/prims/jni.cpp, lin
Event: 0.088 Thread 0x00007f1774009800 Exception <a 'java/security/PrivilegedActionException'> (0x00000000d71a27a8) thrown at [/build/openjdk-8-W2Qe27/openjdk-8-8u151-b12/src/hotspot/src/share/vm/prims/jvm.cpp, line 1390]
Event: 0.088 Thread 0x00007f1774009800 Exception <a 'java/security/PrivilegedActionException'> (0x00000000d71a2ba0) thrown at [/build/openjdk-8-W2Qe27/openjdk-8-8u151-b12/src/hotspot/src/share/vm/prims/jvm.cpp, line 1390]
Event: 0.088 Thread 0x00007f1774009800 Exception <a 'java/security/PrivilegedActionException'> (0x00000000d71a4e10) thrown at [/build/openjdk-8-W2Qe27/openjdk-8-8u151-b12/src/hotspot/src/share/vm/prims/jvm.cpp, line 1390]
Event: 0.088 Thread 0x00007f1774009800 Exception <a 'java/security/PrivilegedActionException'> (0x00000000d71a5208) thrown at [/build/openjdk-8-W2Qe27/openjdk-8-8u151-b12/src/hotspot/src/share/vm/prims/jvm.cpp, line 1390]
Event: 0.088 Thread 0x00007f1774009800 Exception <a 'java/security/PrivilegedActionException'> (0x00000000d71a5ec8) thrown at [/build/openjdk-8-W2Qe27/openjdk-8-8u151-b12/src/hotspot/src/share/vm/prims/jvm.cpp, line 1390]
Event: 0.088 Thread 0x00007f1774009800 Exception <a 'java/security/PrivilegedActionException'> (0x00000000d71a62c0) thrown at [/build/openjdk-8-W2Qe27/openjdk-8-8u151-b12/src/hotspot/src/share/vm/prims/jvm.cpp, line 1390]

Events (10 events):
Event: 0.094 loading class java/math/RoundingMode
Event: 0.094 loading class java/math/RoundingMode done
Event: 0.096 loading class java/util/regex/Pattern$GroupTail
Event: 0.096 loading class java/util/regex/Pattern$GroupTail done
Event: 0.096 loading class java/util/regex/Pattern$Ques
Event: 0.096 loading class java/util/regex/Pattern$Ques done
Event: 0.096 loading class java/util/regex/Pattern$Loop
Event: 0.096 loading class java/util/regex/Pattern$Loop done
Event: 0.096 loading class java/util/regex/Pattern$Prolog
Event: 0.096 loading class java/util/regex/Pattern$Prolog done


Dynamic libraries:
00400000-00401000 r-xp 00000000 08:05 8533564                            /usr/lib/jvm/java-8-openjdk-amd64/jre/bin/java
00600000-00601000 r--p 00000000 08:05 8533564                            /usr/lib/jvm/java-8-openjdk-amd64/jre/bin/java
00601000-00602000 rw-p 00001000 08:05 8533564                            /usr/lib/jvm/java-8-openjdk-amd64/jre/bin/java
0204f000-02070000 rw-p 00000000 00:00 0                                  [heap]
85000000-8a300000 rw-p 00000000 00:00 0 
8a300000-d7000000 ---p 00000000 00:00 0 
d7000000-d9900000 rw-p 00000000 00:00 0 
d9900000-100000000 ---p 00000000 00:00 0 
100000000-100080000 rw-p 00000000 00:00 0 
100080000-140000000 ---p 00000000 00:00 0 
7f1720000000-7f1720021000 rw-p 00000000 00:00 0 
7f1720021000-7f1724000000 ---p 00000000 00:00 0 
7f1728000000-7f17280d5000 rw-p 00000000 00:00 0 
7f17280d5000-7f172c000000 ---p 00000000 00:00 0 
7f172c000000-7f172c021000 rw-p 00000000 00:00 0 
7f172c021000-7f1730000000 ---p 00000000 00:00 0 
7f1730000000-7f1730066000 rw-p 00000000 00:00 0 
7f1730066000-7f1734000000 ---p 00000000 00:00 0 
7f1734000000-7f1734021000 rw-p 00000000 00:00 0 
7f1734021000-7f1738000000 ---p 00000000 00:00 0 
7f1738000000-7f1738021000 rw-p 00000000 00:00 0 
7f1738021000-7f173c000000 ---p 00000000 00:00 0 
7f173c000000-7f173c021000 rw-p 00000000 00:00 0 
7f173c021000-7f1740000000 ---p 00000000 00:00 0 
7f1740000000-7f1740021000 rw-p 00000000 00:00 0 
7f1740021000-7f1744000000 ---p 00000000 00:00 0 
7f1744000000-7f1744021000 rw-p 00000000 00:00 0 
7f1744021000-7f1748000000 ---p 00000000 00:00 0 
7f1748000000-7f1748021000 rw-p 00000000 00:00 0 
7f1748021000-7f174c000000 ---p 00000000 00:00 0 
7f1750000000-7f1750021000 rw-p 00000000 00:00 0 
7f1750021000-7f1754000000 ---p 00000000 00:00 0 
7f17574c8000-7f1757506000 r-xp 00000000 08:05 5252117                    /usr/lib/x86_64-linux-gnu/libpcap.so.1.7.4
7f1757506000-7f1757706000 ---p 0003e000 08:05 5252117                    /usr/lib/x86_64-linux-gnu/libpcap.so.1.7.4
7f1757706000-7f1757708000 r--p 0003e000 08:05 5252117                    /usr/lib/x86_64-linux-gnu/libpcap.so.1.7.4
7f1757708000-7f1757709000 rw-p 00040000 08:05 5252117                    /usr/lib/x86_64-linux-gnu/libpcap.so.1.7.4
7f1757709000-7f175770a000 rw-p 00000000 00:00 0 
7f175770a000-7f1757720000 r-xp 00000000 08:05 5249511                    /usr/lib/x86_64-linux-gnu/libnet.so.1.7.0
7f1757720000-7f175791f000 ---p 00016000 08:05 5249511                    /usr/lib/x86_64-linux-gnu/libnet.so.1.7.0
7f175791f000-7f1757920000 r--p 00015000 08:05 5249511                    /usr/lib/x86_64-linux-gnu/libnet.so.1.7.0
7f1757920000-7f1757921000 rw-p 00016000 08:05 5249511                    /usr/lib/x86_64-linux-gnu/libnet.so.1.7.0
7f1757921000-7f1757923000 rw-p 00000000 00:00 0 
7f1757923000-7f1757925000 r-xp 00000000 08:05 5249935                    /usr/lib/x86_64-linux-gnu/libsimplepacketdriver_x64.so
7f1757925000-7f1757b24000 ---p 00002000 08:05 5249935                    /usr/lib/x86_64-linux-gnu/libsimplepacketdriver_x64.so
7f1757b24000-7f1757b25000 r--p 00001000 08:05 5249935                    /usr/lib/x86_64-linux-gnu/libsimplepacketdriver_x64.so
7f1757b25000-7f1757b26000 rw-p 00002000 08:05 5249935                    /usr/lib/x86_64-linux-gnu/libsimplepacketdriver_x64.so
7f1757b26000-7f1757b27000 ---p 00000000 00:00 0 
7f1757b27000-7f1757c27000 rw-p 00000000 00:00 0 
7f1757c27000-7f1757c2a000 ---p 00000000 00:00 0 
7f1757c2a000-7f1757d28000 rw-p 00000000 00:00 0 
7f1757d28000-7f1758000000 r--p 00000000 08:05 5242947                    /usr/lib/locale/locale-archive
7f1758000000-7f1758021000 rw-p 00000000 00:00 0 
7f1758021000-7f175c000000 ---p 00000000 00:00 0 
7f175c07e000-7f175c081000 ---p 00000000 00:00 0 
7f175c081000-7f175c17f000 rw-p 00000000 00:00 0 
7f175c17f000-7f175c182000 ---p 00000000 00:00 0 
7f175c182000-7f1760000000 rw-p 00000000 00:00 0 
7f1760000000-7f1760021000 rw-p 00000000 00:00 0 
7f1760021000-7f1764000000 ---p 00000000 00:00 0 
7f1764094000-7f17640af000 r--s 001d6000 08:05 8262874                    /usr/lib/jvm/java-8-openjdk-amd64/jre/lib/ext/nashorn.jar
7f17640af000-7f17640b2000 ---p 00000000 00:00 0 
7f17640b2000-7f17641b0000 rw-p 00000000 00:00 0 
7f17641b0000-7f17641b3000 ---p 00000000 00:00 0 
7f17641b3000-7f17642b1000 rw-p 00000000 00:00 0 
7f17642b1000-7f17642b4000 ---p 00000000 00:00 0 
7f17642b4000-7f17643b2000 rw-p 00000000 00:00 0 
7f17643b2000-7f17643b5000 ---p 00000000 00:00 0 
7f17643b5000-7f17644b3000 rw-p 00000000 00:00 0 
7f17644b3000-7f17644b4000 ---p 00000000 00:00 0 
7f17644b4000-7f1765000000 rw-p 00000000 00:00 0 
7f1765000000-7f1765270000 rwxp 00000000 00:00 0 
7f1765270000-7f1774000000 ---p 00000000 00:00 0 
7f1774000000-7f1774221000 rw-p 00000000 00:00 0 
7f1774221000-7f1778000000 ---p 00000000 00:00 0 
7f1778000000-7f177801b000 r--s 00394000 08:05 8262872                    /usr/lib/jvm/java-8-openjdk-amd64/jre/lib/ext/cldrdata.jar
7f177801b000-7f17785b0000 rw-p 00000000 00:00 0 
7f17785b0000-7f177877f000 r--s 03c21000 08:05 8130606                    /usr/lib/jvm/java-8-openjdk-amd64/jre/lib/rt.jar
7f177877f000-7f1778c35000 rw-p 00000000 00:00 0 
7f1778c35000-7f1778ff5000 ---p 00000000 00:00 0 
7f1778ff5000-7f17793cd000 rw-p 00000000 00:00 0 
7f17793cd000-7f17793ce000 ---p 00000000 00:00 0 
7f17793ce000-7f17794ce000 rw-p 00000000 00:00 0 
7f17794ce000-7f17794cf000 ---p 00000000 00:00 0 
7f17794cf000-7f17795cf000 rw-p 00000000 00:00 0 
7f17795cf000-7f17795d0000 ---p 00000000 00:00 0 
7f17795d0000-7f17796d0000 rw-p 00000000 00:00 0 
7f17796d0000-7f17796d1000 ---p 00000000 00:00 0 
7f17796d1000-7f17797fb000 rw-p 00000000 00:00 0 
7f17797fb000-7f1779a61000 ---p 00000000 00:00 0 
7f1779a61000-7f1779a8b000 rw-p 00000000 00:00 0 
7f1779a8b000-7f1779cf1000 ---p 00000000 00:00 0 
7f1779cf1000-7f1779d06000 rw-p 00000000 00:00 0 
7f1779d06000-7f1779e39000 ---p 00000000 00:00 0 
7f1779e39000-7f1779e44000 rw-p 00000000 00:00 0 
7f1779e44000-7f177a1fa000 ---p 00000000 00:00 0 
7f177a1fa000-7f177a202000 r-xp 00000000 08:05 8533544                    /usr/lib/jvm/java-8-openjdk-amd64/jre/lib/amd64/libzip.so
7f177a202000-7f177a401000 ---p 00008000 08:05 8533544                    /usr/lib/jvm/java-8-openjdk-amd64/jre/lib/amd64/libzip.so
7f177a401000-7f177a402000 r--p 00007000 08:05 8533544                    /usr/lib/jvm/java-8-openjdk-amd64/jre/lib/amd64/libzip.so
7f177a402000-7f177a403000 rw-p 00008000 08:05 8533544                    /usr/lib/jvm/java-8-openjdk-amd64/jre/lib/amd64/libzip.so
7f177a403000-7f177a40e000 r-xp 00000000 08:05 1835182                    /lib/x86_64-linux-gnu/libnss_files-2.23.so
7f177a40e000-7f177a60d000 ---p 0000b000 08:05 1835182                    /lib/x86_64-linux-gnu/libnss_files-2.23.so
7f177a60d000-7f177a60e000 r--p 0000a000 08:05 1835182                    /lib/x86_64-linux-gnu/libnss_files-2.23.so
7f177a60e000-7f177a60f000 rw-p 0000b000 08:05 1835182                    /lib/x86_64-linux-gnu/libnss_files-2.23.so
7f177a60f000-7f177a615000 rw-p 00000000 00:00 0 
7f177a615000-7f177a620000 r-xp 00000000 08:05 1835186                    /lib/x86_64-linux-gnu/libnss_nis-2.23.so
7f177a620000-7f177a81f000 ---p 0000b000 08:05 1835186                    /lib/x86_64-linux-gnu/libnss_nis-2.23.so
7f177a81f000-7f177a820000 r--p 0000a000 08:05 1835186                    /lib/x86_64-linux-gnu/libnss_nis-2.23.so
7f177a820000-7f177a821000 rw-p 0000b000 08:05 1835186                    /lib/x86_64-linux-gnu/libnss_nis-2.23.so
7f177a821000-7f177a837000 r-xp 00000000 08:05 1835025                    /lib/x86_64-linux-gnu/libnsl-2.23.so
7f177a837000-7f177aa36000 ---p 00016000 08:05 1835025                    /lib/x86_64-linux-gnu/libnsl-2.23.so
7f177aa36000-7f177aa37000 r--p 00015000 08:05 1835025                    /lib/x86_64-linux-gnu/libnsl-2.23.so
7f177aa37000-7f177aa38000 rw-p 00016000 08:05 1835025                    /lib/x86_64-linux-gnu/libnsl-2.23.so
7f177aa38000-7f177aa3a000 rw-p 00000000 00:00 0 
7f177aa3a000-7f177aa42000 r-xp 00000000 08:05 1835177                    /lib/x86_64-linux-gnu/libnss_compat-2.23.so
7f177aa42000-7f177ac41000 ---p 00008000 08:05 1835177                    /lib/x86_64-linux-gnu/libnss_compat-2.23.so
7f177ac41000-7f177ac42000 r--p 00007000 08:05 1835177                    /lib/x86_64-linux-gnu/libnss_compat-2.23.so
7f177ac42000-7f177ac43000 rw-p 00008000 08:05 1835177                    /lib/x86_64-linux-gnu/libnss_compat-2.23.so
7f177ac43000-7f177ac70000 r-xp 00000000 08:05 8533527                    /usr/lib/jvm/java-8-openjdk-amd64/jre/lib/amd64/libjava.so
7f177ac70000-7f177ae6f000 ---p 0002d000 08:05 8533527                    /usr/lib/jvm/java-8-openjdk-amd64/jre/lib/amd64/libjava.so
7f177ae6f000-7f177ae70000 r--p 0002c000 08:05 8533527                    /usr/lib/jvm/java-8-openjdk-amd64/jre/lib/amd64/libjava.so
7f177ae70000-7f177ae72000 rw-p 0002d000 08:05 8533527                    /usr/lib/jvm/java-8-openjdk-amd64/jre/lib/amd64/libjava.so
7f177ae72000-7f177ae81000 r-xp 00000000 08:05 8533542                    /usr/lib/jvm/java-8-openjdk-amd64/jre/lib/amd64/libverify.so
7f177ae81000-7f177b080000 ---p 0000f000 08:05 8533542                    /usr/lib/jvm/java-8-openjdk-amd64/jre/lib/amd64/libverify.so
7f177b080000-7f177b082000 r--p 0000e000 08:05 8533542                    /usr/lib/jvm/java-8-openjdk-amd64/jre/lib/amd64/libverify.so
7f177b082000-7f177b083000 rw-p 00010000 08:05 8533542                    /usr/lib/jvm/java-8-openjdk-amd64/jre/lib/amd64/libverify.so
7f177b083000-7f177b08a000 r-xp 00000000 08:05 1835187                    /lib/x86_64-linux-gnu/librt-2.23.so
7f177b08a000-7f177b289000 ---p 00007000 08:05 1835187                    /lib/x86_64-linux-gnu/librt-2.23.so
7f177b289000-7f177b28a000 r--p 00006000 08:05 1835187                    /lib/x86_64-linux-gnu/librt-2.23.so
7f177b28a000-7f177b28b000 rw-p 00007000 08:05 1835187                    /lib/x86_64-linux-gnu/librt-2.23.so
7f177b28b000-7f177b2a1000 r-xp 00000000 08:05 1839627                    /lib/x86_64-linux-gnu/libgcc_s.so.1
7f177b2a1000-7f177b4a0000 ---p 00016000 08:05 1839627                    /lib/x86_64-linux-gnu/libgcc_s.so.1
7f177b4a0000-7f177b4a1000 rw-p 00015000 08:05 1839627                    /lib/x86_64-linux-gnu/libgcc_s.so.1
7f177b4a1000-7f177b5a9000 r-xp 00000000 08:05 1835022                    /lib/x86_64-linux-gnu/libm-2.23.so
7f177b5a9000-7f177b7a8000 ---p 00108000 08:05 1835022                    /lib/x86_64-linux-gnu/libm-2.23.so
7f177b7a8000-7f177b7a9000 r--p 00107000 08:05 1835022                    /lib/x86_64-linux-gnu/libm-2.23.so
7f177b7a9000-7f177b7aa000 rw-p 00108000 08:05 1835022                    /lib/x86_64-linux-gnu/libm-2.23.so
7f177b7aa000-7f177b91c000 r-xp 00000000 08:05 5244930                    /usr/lib/x86_64-linux-gnu/libstdc++.so.6.0.21
7f177b91c000-7f177bb1c000 ---p 00172000 08:05 5244930                    /usr/lib/x86_64-linux-gnu/libstdc++.so.6.0.21
7f177bb1c000-7f177bb26000 r--p 00172000 08:05 5244930                    /usr/lib/x86_64-linux-gnu/libstdc++.so.6.0.21
7f177bb26000-7f177bb28000 rw-p 0017c000 08:05 5244930                    /usr/lib/x86_64-linux-gnu/libstdc++.so.6.0.21
7f177bb28000-7f177bb2c000 rw-p 00000000 00:00 0 
7f177bb2c000-7f177c77e000 r-xp 00000000 08:05 8533537                    /usr/lib/jvm/java-8-openjdk-amd64/jre/lib/amd64/server/libjvm.so
7f177c77e000-7f177c97e000 ---p 00c52000 08:05 8533537                    /usr/lib/jvm/java-8-openjdk-amd64/jre/lib/amd64/server/libjvm.so
7f177c97e000-7f177ca11000 r--p 00c52000 08:05 8533537                    /usr/lib/jvm/java-8-openjdk-amd64/jre/lib/amd64/server/libjvm.so
7f177ca11000-7f177ca3a000 rw-p 00ce5000 08:05 8533537                    /usr/lib/jvm/java-8-openjdk-amd64/jre/lib/amd64/server/libjvm.so
7f177ca3a000-7f177ca6a000 rw-p 00000000 00:00 0 
7f177ca6a000-7f177ca82000 r-xp 00000000 08:05 1835092                    /lib/x86_64-linux-gnu/libpthread-2.23.so
7f177ca82000-7f177cc81000 ---p 00018000 08:05 1835092                    /lib/x86_64-linux-gnu/libpthread-2.23.so
7f177cc81000-7f177cc82000 r--p 00017000 08:05 1835092                    /lib/x86_64-linux-gnu/libpthread-2.23.so
7f177cc82000-7f177cc83000 rw-p 00018000 08:05 1835092                    /lib/x86_64-linux-gnu/libpthread-2.23.so
7f177cc83000-7f177cc87000 rw-p 00000000 00:00 0 
7f177cc87000-7f177cc8a000 r-xp 00000000 08:05 1835099                    /lib/x86_64-linux-gnu/libdl-2.23.so
7f177cc8a000-7f177ce89000 ---p 00003000 08:05 1835099                    /lib/x86_64-linux-gnu/libdl-2.23.so
7f177ce89000-7f177ce8a000 r--p 00002000 08:05 1835099                    /lib/x86_64-linux-gnu/libdl-2.23.so
7f177ce8a000-7f177ce8b000 rw-p 00003000 08:05 1835099                    /lib/x86_64-linux-gnu/libdl-2.23.so
7f177ce8b000-7f177cea4000 r-xp 00000000 08:05 1839561                    /lib/x86_64-linux-gnu/libz.so.1.2.8
7f177cea4000-7f177d0a3000 ---p 00019000 08:05 1839561                    /lib/x86_64-linux-gnu/libz.so.1.2.8
7f177d0a3000-7f177d0a4000 r--p 00018000 08:05 1839561                    /lib/x86_64-linux-gnu/libz.so.1.2.8
7f177d0a4000-7f177d0a5000 rw-p 00019000 08:05 1839561                    /lib/x86_64-linux-gnu/libz.so.1.2.8
7f177d0a5000-7f177d265000 r-xp 00000000 08:05 1835096                    /lib/x86_64-linux-gnu/libc-2.23.so
7f177d265000-7f177d465000 ---p 001c0000 08:05 1835096                    /lib/x86_64-linux-gnu/libc-2.23.so
7f177d465000-7f177d469000 r--p 001c0000 08:05 1835096                    /lib/x86_64-linux-gnu/libc-2.23.so
7f177d469000-7f177d46b000 rw-p 001c4000 08:05 1835096                    /lib/x86_64-linux-gnu/libc-2.23.so
7f177d46b000-7f177d46f000 rw-p 00000000 00:00 0 
7f177d46f000-7f177d47c000 r-xp 00000000 08:05 8533540                    /usr/lib/jvm/java-8-openjdk-amd64/jre/lib/amd64/jli/libjli.so
7f177d47c000-7f177d67c000 ---p 0000d000 08:05 8533540                    /usr/lib/jvm/java-8-openjdk-amd64/jre/lib/amd64/jli/libjli.so
7f177d67c000-7f177d67d000 r--p 0000d000 08:05 8533540                    /usr/lib/jvm/java-8-openjdk-amd64/jre/lib/amd64/jli/libjli.so
7f177d67d000-7f177d67e000 rw-p 0000e000 08:05 8533540                    /usr/lib/jvm/java-8-openjdk-amd64/jre/lib/amd64/jli/libjli.so
7f177d67e000-7f177d6a4000 r-xp 00000000 08:05 1835037                    /lib/x86_64-linux-gnu/ld-2.23.so
7f177d6a8000-7f177d6aa000 r--s 0000c000 08:05 6951373                    /home/chris/Desktop/NetworkSecurity/Project1/PacketParser/commons-cli-1.4.jar
7f177d6aa000-7f177d6b4000 r--s 00116000 08:05 8262877                    /usr/lib/jvm/java-8-openjdk-amd64/jre/lib/ext/localedata.jar
7f177d6b4000-7f177d77f000 rw-p 00000000 00:00 0 
7f177d77f000-7f177d782000 ---p 00000000 00:00 0 
7f177d782000-7f177d884000 rw-p 00000000 00:00 0 
7f177d885000-7f177d887000 r--s 00008000 08:05 8262876                    /usr/lib/jvm/java-8-openjdk-amd64/jre/lib/ext/sunec.jar
7f177d887000-7f177d889000 r--s 00001000 08:05 8262880                    /usr/lib/jvm/java-8-openjdk-amd64/jre/lib/ext/dnsns.jar
7f177d889000-7f177d88a000 r--s 0000a000 08:05 8262879                    /usr/lib/jvm/java-8-openjdk-amd64/jre/lib/ext/jaccess.jar
7f177d88a000-7f177d88d000 r--s 0000f000 08:05 8261925                    /usr/lib/jvm/java-8-openjdk-amd64/jre/lib/ext/icedtea-sound.jar
7f177d88d000-7f177d891000 r--s 00037000 08:05 8262878                    /usr/lib/jvm/java-8-openjdk-amd64/jre/lib/ext/sunpkcs11.jar
7f177d891000-7f177d892000 r--s 00010000 08:05 8262873                    /usr/lib/jvm/java-8-openjdk-amd64/jre/lib/ext/zipfs.jar
7f177d892000-7f177d898000 r--s 0003a000 08:05 8262875                    /usr/lib/jvm/java-8-openjdk-amd64/jre/lib/ext/sunjce_provider.jar
7f177d898000-7f177d8a0000 rw-s 00000000 08:05 659569                     /tmp/hsperfdata_chris/3685
7f177d8a0000-7f177d8a1000 rw-p 00000000 00:00 0 
7f177d8a1000-7f177d8a2000 r--p 00000000 00:00 0 
7f177d8a2000-7f177d8a3000 rw-p 00000000 00:00 0 
7f177d8a3000-7f177d8a4000 r--p 00025000 08:05 1835037                    /lib/x86_64-linux-gnu/ld-2.23.so
7f177d8a4000-7f177d8a5000 rw-p 00026000 08:05 1835037                    /lib/x86_64-linux-gnu/ld-2.23.so
7f177d8a5000-7f177d8a6000 rw-p 00000000 00:00 0 
7ffdf0b7a000-7ffdf0b9b000 rw-p 00000000 00:00 0                          [stack]
7ffdf0bd5000-7ffdf0bd8000 r--p 00000000 00:00 0                          [vvar]
7ffdf0bd8000-7ffdf0bda000 r-xp 00000000 00:00 0                          [vdso]
ffffffffff600000-ffffffffff601000 r-xp 00000000 00:00 0                  [vsyscall]

VM Arguments:
java_command: Main
java_class_path (initial): .:commons-cli-1.4.jar
Launcher Type: SUN_STANDARD

Environment Variables:
PATH=/home/chris/bin:/home/chris/.local/bin:/usr/local/sbin:/usr/local/bin:/usr/sbin:/usr/bin:/sbin:/bin:/usr/games:/usr/local/games:~/opt/gradle/gradle-4.0/bin:/snap/bin
SHELL=/bin/bash
DISPLAY=:0

Signal Handlers:
SIGSEGV: [libjvm.so+0xa69040], sa_mask[0]=11111111011111111101111111111110, sa_flags=SA_RESTART|SA_SIGINFO
SIGBUS: [libjvm.so+0xa69040], sa_mask[0]=11111111011111111101111111111110, sa_flags=SA_RESTART|SA_SIGINFO
SIGFPE: [libjvm.so+0x8b2170], sa_mask[0]=11111111011111111101111111111110, sa_flags=SA_RESTART|SA_SIGINFO
SIGPIPE: [libjvm.so+0x8b2170], sa_mask[0]=11111111011111111101111111111110, sa_flags=SA_RESTART|SA_SIGINFO
SIGXFSZ: [libjvm.so+0x8b2170], sa_mask[0]=11111111011111111101111111111110, sa_flags=SA_RESTART|SA_SIGINFO
SIGILL: [libjvm.so+0x8b2170], sa_mask[0]=11111111011111111101111111111110, sa_flags=SA_RESTART|SA_SIGINFO
SIGUSR1: SIG_DFL, sa_mask[0]=00000000000000000000000000000000, sa_flags=none
SIGUSR2: [libjvm.so+0x8b2020], sa_mask[0]=00000000000000000000000000000000, sa_flags=SA_RESTART|SA_SIGINFO
SIGHUP: [libjvm.so+0x8b24f0], sa_mask[0]=11111111011111111101111111111110, sa_flags=SA_RESTART|SA_SIGINFO
SIGINT: [libjvm.so+0x8b24f0], sa_mask[0]=11111111011111111101111111111110, sa_flags=SA_RESTART|SA_SIGINFO
SIGTERM: [libjvm.so+0x8b24f0], sa_mask[0]=11111111011111111101111111111110, sa_flags=SA_RESTART|SA_SIGINFO
SIGQUIT: [libjvm.so+0x8b24f0], sa_mask[0]=11111111011111111101111111111110, sa_flags=SA_RESTART|SA_SIGINFO


---------------  S Y S T E M  ---------------

OS:DISTRIB_ID=Ubuntu
DISTRIB_RELEASE=16.04
DISTRIB_CODENAME=xenial
DISTRIB_DESCRIPTION="Ubuntu 16.04.3 LTS"

uname:Linux 4.13.0-32-generic #35~16.04.1-Ubuntu SMP Thu Jan 25 10:13:43 UTC 2018 x86_64
libc:glibc 2.23 NPTL 2.23 
rlimit: STACK 8192k, CORE 0k, NPROC 31061, NOFILE 1048576, AS infinity
load average:2.47 1.78 0.90

/proc/meminfo:
MemTotal:        8057372 kB
MemFree:         5460288 kB
MemAvailable:    6464488 kB
Buffers:          111096 kB
Cached:          1345900 kB
SwapCached:            0 kB
Active:          1431176 kB
Inactive:         961076 kB
Active(anon):     938412 kB
Inactive(anon):   257820 kB
Active(file):     492764 kB
Inactive(file):   703256 kB
Unevictable:          32 kB
Mlocked:              32 kB
SwapTotal:       8276988 kB
SwapFree:        8276988 kB
Dirty:              1908 kB
Writeback:             0 kB
AnonPages:        935380 kB
Mapped:           397540 kB
Shmem:            260980 kB
Slab:             103900 kB
SReclaimable:      64984 kB
SUnreclaim:        38916 kB
KernelStack:        9504 kB
PageTables:        34160 kB
NFS_Unstable:          0 kB
Bounce:                0 kB
WritebackTmp:          0 kB
CommitLimit:    12305672 kB
Committed_AS:    5665428 kB
VmallocTotal:   34359738367 kB
VmallocUsed:           0 kB
VmallocChunk:          0 kB
HardwareCorrupted:     0 kB
AnonHugePages:         0 kB
ShmemHugePages:        0 kB
ShmemPmdMapped:        0 kB
CmaTotal:              0 kB
CmaFree:               0 kB
HugePages_Total:       0
HugePages_Free:        0
HugePages_Rsvd:        0
HugePages_Surp:        0
Hugepagesize:       2048 kB
DirectMap4k:      120208 kB
DirectMap2M:     6060032 kB
DirectMap1G:     2097152 kB


CPU:total 4 (initial active 4) (2 cores per cpu, 2 threads per core) family 6 model 78 stepping 3, cmov, cx8, fxsr, mmx, sse, sse2, sse3, ssse3, sse4.1, sse4.2, popcnt, avx, avx2, aes, clmul, erms, rtm, 3dnowpref, lzcnt, ht, tsc, tscinvbit, bmi1, bmi2, adx

/proc/cpuinfo:
processor	: 0
vendor_id	: GenuineIntel
cpu family	: 6
model		: 78
model name	: Intel(R) Core(TM) i3-6100U CPU @ 2.30GHz
stepping	: 3
microcode	: 0x7c
cpu MHz		: 2300.000
cache size	: 3072 KB
physical id	: 0
siblings	: 4
core id		: 0
cpu cores	: 2
apicid		: 0
initial apicid	: 0
fpu		: yes
fpu_exception	: yes
cpuid level	: 22
wp		: yes
flags		: fpu vme de pse tsc msr pae mce cx8 apic sep mtrr pge mca cmov pat pse36 clflush dts acpi mmx fxsr sse sse2 ss ht tm pbe syscall nx pdpe1gb rdtscp lm constant_tsc art arch_perfmon pebs bts rep_good nopl xtopology nonstop_tsc cpuid aperfmperf tsc_known_freq pni pclmulqdq dtes64 monitor ds_cpl vmx est tm2 ssse3 sdbg fma cx16 xtpr pdcm pcid sse4_1 sse4_2 x2apic movbe popcnt aes xsave avx f16c rdrand lahf_lm abm 3dnowprefetch cpuid_fault epb invpcid_single pti intel_pt tpr_shadow vnmi flexpriority ept vpid fsgsbase tsc_adjust bmi1 hle avx2 smep bmi2 erms invpcid rtm mpx rdseed adx smap clflushopt xsaveopt xsavec xgetbv1 xsaves dtherm ida arat pln pts hwp hwp_notify hwp_act_window hwp_epp
bugs		: cpu_meltdown spectre_v1 spectre_v2
bogomips	: 4608.00
clflush size	: 64
cache_alignment	: 64
address sizes	: 39 bits physical, 48 bits virtual
power management:

processor	: 1
vendor_id	: GenuineIntel
cpu family	: 6
model		: 78
model name	: Intel(R) Core(TM) i3-6100U CPU @ 2.30GHz
stepping	: 3
microcode	: 0x7c
cpu MHz		: 2300.000
cache size	: 3072 KB
physical id	: 0
siblings	: 4
core id		: 1
cpu cores	: 2
apicid		: 2
initial apicid	: 2
fpu		: yes
fpu_exception	: yes
cpuid level	: 22
wp		: yes
flags		: fpu vme de pse tsc msr pae mce cx8 apic sep mtrr pge mca cmov pat pse36 clflush dts acpi mmx fxsr sse sse2 ss ht tm pbe syscall nx pdpe1gb rdtscp lm constant_tsc art arch_perfmon pebs bts rep_good nopl xtopology nonstop_tsc cpuid aperfmperf tsc_known_freq pni pclmulqdq dtes64 monitor ds_cpl vmx est tm2 ssse3 sdbg fma cx16 xtpr pdcm pcid sse4_1 sse4_2 x2apic movbe popcnt aes xsave avx f16c rdrand lahf_lm abm 3dnowprefetch cpuid_fault epb invpcid_single pti intel_pt tpr_shadow vnmi flexpriority ept vpid fsgsbase tsc_adjust bmi1 hle avx2 smep bmi2 erms invpcid rtm mpx rdseed adx smap clflushopt xsaveopt xsavec xgetbv1 xsaves dtherm ida arat pln pts hwp hwp_notify hwp_act_window hwp_epp
bugs		: cpu_meltdown spectre_v1 spectre_v2
bogomips	: 4608.00
clflush size	: 64
cache_alignment	: 64
address sizes	: 39 bits physical, 48 bits virtual
power management:

processor	: 2
vendor_id	: GenuineIntel
cpu family	: 6
model		: 78
model name	: Intel(R) Core(TM) i3-6100U CPU @ 2.30GHz
stepping	: 3
microcode	: 0x7c
cpu MHz		: 2300.000
cache size	: 3072 KB
physical id	: 0
siblings	: 4
core id		: 0
cpu cores	: 2
apicid		: 1
initial apicid	: 1
fpu		: yes
fpu_exception	: yes
cpuid level	: 22
wp		: yes
flags		: fpu vme de pse tsc msr pae mce cx8 apic sep mtrr pge mca cmov pat pse36 clflush dts acpi mmx fxsr sse sse2 ss ht tm pbe syscall nx pdpe1gb rdtscp lm constant_tsc art arch_perfmon pebs bts rep_good nopl xtopology nonstop_tsc cpuid aperfmperf tsc_known_freq pni pclmulqdq dtes64 monitor ds_cpl vmx est tm2 ssse3 sdbg fma cx16 xtpr pdcm pcid sse4_1 sse4_2 x2apic movbe popcnt aes xsave avx f16c rdrand lahf_lm abm 3dnowprefetch cpuid_fault epb invpcid_single pti intel_pt tpr_shadow vnmi flexpriority ept vpid fsgsbase tsc_adjust bmi1 hle avx2 smep bmi2 erms invpcid rtm mpx rdseed adx smap clflushopt xsaveopt xsavec xgetbv1 xsaves dtherm ida arat pln pts hwp hwp_notify hwp_act_window hwp_epp
bugs		: cpu_meltdown spectre_v1 spectre_v2
bogomips	: 4608.00
clflush size	: 64
cache_alignment	: 64
address sizes	: 39 bits physical, 48 bits virtual
power management:

processor	: 3
vendor_id	: GenuineIntel
cpu family	: 6
model		: 78
model name	: Intel(R) Core(TM) i3-6100U CPU @ 2.30GHz
stepping	: 3
microcode	: 0x7c
cpu MHz		: 2300.000
cache size	: 3072 KB
physical id	: 0
siblings	: 4
core id		: 1
cpu cores	: 2
apicid		: 3
initial apicid	: 3
fpu		: yes
fpu_exception	: yes
cpuid level	: 22
wp		: yes
flags		: fpu vme de pse tsc msr pae mce cx8 apic sep mtrr pge mca cmov pat pse36 clflush dts acpi mmx fxsr sse sse2 ss ht tm pbe syscall nx pdpe1gb rdtscp lm constant_tsc art arch_perfmon pebs bts rep_good nopl xtopology nonstop_tsc cpuid aperfmperf tsc_known_freq pni pclmulqdq dtes64 monitor ds_cpl vmx est tm2 ssse3 sdbg fma cx16 xtpr pdcm pcid sse4_1 sse4_2 x2apic movbe popcnt aes xsave avx f16c rdrand lahf_lm abm 3dnowprefetch cpuid_fault epb invpcid_single pti intel_pt tpr_shadow vnmi flexpriority ept vpid fsgsbase tsc_adjust bmi1 hle avx2 smep bmi2 erms invpcid rtm mpx rdseed adx smap clflushopt xsaveopt xsavec xgetbv1 xsaves dtherm ida arat pln pts hwp hwp_notify hwp_act_window hwp_epp
bugs		: cpu_meltdown spectre_v1 spectre_v2
bogomips	: 4608.00
clflush size	: 64
cache_alignment	: 64
address sizes	: 39 bits physical, 48 bits virtual
power management:



Memory: 4k page, physical 8057372k(5460288k free), swap 8276988k(8276988k free)

vm_info: OpenJDK 64-Bit Server VM (25.151-b12) for linux-amd64 JRE (1.8.0_151-8u151-b12-0ubuntu0.16.04.2-b12), built on Oct 27 2017 21:59:02 by "buildd" with gcc 5.4.0 20160609

time: Fri Feb 23 10:25:51 2018
elapsed time: 2 seconds (0d 0h 0m 2s)

