#
# A fatal error has been detected by the Java Runtime Environment:
#
#  SIGSEGV (0xb) at pc=0x00007fb706ed1134, pid=3704, tid=0x00007fb72d2af700
#
# JRE version: OpenJDK Runtime Environment (8.0_151-b12) (build 1.8.0_151-8u151-b12-0ubuntu0.16.04.2-b12)
# Java VM: OpenJDK 64-Bit Server VM (25.151-b12 mixed mode linux-amd64 compressed oops)
# Problematic frame:
# C  [libpcap.so.0.8+0xf134]  pcap_next+0x4
#
# Failed to write core dump. Core dumps have been disabled. To enable core dumping, try "ulimit -c unlimited" before starting Java again
#
# If you would like to submit a bug report, please visit:
#   http://bugreport.java.com/bugreport/crash.jsp
# The crash happened outside the Java Virtual Machine in native code.
# See problematic frame for where to report the bug.
#

---------------  T H R E A D  ---------------

Current thread (0x00007fb724009800):  JavaThread "main" [_thread_in_native, id=3705, stack(0x00007fb72d1af000,0x00007fb72d2b0000)]

siginfo: si_signo: 11 (SIGSEGV), si_code: 1 (SEGV_MAPERR), si_addr: 0x0000000000000260

Registers:
RAX=0x0000000000000000, RBX=0x00007fb72862a548, RCX=0x00007fb72cbcc2dd, RDX=0x00007fb72d2ae790
RSP=0x00007fb72d2ae730, RBP=0x00007fb72d2ae7b0, RSI=0x00007fb72d2ae790, RDI=0x0000000000000000
R8 =0x00007fb7240000a8, R9 =0x0000000000000000, R10=0x0000000000000077, R11=0x00007fb706ed1130
R12=0x0000000000000000, R13=0x00007fb72862a548, R14=0x00007fb72d2ae830, R15=0x00007fb724009800
RIP=0x00007fb706ed1134, EFLAGS=0x0000000000010206, CSGSFS=0x002b000000000033, ERR=0x0000000000000004
  TRAPNO=0x000000000000000e

Top of Stack: (sp=0x00007fb72d2ae730)
0x00007fb72d2ae730:   0000000000000000 00007fb72ce9a620
0x00007fb72d2ae740:   00007fb70731e5b8 00007fb72cb447fa
0x00007fb72d2ae750:   00007fb72862a548 00007fb724160300
0x00007fb72d2ae760:   0000000000000002 00007fb70731e0b5
0x00007fb72d2ae770:   00007fb72d2ae830 00007fb7240099e0
0x00007fb72d2ae780:   00007fb72d2ae7b0 00007fb72862a548
0x00007fb72d2ae790:   0000000000000000 00007fb72862a548
0x00007fb72d2ae7a0:   00007fb72d2ae810 00007fb715017612
0x00007fb72d2ae7b0:   00007fb72d2ae810 00007fb715017774
0x00007fb72d2ae7c0:   0000000600000001 00007fb7150174c2
0x00007fb72d2ae7d0:   00007fb72d2ae7d0 00007fb72862a548
0x00007fb72d2ae7e0:   00007fb72d2ae830 00007fb72862adc0
0x00007fb72d2ae7f0:   0000000000000000 00007fb72862a548
0x00007fb72d2ae800:   0000000000000000 00007fb72d2ae830
0x00007fb72d2ae810:   00007fb72d2ae878 00007fb715007d80
0x00007fb72d2ae820:   0000000000000000 00007fb71501127b
0x00007fb72d2ae830:   00000000d7089c98 00007fb72d2ae838
0x00007fb72d2ae840:   00007fb728628a2d 00007fb72d2ae8c8
0x00007fb72d2ae850:   00007fb728628e38 0000000000000000
0x00007fb72d2ae860:   00007fb728628b38 00007fb72d2ae830
0x00007fb72d2ae870:   00007fb72d2ae8c8 00007fb72d2ae910
0x00007fb72d2ae880:   00007fb715007d80 0000000000000000
0x00007fb72d2ae890:   0000000000000000 0000000000000000
0x00007fb72d2ae8a0:   0000000000000000 0000000000000000
0x00007fb72d2ae8b0:   0000000000000000 0000000000000000
0x00007fb72d2ae8c0:   0000000000000000 00000000d7084ee8
0x00007fb72d2ae8d0:   00007fb72d2ae8d0 00007fb728628616
0x00007fb72d2ae8e0:   00007fb72d2ae9b8 00007fb728628e38
0x00007fb72d2ae8f0:   0000000000000000 00007fb728628878
0x00007fb72d2ae900:   00007fb72d2ae8c8 00007fb72d2ae9b8
0x00007fb72d2ae910:   00007fb72d2aea00 00007fb715007ffd
0x00007fb72d2ae920:   0000000000000000 0000000000000000 

Instructions: (pc=0x00007fb706ed1134)
0x00007fb706ed1114:   e0 90 66 2e 0f 1f 84 00 00 00 00 00 eb ee 0f 1f
0x00007fb706ed1124:   40 00 66 2e 0f 1f 84 00 00 00 00 00 48 83 ec 38
0x00007fb706ed1134:   48 8b 97 60 02 00 00 64 48 8b 04 25 28 00 00 00
0x00007fb706ed1144:   48 89 44 24 28 31 c0 48 8d 4c 24 10 48 8d 44 24 

Register to memory mapping:

RAX=0x0000000000000000 is an unknown value
RBX={method} {0x00007fb72862a548} 'readPacket' '()[B' in 'SimplePacketDriver'
RCX=0x00007fb72cbcc2dd: __write+0x2d in /lib/x86_64-linux-gnu/libc.so.6 at 0x00007fb72cad5000
RDX=0x00007fb72d2ae790 is pointing into the stack for thread: 0x00007fb724009800
RSP=0x00007fb72d2ae730 is pointing into the stack for thread: 0x00007fb724009800
RBP=0x00007fb72d2ae7b0 is pointing into the stack for thread: 0x00007fb724009800
RSI=0x00007fb72d2ae790 is pointing into the stack for thread: 0x00007fb724009800
RDI=0x0000000000000000 is an unknown value
R8 =0x00007fb7240000a8 is an unknown value
R9 =0x0000000000000000 is an unknown value
R10=0x0000000000000077 is an unknown value
R11=0x00007fb706ed1130: pcap_next+0 in /usr/lib/x86_64-linux-gnu/libpcap.so.0.8 at 0x00007fb706ec2000
R12=0x0000000000000000 is an unknown value
R13={method} {0x00007fb72862a548} 'readPacket' '()[B' in 'SimplePacketDriver'
R14=0x00007fb72d2ae830 is pointing into the stack for thread: 0x00007fb724009800
R15=0x00007fb724009800 is a thread


Stack: [0x00007fb72d1af000,0x00007fb72d2b0000],  sp=0x00007fb72d2ae730,  free space=1021k
Native frames: (J=compiled Java code, j=interpreted, Vv=VM code, C=native code)
C  [libpcap.so.0.8+0xf134]  pcap_next+0x4
j  SimplePacketDriver.readPacket()[B+0
j  OptionHandler.getPacket()[B+13
j  OptionHandler.runOptions()V+862
j  Main.main([Ljava/lang/String;)V+18
v  ~StubRoutines::call_stub
V  [libjvm.so+0x66287b]
V  [libjvm.so+0x68452e]
V  [libjvm.so+0x686e5f]
C  [libjli.so+0x3552]
C  [libjli.so+0x73dd]
C  [libpthread.so.0+0x76ba]  start_thread+0xca

Java frames: (J=compiled Java code, j=interpreted, Vv=VM code)
j  SimplePacketDriver.readPacket()[B+0
j  OptionHandler.getPacket()[B+13
j  OptionHandler.runOptions()V+862
j  Main.main([Ljava/lang/String;)V+18
v  ~StubRoutines::call_stub

---------------  P R O C E S S  ---------------

Java Threads: ( => current thread )
  0x00007fb7240c1800 JavaThread "Service Thread" daemon [_thread_blocked, id=3717, stack(0x00007fb707621000,0x00007fb707722000)]
  0x00007fb7240b2000 JavaThread "C1 CompilerThread2" daemon [_thread_blocked, id=3716, stack(0x00007fb707722000,0x00007fb707823000)]
  0x00007fb7240b0800 JavaThread "C2 CompilerThread1" daemon [_thread_blocked, id=3715, stack(0x00007fb707823000,0x00007fb707924000)]
  0x00007fb7240ad800 JavaThread "C2 CompilerThread0" daemon [_thread_blocked, id=3714, stack(0x00007fb707924000,0x00007fb707a25000)]
  0x00007fb7240ab800 JavaThread "Signal Dispatcher" daemon [_thread_blocked, id=3713, stack(0x00007fb707a25000,0x00007fb707b26000)]
  0x00007fb724083800 JavaThread "Finalizer" daemon [_thread_blocked, id=3712, stack(0x00007fb707dfe000,0x00007fb707eff000)]
  0x00007fb72407f000 JavaThread "Reference Handler" daemon [_thread_blocked, id=3711, stack(0x00007fb707eff000,0x00007fb708000000)]
=>0x00007fb724009800 JavaThread "main" [_thread_in_native, id=3705, stack(0x00007fb72d1af000,0x00007fb72d2b0000)]

Other Threads:
  0x00007fb724077000 VMThread [stack: 0x00007fb70c07e000,0x00007fb70c17f000] [id=3710]
  0x00007fb7240c4000 WatcherThread [stack: 0x00007fb707520000,0x00007fb707621000] [id=3718]

VM state:not at safepoint (normal execution)

VM Mutex/Monitor currently owned by a thread: None

Heap:
 PSYoungGen      total 36864K, used 1910K [0x00000000d7000000, 0x00000000d9900000, 0x0000000100000000)
  eden space 31744K, 6% used [0x00000000d7000000,0x00000000d71dd9a0,0x00000000d8f00000)
  from space 5120K, 0% used [0x00000000d9400000,0x00000000d9400000,0x00000000d9900000)
  to   space 5120K, 0% used [0x00000000d8f00000,0x00000000d8f00000,0x00000000d9400000)
 ParOldGen       total 84992K, used 0K [0x0000000085000000, 0x000000008a300000, 0x00000000d7000000)
  object space 84992K, 0% used [0x0000000085000000,0x0000000085000000,0x000000008a300000)
 Metaspace       used 3631K, capacity 4656K, committed 4864K, reserved 1056768K
  class space    used 400K, capacity 428K, committed 512K, reserved 1048576K

Card table byte_map: [0x00007fb729491000,0x00007fb72986a000] byte_map_base: 0x00007fb729069000

Marking Bits: (ParMarkBitMap*) 0x00007fb72c47d2c0
 Begin Bits: [0x00007fb70c280000, 0x00007fb70e140000)
 End Bits:   [0x00007fb70e140000, 0x00007fb710000000)

Polling page: 0x00007fb72d2d1000

CodeCache: size=245760Kb used=1248Kb max_used=1259Kb free=244511Kb
 bounds [0x00007fb715000000, 0x00007fb715270000, 0x00007fb724000000]
 total_blobs=331 nmethods=90 adapters=156
 compilation: enabled

Compilation events (10 events):
Event: 0.127 Thread 0x00007fb7240b2000 nmethod 86 0x00007fb715136e90 code [0x00007fb715137020, 0x00007fb7151372c8]
Event: 0.127 Thread 0x00007fb7240b2000   89       3       java.util.regex.ASCII::isAscii (13 bytes)
Event: 0.127 Thread 0x00007fb7240b2000 nmethod 89 0x00007fb715137410 code [0x00007fb715137580, 0x00007fb715137710]
Event: 0.127 Thread 0x00007fb7240b2000   87       3       java.lang.Character::isBmpCodePoint (13 bytes)
Event: 0.127 Thread 0x00007fb7240b2000 nmethod 87 0x00007fb715137790 code [0x00007fb715137900, 0x00007fb715137a90]
Event: 0.127 Thread 0x00007fb7240b2000   88       1       java.util.regex.Pattern::flags (5 bytes)
Event: 0.127 Thread 0x00007fb7240b2000 nmethod 88 0x00007fb715137b10 code [0x00007fb715137c60, 0x00007fb715137d70]
Event: 0.129 Thread 0x00007fb7240ad800 nmethod 84 0x00007fb71513ab90 code [0x00007fb71513ace0, 0x00007fb71513ae78]
Event: 1.866 Thread 0x00007fb7240b2000   90       1       java.nio.Buffer::position (5 bytes)
Event: 1.866 Thread 0x00007fb7240b2000 nmethod 90 0x00007fb71513a8d0 code [0x00007fb71513aa20, 0x00007fb71513ab30]

GC Heap History (0 events):
No events

Deoptimization events (0 events):
No events

Internal exceptions (8 events):
Event: 0.050 Thread 0x00007fb724009800 Exception <a 'java/lang/NoSuchMethodError': Method sun.misc.Unsafe.defineClass(Ljava/lang/String;[BII)Ljava/lang/Class; name or signature does not match> (0x00000000d7007ca8) thrown at [/build/openjdk-8-W2Qe27/openjdk-8-8u151-b12/src/hotspot/src/share/vm/
Event: 0.050 Thread 0x00007fb724009800 Exception <a 'java/lang/NoSuchMethodError': Method sun.misc.Unsafe.prefetchRead(Ljava/lang/Object;J)V name or signature does not match> (0x00000000d7007f90) thrown at [/build/openjdk-8-W2Qe27/openjdk-8-8u151-b12/src/hotspot/src/share/vm/prims/jni.cpp, lin
Event: 0.118 Thread 0x00007fb724009800 Exception <a 'java/security/PrivilegedActionException'> (0x00000000d71a27a8) thrown at [/build/openjdk-8-W2Qe27/openjdk-8-8u151-b12/src/hotspot/src/share/vm/prims/jvm.cpp, line 1390]
Event: 0.118 Thread 0x00007fb724009800 Exception <a 'java/security/PrivilegedActionException'> (0x00000000d71a2ba0) thrown at [/build/openjdk-8-W2Qe27/openjdk-8-8u151-b12/src/hotspot/src/share/vm/prims/jvm.cpp, line 1390]
Event: 0.118 Thread 0x00007fb724009800 Exception <a 'java/security/PrivilegedActionException'> (0x00000000d71a4e10) thrown at [/build/openjdk-8-W2Qe27/openjdk-8-8u151-b12/src/hotspot/src/share/vm/prims/jvm.cpp, line 1390]
Event: 0.118 Thread 0x00007fb724009800 Exception <a 'java/security/PrivilegedActionException'> (0x00000000d71a5208) thrown at [/build/openjdk-8-W2Qe27/openjdk-8-8u151-b12/src/hotspot/src/share/vm/prims/jvm.cpp, line 1390]
Event: 0.118 Thread 0x00007fb724009800 Exception <a 'java/security/PrivilegedActionException'> (0x00000000d71a5ec8) thrown at [/build/openjdk-8-W2Qe27/openjdk-8-8u151-b12/src/hotspot/src/share/vm/prims/jvm.cpp, line 1390]
Event: 0.118 Thread 0x00007fb724009800 Exception <a 'java/security/PrivilegedActionException'> (0x00000000d71a62c0) thrown at [/build/openjdk-8-W2Qe27/openjdk-8-8u151-b12/src/hotspot/src/share/vm/prims/jvm.cpp, line 1390]

Events (10 events):
Event: 0.124 loading class java/math/RoundingMode
Event: 0.124 loading class java/math/RoundingMode done
Event: 0.126 loading class java/util/regex/Pattern$GroupTail
Event: 0.126 loading class java/util/regex/Pattern$GroupTail done
Event: 0.126 loading class java/util/regex/Pattern$Ques
Event: 0.126 loading class java/util/regex/Pattern$Ques done
Event: 0.126 loading class java/util/regex/Pattern$Loop
Event: 0.126 loading class java/util/regex/Pattern$Loop done
Event: 0.126 loading class java/util/regex/Pattern$Prolog
Event: 0.126 loading class java/util/regex/Pattern$Prolog done


Dynamic libraries:
00400000-00401000 r-xp 00000000 08:05 8533564                            /usr/lib/jvm/java-8-openjdk-amd64/jre/bin/java
00600000-00601000 r--p 00000000 08:05 8533564                            /usr/lib/jvm/java-8-openjdk-amd64/jre/bin/java
00601000-00602000 rw-p 00001000 08:05 8533564                            /usr/lib/jvm/java-8-openjdk-amd64/jre/bin/java
007b1000-007d2000 rw-p 00000000 00:00 0                                  [heap]
85000000-8a300000 rw-p 00000000 00:00 0 
8a300000-d7000000 ---p 00000000 00:00 0 
d7000000-d9900000 rw-p 00000000 00:00 0 
d9900000-100000000 ---p 00000000 00:00 0 
100000000-100080000 rw-p 00000000 00:00 0 
100080000-140000000 ---p 00000000 00:00 0 
7fb6d8000000-7fb6d8021000 rw-p 00000000 00:00 0 
7fb6d8021000-7fb6dc000000 ---p 00000000 00:00 0 
7fb6dc000000-7fb6dc021000 rw-p 00000000 00:00 0 
7fb6dc021000-7fb6e0000000 ---p 00000000 00:00 0 
7fb6e0000000-7fb6e0021000 rw-p 00000000 00:00 0 
7fb6e0021000-7fb6e4000000 ---p 00000000 00:00 0 
7fb6e4000000-7fb6e40ed000 rw-p 00000000 00:00 0 
7fb6e40ed000-7fb6e8000000 ---p 00000000 00:00 0 
7fb6e8000000-7fb6e8021000 rw-p 00000000 00:00 0 
7fb6e8021000-7fb6ec000000 ---p 00000000 00:00 0 
7fb6ec000000-7fb6ec03e000 rw-p 00000000 00:00 0 
7fb6ec03e000-7fb6f0000000 ---p 00000000 00:00 0 
7fb6f0000000-7fb6f0021000 rw-p 00000000 00:00 0 
7fb6f0021000-7fb6f4000000 ---p 00000000 00:00 0 
7fb6f4000000-7fb6f4021000 rw-p 00000000 00:00 0 
7fb6f4021000-7fb6f8000000 ---p 00000000 00:00 0 
7fb6f8000000-7fb6f8021000 rw-p 00000000 00:00 0 
7fb6f8021000-7fb6fc000000 ---p 00000000 00:00 0 
7fb6fc000000-7fb6fc021000 rw-p 00000000 00:00 0 
7fb6fc021000-7fb700000000 ---p 00000000 00:00 0 
7fb700000000-7fb700021000 rw-p 00000000 00:00 0 
7fb700021000-7fb704000000 ---p 00000000 00:00 0 
7fb706ec2000-7fb706f00000 r-xp 00000000 08:05 5252117                    /usr/lib/x86_64-linux-gnu/libpcap.so.1.7.4
7fb706f00000-7fb707100000 ---p 0003e000 08:05 5252117                    /usr/lib/x86_64-linux-gnu/libpcap.so.1.7.4
7fb707100000-7fb707102000 r--p 0003e000 08:05 5252117                    /usr/lib/x86_64-linux-gnu/libpcap.so.1.7.4
7fb707102000-7fb707103000 rw-p 00040000 08:05 5252117                    /usr/lib/x86_64-linux-gnu/libpcap.so.1.7.4
7fb707103000-7fb707104000 rw-p 00000000 00:00 0 
7fb707104000-7fb70711a000 r-xp 00000000 08:05 5249511                    /usr/lib/x86_64-linux-gnu/libnet.so.1.7.0
7fb70711a000-7fb707319000 ---p 00016000 08:05 5249511                    /usr/lib/x86_64-linux-gnu/libnet.so.1.7.0
7fb707319000-7fb70731a000 r--p 00015000 08:05 5249511                    /usr/lib/x86_64-linux-gnu/libnet.so.1.7.0
7fb70731a000-7fb70731b000 rw-p 00016000 08:05 5249511                    /usr/lib/x86_64-linux-gnu/libnet.so.1.7.0
7fb70731b000-7fb70731d000 rw-p 00000000 00:00 0 
7fb70731d000-7fb70731f000 r-xp 00000000 08:05 5249935                    /usr/lib/x86_64-linux-gnu/libsimplepacketdriver_x64.so
7fb70731f000-7fb70751e000 ---p 00002000 08:05 5249935                    /usr/lib/x86_64-linux-gnu/libsimplepacketdriver_x64.so
7fb70751e000-7fb70751f000 r--p 00001000 08:05 5249935                    /usr/lib/x86_64-linux-gnu/libsimplepacketdriver_x64.so
7fb70751f000-7fb707520000 rw-p 00002000 08:05 5249935                    /usr/lib/x86_64-linux-gnu/libsimplepacketdriver_x64.so
7fb707520000-7fb707521000 ---p 00000000 00:00 0 
7fb707521000-7fb707621000 rw-p 00000000 00:00 0 
7fb707621000-7fb707624000 ---p 00000000 00:00 0 
7fb707624000-7fb707722000 rw-p 00000000 00:00 0 
7fb707722000-7fb707725000 ---p 00000000 00:00 0 
7fb707725000-7fb707823000 rw-p 00000000 00:00 0 
7fb707823000-7fb707826000 ---p 00000000 00:00 0 
7fb707826000-7fb707924000 rw-p 00000000 00:00 0 
7fb707924000-7fb707927000 ---p 00000000 00:00 0 
7fb707927000-7fb707a25000 rw-p 00000000 00:00 0 
7fb707a25000-7fb707a28000 ---p 00000000 00:00 0 
7fb707a28000-7fb707b26000 rw-p 00000000 00:00 0 
7fb707b26000-7fb707dfe000 r--p 00000000 08:05 5242947                    /usr/lib/locale/locale-archive
7fb707dfe000-7fb707e01000 ---p 00000000 00:00 0 
7fb707e01000-7fb707eff000 rw-p 00000000 00:00 0 
7fb707eff000-7fb707f02000 ---p 00000000 00:00 0 
7fb707f02000-7fb708000000 rw-p 00000000 00:00 0 
7fb708000000-7fb708021000 rw-p 00000000 00:00 0 
7fb708021000-7fb70c000000 ---p 00000000 00:00 0 
7fb70c07e000-7fb70c07f000 ---p 00000000 00:00 0 
7fb70c07f000-7fb710000000 rw-p 00000000 00:00 0 
7fb710000000-7fb710021000 rw-p 00000000 00:00 0 
7fb710021000-7fb714000000 ---p 00000000 00:00 0 
7fb7140c7000-7fb7140e2000 r--s 001d6000 08:05 8262874                    /usr/lib/jvm/java-8-openjdk-amd64/jre/lib/ext/nashorn.jar
7fb7140e2000-7fb714e31000 rw-p 00000000 00:00 0 
7fb714e31000-7fb715000000 r--s 03c21000 08:05 8130606                    /usr/lib/jvm/java-8-openjdk-amd64/jre/lib/rt.jar
7fb715000000-7fb715270000 rwxp 00000000 00:00 0 
7fb715270000-7fb724000000 ---p 00000000 00:00 0 
7fb724000000-7fb724231000 rw-p 00000000 00:00 0 
7fb724231000-7fb728000000 ---p 00000000 00:00 0 
7fb728003000-7fb72801e000 r--s 00394000 08:05 8262872                    /usr/lib/jvm/java-8-openjdk-amd64/jre/lib/ext/cldrdata.jar
7fb72801e000-7fb728665000 rw-p 00000000 00:00 0 
7fb728665000-7fb728a25000 ---p 00000000 00:00 0 
7fb728a25000-7fb728dfd000 rw-p 00000000 00:00 0 
7fb728dfd000-7fb728dfe000 ---p 00000000 00:00 0 
7fb728dfe000-7fb728efe000 rw-p 00000000 00:00 0 
7fb728efe000-7fb728eff000 ---p 00000000 00:00 0 
7fb728eff000-7fb728fff000 rw-p 00000000 00:00 0 
7fb728fff000-7fb729000000 ---p 00000000 00:00 0 
7fb729000000-7fb729100000 rw-p 00000000 00:00 0 
7fb729100000-7fb729101000 ---p 00000000 00:00 0 
7fb729101000-7fb72922b000 rw-p 00000000 00:00 0 
7fb72922b000-7fb729491000 ---p 00000000 00:00 0 
7fb729491000-7fb7294bb000 rw-p 00000000 00:00 0 
7fb7294bb000-7fb729721000 ---p 00000000 00:00 0 
7fb729721000-7fb729736000 rw-p 00000000 00:00 0 
7fb729736000-7fb729869000 ---p 00000000 00:00 0 
7fb729869000-7fb729874000 rw-p 00000000 00:00 0 
7fb729874000-7fb729c2a000 ---p 00000000 00:00 0 
7fb729c2a000-7fb729c32000 r-xp 00000000 08:05 8533544                    /usr/lib/jvm/java-8-openjdk-amd64/jre/lib/amd64/libzip.so
7fb729c32000-7fb729e31000 ---p 00008000 08:05 8533544                    /usr/lib/jvm/java-8-openjdk-amd64/jre/lib/amd64/libzip.so
7fb729e31000-7fb729e32000 r--p 00007000 08:05 8533544                    /usr/lib/jvm/java-8-openjdk-amd64/jre/lib/amd64/libzip.so
7fb729e32000-7fb729e33000 rw-p 00008000 08:05 8533544                    /usr/lib/jvm/java-8-openjdk-amd64/jre/lib/amd64/libzip.so
7fb729e33000-7fb729e3e000 r-xp 00000000 08:05 1835182                    /lib/x86_64-linux-gnu/libnss_files-2.23.so
7fb729e3e000-7fb72a03d000 ---p 0000b000 08:05 1835182                    /lib/x86_64-linux-gnu/libnss_files-2.23.so
7fb72a03d000-7fb72a03e000 r--p 0000a000 08:05 1835182                    /lib/x86_64-linux-gnu/libnss_files-2.23.so
7fb72a03e000-7fb72a03f000 rw-p 0000b000 08:05 1835182                    /lib/x86_64-linux-gnu/libnss_files-2.23.so
7fb72a03f000-7fb72a045000 rw-p 00000000 00:00 0 
7fb72a045000-7fb72a050000 r-xp 00000000 08:05 1835186                    /lib/x86_64-linux-gnu/libnss_nis-2.23.so
7fb72a050000-7fb72a24f000 ---p 0000b000 08:05 1835186                    /lib/x86_64-linux-gnu/libnss_nis-2.23.so
7fb72a24f000-7fb72a250000 r--p 0000a000 08:05 1835186                    /lib/x86_64-linux-gnu/libnss_nis-2.23.so
7fb72a250000-7fb72a251000 rw-p 0000b000 08:05 1835186                    /lib/x86_64-linux-gnu/libnss_nis-2.23.so
7fb72a251000-7fb72a267000 r-xp 00000000 08:05 1835025                    /lib/x86_64-linux-gnu/libnsl-2.23.so
7fb72a267000-7fb72a466000 ---p 00016000 08:05 1835025                    /lib/x86_64-linux-gnu/libnsl-2.23.so
7fb72a466000-7fb72a467000 r--p 00015000 08:05 1835025                    /lib/x86_64-linux-gnu/libnsl-2.23.so
7fb72a467000-7fb72a468000 rw-p 00016000 08:05 1835025                    /lib/x86_64-linux-gnu/libnsl-2.23.so
7fb72a468000-7fb72a46a000 rw-p 00000000 00:00 0 
7fb72a46a000-7fb72a472000 r-xp 00000000 08:05 1835177                    /lib/x86_64-linux-gnu/libnss_compat-2.23.so
7fb72a472000-7fb72a671000 ---p 00008000 08:05 1835177                    /lib/x86_64-linux-gnu/libnss_compat-2.23.so
7fb72a671000-7fb72a672000 r--p 00007000 08:05 1835177                    /lib/x86_64-linux-gnu/libnss_compat-2.23.so
7fb72a672000-7fb72a673000 rw-p 00008000 08:05 1835177                    /lib/x86_64-linux-gnu/libnss_compat-2.23.so
7fb72a673000-7fb72a6a0000 r-xp 00000000 08:05 8533527                    /usr/lib/jvm/java-8-openjdk-amd64/jre/lib/amd64/libjava.so
7fb72a6a0000-7fb72a89f000 ---p 0002d000 08:05 8533527                    /usr/lib/jvm/java-8-openjdk-amd64/jre/lib/amd64/libjava.so
7fb72a89f000-7fb72a8a0000 r--p 0002c000 08:05 8533527                    /usr/lib/jvm/java-8-openjdk-amd64/jre/lib/amd64/libjava.so
7fb72a8a0000-7fb72a8a2000 rw-p 0002d000 08:05 8533527                    /usr/lib/jvm/java-8-openjdk-amd64/jre/lib/amd64/libjava.so
7fb72a8a2000-7fb72a8b1000 r-xp 00000000 08:05 8533542                    /usr/lib/jvm/java-8-openjdk-amd64/jre/lib/amd64/libverify.so
7fb72a8b1000-7fb72aab0000 ---p 0000f000 08:05 8533542                    /usr/lib/jvm/java-8-openjdk-amd64/jre/lib/amd64/libverify.so
7fb72aab0000-7fb72aab2000 r--p 0000e000 08:05 8533542                    /usr/lib/jvm/java-8-openjdk-amd64/jre/lib/amd64/libverify.so
7fb72aab2000-7fb72aab3000 rw-p 00010000 08:05 8533542                    /usr/lib/jvm/java-8-openjdk-amd64/jre/lib/amd64/libverify.so
7fb72aab3000-7fb72aaba000 r-xp 00000000 08:05 1835187                    /lib/x86_64-linux-gnu/librt-2.23.so
7fb72aaba000-7fb72acb9000 ---p 00007000 08:05 1835187                    /lib/x86_64-linux-gnu/librt-2.23.so
7fb72acb9000-7fb72acba000 r--p 00006000 08:05 1835187                    /lib/x86_64-linux-gnu/librt-2.23.so
7fb72acba000-7fb72acbb000 rw-p 00007000 08:05 1835187                    /lib/x86_64-linux-gnu/librt-2.23.so
7fb72acbb000-7fb72acd1000 r-xp 00000000 08:05 1839627                    /lib/x86_64-linux-gnu/libgcc_s.so.1
7fb72acd1000-7fb72aed0000 ---p 00016000 08:05 1839627                    /lib/x86_64-linux-gnu/libgcc_s.so.1
7fb72aed0000-7fb72aed1000 rw-p 00015000 08:05 1839627                    /lib/x86_64-linux-gnu/libgcc_s.so.1
7fb72aed1000-7fb72afd9000 r-xp 00000000 08:05 1835022                    /lib/x86_64-linux-gnu/libm-2.23.so
7fb72afd9000-7fb72b1d8000 ---p 00108000 08:05 1835022                    /lib/x86_64-linux-gnu/libm-2.23.so
7fb72b1d8000-7fb72b1d9000 r--p 00107000 08:05 1835022                    /lib/x86_64-linux-gnu/libm-2.23.so
7fb72b1d9000-7fb72b1da000 rw-p 00108000 08:05 1835022                    /lib/x86_64-linux-gnu/libm-2.23.so
7fb72b1da000-7fb72b34c000 r-xp 00000000 08:05 5244930                    /usr/lib/x86_64-linux-gnu/libstdc++.so.6.0.21
7fb72b34c000-7fb72b54c000 ---p 00172000 08:05 5244930                    /usr/lib/x86_64-linux-gnu/libstdc++.so.6.0.21
7fb72b54c000-7fb72b556000 r--p 00172000 08:05 5244930                    /usr/lib/x86_64-linux-gnu/libstdc++.so.6.0.21
7fb72b556000-7fb72b558000 rw-p 0017c000 08:05 5244930                    /usr/lib/x86_64-linux-gnu/libstdc++.so.6.0.21
7fb72b558000-7fb72b55c000 rw-p 00000000 00:00 0 
7fb72b55c000-7fb72c1ae000 r-xp 00000000 08:05 8533537                    /usr/lib/jvm/java-8-openjdk-amd64/jre/lib/amd64/server/libjvm.so
7fb72c1ae000-7fb72c3ae000 ---p 00c52000 08:05 8533537                    /usr/lib/jvm/java-8-openjdk-amd64/jre/lib/amd64/server/libjvm.so
7fb72c3ae000-7fb72c441000 r--p 00c52000 08:05 8533537                    /usr/lib/jvm/java-8-openjdk-amd64/jre/lib/amd64/server/libjvm.so
7fb72c441000-7fb72c46a000 rw-p 00ce5000 08:05 8533537                    /usr/lib/jvm/java-8-openjdk-amd64/jre/lib/amd64/server/libjvm.so
7fb72c46a000-7fb72c49a000 rw-p 00000000 00:00 0 
7fb72c49a000-7fb72c4b2000 r-xp 00000000 08:05 1835092                    /lib/x86_64-linux-gnu/libpthread-2.23.so
7fb72c4b2000-7fb72c6b1000 ---p 00018000 08:05 1835092                    /lib/x86_64-linux-gnu/libpthread-2.23.so
7fb72c6b1000-7fb72c6b2000 r--p 00017000 08:05 1835092                    /lib/x86_64-linux-gnu/libpthread-2.23.so
7fb72c6b2000-7fb72c6b3000 rw-p 00018000 08:05 1835092                    /lib/x86_64-linux-gnu/libpthread-2.23.so
7fb72c6b3000-7fb72c6b7000 rw-p 00000000 00:00 0 
7fb72c6b7000-7fb72c6ba000 r-xp 00000000 08:05 1835099                    /lib/x86_64-linux-gnu/libdl-2.23.so
7fb72c6ba000-7fb72c8b9000 ---p 00003000 08:05 1835099                    /lib/x86_64-linux-gnu/libdl-2.23.so
7fb72c8b9000-7fb72c8ba000 r--p 00002000 08:05 1835099                    /lib/x86_64-linux-gnu/libdl-2.23.so
7fb72c8ba000-7fb72c8bb000 rw-p 00003000 08:05 1835099                    /lib/x86_64-linux-gnu/libdl-2.23.so
7fb72c8bb000-7fb72c8d4000 r-xp 00000000 08:05 1839561                    /lib/x86_64-linux-gnu/libz.so.1.2.8
7fb72c8d4000-7fb72cad3000 ---p 00019000 08:05 1839561                    /lib/x86_64-linux-gnu/libz.so.1.2.8
7fb72cad3000-7fb72cad4000 r--p 00018000 08:05 1839561                    /lib/x86_64-linux-gnu/libz.so.1.2.8
7fb72cad4000-7fb72cad5000 rw-p 00019000 08:05 1839561                    /lib/x86_64-linux-gnu/libz.so.1.2.8
7fb72cad5000-7fb72cc95000 r-xp 00000000 08:05 1835096                    /lib/x86_64-linux-gnu/libc-2.23.so
7fb72cc95000-7fb72ce95000 ---p 001c0000 08:05 1835096                    /lib/x86_64-linux-gnu/libc-2.23.so
7fb72ce95000-7fb72ce99000 r--p 001c0000 08:05 1835096                    /lib/x86_64-linux-gnu/libc-2.23.so
7fb72ce99000-7fb72ce9b000 rw-p 001c4000 08:05 1835096                    /lib/x86_64-linux-gnu/libc-2.23.so
7fb72ce9b000-7fb72ce9f000 rw-p 00000000 00:00 0 
7fb72ce9f000-7fb72ceac000 r-xp 00000000 08:05 8533540                    /usr/lib/jvm/java-8-openjdk-amd64/jre/lib/amd64/jli/libjli.so
7fb72ceac000-7fb72d0ac000 ---p 0000d000 08:05 8533540                    /usr/lib/jvm/java-8-openjdk-amd64/jre/lib/amd64/jli/libjli.so
7fb72d0ac000-7fb72d0ad000 r--p 0000d000 08:05 8533540                    /usr/lib/jvm/java-8-openjdk-amd64/jre/lib/amd64/jli/libjli.so
7fb72d0ad000-7fb72d0ae000 rw-p 0000e000 08:05 8533540                    /usr/lib/jvm/java-8-openjdk-amd64/jre/lib/amd64/jli/libjli.so
7fb72d0ae000-7fb72d0d4000 r-xp 00000000 08:05 1835037                    /lib/x86_64-linux-gnu/ld-2.23.so
7fb72d0d8000-7fb72d0da000 r--s 0000c000 08:05 6951373                    /home/chris/Desktop/NetworkSecurity/Project1/PacketParser/commons-cli-1.4.jar
7fb72d0da000-7fb72d0e4000 r--s 00116000 08:05 8262877                    /usr/lib/jvm/java-8-openjdk-amd64/jre/lib/ext/localedata.jar
7fb72d0e4000-7fb72d1af000 rw-p 00000000 00:00 0 
7fb72d1af000-7fb72d1b2000 ---p 00000000 00:00 0 
7fb72d1b2000-7fb72d2b4000 rw-p 00000000 00:00 0 
7fb72d2b5000-7fb72d2b7000 r--s 00008000 08:05 8262876                    /usr/lib/jvm/java-8-openjdk-amd64/jre/lib/ext/sunec.jar
7fb72d2b7000-7fb72d2b9000 r--s 00001000 08:05 8262880                    /usr/lib/jvm/java-8-openjdk-amd64/jre/lib/ext/dnsns.jar
7fb72d2b9000-7fb72d2ba000 r--s 0000a000 08:05 8262879                    /usr/lib/jvm/java-8-openjdk-amd64/jre/lib/ext/jaccess.jar
7fb72d2ba000-7fb72d2bd000 r--s 0000f000 08:05 8261925                    /usr/lib/jvm/java-8-openjdk-amd64/jre/lib/ext/icedtea-sound.jar
7fb72d2bd000-7fb72d2c1000 r--s 00037000 08:05 8262878                    /usr/lib/jvm/java-8-openjdk-amd64/jre/lib/ext/sunpkcs11.jar
7fb72d2c1000-7fb72d2c2000 r--s 00010000 08:05 8262873                    /usr/lib/jvm/java-8-openjdk-amd64/jre/lib/ext/zipfs.jar
7fb72d2c2000-7fb72d2c8000 r--s 0003a000 08:05 8262875                    /usr/lib/jvm/java-8-openjdk-amd64/jre/lib/ext/sunjce_provider.jar
7fb72d2c8000-7fb72d2d0000 rw-s 00000000 08:05 659569                     /tmp/hsperfdata_chris/3704
7fb72d2d0000-7fb72d2d1000 rw-p 00000000 00:00 0 
7fb72d2d1000-7fb72d2d2000 r--p 00000000 00:00 0 
7fb72d2d2000-7fb72d2d3000 rw-p 00000000 00:00 0 
7fb72d2d3000-7fb72d2d4000 r--p 00025000 08:05 1835037                    /lib/x86_64-linux-gnu/ld-2.23.so
7fb72d2d4000-7fb72d2d5000 rw-p 00026000 08:05 1835037                    /lib/x86_64-linux-gnu/ld-2.23.so
7fb72d2d5000-7fb72d2d6000 rw-p 00000000 00:00 0 
7ffc86d80000-7ffc86da1000 rw-p 00000000 00:00 0                          [stack]
7ffc86ddc000-7ffc86ddf000 r--p 00000000 00:00 0                          [vvar]
7ffc86ddf000-7ffc86de1000 r-xp 00000000 00:00 0                          [vdso]
ffffffffff600000-ffffffffff601000 r-xp 00000000 00:00 0                  [vsyscall]

VM Arguments:
java_command: Main
java_class_path (initial): .:commons-cli-1.4.jar
Launcher Type: SUN_STANDARD

Environment Variables:
PATH=/home/chris/bin:/home/chris/.local/bin:/usr/local/sbin:/usr/local/bin:/usr/sbin:/usr/bin:/sbin:/bin:/usr/games:/usr/local/games:~/opt/gradle/gradle-4.0/bin:/snap/bin
SHELL=/bin/bash
DISPLAY=:0

Signal Handlers:
SIGSEGV: [libjvm.so+0xa69040], sa_mask[0]=11111111011111111101111111111110, sa_flags=SA_RESTART|SA_SIGINFO
SIGBUS: [libjvm.so+0xa69040], sa_mask[0]=11111111011111111101111111111110, sa_flags=SA_RESTART|SA_SIGINFO
SIGFPE: [libjvm.so+0x8b2170], sa_mask[0]=11111111011111111101111111111110, sa_flags=SA_RESTART|SA_SIGINFO
SIGPIPE: [libjvm.so+0x8b2170], sa_mask[0]=11111111011111111101111111111110, sa_flags=SA_RESTART|SA_SIGINFO
SIGXFSZ: [libjvm.so+0x8b2170], sa_mask[0]=11111111011111111101111111111110, sa_flags=SA_RESTART|SA_SIGINFO
SIGILL: [libjvm.so+0x8b2170], sa_mask[0]=11111111011111111101111111111110, sa_flags=SA_RESTART|SA_SIGINFO
SIGUSR1: SIG_DFL, sa_mask[0]=00000000000000000000000000000000, sa_flags=none
SIGUSR2: [libjvm.so+0x8b2020], sa_mask[0]=00000000000000000000000000000000, sa_flags=SA_RESTART|SA_SIGINFO
SIGHUP: [libjvm.so+0x8b24f0], sa_mask[0]=11111111011111111101111111111110, sa_flags=SA_RESTART|SA_SIGINFO
SIGINT: [libjvm.so+0x8b24f0], sa_mask[0]=11111111011111111101111111111110, sa_flags=SA_RESTART|SA_SIGINFO
SIGTERM: [libjvm.so+0x8b24f0], sa_mask[0]=11111111011111111101111111111110, sa_flags=SA_RESTART|SA_SIGINFO
SIGQUIT: [libjvm.so+0x8b24f0], sa_mask[0]=11111111011111111101111111111110, sa_flags=SA_RESTART|SA_SIGINFO


---------------  S Y S T E M  ---------------

OS:DISTRIB_ID=Ubuntu
DISTRIB_RELEASE=16.04
DISTRIB_CODENAME=xenial
DISTRIB_DESCRIPTION="Ubuntu 16.04.3 LTS"

uname:Linux 4.13.0-32-generic #35~16.04.1-Ubuntu SMP Thu Jan 25 10:13:43 UTC 2018 x86_64
libc:glibc 2.23 NPTL 2.23 
rlimit: STACK 8192k, CORE 0k, NPROC 31061, NOFILE 1048576, AS infinity
load average:2.27 1.75 0.89

/proc/meminfo:
MemTotal:        8057372 kB
MemFree:         5458520 kB
MemAvailable:    6462768 kB
Buffers:          111104 kB
Cached:          1345940 kB
SwapCached:            0 kB
Active:          1432108 kB
Inactive:         961112 kB
Active(anon):     939332 kB
Inactive(anon):   257820 kB
Active(file):     492776 kB
Inactive(file):   703292 kB
Unevictable:          32 kB
Mlocked:              32 kB
SwapTotal:       8276988 kB
SwapFree:        8276988 kB
Dirty:              1596 kB
Writeback:             0 kB
AnonPages:        936340 kB
Mapped:           397628 kB
Shmem:            260980 kB
Slab:             103932 kB
SReclaimable:      64984 kB
SUnreclaim:        38948 kB
KernelStack:        9504 kB
PageTables:        34152 kB
NFS_Unstable:          0 kB
Bounce:                0 kB
WritebackTmp:          0 kB
CommitLimit:    12305672 kB
Committed_AS:    5671008 kB
VmallocTotal:   34359738367 kB
VmallocUsed:           0 kB
VmallocChunk:          0 kB
HardwareCorrupted:     0 kB
AnonHugePages:         0 kB
ShmemHugePages:        0 kB
ShmemPmdMapped:        0 kB
CmaTotal:              0 kB
CmaFree:               0 kB
HugePages_Total:       0
HugePages_Free:        0
HugePages_Rsvd:        0
HugePages_Surp:        0
Hugepagesize:       2048 kB
DirectMap4k:      120208 kB
DirectMap2M:     6060032 kB
DirectMap1G:     2097152 kB


CPU:total 4 (initial active 4) (2 cores per cpu, 2 threads per core) family 6 model 78 stepping 3, cmov, cx8, fxsr, mmx, sse, sse2, sse3, ssse3, sse4.1, sse4.2, popcnt, avx, avx2, aes, clmul, erms, rtm, 3dnowpref, lzcnt, ht, tsc, tscinvbit, bmi1, bmi2, adx

/proc/cpuinfo:
processor	: 0
vendor_id	: GenuineIntel
cpu family	: 6
model		: 78
model name	: Intel(R) Core(TM) i3-6100U CPU @ 2.30GHz
stepping	: 3
microcode	: 0x7c
cpu MHz		: 2300.000
cache size	: 3072 KB
physical id	: 0
siblings	: 4
core id		: 0
cpu cores	: 2
apicid		: 0
initial apicid	: 0
fpu		: yes
fpu_exception	: yes
cpuid level	: 22
wp		: yes
flags		: fpu vme de pse tsc msr pae mce cx8 apic sep mtrr pge mca cmov pat pse36 clflush dts acpi mmx fxsr sse sse2 ss ht tm pbe syscall nx pdpe1gb rdtscp lm constant_tsc art arch_perfmon pebs bts rep_good nopl xtopology nonstop_tsc cpuid aperfmperf tsc_known_freq pni pclmulqdq dtes64 monitor ds_cpl vmx est tm2 ssse3 sdbg fma cx16 xtpr pdcm pcid sse4_1 sse4_2 x2apic movbe popcnt aes xsave avx f16c rdrand lahf_lm abm 3dnowprefetch cpuid_fault epb invpcid_single pti intel_pt tpr_shadow vnmi flexpriority ept vpid fsgsbase tsc_adjust bmi1 hle avx2 smep bmi2 erms invpcid rtm mpx rdseed adx smap clflushopt xsaveopt xsavec xgetbv1 xsaves dtherm ida arat pln pts hwp hwp_notify hwp_act_window hwp_epp
bugs		: cpu_meltdown spectre_v1 spectre_v2
bogomips	: 4608.00
clflush size	: 64
cache_alignment	: 64
address sizes	: 39 bits physical, 48 bits virtual
power management:

processor	: 1
vendor_id	: GenuineIntel
cpu family	: 6
model		: 78
model name	: Intel(R) Core(TM) i3-6100U CPU @ 2.30GHz
stepping	: 3
microcode	: 0x7c
cpu MHz		: 2300.000
cache size	: 3072 KB
physical id	: 0
siblings	: 4
core id		: 1
cpu cores	: 2
apicid		: 2
initial apicid	: 2
fpu		: yes
fpu_exception	: yes
cpuid level	: 22
wp		: yes
flags		: fpu vme de pse tsc msr pae mce cx8 apic sep mtrr pge mca cmov pat pse36 clflush dts acpi mmx fxsr sse sse2 ss ht tm pbe syscall nx pdpe1gb rdtscp lm constant_tsc art arch_perfmon pebs bts rep_good nopl xtopology nonstop_tsc cpuid aperfmperf tsc_known_freq pni pclmulqdq dtes64 monitor ds_cpl vmx est tm2 ssse3 sdbg fma cx16 xtpr pdcm pcid sse4_1 sse4_2 x2apic movbe popcnt aes xsave avx f16c rdrand lahf_lm abm 3dnowprefetch cpuid_fault epb invpcid_single pti intel_pt tpr_shadow vnmi flexpriority ept vpid fsgsbase tsc_adjust bmi1 hle avx2 smep bmi2 erms invpcid rtm mpx rdseed adx smap clflushopt xsaveopt xsavec xgetbv1 xsaves dtherm ida arat pln pts hwp hwp_notify hwp_act_window hwp_epp
bugs		: cpu_meltdown spectre_v1 spectre_v2
bogomips	: 4608.00
clflush size	: 64
cache_alignment	: 64
address sizes	: 39 bits physical, 48 bits virtual
power management:

processor	: 2
vendor_id	: GenuineIntel
cpu family	: 6
model		: 78
model name	: Intel(R) Core(TM) i3-6100U CPU @ 2.30GHz
stepping	: 3
microcode	: 0x7c
cpu MHz		: 2300.000
cache size	: 3072 KB
physical id	: 0
siblings	: 4
core id		: 0
cpu cores	: 2
apicid		: 1
initial apicid	: 1
fpu		: yes
fpu_exception	: yes
cpuid level	: 22
wp		: yes
flags		: fpu vme de pse tsc msr pae mce cx8 apic sep mtrr pge mca cmov pat pse36 clflush dts acpi mmx fxsr sse sse2 ss ht tm pbe syscall nx pdpe1gb rdtscp lm constant_tsc art arch_perfmon pebs bts rep_good nopl xtopology nonstop_tsc cpuid aperfmperf tsc_known_freq pni pclmulqdq dtes64 monitor ds_cpl vmx est tm2 ssse3 sdbg fma cx16 xtpr pdcm pcid sse4_1 sse4_2 x2apic movbe popcnt aes xsave avx f16c rdrand lahf_lm abm 3dnowprefetch cpuid_fault epb invpcid_single pti intel_pt tpr_shadow vnmi flexpriority ept vpid fsgsbase tsc_adjust bmi1 hle avx2 smep bmi2 erms invpcid rtm mpx rdseed adx smap clflushopt xsaveopt xsavec xgetbv1 xsaves dtherm ida arat pln pts hwp hwp_notify hwp_act_window hwp_epp
bugs		: cpu_meltdown spectre_v1 spectre_v2
bogomips	: 4608.00
clflush size	: 64
cache_alignment	: 64
address sizes	: 39 bits physical, 48 bits virtual
power management:

processor	: 3
vendor_id	: GenuineIntel
cpu family	: 6
model		: 78
model name	: Intel(R) Core(TM) i3-6100U CPU @ 2.30GHz
stepping	: 3
microcode	: 0x7c
cpu MHz		: 2300.000
cache size	: 3072 KB
physical id	: 0
siblings	: 4
core id		: 1
cpu cores	: 2
apicid		: 3
initial apicid	: 3
fpu		: yes
fpu_exception	: yes
cpuid level	: 22
wp		: yes
flags		: fpu vme de pse tsc msr pae mce cx8 apic sep mtrr pge mca cmov pat pse36 clflush dts acpi mmx fxsr sse sse2 ss ht tm pbe syscall nx pdpe1gb rdtscp lm constant_tsc art arch_perfmon pebs bts rep_good nopl xtopology nonstop_tsc cpuid aperfmperf tsc_known_freq pni pclmulqdq dtes64 monitor ds_cpl vmx est tm2 ssse3 sdbg fma cx16 xtpr pdcm pcid sse4_1 sse4_2 x2apic movbe popcnt aes xsave avx f16c rdrand lahf_lm abm 3dnowprefetch cpuid_fault epb invpcid_single pti intel_pt tpr_shadow vnmi flexpriority ept vpid fsgsbase tsc_adjust bmi1 hle avx2 smep bmi2 erms invpcid rtm mpx rdseed adx smap clflushopt xsaveopt xsavec xgetbv1 xsaves dtherm ida arat pln pts hwp hwp_notify hwp_act_window hwp_epp
bugs		: cpu_meltdown spectre_v1 spectre_v2
bogomips	: 4608.00
clflush size	: 64
cache_alignment	: 64
address sizes	: 39 bits physical, 48 bits virtual
power management:



Memory: 4k page, physical 8057372k(5458520k free), swap 8276988k(8276988k free)

vm_info: OpenJDK 64-Bit Server VM (25.151-b12) for linux-amd64 JRE (1.8.0_151-8u151-b12-0ubuntu0.16.04.2-b12), built on Oct 27 2017 21:59:02 by "buildd" with gcc 5.4.0 20160609

time: Fri Feb 23 10:25:54 2018
elapsed time: 1 seconds (0d 0h 0m 1s)

