#
# A fatal error has been detected by the Java Runtime Environment:
#
#  SIGSEGV (0xb) at pc=0x00007f957a48e134, pid=3181, tid=0x00007f95a075d700
#
# JRE version: OpenJDK Runtime Environment (8.0_151-b12) (build 1.8.0_151-8u151-b12-0ubuntu0.16.04.2-b12)
# Java VM: OpenJDK 64-Bit Server VM (25.151-b12 mixed mode linux-amd64 compressed oops)
# Problematic frame:
# C  [libpcap.so.0.8+0xf134]  pcap_next+0x4
#
# Failed to write core dump. Core dumps have been disabled. To enable core dumping, try "ulimit -c unlimited" before starting Java again
#
# If you would like to submit a bug report, please visit:
#   http://bugreport.java.com/bugreport/crash.jsp
# The crash happened outside the Java Virtual Machine in native code.
# See problematic frame for where to report the bug.
#

---------------  T H R E A D  ---------------

Current thread (0x00007f9598009800):  JavaThread "main" [_thread_in_native, id=3182, stack(0x00007f95a065d000,0x00007f95a075e000)]

siginfo: si_signo: 11 (SIGSEGV), si_code: 1 (SEGV_MAPERR), si_addr: 0x0000000000000260

Registers:
RAX=0x0000000000000000, RBX=0x00007f958882d548, RCX=0x00007f95a007a2dd, RDX=0x00007f95a075c790
RSP=0x00007f95a075c730, RBP=0x00007f95a075c7b0, RSI=0x00007f95a075c790, RDI=0x0000000000000000
R8 =0x00007f95980000b8, R9 =0x0000000000000000, R10=0x0000000000000077, R11=0x00007f957a48e130
R12=0x0000000000000000, R13=0x00007f958882d548, R14=0x00007f95a075c830, R15=0x00007f9598009800
RIP=0x00007f957a48e134, EFLAGS=0x0000000000010206, CSGSFS=0x002b000000000033, ERR=0x0000000000000004
  TRAPNO=0x000000000000000e

Top of Stack: (sp=0x00007f95a075c730)
0x00007f95a075c730:   0000000000000000 00007f95a0348620
0x00007f95a075c740:   00007f957a8f95b8 00007f959fff27fa
0x00007f95a075c750:   00007f958882d548 00007f9598158380
0x00007f95a075c760:   0000000000000002 00007f957a8f90b5
0x00007f95a075c770:   00007f95a075c830 00007f95980099e0
0x00007f95a075c780:   00007f95a075c7b0 00007f958882d548
0x00007f95a075c790:   0000000000000000 00007f958882d548
0x00007f95a075c7a0:   00007f95a075c810 00007f9589017612
0x00007f95a075c7b0:   00007f95a075c810 00007f9589017774
0x00007f95a075c7c0:   0000000600000001 00007f95890174c2
0x00007f95a075c7d0:   00007f95a075c7d0 00007f958882d548
0x00007f95a075c7e0:   00007f95a075c830 00007f958882ddc0
0x00007f95a075c7f0:   0000000000000000 00007f958882d548
0x00007f95a075c800:   0000000000000000 00007f95a075c830
0x00007f95a075c810:   00007f95a075c878 00007f9589007d80
0x00007f95a075c820:   0000000000000000 00007f958901127b
0x00007f95a075c830:   00000000d7089c98 00007f95a075c838
0x00007f95a075c840:   00007f958882ba2d 00007f95a075c8c8
0x00007f95a075c850:   00007f958882be38 0000000000000000
0x00007f95a075c860:   00007f958882bb38 00007f95a075c830
0x00007f95a075c870:   00007f95a075c8c8 00007f95a075c910
0x00007f95a075c880:   00007f9589007d80 0000000000000000
0x00007f95a075c890:   0000000000000000 0000000000000000
0x00007f95a075c8a0:   0000000000000000 0000000000000000
0x00007f95a075c8b0:   0000000000000000 0000000000000000
0x00007f95a075c8c0:   0000000000000000 00000000d7084ee8
0x00007f95a075c8d0:   00007f95a075c8d0 00007f958882b616
0x00007f95a075c8e0:   00007f95a075c9b8 00007f958882be38
0x00007f95a075c8f0:   0000000000000000 00007f958882b878
0x00007f95a075c900:   00007f95a075c8c8 00007f95a075c9b8
0x00007f95a075c910:   00007f95a075ca00 00007f9589007ffd
0x00007f95a075c920:   0000000000000000 0000000000000000 

Instructions: (pc=0x00007f957a48e134)
0x00007f957a48e114:   e0 90 66 2e 0f 1f 84 00 00 00 00 00 eb ee 0f 1f
0x00007f957a48e124:   40 00 66 2e 0f 1f 84 00 00 00 00 00 48 83 ec 38
0x00007f957a48e134:   48 8b 97 60 02 00 00 64 48 8b 04 25 28 00 00 00
0x00007f957a48e144:   48 89 44 24 28 31 c0 48 8d 4c 24 10 48 8d 44 24 

Register to memory mapping:

RAX=0x0000000000000000 is an unknown value
RBX={method} {0x00007f958882d548} 'readPacket' '()[B' in 'SimplePacketDriver'
RCX=0x00007f95a007a2dd: __write+0x2d in /lib/x86_64-linux-gnu/libc.so.6 at 0x00007f959ff83000
RDX=0x00007f95a075c790 is pointing into the stack for thread: 0x00007f9598009800
RSP=0x00007f95a075c730 is pointing into the stack for thread: 0x00007f9598009800
RBP=0x00007f95a075c7b0 is pointing into the stack for thread: 0x00007f9598009800
RSI=0x00007f95a075c790 is pointing into the stack for thread: 0x00007f9598009800
RDI=0x0000000000000000 is an unknown value
R8 =0x00007f95980000b8 is an unknown value
R9 =0x0000000000000000 is an unknown value
R10=0x0000000000000077 is an unknown value
R11=0x00007f957a48e130: pcap_next+0 in /usr/lib/x86_64-linux-gnu/libpcap.so.0.8 at 0x00007f957a47f000
R12=0x0000000000000000 is an unknown value
R13={method} {0x00007f958882d548} 'readPacket' '()[B' in 'SimplePacketDriver'
R14=0x00007f95a075c830 is pointing into the stack for thread: 0x00007f9598009800
R15=0x00007f9598009800 is a thread


Stack: [0x00007f95a065d000,0x00007f95a075e000],  sp=0x00007f95a075c730,  free space=1021k
Native frames: (J=compiled Java code, j=interpreted, Vv=VM code, C=native code)
C  [libpcap.so.0.8+0xf134]  pcap_next+0x4
j  SimplePacketDriver.readPacket()[B+0
j  OptionHandler.getPacket()[B+13
j  OptionHandler.runOptions()V+862
j  Main.main([Ljava/lang/String;)V+18
v  ~StubRoutines::call_stub
V  [libjvm.so+0x66287b]
V  [libjvm.so+0x68452e]
V  [libjvm.so+0x686e5f]
C  [libjli.so+0x3552]
C  [libjli.so+0x73dd]
C  [libpthread.so.0+0x76ba]  start_thread+0xca

Java frames: (J=compiled Java code, j=interpreted, Vv=VM code)
j  SimplePacketDriver.readPacket()[B+0
j  OptionHandler.getPacket()[B+13
j  OptionHandler.runOptions()V+862
j  Main.main([Ljava/lang/String;)V+18
v  ~StubRoutines::call_stub

---------------  P R O C E S S  ---------------

Java Threads: ( => current thread )
  0x00007f95980c1800 JavaThread "Service Thread" daemon [_thread_blocked, id=3194, stack(0x00007f957ac17000,0x00007f957ad18000)]
  0x00007f95980b2000 JavaThread "C1 CompilerThread2" daemon [_thread_blocked, id=3193, stack(0x00007f957ad18000,0x00007f957ae19000)]
  0x00007f95980b0800 JavaThread "C2 CompilerThread1" daemon [_thread_blocked, id=3192, stack(0x00007f957ae19000,0x00007f957af1a000)]
  0x00007f95980ad800 JavaThread "C2 CompilerThread0" daemon [_thread_blocked, id=3191, stack(0x00007f957af1a000,0x00007f957b01b000)]
  0x00007f95980ab800 JavaThread "Signal Dispatcher" daemon [_thread_blocked, id=3190, stack(0x00007f957b01b000,0x00007f957b11c000)]
  0x00007f9598083800 JavaThread "Finalizer" daemon [_thread_blocked, id=3189, stack(0x00007f957b3f4000,0x00007f957b4f5000)]
  0x00007f959807f000 JavaThread "Reference Handler" daemon [_thread_blocked, id=3188, stack(0x00007f957b4f5000,0x00007f957b5f6000)]
=>0x00007f9598009800 JavaThread "main" [_thread_in_native, id=3182, stack(0x00007f95a065d000,0x00007f95a075e000)]

Other Threads:
  0x00007f9598077000 VMThread [stack: 0x00007f957b5f6000,0x00007f957b6f7000] [id=3187]
  0x00007f95980c4000 WatcherThread [stack: 0x00007f957ab16000,0x00007f957ac17000] [id=3195]

VM state:not at safepoint (normal execution)

VM Mutex/Monitor currently owned by a thread: None

Heap:
 PSYoungGen      total 36864K, used 1910K [0x00000000d7000000, 0x00000000d9900000, 0x0000000100000000)
  eden space 31744K, 6% used [0x00000000d7000000,0x00000000d71dd9a0,0x00000000d8f00000)
  from space 5120K, 0% used [0x00000000d9400000,0x00000000d9400000,0x00000000d9900000)
  to   space 5120K, 0% used [0x00000000d8f00000,0x00000000d8f00000,0x00000000d9400000)
 ParOldGen       total 84992K, used 0K [0x0000000085000000, 0x000000008a300000, 0x00000000d7000000)
  object space 84992K, 0% used [0x0000000085000000,0x0000000085000000,0x000000008a300000)
 Metaspace       used 3627K, capacity 4656K, committed 4864K, reserved 1056768K
  class space    used 400K, capacity 428K, committed 512K, reserved 1048576K

Card table byte_map: [0x00007f959c93f000,0x00007f959cd18000] byte_map_base: 0x00007f959c517000

Marking Bits: (ParMarkBitMap*) 0x00007f959f92b2c0
 Begin Bits: [0x00007f9580280000, 0x00007f9582140000)
 End Bits:   [0x00007f9582140000, 0x00007f9584000000)

Polling page: 0x00007f95a077f000

CodeCache: size=245760Kb used=1246Kb max_used=1256Kb free=244514Kb
 bounds [0x00007f9589000000, 0x00007f9589270000, 0x00007f9598000000]
 total_blobs=331 nmethods=90 adapters=156
 compilation: enabled

Compilation events (10 events):
Event: 0.408 Thread 0x00007f95980b2000 nmethod 86 0x00007f9589136310 code [0x00007f95891364a0, 0x00007f9589136748]
Event: 0.408 Thread 0x00007f95980b2000   87       3       java.lang.Character::isBmpCodePoint (13 bytes)
Event: 0.408 Thread 0x00007f95980b2000 nmethod 87 0x00007f9589136890 code [0x00007f9589136a00, 0x00007f9589136b90]
Event: 0.408 Thread 0x00007f95980b2000   88       1       java.util.regex.Pattern::flags (5 bytes)
Event: 0.408 Thread 0x00007f95980b2000 nmethod 88 0x00007f9589136c10 code [0x00007f9589136d60, 0x00007f9589136e70]
Event: 0.408 Thread 0x00007f95980b2000   89       3       java.util.regex.ASCII::isAscii (13 bytes)
Event: 0.408 Thread 0x00007f95980b2000 nmethod 89 0x00007f9589136ed0 code [0x00007f9589137040, 0x00007f95891371d0]
Event: 0.410 Thread 0x00007f95980ad800 nmethod 84 0x00007f958913a010 code [0x00007f958913a160, 0x00007f958913a2f8]
Event: 2.046 Thread 0x00007f95980b2000   90       1       java.nio.Buffer::position (5 bytes)
Event: 2.047 Thread 0x00007f95980b2000 nmethod 90 0x00007f9589139d50 code [0x00007f9589139ea0, 0x00007f9589139fb0]

GC Heap History (0 events):
No events

Deoptimization events (0 events):
No events

Internal exceptions (8 events):
Event: 0.039 Thread 0x00007f9598009800 Exception <a 'java/lang/NoSuchMethodError': Method sun.misc.Unsafe.defineClass(Ljava/lang/String;[BII)Ljava/lang/Class; name or signature does not match> (0x00000000d7007ca8) thrown at [/build/openjdk-8-W2Qe27/openjdk-8-8u151-b12/src/hotspot/src/share/vm/
Event: 0.039 Thread 0x00007f9598009800 Exception <a 'java/lang/NoSuchMethodError': Method sun.misc.Unsafe.prefetchRead(Ljava/lang/Object;J)V name or signature does not match> (0x00000000d7007f90) thrown at [/build/openjdk-8-W2Qe27/openjdk-8-8u151-b12/src/hotspot/src/share/vm/prims/jni.cpp, lin
Event: 0.356 Thread 0x00007f9598009800 Exception <a 'java/security/PrivilegedActionException'> (0x00000000d71a27a8) thrown at [/build/openjdk-8-W2Qe27/openjdk-8-8u151-b12/src/hotspot/src/share/vm/prims/jvm.cpp, line 1390]
Event: 0.356 Thread 0x00007f9598009800 Exception <a 'java/security/PrivilegedActionException'> (0x00000000d71a2ba0) thrown at [/build/openjdk-8-W2Qe27/openjdk-8-8u151-b12/src/hotspot/src/share/vm/prims/jvm.cpp, line 1390]
Event: 0.357 Thread 0x00007f9598009800 Exception <a 'java/security/PrivilegedActionException'> (0x00000000d71a4e10) thrown at [/build/openjdk-8-W2Qe27/openjdk-8-8u151-b12/src/hotspot/src/share/vm/prims/jvm.cpp, line 1390]
Event: 0.357 Thread 0x00007f9598009800 Exception <a 'java/security/PrivilegedActionException'> (0x00000000d71a5208) thrown at [/build/openjdk-8-W2Qe27/openjdk-8-8u151-b12/src/hotspot/src/share/vm/prims/jvm.cpp, line 1390]
Event: 0.357 Thread 0x00007f9598009800 Exception <a 'java/security/PrivilegedActionException'> (0x00000000d71a5ec8) thrown at [/build/openjdk-8-W2Qe27/openjdk-8-8u151-b12/src/hotspot/src/share/vm/prims/jvm.cpp, line 1390]
Event: 0.357 Thread 0x00007f9598009800 Exception <a 'java/security/PrivilegedActionException'> (0x00000000d71a62c0) thrown at [/build/openjdk-8-W2Qe27/openjdk-8-8u151-b12/src/hotspot/src/share/vm/prims/jvm.cpp, line 1390]

Events (10 events):
Event: 0.399 loading class java/math/RoundingMode
Event: 0.399 loading class java/math/RoundingMode done
Event: 0.403 loading class java/util/regex/Pattern$GroupTail
Event: 0.403 loading class java/util/regex/Pattern$GroupTail done
Event: 0.404 loading class java/util/regex/Pattern$Ques
Event: 0.404 loading class java/util/regex/Pattern$Ques done
Event: 0.405 loading class java/util/regex/Pattern$Loop
Event: 0.405 loading class java/util/regex/Pattern$Loop done
Event: 0.405 loading class java/util/regex/Pattern$Prolog
Event: 0.405 loading class java/util/regex/Pattern$Prolog done


Dynamic libraries:
00400000-00401000 r-xp 00000000 08:05 8533564                            /usr/lib/jvm/java-8-openjdk-amd64/jre/bin/java
00600000-00601000 r--p 00000000 08:05 8533564                            /usr/lib/jvm/java-8-openjdk-amd64/jre/bin/java
00601000-00602000 rw-p 00001000 08:05 8533564                            /usr/lib/jvm/java-8-openjdk-amd64/jre/bin/java
006b9000-006da000 rw-p 00000000 00:00 0                                  [heap]
85000000-8a300000 rw-p 00000000 00:00 0 
8a300000-d7000000 ---p 00000000 00:00 0 
d7000000-d9900000 rw-p 00000000 00:00 0 
d9900000-100000000 ---p 00000000 00:00 0 
100000000-100080000 rw-p 00000000 00:00 0 
100080000-140000000 ---p 00000000 00:00 0 
7f954c000000-7f954c021000 rw-p 00000000 00:00 0 
7f954c021000-7f9550000000 ---p 00000000 00:00 0 
7f9550000000-7f9550021000 rw-p 00000000 00:00 0 
7f9550021000-7f9554000000 ---p 00000000 00:00 0 
7f9554000000-7f9554021000 rw-p 00000000 00:00 0 
7f9554021000-7f9558000000 ---p 00000000 00:00 0 
7f9558000000-7f9558185000 rw-p 00000000 00:00 0 
7f9558185000-7f955c000000 ---p 00000000 00:00 0 
7f955c000000-7f955c021000 rw-p 00000000 00:00 0 
7f955c021000-7f9560000000 ---p 00000000 00:00 0 
7f9560000000-7f956003e000 rw-p 00000000 00:00 0 
7f956003e000-7f9564000000 ---p 00000000 00:00 0 
7f9564000000-7f9564021000 rw-p 00000000 00:00 0 
7f9564021000-7f9568000000 ---p 00000000 00:00 0 
7f9568000000-7f9568021000 rw-p 00000000 00:00 0 
7f9568021000-7f956c000000 ---p 00000000 00:00 0 
7f956c000000-7f956c021000 rw-p 00000000 00:00 0 
7f956c021000-7f9570000000 ---p 00000000 00:00 0 
7f9570000000-7f9570021000 rw-p 00000000 00:00 0 
7f9570021000-7f9574000000 ---p 00000000 00:00 0 
7f9574000000-7f9574021000 rw-p 00000000 00:00 0 
7f9574021000-7f9578000000 ---p 00000000 00:00 0 
7f957a47f000-7f957a4bd000 r-xp 00000000 08:05 5252117                    /usr/lib/x86_64-linux-gnu/libpcap.so.1.7.4
7f957a4bd000-7f957a6bd000 ---p 0003e000 08:05 5252117                    /usr/lib/x86_64-linux-gnu/libpcap.so.1.7.4
7f957a6bd000-7f957a6bf000 r--p 0003e000 08:05 5252117                    /usr/lib/x86_64-linux-gnu/libpcap.so.1.7.4
7f957a6bf000-7f957a6c0000 rw-p 00040000 08:05 5252117                    /usr/lib/x86_64-linux-gnu/libpcap.so.1.7.4
7f957a6c0000-7f957a6c1000 rw-p 00000000 00:00 0 
7f957a6c1000-7f957a6d7000 r-xp 00000000 08:05 5249511                    /usr/lib/x86_64-linux-gnu/libnet.so.1.7.0
7f957a6d7000-7f957a8d6000 ---p 00016000 08:05 5249511                    /usr/lib/x86_64-linux-gnu/libnet.so.1.7.0
7f957a8d6000-7f957a8d7000 r--p 00015000 08:05 5249511                    /usr/lib/x86_64-linux-gnu/libnet.so.1.7.0
7f957a8d7000-7f957a8d8000 rw-p 00016000 08:05 5249511                    /usr/lib/x86_64-linux-gnu/libnet.so.1.7.0
7f957a8d8000-7f957a8da000 rw-p 00000000 00:00 0 
7f957a8f8000-7f957a8fa000 r-xp 00000000 08:05 5249935                    /usr/lib/x86_64-linux-gnu/libsimplepacketdriver_x64.so
7f957a8fa000-7f957aaf9000 ---p 00002000 08:05 5249935                    /usr/lib/x86_64-linux-gnu/libsimplepacketdriver_x64.so
7f957aaf9000-7f957aafa000 r--p 00001000 08:05 5249935                    /usr/lib/x86_64-linux-gnu/libsimplepacketdriver_x64.so
7f957aafa000-7f957aafb000 rw-p 00002000 08:05 5249935                    /usr/lib/x86_64-linux-gnu/libsimplepacketdriver_x64.so
7f957aafb000-7f957ab16000 r--s 001d6000 08:05 8262874                    /usr/lib/jvm/java-8-openjdk-amd64/jre/lib/ext/nashorn.jar
7f957ab16000-7f957ab17000 ---p 00000000 00:00 0 
7f957ab17000-7f957ac17000 rw-p 00000000 00:00 0 
7f957ac17000-7f957ac1a000 ---p 00000000 00:00 0 
7f957ac1a000-7f957ad18000 rw-p 00000000 00:00 0 
7f957ad18000-7f957ad1b000 ---p 00000000 00:00 0 
7f957ad1b000-7f957ae19000 rw-p 00000000 00:00 0 
7f957ae19000-7f957ae1c000 ---p 00000000 00:00 0 
7f957ae1c000-7f957af1a000 rw-p 00000000 00:00 0 
7f957af1a000-7f957af1d000 ---p 00000000 00:00 0 
7f957af1d000-7f957b01b000 rw-p 00000000 00:00 0 
7f957b01b000-7f957b01e000 ---p 00000000 00:00 0 
7f957b01e000-7f957b11c000 rw-p 00000000 00:00 0 
7f957b11c000-7f957b3f4000 r--p 00000000 08:05 5242947                    /usr/lib/locale/locale-archive
7f957b3f4000-7f957b3f7000 ---p 00000000 00:00 0 
7f957b3f7000-7f957b4f5000 rw-p 00000000 00:00 0 
7f957b4f5000-7f957b4f8000 ---p 00000000 00:00 0 
7f957b4f8000-7f957b5f6000 rw-p 00000000 00:00 0 
7f957b5f6000-7f957b5f7000 ---p 00000000 00:00 0 
7f957b5f7000-7f957c000000 rw-p 00000000 00:00 0 
7f957c000000-7f957c021000 rw-p 00000000 00:00 0 
7f957c021000-7f9580000000 ---p 00000000 00:00 0 
7f9580000000-7f958001b000 r--s 00394000 08:05 8262872                    /usr/lib/jvm/java-8-openjdk-amd64/jre/lib/ext/cldrdata.jar
7f958001b000-7f9584000000 rw-p 00000000 00:00 0 
7f9584000000-7f9584021000 rw-p 00000000 00:00 0 
7f9584021000-7f9588000000 ---p 00000000 00:00 0 
7f9588003000-7f9588868000 rw-p 00000000 00:00 0 
7f9588868000-7f9588c28000 ---p 00000000 00:00 0 
7f9588c28000-7f9589000000 rw-p 00000000 00:00 0 
7f9589000000-7f9589270000 rwxp 00000000 00:00 0 
7f9589270000-7f9598000000 ---p 00000000 00:00 0 
7f9598000000-7f9598191000 rw-p 00000000 00:00 0 
7f9598191000-7f959c000000 ---p 00000000 00:00 0 
7f959c018000-7f959c066000 rw-p 00000000 00:00 0 
7f959c066000-7f959c235000 r--s 03c21000 08:05 8130606                    /usr/lib/jvm/java-8-openjdk-amd64/jre/lib/rt.jar
7f959c235000-7f959c2ab000 rw-p 00000000 00:00 0 
7f959c2ab000-7f959c2ac000 ---p 00000000 00:00 0 
7f959c2ac000-7f959c3ac000 rw-p 00000000 00:00 0 
7f959c3ac000-7f959c3ad000 ---p 00000000 00:00 0 
7f959c3ad000-7f959c4ad000 rw-p 00000000 00:00 0 
7f959c4ad000-7f959c4ae000 ---p 00000000 00:00 0 
7f959c4ae000-7f959c5ae000 rw-p 00000000 00:00 0 
7f959c5ae000-7f959c5af000 ---p 00000000 00:00 0 
7f959c5af000-7f959c6d9000 rw-p 00000000 00:00 0 
7f959c6d9000-7f959c93f000 ---p 00000000 00:00 0 
7f959c93f000-7f959c969000 rw-p 00000000 00:00 0 
7f959c969000-7f959cbcf000 ---p 00000000 00:00 0 
7f959cbcf000-7f959cbe4000 rw-p 00000000 00:00 0 
7f959cbe4000-7f959cd17000 ---p 00000000 00:00 0 
7f959cd17000-7f959cd22000 rw-p 00000000 00:00 0 
7f959cd22000-7f959d0d8000 ---p 00000000 00:00 0 
7f959d0d8000-7f959d0e0000 r-xp 00000000 08:05 8533544                    /usr/lib/jvm/java-8-openjdk-amd64/jre/lib/amd64/libzip.so
7f959d0e0000-7f959d2df000 ---p 00008000 08:05 8533544                    /usr/lib/jvm/java-8-openjdk-amd64/jre/lib/amd64/libzip.so
7f959d2df000-7f959d2e0000 r--p 00007000 08:05 8533544                    /usr/lib/jvm/java-8-openjdk-amd64/jre/lib/amd64/libzip.so
7f959d2e0000-7f959d2e1000 rw-p 00008000 08:05 8533544                    /usr/lib/jvm/java-8-openjdk-amd64/jre/lib/amd64/libzip.so
7f959d2e1000-7f959d2ec000 r-xp 00000000 08:05 1835182                    /lib/x86_64-linux-gnu/libnss_files-2.23.so
7f959d2ec000-7f959d4eb000 ---p 0000b000 08:05 1835182                    /lib/x86_64-linux-gnu/libnss_files-2.23.so
7f959d4eb000-7f959d4ec000 r--p 0000a000 08:05 1835182                    /lib/x86_64-linux-gnu/libnss_files-2.23.so
7f959d4ec000-7f959d4ed000 rw-p 0000b000 08:05 1835182                    /lib/x86_64-linux-gnu/libnss_files-2.23.so
7f959d4ed000-7f959d4f3000 rw-p 00000000 00:00 0 
7f959d4f3000-7f959d4fe000 r-xp 00000000 08:05 1835186                    /lib/x86_64-linux-gnu/libnss_nis-2.23.so
7f959d4fe000-7f959d6fd000 ---p 0000b000 08:05 1835186                    /lib/x86_64-linux-gnu/libnss_nis-2.23.so
7f959d6fd000-7f959d6fe000 r--p 0000a000 08:05 1835186                    /lib/x86_64-linux-gnu/libnss_nis-2.23.so
7f959d6fe000-7f959d6ff000 rw-p 0000b000 08:05 1835186                    /lib/x86_64-linux-gnu/libnss_nis-2.23.so
7f959d6ff000-7f959d715000 r-xp 00000000 08:05 1835025                    /lib/x86_64-linux-gnu/libnsl-2.23.so
7f959d715000-7f959d914000 ---p 00016000 08:05 1835025                    /lib/x86_64-linux-gnu/libnsl-2.23.so
7f959d914000-7f959d915000 r--p 00015000 08:05 1835025                    /lib/x86_64-linux-gnu/libnsl-2.23.so
7f959d915000-7f959d916000 rw-p 00016000 08:05 1835025                    /lib/x86_64-linux-gnu/libnsl-2.23.so
7f959d916000-7f959d918000 rw-p 00000000 00:00 0 
7f959d918000-7f959d920000 r-xp 00000000 08:05 1835177                    /lib/x86_64-linux-gnu/libnss_compat-2.23.so
7f959d920000-7f959db1f000 ---p 00008000 08:05 1835177                    /lib/x86_64-linux-gnu/libnss_compat-2.23.so
7f959db1f000-7f959db20000 r--p 00007000 08:05 1835177                    /lib/x86_64-linux-gnu/libnss_compat-2.23.so
7f959db20000-7f959db21000 rw-p 00008000 08:05 1835177                    /lib/x86_64-linux-gnu/libnss_compat-2.23.so
7f959db21000-7f959db4e000 r-xp 00000000 08:05 8533527                    /usr/lib/jvm/java-8-openjdk-amd64/jre/lib/amd64/libjava.so
7f959db4e000-7f959dd4d000 ---p 0002d000 08:05 8533527                    /usr/lib/jvm/java-8-openjdk-amd64/jre/lib/amd64/libjava.so
7f959dd4d000-7f959dd4e000 r--p 0002c000 08:05 8533527                    /usr/lib/jvm/java-8-openjdk-amd64/jre/lib/amd64/libjava.so
7f959dd4e000-7f959dd50000 rw-p 0002d000 08:05 8533527                    /usr/lib/jvm/java-8-openjdk-amd64/jre/lib/amd64/libjava.so
7f959dd50000-7f959dd5f000 r-xp 00000000 08:05 8533542                    /usr/lib/jvm/java-8-openjdk-amd64/jre/lib/amd64/libverify.so
7f959dd5f000-7f959df5e000 ---p 0000f000 08:05 8533542                    /usr/lib/jvm/java-8-openjdk-amd64/jre/lib/amd64/libverify.so
7f959df5e000-7f959df60000 r--p 0000e000 08:05 8533542                    /usr/lib/jvm/java-8-openjdk-amd64/jre/lib/amd64/libverify.so
7f959df60000-7f959df61000 rw-p 00010000 08:05 8533542                    /usr/lib/jvm/java-8-openjdk-amd64/jre/lib/amd64/libverify.so
7f959df61000-7f959df68000 r-xp 00000000 08:05 1835187                    /lib/x86_64-linux-gnu/librt-2.23.so
7f959df68000-7f959e167000 ---p 00007000 08:05 1835187                    /lib/x86_64-linux-gnu/librt-2.23.so
7f959e167000-7f959e168000 r--p 00006000 08:05 1835187                    /lib/x86_64-linux-gnu/librt-2.23.so
7f959e168000-7f959e169000 rw-p 00007000 08:05 1835187                    /lib/x86_64-linux-gnu/librt-2.23.so
7f959e169000-7f959e17f000 r-xp 00000000 08:05 1839627                    /lib/x86_64-linux-gnu/libgcc_s.so.1
7f959e17f000-7f959e37e000 ---p 00016000 08:05 1839627                    /lib/x86_64-linux-gnu/libgcc_s.so.1
7f959e37e000-7f959e37f000 rw-p 00015000 08:05 1839627                    /lib/x86_64-linux-gnu/libgcc_s.so.1
7f959e37f000-7f959e487000 r-xp 00000000 08:05 1835022                    /lib/x86_64-linux-gnu/libm-2.23.so
7f959e487000-7f959e686000 ---p 00108000 08:05 1835022                    /lib/x86_64-linux-gnu/libm-2.23.so
7f959e686000-7f959e687000 r--p 00107000 08:05 1835022                    /lib/x86_64-linux-gnu/libm-2.23.so
7f959e687000-7f959e688000 rw-p 00108000 08:05 1835022                    /lib/x86_64-linux-gnu/libm-2.23.so
7f959e688000-7f959e7fa000 r-xp 00000000 08:05 5244930                    /usr/lib/x86_64-linux-gnu/libstdc++.so.6.0.21
7f959e7fa000-7f959e9fa000 ---p 00172000 08:05 5244930                    /usr/lib/x86_64-linux-gnu/libstdc++.so.6.0.21
7f959e9fa000-7f959ea04000 r--p 00172000 08:05 5244930                    /usr/lib/x86_64-linux-gnu/libstdc++.so.6.0.21
7f959ea04000-7f959ea06000 rw-p 0017c000 08:05 5244930                    /usr/lib/x86_64-linux-gnu/libstdc++.so.6.0.21
7f959ea06000-7f959ea0a000 rw-p 00000000 00:00 0 
7f959ea0a000-7f959f65c000 r-xp 00000000 08:05 8533537                    /usr/lib/jvm/java-8-openjdk-amd64/jre/lib/amd64/server/libjvm.so
7f959f65c000-7f959f85c000 ---p 00c52000 08:05 8533537                    /usr/lib/jvm/java-8-openjdk-amd64/jre/lib/amd64/server/libjvm.so
7f959f85c000-7f959f8ef000 r--p 00c52000 08:05 8533537                    /usr/lib/jvm/java-8-openjdk-amd64/jre/lib/amd64/server/libjvm.so
7f959f8ef000-7f959f918000 rw-p 00ce5000 08:05 8533537                    /usr/lib/jvm/java-8-openjdk-amd64/jre/lib/amd64/server/libjvm.so
7f959f918000-7f959f948000 rw-p 00000000 00:00 0 
7f959f948000-7f959f960000 r-xp 00000000 08:05 1835092                    /lib/x86_64-linux-gnu/libpthread-2.23.so
7f959f960000-7f959fb5f000 ---p 00018000 08:05 1835092                    /lib/x86_64-linux-gnu/libpthread-2.23.so
7f959fb5f000-7f959fb60000 r--p 00017000 08:05 1835092                    /lib/x86_64-linux-gnu/libpthread-2.23.so
7f959fb60000-7f959fb61000 rw-p 00018000 08:05 1835092                    /lib/x86_64-linux-gnu/libpthread-2.23.so
7f959fb61000-7f959fb65000 rw-p 00000000 00:00 0 
7f959fb65000-7f959fb68000 r-xp 00000000 08:05 1835099                    /lib/x86_64-linux-gnu/libdl-2.23.so
7f959fb68000-7f959fd67000 ---p 00003000 08:05 1835099                    /lib/x86_64-linux-gnu/libdl-2.23.so
7f959fd67000-7f959fd68000 r--p 00002000 08:05 1835099                    /lib/x86_64-linux-gnu/libdl-2.23.so
7f959fd68000-7f959fd69000 rw-p 00003000 08:05 1835099                    /lib/x86_64-linux-gnu/libdl-2.23.so
7f959fd69000-7f959fd82000 r-xp 00000000 08:05 1839561                    /lib/x86_64-linux-gnu/libz.so.1.2.8
7f959fd82000-7f959ff81000 ---p 00019000 08:05 1839561                    /lib/x86_64-linux-gnu/libz.so.1.2.8
7f959ff81000-7f959ff82000 r--p 00018000 08:05 1839561                    /lib/x86_64-linux-gnu/libz.so.1.2.8
7f959ff82000-7f959ff83000 rw-p 00019000 08:05 1839561                    /lib/x86_64-linux-gnu/libz.so.1.2.8
7f959ff83000-7f95a0143000 r-xp 00000000 08:05 1835096                    /lib/x86_64-linux-gnu/libc-2.23.so
7f95a0143000-7f95a0343000 ---p 001c0000 08:05 1835096                    /lib/x86_64-linux-gnu/libc-2.23.so
7f95a0343000-7f95a0347000 r--p 001c0000 08:05 1835096                    /lib/x86_64-linux-gnu/libc-2.23.so
7f95a0347000-7f95a0349000 rw-p 001c4000 08:05 1835096                    /lib/x86_64-linux-gnu/libc-2.23.so
7f95a0349000-7f95a034d000 rw-p 00000000 00:00 0 
7f95a034d000-7f95a035a000 r-xp 00000000 08:05 8533540                    /usr/lib/jvm/java-8-openjdk-amd64/jre/lib/amd64/jli/libjli.so
7f95a035a000-7f95a055a000 ---p 0000d000 08:05 8533540                    /usr/lib/jvm/java-8-openjdk-amd64/jre/lib/amd64/jli/libjli.so
7f95a055a000-7f95a055b000 r--p 0000d000 08:05 8533540                    /usr/lib/jvm/java-8-openjdk-amd64/jre/lib/amd64/jli/libjli.so
7f95a055b000-7f95a055c000 rw-p 0000e000 08:05 8533540                    /usr/lib/jvm/java-8-openjdk-amd64/jre/lib/amd64/jli/libjli.so
7f95a055c000-7f95a0582000 r-xp 00000000 08:05 1835037                    /lib/x86_64-linux-gnu/ld-2.23.so
7f95a0586000-7f95a0588000 r--s 0000c000 08:05 6951373                    /home/chris/Desktop/NetworkSecurity/Project1/PacketParser/commons-cli-1.4.jar
7f95a0588000-7f95a0592000 r--s 00116000 08:05 8262877                    /usr/lib/jvm/java-8-openjdk-amd64/jre/lib/ext/localedata.jar
7f95a0592000-7f95a065d000 rw-p 00000000 00:00 0 
7f95a065d000-7f95a0660000 ---p 00000000 00:00 0 
7f95a0660000-7f95a0762000 rw-p 00000000 00:00 0 
7f95a0763000-7f95a0765000 r--s 00008000 08:05 8262876                    /usr/lib/jvm/java-8-openjdk-amd64/jre/lib/ext/sunec.jar
7f95a0765000-7f95a0767000 r--s 00001000 08:05 8262880                    /usr/lib/jvm/java-8-openjdk-amd64/jre/lib/ext/dnsns.jar
7f95a0767000-7f95a0768000 r--s 0000a000 08:05 8262879                    /usr/lib/jvm/java-8-openjdk-amd64/jre/lib/ext/jaccess.jar
7f95a0768000-7f95a076b000 r--s 0000f000 08:05 8261925                    /usr/lib/jvm/java-8-openjdk-amd64/jre/lib/ext/icedtea-sound.jar
7f95a076b000-7f95a076f000 r--s 00037000 08:05 8262878                    /usr/lib/jvm/java-8-openjdk-amd64/jre/lib/ext/sunpkcs11.jar
7f95a076f000-7f95a0770000 r--s 00010000 08:05 8262873                    /usr/lib/jvm/java-8-openjdk-amd64/jre/lib/ext/zipfs.jar
7f95a0770000-7f95a0776000 r--s 0003a000 08:05 8262875                    /usr/lib/jvm/java-8-openjdk-amd64/jre/lib/ext/sunjce_provider.jar
7f95a0776000-7f95a077e000 rw-s 00000000 08:05 659560                     /tmp/hsperfdata_chris/3181
7f95a077e000-7f95a077f000 rw-p 00000000 00:00 0 
7f95a077f000-7f95a0780000 r--p 00000000 00:00 0 
7f95a0780000-7f95a0781000 rw-p 00000000 00:00 0 
7f95a0781000-7f95a0782000 r--p 00025000 08:05 1835037                    /lib/x86_64-linux-gnu/ld-2.23.so
7f95a0782000-7f95a0783000 rw-p 00026000 08:05 1835037                    /lib/x86_64-linux-gnu/ld-2.23.so
7f95a0783000-7f95a0784000 rw-p 00000000 00:00 0 
7fff33934000-7fff33955000 rw-p 00000000 00:00 0                          [stack]
7fff3395b000-7fff3395e000 r--p 00000000 00:00 0                          [vvar]
7fff3395e000-7fff33960000 r-xp 00000000 00:00 0                          [vdso]
ffffffffff600000-ffffffffff601000 r-xp 00000000 00:00 0                  [vsyscall]

VM Arguments:
java_command: Main
java_class_path (initial): .:commons-cli-1.4.jar
Launcher Type: SUN_STANDARD

Environment Variables:
PATH=/home/chris/bin:/home/chris/.local/bin:/usr/local/sbin:/usr/local/bin:/usr/sbin:/usr/bin:/sbin:/bin:/usr/games:/usr/local/games:~/opt/gradle/gradle-4.0/bin:/snap/bin
SHELL=/bin/bash
DISPLAY=:0

Signal Handlers:
SIGSEGV: [libjvm.so+0xa69040], sa_mask[0]=11111111011111111101111111111110, sa_flags=SA_RESTART|SA_SIGINFO
SIGBUS: [libjvm.so+0xa69040], sa_mask[0]=11111111011111111101111111111110, sa_flags=SA_RESTART|SA_SIGINFO
SIGFPE: [libjvm.so+0x8b2170], sa_mask[0]=11111111011111111101111111111110, sa_flags=SA_RESTART|SA_SIGINFO
SIGPIPE: [libjvm.so+0x8b2170], sa_mask[0]=11111111011111111101111111111110, sa_flags=SA_RESTART|SA_SIGINFO
SIGXFSZ: [libjvm.so+0x8b2170], sa_mask[0]=11111111011111111101111111111110, sa_flags=SA_RESTART|SA_SIGINFO
SIGILL: [libjvm.so+0x8b2170], sa_mask[0]=11111111011111111101111111111110, sa_flags=SA_RESTART|SA_SIGINFO
SIGUSR1: SIG_DFL, sa_mask[0]=00000000000000000000000000000000, sa_flags=none
SIGUSR2: [libjvm.so+0x8b2020], sa_mask[0]=00000000000000000000000000000000, sa_flags=SA_RESTART|SA_SIGINFO
SIGHUP: [libjvm.so+0x8b24f0], sa_mask[0]=11111111011111111101111111111110, sa_flags=SA_RESTART|SA_SIGINFO
SIGINT: [libjvm.so+0x8b24f0], sa_mask[0]=11111111011111111101111111111110, sa_flags=SA_RESTART|SA_SIGINFO
SIGTERM: [libjvm.so+0x8b24f0], sa_mask[0]=11111111011111111101111111111110, sa_flags=SA_RESTART|SA_SIGINFO
SIGQUIT: [libjvm.so+0x8b24f0], sa_mask[0]=11111111011111111101111111111110, sa_flags=SA_RESTART|SA_SIGINFO


---------------  S Y S T E M  ---------------

OS:DISTRIB_ID=Ubuntu
DISTRIB_RELEASE=16.04
DISTRIB_CODENAME=xenial
DISTRIB_DESCRIPTION="Ubuntu 16.04.3 LTS"

uname:Linux 4.13.0-32-generic #35~16.04.1-Ubuntu SMP Thu Jan 25 10:13:43 UTC 2018 x86_64
libc:glibc 2.23 NPTL 2.23 
rlimit: STACK 8192k, CORE 0k, NPROC 31061, NOFILE 1048576, AS infinity
load average:1.03 1.47 0.75

/proc/meminfo:
MemTotal:        8057372 kB
MemFree:         5713276 kB
MemAvailable:    6419704 kB
Buffers:          107600 kB
Cached:          1066968 kB
SwapCached:            0 kB
Active:          1333592 kB
Inactive:         811308 kB
Active(anon):     973544 kB
Inactive(anon):   269512 kB
Active(file):     360048 kB
Inactive(file):   541796 kB
Unevictable:          32 kB
Mlocked:              32 kB
SwapTotal:       8276988 kB
SwapFree:        8276988 kB
Dirty:                40 kB
Writeback:             0 kB
AnonPages:        970372 kB
Mapped:           355016 kB
Shmem:            272724 kB
Slab:              96044 kB
SReclaimable:      57788 kB
SUnreclaim:        38256 kB
KernelStack:       10016 kB
PageTables:        34952 kB
NFS_Unstable:          0 kB
Bounce:                0 kB
WritebackTmp:          0 kB
CommitLimit:    12305672 kB
Committed_AS:    5852108 kB
VmallocTotal:   34359738367 kB
VmallocUsed:           0 kB
VmallocChunk:          0 kB
HardwareCorrupted:     0 kB
AnonHugePages:         0 kB
ShmemHugePages:        0 kB
ShmemPmdMapped:        0 kB
CmaTotal:              0 kB
CmaFree:               0 kB
HugePages_Total:       0
HugePages_Free:        0
HugePages_Rsvd:        0
HugePages_Surp:        0
Hugepagesize:       2048 kB
DirectMap4k:      114064 kB
DirectMap2M:     5017600 kB
DirectMap1G:     3145728 kB


CPU:total 4 (initial active 4) (2 cores per cpu, 2 threads per core) family 6 model 78 stepping 3, cmov, cx8, fxsr, mmx, sse, sse2, sse3, ssse3, sse4.1, sse4.2, popcnt, avx, avx2, aes, clmul, erms, rtm, 3dnowpref, lzcnt, ht, tsc, tscinvbit, bmi1, bmi2, adx

/proc/cpuinfo:
processor	: 0
vendor_id	: GenuineIntel
cpu family	: 6
model		: 78
model name	: Intel(R) Core(TM) i3-6100U CPU @ 2.30GHz
stepping	: 3
microcode	: 0x7c
cpu MHz		: 2300.000
cache size	: 3072 KB
physical id	: 0
siblings	: 4
core id		: 0
cpu cores	: 2
apicid		: 0
initial apicid	: 0
fpu		: yes
fpu_exception	: yes
cpuid level	: 22
wp		: yes
flags		: fpu vme de pse tsc msr pae mce cx8 apic sep mtrr pge mca cmov pat pse36 clflush dts acpi mmx fxsr sse sse2 ss ht tm pbe syscall nx pdpe1gb rdtscp lm constant_tsc art arch_perfmon pebs bts rep_good nopl xtopology nonstop_tsc cpuid aperfmperf tsc_known_freq pni pclmulqdq dtes64 monitor ds_cpl vmx est tm2 ssse3 sdbg fma cx16 xtpr pdcm pcid sse4_1 sse4_2 x2apic movbe popcnt aes xsave avx f16c rdrand lahf_lm abm 3dnowprefetch cpuid_fault epb invpcid_single pti intel_pt tpr_shadow vnmi flexpriority ept vpid fsgsbase tsc_adjust bmi1 hle avx2 smep bmi2 erms invpcid rtm mpx rdseed adx smap clflushopt xsaveopt xsavec xgetbv1 xsaves dtherm ida arat pln pts hwp hwp_notify hwp_act_window hwp_epp
bugs		: cpu_meltdown spectre_v1 spectre_v2
bogomips	: 4608.00
clflush size	: 64
cache_alignment	: 64
address sizes	: 39 bits physical, 48 bits virtual
power management:

processor	: 1
vendor_id	: GenuineIntel
cpu family	: 6
model		: 78
model name	: Intel(R) Core(TM) i3-6100U CPU @ 2.30GHz
stepping	: 3
microcode	: 0x7c
cpu MHz		: 2300.000
cache size	: 3072 KB
physical id	: 0
siblings	: 4
core id		: 1
cpu cores	: 2
apicid		: 2
initial apicid	: 2
fpu		: yes
fpu_exception	: yes
cpuid level	: 22
wp		: yes
flags		: fpu vme de pse tsc msr pae mce cx8 apic sep mtrr pge mca cmov pat pse36 clflush dts acpi mmx fxsr sse sse2 ss ht tm pbe syscall nx pdpe1gb rdtscp lm constant_tsc art arch_perfmon pebs bts rep_good nopl xtopology nonstop_tsc cpuid aperfmperf tsc_known_freq pni pclmulqdq dtes64 monitor ds_cpl vmx est tm2 ssse3 sdbg fma cx16 xtpr pdcm pcid sse4_1 sse4_2 x2apic movbe popcnt aes xsave avx f16c rdrand lahf_lm abm 3dnowprefetch cpuid_fault epb invpcid_single pti intel_pt tpr_shadow vnmi flexpriority ept vpid fsgsbase tsc_adjust bmi1 hle avx2 smep bmi2 erms invpcid rtm mpx rdseed adx smap clflushopt xsaveopt xsavec xgetbv1 xsaves dtherm ida arat pln pts hwp hwp_notify hwp_act_window hwp_epp
bugs		: cpu_meltdown spectre_v1 spectre_v2
bogomips	: 4608.00
clflush size	: 64
cache_alignment	: 64
address sizes	: 39 bits physical, 48 bits virtual
power management:

processor	: 2
vendor_id	: GenuineIntel
cpu family	: 6
model		: 78
model name	: Intel(R) Core(TM) i3-6100U CPU @ 2.30GHz
stepping	: 3
microcode	: 0x7c
cpu MHz		: 2300.000
cache size	: 3072 KB
physical id	: 0
siblings	: 4
core id		: 0
cpu cores	: 2
apicid		: 1
initial apicid	: 1
fpu		: yes
fpu_exception	: yes
cpuid level	: 22
wp		: yes
flags		: fpu vme de pse tsc msr pae mce cx8 apic sep mtrr pge mca cmov pat pse36 clflush dts acpi mmx fxsr sse sse2 ss ht tm pbe syscall nx pdpe1gb rdtscp lm constant_tsc art arch_perfmon pebs bts rep_good nopl xtopology nonstop_tsc cpuid aperfmperf tsc_known_freq pni pclmulqdq dtes64 monitor ds_cpl vmx est tm2 ssse3 sdbg fma cx16 xtpr pdcm pcid sse4_1 sse4_2 x2apic movbe popcnt aes xsave avx f16c rdrand lahf_lm abm 3dnowprefetch cpuid_fault epb invpcid_single pti intel_pt tpr_shadow vnmi flexpriority ept vpid fsgsbase tsc_adjust bmi1 hle avx2 smep bmi2 erms invpcid rtm mpx rdseed adx smap clflushopt xsaveopt xsavec xgetbv1 xsaves dtherm ida arat pln pts hwp hwp_notify hwp_act_window hwp_epp
bugs		: cpu_meltdown spectre_v1 spectre_v2
bogomips	: 4608.00
clflush size	: 64
cache_alignment	: 64
address sizes	: 39 bits physical, 48 bits virtual
power management:

processor	: 3
vendor_id	: GenuineIntel
cpu family	: 6
model		: 78
model name	: Intel(R) Core(TM) i3-6100U CPU @ 2.30GHz
stepping	: 3
microcode	: 0x7c
cpu MHz		: 2300.000
cache size	: 3072 KB
physical id	: 0
siblings	: 4
core id		: 1
cpu cores	: 2
apicid		: 3
initial apicid	: 3
fpu		: yes
fpu_exception	: yes
cpuid level	: 22
wp		: yes
flags		: fpu vme de pse tsc msr pae mce cx8 apic sep mtrr pge mca cmov pat pse36 clflush dts acpi mmx fxsr sse sse2 ss ht tm pbe syscall nx pdpe1gb rdtscp lm constant_tsc art arch_perfmon pebs bts rep_good nopl xtopology nonstop_tsc cpuid aperfmperf tsc_known_freq pni pclmulqdq dtes64 monitor ds_cpl vmx est tm2 ssse3 sdbg fma cx16 xtpr pdcm pcid sse4_1 sse4_2 x2apic movbe popcnt aes xsave avx f16c rdrand lahf_lm abm 3dnowprefetch cpuid_fault epb invpcid_single pti intel_pt tpr_shadow vnmi flexpriority ept vpid fsgsbase tsc_adjust bmi1 hle avx2 smep bmi2 erms invpcid rtm mpx rdseed adx smap clflushopt xsaveopt xsavec xgetbv1 xsaves dtherm ida arat pln pts hwp hwp_notify hwp_act_window hwp_epp
bugs		: cpu_meltdown spectre_v1 spectre_v2
bogomips	: 4608.00
clflush size	: 64
cache_alignment	: 64
address sizes	: 39 bits physical, 48 bits virtual
power management:



Memory: 4k page, physical 8057372k(5713276k free), swap 8276988k(8276988k free)

vm_info: OpenJDK 64-Bit Server VM (25.151-b12) for linux-amd64 JRE (1.8.0_151-8u151-b12-0ubuntu0.16.04.2-b12), built on Oct 27 2017 21:59:02 by "buildd" with gcc 5.4.0 20160609

time: Fri Feb 23 14:14:50 2018
elapsed time: 2 seconds (0d 0h 0m 2s)

