#
# A fatal error has been detected by the Java Runtime Environment:
#
#  EXCEPTION_ACCESS_VIOLATION (0xc0000005) at pc=0x000000005780c145, pid=12988, tid=0x0000000000004064
#
# JRE version: Java(TM) SE Runtime Environment (8.0_144-b01) (build 1.8.0_144-b01)
# Java VM: Java HotSpot(TM) 64-Bit Server VM (25.144-b01 mixed mode windows-amd64 compressed oops)
# Problematic frame:
# C  [msvcr100.dll+0x3c145]
#
# Failed to write core dump. Minidumps are not enabled by default on client versions of Windows
#
# If you would like to submit a bug report, please visit:
#   http://bugreport.java.com/bugreport/crash.jsp
#

---------------  T H R E A D  ---------------

Current thread (0x0000000004aa0800):  JavaThread "main" [_thread_in_vm, id=16484, stack(0x00000000049a0000,0x0000000004aa0000)]

siginfo: ExceptionCode=0xc0000005, reading address 0x0000000000000038

Registers:
RAX=0x0000000000000010, RBX=0x0000000004aa0800, RCX=0x00000000d72f8c80, RDX=0xffffffff28d073b8
RSP=0x0000000004a9ee18, RBP=0x00000000196a8ae0, RSI=0x0000000000000000, RDI=0x000000000000003c
R8 =0x000000000000003c, R9 =0x00000000d72f8c38, R10=0x000000000000000c, R11=0x00000000d72f8c48
R12=0x0000000000000000, R13=0x0000000004a9f070, R14=0x0000000000000000, R15=0x0000000004aa0800
RIP=0x000000005780c145, EFLAGS=0x0000000000010202

Top of Stack: (sp=0x0000000004a9ee18)
0x0000000004a9ee18:   000000005708c951 0000000004aa09f8
0x0000000004a9ee28:   000000005707171d 000000000000003c
0x0000000004a9ee38:   0000000004aa0800 0000000004a9ef20
0x0000000004a9ee48:   0000000000000001 0000000004aa0800
0x0000000004a9ee58:   0000000000000000 000000001bc572b0
0x0000000004a9ee68:   0000000004a9eed0 0000000004aa09f8
0x0000000004a9ee78:   0000000180001212 00000000196a8ae0
0x0000000004a9ee88:   0000000004a9ef20 00000000d7e98630
0x0000000004a9ee98:   00000000d72f8828 0000000000000000
0x0000000004a9eea8:   0000000000000000 000000001915c388
0x0000000004a9eeb8:   0000000004d33539 000000001bc572b0
0x0000000004a9eec8:   0000000019143b38 0000000000000000
0x0000000004a9eed8:   0000000000000cf0 00000000d7e98630
0x0000000004a9eee8:   0000000000000000 0000000004a9ef20
0x0000000004a9eef8:   0000000004a9ef20 0000000019143b38
0x0000000004a9ef08:   00000000d7e980a0 00000000d7e980a0 

Instructions: (pc=0x000000005780c145)
0x000000005780c125:   c8 88 01 f6 c1 02 74 0f 48 83 e9 02 66 8b 04 0a
0x000000005780c135:   49 83 e8 02 66 89 01 f6 c1 04 74 0d 48 83 e9 04
0x000000005780c145:   8b 04 0a 49 83 e8 04 89 01 4d 8b c8 49 c1 e9 05
0x000000005780c155:   75 50 4d 8b c8 49 c1 e9 03 74 14 48 83 e9 08 48 


Register to memory mapping:

RAX=0x0000000000000010 is an unknown value
RBX=0x0000000004aa0800 is a thread
RCX=0x00000000d72f8c80 is an oop
[Ljava.util.Formatter$Flags; 
 - klass: 'java/util/Formatter$Flags'[]
 - length: 3
RDX=0xffffffff28d073b8 is an unknown value
RSP=0x0000000004a9ee18 is pointing into the stack for thread: 0x0000000004aa0800
RBP=0x00000000196a8ae0 is an unknown value
RSI=0x0000000000000000 is an unknown value
RDI=0x000000000000003c is an unknown value
R8 =0x000000000000003c is an unknown value
R9 =0x00000000d72f8c38 is an oop
[B 
 - klass: {type array byte}
 - length: 60
R10=0x000000000000000c is an unknown value
R11=0x00000000d72f8c48 is an oop

[error occurred during error reporting (printing register info), id 0xc0000005]

Stack: [0x00000000049a0000,0x0000000004aa0000],  sp=0x0000000004a9ee18,  free space=1019k
Native frames: (J=compiled Java code, j=interpreted, Vv=VM code, C=native code)
C  [msvcr100.dll+0x3c145]
V  [jvm.dll+0x15c951]
C  [SimplePacketDriver_x64.dll+0x1212]
C  0x0000000004d33539

Java frames: (J=compiled Java code, j=interpreted, Vv=VM code)
J 252  SimplePacketDriver.readPacket()[B (0 bytes) @ 0x0000000004d334bb [0x0000000004d33480+0x3b]
J 245 C1 OptionHandler.getPacket()[B (224 bytes) @ 0x0000000004d3977c [0x0000000004d383a0+0x13dc]
j  OptionHandler.runOptions()V+474
j  Main.main([Ljava/lang/String;)V+18
v  ~StubRoutines::call_stub

---------------  P R O C E S S  ---------------

Java Threads: ( => current thread )
  0x000000001b160800 JavaThread "Service Thread" daemon [_thread_blocked, id=448, stack(0x000000001b530000,0x000000001b630000)]
  0x00000000196e6000 JavaThread "C1 CompilerThread2" daemon [_thread_blocked, id=13324, stack(0x000000001b030000,0x000000001b130000)]
  0x00000000196e1000 JavaThread "C2 CompilerThread1" daemon [_thread_blocked, id=8524, stack(0x000000001af30000,0x000000001b030000)]
  0x00000000196de000 JavaThread "C2 CompilerThread0" daemon [_thread_blocked, id=17164, stack(0x000000001ae30000,0x000000001af30000)]
  0x00000000196dc800 JavaThread "Attach Listener" daemon [_thread_blocked, id=3092, stack(0x000000001ad30000,0x000000001ae30000)]
  0x00000000196d9800 JavaThread "Signal Dispatcher" daemon [_thread_blocked, id=12888, stack(0x000000001ac30000,0x000000001ad30000)]
  0x00000000196ca800 JavaThread "Finalizer" daemon [_thread_blocked, id=10308, stack(0x000000001a940000,0x000000001aa40000)]
  0x0000000004b91000 JavaThread "Reference Handler" daemon [_thread_blocked, id=8696, stack(0x000000001a840000,0x000000001a940000)]
=>0x0000000004aa0800 JavaThread "main" [_thread_in_vm, id=16484, stack(0x00000000049a0000,0x0000000004aa0000)]

Other Threads:
  0x00000000196a8000 VMThread [stack: 0x000000001a740000,0x000000001a840000] [id=14448]
  0x000000001b17e000 WatcherThread [stack: 0x000000001b630000,0x000000001b730000] [id=5148]

VM state:not at safepoint (normal execution)

VM Mutex/Monitor currently owned by a thread: None

Heap:
 PSYoungGen      total 38400K, used 22634K [0x00000000d5e00000, 0x00000000d8880000, 0x0000000100000000)
  eden space 33280K, 65% used [0x00000000d5e00000,0x00000000d73728a0,0x00000000d7e80000)
  from space 5120K, 13% used [0x00000000d7e80000,0x00000000d7f28000,0x00000000d8380000)
  to   space 5120K, 0% used [0x00000000d8380000,0x00000000d8380000,0x00000000d8880000)
 ParOldGen       total 87552K, used 0K [0x0000000081a00000, 0x0000000086f80000, 0x00000000d5e00000)
  object space 87552K, 0% used [0x0000000081a00000,0x0000000081a00000,0x0000000086f80000)
 Metaspace       used 3878K, capacity 4724K, committed 4864K, reserved 1056768K
  class space    used 437K, capacity 496K, committed 512K, reserved 1048576K

Card table byte_map: [0x0000000013f60000,0x0000000014360000] byte_map_base: 0x0000000013b53000

Marking Bits: (ParMarkBitMap*) 0x000000005774d850
 Begin Bits: [0x0000000014a10000, 0x00000000169a8000)
 End Bits:   [0x00000000169a8000, 0x0000000018940000)

Polling page: 0x00000000030c0000

CodeCache: size=245760Kb used=1984Kb max_used=1993Kb free=243775Kb
 bounds [0x0000000004ba0000, 0x0000000004e10000, 0x0000000013ba0000]
 total_blobs=555 nmethods=305 adapters=163
 compilation: enabled

Compilation events (10 events):
Event: 216.826 Thread 0x00000000196e6000 nmethod 300 0x0000000004d64f90 code [0x0000000004d65120, 0x0000000004d65518]
Event: 216.827 Thread 0x00000000196e6000  301       3       java.io.PrintStream::print (13 bytes)
Event: 216.827 Thread 0x00000000196e6000 nmethod 301 0x0000000004d64bd0 code [0x0000000004d64d40, 0x0000000004d64f08]
Event: 216.828 Thread 0x00000000196e6000  302   !   3       java.io.PrintStream::write (83 bytes)
Event: 216.829 Thread 0x00000000196de000 nmethod 304 0x0000000004d4dd90 code [0x0000000004d4dee0, 0x0000000004d4dfd8]
Event: 216.831 Thread 0x00000000196e6000 nmethod 302 0x0000000004d63690 code [0x0000000004d638c0, 0x0000000004d64448]
Event: 216.832 Thread 0x00000000196e6000  303   !   3       java.io.PrintStream::newLine (73 bytes)
Event: 216.835 Thread 0x00000000196e6000 nmethod 303 0x0000000004d8c050 code [0x0000000004d8c260, 0x0000000004d8cc78]
Event: 297.999 Thread 0x00000000196e6000  305       3       java.lang.Integer::toString (48 bytes)
Event: 298.001 Thread 0x00000000196e6000 nmethod 305 0x0000000004d8b490 code [0x0000000004d8b660, 0x0000000004d8bca8]

GC Heap History (2 events):
Event: 347.945 GC heap before
{Heap before GC invocations=1 (full 0):
 PSYoungGen      total 38400K, used 33280K [0x00000000d5e00000, 0x00000000d8880000, 0x0000000100000000)
  eden space 33280K, 100% used [0x00000000d5e00000,0x00000000d7e80000,0x00000000d7e80000)
  from space 5120K, 0% used [0x00000000d8380000,0x00000000d8380000,0x00000000d8880000)
  to   space 5120K, 0% used [0x00000000d7e80000,0x00000000d7e80000,0x00000000d8380000)
 ParOldGen       total 87552K, used 0K [0x0000000081a00000, 0x0000000086f80000, 0x00000000d5e00000)
  object space 87552K, 0% used [0x0000000081a00000,0x0000000081a00000,0x0000000086f80000)
 Metaspace       used 3878K, capacity 4724K, committed 4864K, reserved 1056768K
  class space    used 437K, capacity 496K, committed 512K, reserved 1048576K
Event: 347.993 GC heap after
Heap after GC invocations=1 (full 0):
 PSYoungGen      total 38400K, used 672K [0x00000000d5e00000, 0x00000000d8880000, 0x0000000100000000)
  eden space 33280K, 0% used [0x00000000d5e00000,0x00000000d5e00000,0x00000000d7e80000)
  from space 5120K, 13% used [0x00000000d7e80000,0x00000000d7f28000,0x00000000d8380000)
  to   space 5120K, 0% used [0x00000000d8380000,0x00000000d8380000,0x00000000d8880000)
 ParOldGen       total 87552K, used 0K [0x0000000081a00000, 0x0000000086f80000, 0x00000000d5e00000)
  object space 87552K, 0% used [0x0000000081a00000,0x0000000081a00000,0x0000000086f80000)
 Metaspace       used 3878K, capacity 4724K, committed 4864K, reserved 1056768K
  class space    used 437K, capacity 496K, committed 512K, reserved 1048576K
}

Deoptimization events (0 events):
No events

Internal exceptions (6 events):
Event: 0.032 Thread 0x0000000004aa0800 Exception <a 'java/lang/NoSuchMethodError': Method sun.misc.Unsafe.defineClass(Ljava/lang/String;[BII)Ljava/lang/Class; name or signature does not match> (0x00000000d5e07ca8) thrown at [C:\re\workspace\8-2-build-windows-amd64-cygwin\jdk8u144\9417\hotspot\
Event: 0.032 Thread 0x0000000004aa0800 Exception <a 'java/lang/NoSuchMethodError': Method sun.misc.Unsafe.prefetchRead(Ljava/lang/Object;J)V name or signature does not match> (0x00000000d5e07f90) thrown at [C:\re\workspace\8-2-build-windows-amd64-cygwin\jdk8u144\9417\hotspot\src\share\vm\prims
Event: 0.255 Thread 0x0000000004aa0800 Exception <a 'java/security/PrivilegedActionException'> (0x00000000d5fb51c8) thrown at [C:\re\workspace\8-2-build-windows-amd64-cygwin\jdk8u144\9417\hotspot\src\share\vm\prims\jvm.cpp, line 1390]
Event: 0.255 Thread 0x0000000004aa0800 Exception <a 'java/security/PrivilegedActionException'> (0x00000000d5fb55c0) thrown at [C:\re\workspace\8-2-build-windows-amd64-cygwin\jdk8u144\9417\hotspot\src\share\vm\prims\jvm.cpp, line 1390]
Event: 0.255 Thread 0x0000000004aa0800 Exception <a 'java/security/PrivilegedActionException'> (0x00000000d5fb9418) thrown at [C:\re\workspace\8-2-build-windows-amd64-cygwin\jdk8u144\9417\hotspot\src\share\vm\prims\jvm.cpp, line 1390]
Event: 0.255 Thread 0x0000000004aa0800 Exception <a 'java/security/PrivilegedActionException'> (0x00000000d5fb9810) thrown at [C:\re\workspace\8-2-build-windows-amd64-cygwin\jdk8u144\9417\hotspot\src\share\vm\prims\jvm.cpp, line 1390]

Events (10 events):
Event: 2.121 loading class java/util/Formatter$FormatString done
Event: 2.121 loading class java/util/Formatter$FormatSpecifier done
Event: 2.121 loading class java/util/Formatter$Flags
Event: 2.121 loading class java/util/Formatter$Flags done
Event: 2.121 loading class java/util/Formatter$Conversion
Event: 2.121 loading class java/util/Formatter$Conversion done
Event: 4.106 Executing VM operation: EnableBiasedLocking
Event: 4.107 Executing VM operation: EnableBiasedLocking done
Event: 347.926 Executing VM operation: ParallelGCFailedAllocation
Event: 347.993 Executing VM operation: ParallelGCFailedAllocation done


Dynamic libraries:
0x00007ff617150000 - 0x00007ff617187000 	C:\ProgramData\Oracle\Java\javapath\java.exe
0x00007ffb981f0000 - 0x00007ffb983d0000 	C:\WINDOWS\SYSTEM32\ntdll.dll
0x00007ffb96840000 - 0x00007ffb968ee000 	C:\WINDOWS\System32\KERNEL32.DLL
0x00007ffb94df0000 - 0x00007ffb95056000 	C:\WINDOWS\System32\KERNELBASE.dll
0x00007ffb964a0000 - 0x00007ffb96541000 	C:\WINDOWS\System32\ADVAPI32.dll
0x00007ffb95990000 - 0x00007ffb95a2d000 	C:\WINDOWS\System32\msvcrt.dll
0x00007ffb956c0000 - 0x00007ffb9571b000 	C:\WINDOWS\System32\sechost.dll
0x00007ffb961a0000 - 0x00007ffb962bf000 	C:\WINDOWS\System32\RPCRT4.dll
0x00007ffb95800000 - 0x00007ffb9598f000 	C:\WINDOWS\System32\USER32.dll
0x00007ffb95130000 - 0x00007ffb95150000 	C:\WINDOWS\System32\win32u.dll
0x00007ffb95f20000 - 0x00007ffb95f48000 	C:\WINDOWS\System32\GDI32.dll
0x00007ffb953c0000 - 0x00007ffb95553000 	C:\WINDOWS\System32\gdi32full.dll
0x00007ffb95150000 - 0x00007ffb951eb000 	C:\WINDOWS\System32\msvcp_win.dll
0x00007ffb95560000 - 0x00007ffb95656000 	C:\WINDOWS\System32\ucrtbase.dll
0x00007ffb83030000 - 0x00007ffb83299000 	C:\WINDOWS\WinSxS\amd64_microsoft.windows.common-controls_6595b64144ccf1df_6.0.16299.248_none_15ced204935f55d7\COMCTL32.dll
0x00007ffb96920000 - 0x00007ffb96c28000 	C:\WINDOWS\System32\combase.dll
0x00007ffb950b0000 - 0x00007ffb95122000 	C:\WINDOWS\System32\bcryptPrimitives.dll
0x00007ffb968f0000 - 0x00007ffb9691d000 	C:\WINDOWS\System32\IMM32.DLL
0x00000000577d0000 - 0x00000000578a2000 	C:\Program Files\Java\jre1.8.0_144\bin\msvcr100.dll
0x0000000056f30000 - 0x00000000577cd000 	C:\Program Files\Java\jre1.8.0_144\bin\server\jvm.dll
0x00007ffb95f70000 - 0x00007ffb95f78000 	C:\WINDOWS\System32\PSAPI.DLL
0x00007ffb931f0000 - 0x00007ffb931f9000 	C:\WINDOWS\SYSTEM32\WSOCK32.dll
0x00007ffb8a930000 - 0x00007ffb8a93a000 	C:\WINDOWS\SYSTEM32\VERSION.dll
0x00007ffb91fa0000 - 0x00007ffb91fc3000 	C:\WINDOWS\SYSTEM32\WINMM.dll
0x00007ffb96430000 - 0x00007ffb9649c000 	C:\WINDOWS\System32\WS2_32.dll
0x00007ffb91f70000 - 0x00007ffb91f9a000 	C:\WINDOWS\SYSTEM32\winmmbase.dll
0x00007ffb95060000 - 0x00007ffb950aa000 	C:\WINDOWS\System32\cfgmgr32.dll
0x0000000056f20000 - 0x0000000056f2f000 	C:\Program Files\Java\jre1.8.0_144\bin\verify.dll
0x0000000056ef0000 - 0x0000000056f19000 	C:\Program Files\Java\jre1.8.0_144\bin\java.dll
0x0000000056ed0000 - 0x0000000056ee6000 	C:\Program Files\Java\jre1.8.0_144\bin\zip.dll
0x00007ffb96c30000 - 0x00007ffb98066000 	C:\WINDOWS\System32\SHELL32.dll
0x00007ffb95f80000 - 0x00007ffb96026000 	C:\WINDOWS\System32\shcore.dll
0x00007ffb946a0000 - 0x00007ffb94de7000 	C:\WINDOWS\System32\windows.storage.dll
0x00007ffb95720000 - 0x00007ffb95771000 	C:\WINDOWS\System32\shlwapi.dll
0x00007ffb94560000 - 0x00007ffb94571000 	C:\WINDOWS\System32\kernel.appcore.dll
0x00007ffb945a0000 - 0x00007ffb945ec000 	C:\WINDOWS\System32\powrprof.dll
0x00007ffb94540000 - 0x00007ffb9455b000 	C:\WINDOWS\System32\profapi.dll
0x0000000180000000 - 0x0000000180017000 	C:\Users\chris\OneDrive\NetworkSecurity\Project1\PacketParser\SimplePacketDriver_x64.dll
0x0000000004900000 - 0x0000000004965000 	C:\WINDOWS\SYSTEM32\wpcap.dll
0x000000001b730000 - 0x000000001b74e000 	C:\WINDOWS\SYSTEM32\packet.dll
0x00007ffb93b60000 - 0x00007ffb93b99000 	C:\WINDOWS\SYSTEM32\iphlpapi.dll
0x00007ffb95f50000 - 0x00007ffb95f58000 	C:\WINDOWS\System32\NSI.dll
0x00007ffb8a2e0000 - 0x00007ffb8a2f6000 	C:\WINDOWS\SYSTEM32\dhcpcsvc6.DLL
0x00007ffb8a540000 - 0x00007ffb8a55a000 	C:\WINDOWS\SYSTEM32\dhcpcsvc.DLL
0x00007ffb92ff0000 - 0x00007ffb931b8000 	C:\WINDOWS\SYSTEM32\dbghelp.dll

VM Arguments:
java_command: Main -t arp -o ARPReplies.txt
java_class_path (initial): .;commons-cli-1.4.jar
Launcher Type: SUN_STANDARD

Environment Variables:
PATH=C:\Program Files (x86)\Intel\iCLS Client\;C:\ProgramData\Oracle\Java\javapath;C:\Python27\Lib\site-packages\PyQt4;C:\Program Files\Intel\iCLS Client\;C:\WINDOWS\system32;C:\WINDOWS;C:\WINDOWS\System32\Wbem;C:\WINDOWS\System32\WindowsPowerShell\v1.0\;C:\Python27;C:\Python27\Lib\site-packages;C:\Python27\Scripts;C:\Qt\5.7\mingw53_32\bin;C:\Program Files (x86)\PuTTY\;C:\Users\chris\Documents\ManualScripts;C:\HashiCorp\Vagrant\bin;C:\Program Files (x86)\Gpg4win\..\GnuPG\bin;C:\Program Files\Git\cmd;C:\Strawberry\c\bin;C:\Strawberry\perl\site\bin;C:\Strawberry\perl\bin;C:\Program Files\MiKTeX 2.9\miktex\bin\x64\;C:\Program Files\Git LFS;C:\Program Files\Java\jdk1.8.0_144\bin;C:\Program Files\Intel\WiFi\bin\;C:\Program Files\Common Files\Intel\WirelessCommon\;C:\Program Files (x86)\Intel\Intel(R) Management Engine Components\DAL;C:\Program Files\Intel\Intel(R) Management Engine Components\DAL;C:\Program Files (x86)\Intel\Intel(R) Management Engine Components\IPT;C:\Program Files\Intel\Intel(R) Management Engine Components\IPT;C:\Users\chris\AppData\Local\Microsoft\WindowsApps;C:\Program Files\Microsoft VS Code\bin;C:\texlive\2017\bin\win32;C:\Strawberry\perl\bin;C:\Users\chris\Documents\FabianChanges\latexmk-455\latexmk;C:\Users\chris\AppData\Local\atom\bin;C:\Users\chris\Documents\FabianChanges\BinaryNinja-demo.exe;C:\Program Files (x86)\Nmap;C:\Users\chris\AppData\Local\Keybase\
USERNAME=chris
OS=Windows_NT
PROCESSOR_IDENTIFIER=Intel64 Family 6 Model 78 Stepping 3, GenuineIntel



---------------  S Y S T E M  ---------------

OS: Windows 10.0 , 64 bit Build 16299 (10.0.16299.15)

CPU:total 4 (initial active 4) (2 cores per cpu, 2 threads per core) family 6 model 78 stepping 3, cmov, cx8, fxsr, mmx, sse, sse2, sse3, ssse3, sse4.1, sse4.2, popcnt, avx, avx2, aes, clmul, erms, rtm, 3dnowpref, lzcnt, ht, tsc, tscinvbit, bmi1, bmi2, adx

Memory: 4k page, physical 8276896k(3535636k free), swap 15952740k(3660832k free)

vm_info: Java HotSpot(TM) 64-Bit Server VM (25.144-b01) for windows-amd64 JRE (1.8.0_144-b01), built on Jul 21 2017 21:57:33 by "java_re" with MS VC++ 10.0 (VS2010)

time: Fri Feb 23 10:09:59 2018
elapsed time: 493 seconds (0d 0h 8m 13s)

