#
# A fatal error has been detected by the Java Runtime Environment:
#
#  SIGSEGV (0xb) at pc=0x00007f0381bc6134, pid=3612, tid=0x00007f03a7ed5700
#
# JRE version: OpenJDK Runtime Environment (8.0_151-b12) (build 1.8.0_151-8u151-b12-0ubuntu0.16.04.2-b12)
# Java VM: OpenJDK 64-Bit Server VM (25.151-b12 mixed mode linux-amd64 compressed oops)
# Problematic frame:
# C  [libpcap.so.0.8+0xf134]  pcap_next+0x4
#
# Failed to write core dump. Core dumps have been disabled. To enable core dumping, try "ulimit -c unlimited" before starting Java again
#
# If you would like to submit a bug report, please visit:
#   http://bugreport.java.com/bugreport/crash.jsp
# The crash happened outside the Java Virtual Machine in native code.
# See problematic frame for where to report the bug.
#

---------------  T H R E A D  ---------------

Current thread (0x00007f03a0009800):  JavaThread "main" [_thread_in_native, id=3613, stack(0x00007f03a7dd5000,0x00007f03a7ed6000)]

siginfo: si_signo: 11 (SIGSEGV), si_code: 1 (SEGV_MAPERR), si_addr: 0x0000000000000260

Registers:
RAX=0x0000000000000000, RBX=0x00007f0383c05548, RCX=0x00007f03a77f22dd, RDX=0x00007f03a7ed4790
RSP=0x00007f03a7ed4730, RBP=0x00007f03a7ed47b0, RSI=0x00007f03a7ed4790, RDI=0x0000000000000000
R8 =0x00007f03a00000b8, R9 =0x0000000000000000, R10=0x0000000000000077, R11=0x00007f0381bc6130
R12=0x0000000000000000, R13=0x00007f0383c05548, R14=0x00007f03a7ed4830, R15=0x00007f03a0009800
RIP=0x00007f0381bc6134, EFLAGS=0x0000000000010206, CSGSFS=0x002b000000000033, ERR=0x0000000000000004
  TRAPNO=0x000000000000000e

Top of Stack: (sp=0x00007f03a7ed4730)
0x00007f03a7ed4730:   0000000000000000 00007f03a7ac0620
0x00007f03a7ed4740:   00007f03820135b8 00007f03a776a7fa
0x00007f03a7ed4750:   00007f0383c05548 00007f03a01682f0
0x00007f03a7ed4760:   0000000000000002 00007f03820130b5
0x00007f03a7ed4770:   00007f03a7ed4830 00007f03a00099e0
0x00007f03a7ed4780:   00007f03a7ed47b0 00007f0383c05548
0x00007f03a7ed4790:   0000000000000000 00007f0383c05548
0x00007f03a7ed47a0:   00007f03a7ed4810 00007f0391017612
0x00007f03a7ed47b0:   00007f03a7ed4810 00007f0391017774
0x00007f03a7ed47c0:   0000000600000001 00007f03910174c2
0x00007f03a7ed47d0:   00007f03a7ed47d0 00007f0383c05548
0x00007f03a7ed47e0:   00007f03a7ed4830 00007f0383c05dc0
0x00007f03a7ed47f0:   0000000000000000 00007f0383c05548
0x00007f03a7ed4800:   0000000000000000 00007f03a7ed4830
0x00007f03a7ed4810:   00007f03a7ed4878 00007f0391007d80
0x00007f03a7ed4820:   0000000000000000 00007f039101127b
0x00007f03a7ed4830:   00000000d7089c98 00007f03a7ed4838
0x00007f03a7ed4840:   00007f0383c03a2d 00007f03a7ed48c8
0x00007f03a7ed4850:   00007f0383c03e38 0000000000000000
0x00007f03a7ed4860:   00007f0383c03b38 00007f03a7ed4830
0x00007f03a7ed4870:   00007f03a7ed48c8 00007f03a7ed4910
0x00007f03a7ed4880:   00007f0391007d80 0000000000000000
0x00007f03a7ed4890:   0000000000000000 0000000000000000
0x00007f03a7ed48a0:   0000000000000000 0000000000000000
0x00007f03a7ed48b0:   0000000000000000 0000000000000000
0x00007f03a7ed48c0:   0000000000000000 00000000d7084ee8
0x00007f03a7ed48d0:   00007f03a7ed48d0 00007f0383c03616
0x00007f03a7ed48e0:   00007f03a7ed49b8 00007f0383c03e38
0x00007f03a7ed48f0:   0000000000000000 00007f0383c03878
0x00007f03a7ed4900:   00007f03a7ed48c8 00007f03a7ed49b8
0x00007f03a7ed4910:   00007f03a7ed4a00 00007f0391007ffd
0x00007f03a7ed4920:   0000000000000000 0000000000000000 

Instructions: (pc=0x00007f0381bc6134)
0x00007f0381bc6114:   e0 90 66 2e 0f 1f 84 00 00 00 00 00 eb ee 0f 1f
0x00007f0381bc6124:   40 00 66 2e 0f 1f 84 00 00 00 00 00 48 83 ec 38
0x00007f0381bc6134:   48 8b 97 60 02 00 00 64 48 8b 04 25 28 00 00 00
0x00007f0381bc6144:   48 89 44 24 28 31 c0 48 8d 4c 24 10 48 8d 44 24 

Register to memory mapping:

RAX=0x0000000000000000 is an unknown value
RBX={method} {0x00007f0383c05548} 'readPacket' '()[B' in 'SimplePacketDriver'
RCX=0x00007f03a77f22dd: __write+0x2d in /lib/x86_64-linux-gnu/libc.so.6 at 0x00007f03a76fb000
RDX=0x00007f03a7ed4790 is pointing into the stack for thread: 0x00007f03a0009800
RSP=0x00007f03a7ed4730 is pointing into the stack for thread: 0x00007f03a0009800
RBP=0x00007f03a7ed47b0 is pointing into the stack for thread: 0x00007f03a0009800
RSI=0x00007f03a7ed4790 is pointing into the stack for thread: 0x00007f03a0009800
RDI=0x0000000000000000 is an unknown value
R8 =0x00007f03a00000b8 is an unknown value
R9 =0x0000000000000000 is an unknown value
R10=0x0000000000000077 is an unknown value
R11=0x00007f0381bc6130: pcap_next+0 in /usr/lib/x86_64-linux-gnu/libpcap.so.0.8 at 0x00007f0381bb7000
R12=0x0000000000000000 is an unknown value
R13={method} {0x00007f0383c05548} 'readPacket' '()[B' in 'SimplePacketDriver'
R14=0x00007f03a7ed4830 is pointing into the stack for thread: 0x00007f03a0009800
R15=0x00007f03a0009800 is a thread


Stack: [0x00007f03a7dd5000,0x00007f03a7ed6000],  sp=0x00007f03a7ed4730,  free space=1021k
Native frames: (J=compiled Java code, j=interpreted, Vv=VM code, C=native code)
C  [libpcap.so.0.8+0xf134]  pcap_next+0x4
j  SimplePacketDriver.readPacket()[B+0
j  OptionHandler.getPacket()[B+13
j  OptionHandler.runOptions()V+862
j  Main.main([Ljava/lang/String;)V+18
v  ~StubRoutines::call_stub
V  [libjvm.so+0x66287b]
V  [libjvm.so+0x68452e]
V  [libjvm.so+0x686e5f]
C  [libjli.so+0x3552]
C  [libjli.so+0x73dd]
C  [libpthread.so.0+0x76ba]  start_thread+0xca

Java frames: (J=compiled Java code, j=interpreted, Vv=VM code)
j  SimplePacketDriver.readPacket()[B+0
j  OptionHandler.getPacket()[B+13
j  OptionHandler.runOptions()V+862
j  Main.main([Ljava/lang/String;)V+18
v  ~StubRoutines::call_stub

---------------  P R O C E S S  ---------------

Java Threads: ( => current thread )
  0x00007f03a00c1800 JavaThread "Service Thread" daemon [_thread_blocked, id=3625, stack(0x00007f0382316000,0x00007f0382417000)]
  0x00007f03a00b2000 JavaThread "C1 CompilerThread2" daemon [_thread_blocked, id=3624, stack(0x00007f0382417000,0x00007f0382518000)]
  0x00007f03a00b0800 JavaThread "C2 CompilerThread1" daemon [_thread_blocked, id=3623, stack(0x00007f0382518000,0x00007f0382619000)]
  0x00007f03a00ad800 JavaThread "C2 CompilerThread0" daemon [_thread_blocked, id=3622, stack(0x00007f0382619000,0x00007f038271a000)]
  0x00007f03a00ab800 JavaThread "Signal Dispatcher" daemon [_thread_blocked, id=3621, stack(0x00007f038271a000,0x00007f038281b000)]
  0x00007f03a0083800 JavaThread "Finalizer" daemon [_thread_blocked, id=3620, stack(0x00007f0382af3000,0x00007f0382bf4000)]
  0x00007f03a007f000 JavaThread "Reference Handler" daemon [_thread_blocked, id=3619, stack(0x00007f0382bf4000,0x00007f0382cf5000)]
=>0x00007f03a0009800 JavaThread "main" [_thread_in_native, id=3613, stack(0x00007f03a7dd5000,0x00007f03a7ed6000)]

Other Threads:
  0x00007f03a0077000 VMThread [stack: 0x00007f0382cf5000,0x00007f0382df6000] [id=3618]
  0x00007f03a00c4000 WatcherThread [stack: 0x00007f0382215000,0x00007f0382316000] [id=3626]

VM state:not at safepoint (normal execution)

VM Mutex/Monitor currently owned by a thread: None

Heap:
 PSYoungGen      total 36864K, used 1910K [0x00000000d7000000, 0x00000000d9900000, 0x0000000100000000)
  eden space 31744K, 6% used [0x00000000d7000000,0x00000000d71dd9a0,0x00000000d8f00000)
  from space 5120K, 0% used [0x00000000d9400000,0x00000000d9400000,0x00000000d9900000)
  to   space 5120K, 0% used [0x00000000d8f00000,0x00000000d8f00000,0x00000000d9400000)
 ParOldGen       total 84992K, used 0K [0x0000000085000000, 0x000000008a300000, 0x00000000d7000000)
  object space 84992K, 0% used [0x0000000085000000,0x0000000085000000,0x000000008a300000)
 Metaspace       used 3627K, capacity 4656K, committed 4864K, reserved 1056768K
  class space    used 400K, capacity 428K, committed 512K, reserved 1048576K

Card table byte_map: [0x00007f03a40b7000,0x00007f03a4490000] byte_map_base: 0x00007f03a3c8f000

Marking Bits: (ParMarkBitMap*) 0x00007f03a70a32c0
 Begin Bits: [0x00007f0388280000, 0x00007f038a140000)
 End Bits:   [0x00007f038a140000, 0x00007f038c000000)

Polling page: 0x00007f03a7ef7000

CodeCache: size=245760Kb used=1245Kb max_used=1256Kb free=244514Kb
 bounds [0x00007f0391000000, 0x00007f0391270000, 0x00007f03a0000000]
 total_blobs=331 nmethods=90 adapters=156
 compilation: enabled

Compilation events (10 events):
Event: 0.128 Thread 0x00007f03a00b2000 nmethod 89 0x00007f0391136210 code [0x00007f0391136380, 0x00007f0391136510]
Event: 0.128 Thread 0x00007f03a00b2000   86       3       java.util.regex.Pattern::next (33 bytes)
Event: 0.129 Thread 0x00007f03a00b2000 nmethod 86 0x00007f0391136590 code [0x00007f0391136720, 0x00007f03911369c8]
Event: 0.129 Thread 0x00007f03a00b2000   87       3       java.lang.Character::isBmpCodePoint (13 bytes)
Event: 0.129 Thread 0x00007f03a00b2000 nmethod 87 0x00007f0391136b10 code [0x00007f0391136c80, 0x00007f0391136e10]
Event: 0.129 Thread 0x00007f03a00b2000   88       1       java.util.regex.Pattern::flags (5 bytes)
Event: 0.129 Thread 0x00007f03a00b2000 nmethod 88 0x00007f0391136e90 code [0x00007f0391136fe0, 0x00007f03911370f0]
Event: 0.130 Thread 0x00007f03a00b0800 nmethod 84 0x00007f0391139f10 code [0x00007f039113a060, 0x00007f039113a1f8]
Event: 2.407 Thread 0x00007f03a00b2000   90       1       java.nio.Buffer::position (5 bytes)
Event: 2.408 Thread 0x00007f03a00b2000 nmethod 90 0x00007f0391139c50 code [0x00007f0391139da0, 0x00007f0391139eb0]

GC Heap History (0 events):
No events

Deoptimization events (0 events):
No events

Internal exceptions (8 events):
Event: 0.051 Thread 0x00007f03a0009800 Exception <a 'java/lang/NoSuchMethodError': Method sun.misc.Unsafe.defineClass(Ljava/lang/String;[BII)Ljava/lang/Class; name or signature does not match> (0x00000000d7007ca8) thrown at [/build/openjdk-8-W2Qe27/openjdk-8-8u151-b12/src/hotspot/src/share/vm/
Event: 0.051 Thread 0x00007f03a0009800 Exception <a 'java/lang/NoSuchMethodError': Method sun.misc.Unsafe.prefetchRead(Ljava/lang/Object;J)V name or signature does not match> (0x00000000d7007f90) thrown at [/build/openjdk-8-W2Qe27/openjdk-8-8u151-b12/src/hotspot/src/share/vm/prims/jni.cpp, lin
Event: 0.119 Thread 0x00007f03a0009800 Exception <a 'java/security/PrivilegedActionException'> (0x00000000d71a27a8) thrown at [/build/openjdk-8-W2Qe27/openjdk-8-8u151-b12/src/hotspot/src/share/vm/prims/jvm.cpp, line 1390]
Event: 0.119 Thread 0x00007f03a0009800 Exception <a 'java/security/PrivilegedActionException'> (0x00000000d71a2ba0) thrown at [/build/openjdk-8-W2Qe27/openjdk-8-8u151-b12/src/hotspot/src/share/vm/prims/jvm.cpp, line 1390]
Event: 0.120 Thread 0x00007f03a0009800 Exception <a 'java/security/PrivilegedActionException'> (0x00000000d71a4e10) thrown at [/build/openjdk-8-W2Qe27/openjdk-8-8u151-b12/src/hotspot/src/share/vm/prims/jvm.cpp, line 1390]
Event: 0.120 Thread 0x00007f03a0009800 Exception <a 'java/security/PrivilegedActionException'> (0x00000000d71a5208) thrown at [/build/openjdk-8-W2Qe27/openjdk-8-8u151-b12/src/hotspot/src/share/vm/prims/jvm.cpp, line 1390]
Event: 0.120 Thread 0x00007f03a0009800 Exception <a 'java/security/PrivilegedActionException'> (0x00000000d71a5ec8) thrown at [/build/openjdk-8-W2Qe27/openjdk-8-8u151-b12/src/hotspot/src/share/vm/prims/jvm.cpp, line 1390]
Event: 0.120 Thread 0x00007f03a0009800 Exception <a 'java/security/PrivilegedActionException'> (0x00000000d71a62c0) thrown at [/build/openjdk-8-W2Qe27/openjdk-8-8u151-b12/src/hotspot/src/share/vm/prims/jvm.cpp, line 1390]

Events (10 events):
Event: 0.126 loading class java/math/RoundingMode
Event: 0.126 loading class java/math/RoundingMode done
Event: 0.127 loading class java/util/regex/Pattern$GroupTail
Event: 0.127 loading class java/util/regex/Pattern$GroupTail done
Event: 0.127 loading class java/util/regex/Pattern$Ques
Event: 0.127 loading class java/util/regex/Pattern$Ques done
Event: 0.128 loading class java/util/regex/Pattern$Loop
Event: 0.128 loading class java/util/regex/Pattern$Loop done
Event: 0.128 loading class java/util/regex/Pattern$Prolog
Event: 0.128 loading class java/util/regex/Pattern$Prolog done


Dynamic libraries:
00400000-00401000 r-xp 00000000 08:05 8533564                            /usr/lib/jvm/java-8-openjdk-amd64/jre/bin/java
00600000-00601000 r--p 00000000 08:05 8533564                            /usr/lib/jvm/java-8-openjdk-amd64/jre/bin/java
00601000-00602000 rw-p 00001000 08:05 8533564                            /usr/lib/jvm/java-8-openjdk-amd64/jre/bin/java
00b52000-00b73000 rw-p 00000000 00:00 0                                  [heap]
85000000-8a300000 rw-p 00000000 00:00 0 
8a300000-d7000000 ---p 00000000 00:00 0 
d7000000-d9900000 rw-p 00000000 00:00 0 
d9900000-100000000 ---p 00000000 00:00 0 
100000000-100080000 rw-p 00000000 00:00 0 
100080000-140000000 ---p 00000000 00:00 0 
7f0354000000-7f0354021000 rw-p 00000000 00:00 0 
7f0354021000-7f0358000000 ---p 00000000 00:00 0 
7f0358000000-7f0358021000 rw-p 00000000 00:00 0 
7f0358021000-7f035c000000 ---p 00000000 00:00 0 
7f035c000000-7f035c021000 rw-p 00000000 00:00 0 
7f035c021000-7f0360000000 ---p 00000000 00:00 0 
7f0360000000-7f03600e5000 rw-p 00000000 00:00 0 
7f03600e5000-7f0364000000 ---p 00000000 00:00 0 
7f0364000000-7f0364021000 rw-p 00000000 00:00 0 
7f0364021000-7f0368000000 ---p 00000000 00:00 0 
7f0368000000-7f0368046000 rw-p 00000000 00:00 0 
7f0368046000-7f036c000000 ---p 00000000 00:00 0 
7f036c000000-7f036c021000 rw-p 00000000 00:00 0 
7f036c021000-7f0370000000 ---p 00000000 00:00 0 
7f0370000000-7f0370021000 rw-p 00000000 00:00 0 
7f0370021000-7f0374000000 ---p 00000000 00:00 0 
7f0374000000-7f0374021000 rw-p 00000000 00:00 0 
7f0374021000-7f0378000000 ---p 00000000 00:00 0 
7f0378000000-7f0378021000 rw-p 00000000 00:00 0 
7f0378021000-7f037c000000 ---p 00000000 00:00 0 
7f037c000000-7f037c021000 rw-p 00000000 00:00 0 
7f037c021000-7f0380000000 ---p 00000000 00:00 0 
7f0381bb7000-7f0381bf5000 r-xp 00000000 08:05 5252117                    /usr/lib/x86_64-linux-gnu/libpcap.so.1.7.4
7f0381bf5000-7f0381df5000 ---p 0003e000 08:05 5252117                    /usr/lib/x86_64-linux-gnu/libpcap.so.1.7.4
7f0381df5000-7f0381df7000 r--p 0003e000 08:05 5252117                    /usr/lib/x86_64-linux-gnu/libpcap.so.1.7.4
7f0381df7000-7f0381df8000 rw-p 00040000 08:05 5252117                    /usr/lib/x86_64-linux-gnu/libpcap.so.1.7.4
7f0381df8000-7f0381df9000 rw-p 00000000 00:00 0 
7f0381df9000-7f0381e0f000 r-xp 00000000 08:05 5249511                    /usr/lib/x86_64-linux-gnu/libnet.so.1.7.0
7f0381e0f000-7f038200e000 ---p 00016000 08:05 5249511                    /usr/lib/x86_64-linux-gnu/libnet.so.1.7.0
7f038200e000-7f038200f000 r--p 00015000 08:05 5249511                    /usr/lib/x86_64-linux-gnu/libnet.so.1.7.0
7f038200f000-7f0382010000 rw-p 00016000 08:05 5249511                    /usr/lib/x86_64-linux-gnu/libnet.so.1.7.0
7f0382010000-7f0382012000 rw-p 00000000 00:00 0 
7f0382012000-7f0382014000 r-xp 00000000 08:05 5249935                    /usr/lib/x86_64-linux-gnu/libsimplepacketdriver_x64.so
7f0382014000-7f0382213000 ---p 00002000 08:05 5249935                    /usr/lib/x86_64-linux-gnu/libsimplepacketdriver_x64.so
7f0382213000-7f0382214000 r--p 00001000 08:05 5249935                    /usr/lib/x86_64-linux-gnu/libsimplepacketdriver_x64.so
7f0382214000-7f0382215000 rw-p 00002000 08:05 5249935                    /usr/lib/x86_64-linux-gnu/libsimplepacketdriver_x64.so
7f0382215000-7f0382216000 ---p 00000000 00:00 0 
7f0382216000-7f0382316000 rw-p 00000000 00:00 0 
7f0382316000-7f0382319000 ---p 00000000 00:00 0 
7f0382319000-7f0382417000 rw-p 00000000 00:00 0 
7f0382417000-7f038241a000 ---p 00000000 00:00 0 
7f038241a000-7f0382518000 rw-p 00000000 00:00 0 
7f0382518000-7f038251b000 ---p 00000000 00:00 0 
7f038251b000-7f0382619000 rw-p 00000000 00:00 0 
7f0382619000-7f038261c000 ---p 00000000 00:00 0 
7f038261c000-7f038271a000 rw-p 00000000 00:00 0 
7f038271a000-7f038271d000 ---p 00000000 00:00 0 
7f038271d000-7f038281b000 rw-p 00000000 00:00 0 
7f038281b000-7f0382af3000 r--p 00000000 08:05 5242947                    /usr/lib/locale/locale-archive
7f0382af3000-7f0382af6000 ---p 00000000 00:00 0 
7f0382af6000-7f0382bf4000 rw-p 00000000 00:00 0 
7f0382bf4000-7f0382bf7000 ---p 00000000 00:00 0 
7f0382bf7000-7f0382cf5000 rw-p 00000000 00:00 0 
7f0382cf5000-7f0382cf6000 ---p 00000000 00:00 0 
7f0382cf6000-7f0383c40000 rw-p 00000000 00:00 0 
7f0383c40000-7f0384000000 ---p 00000000 00:00 0 
7f0384000000-7f0384021000 rw-p 00000000 00:00 0 
7f0384021000-7f0388000000 ---p 00000000 00:00 0 
7f0388063000-7f038807e000 r--s 001d6000 08:05 8262874                    /usr/lib/jvm/java-8-openjdk-amd64/jre/lib/ext/nashorn.jar
7f038807e000-7f038c000000 rw-p 00000000 00:00 0 
7f038c000000-7f038c021000 rw-p 00000000 00:00 0 
7f038c021000-7f0390000000 ---p 00000000 00:00 0 
7f0390011000-7f03903c5000 rw-p 00000000 00:00 0 
7f03903c5000-7f0390594000 r--s 03c21000 08:05 8130606                    /usr/lib/jvm/java-8-openjdk-amd64/jre/lib/rt.jar
7f0390594000-7f039096c000 rw-p 00000000 00:00 0 
7f039096c000-7f039096d000 ---p 00000000 00:00 0 
7f039096d000-7f0390a6d000 rw-p 00000000 00:00 0 
7f0390a6d000-7f0390a6e000 ---p 00000000 00:00 0 
7f0390a6e000-7f0390b6e000 rw-p 00000000 00:00 0 
7f0390b6e000-7f0390b6f000 ---p 00000000 00:00 0 
7f0390b6f000-7f0390c6f000 rw-p 00000000 00:00 0 
7f0390c6f000-7f0390c70000 ---p 00000000 00:00 0 
7f0390c70000-7f0390d9a000 rw-p 00000000 00:00 0 
7f0390d9a000-7f0391000000 ---p 00000000 00:00 0 
7f0391000000-7f0391270000 rwxp 00000000 00:00 0 
7f0391270000-7f03a0000000 ---p 00000000 00:00 0 
7f03a0000000-7f03a0231000 rw-p 00000000 00:00 0 
7f03a0231000-7f03a4000000 ---p 00000000 00:00 0 
7f03a4005000-7f03a4020000 r--s 00394000 08:05 8262872                    /usr/lib/jvm/java-8-openjdk-amd64/jre/lib/ext/cldrdata.jar
7f03a4020000-7f03a40e1000 rw-p 00000000 00:00 0 
7f03a40e1000-7f03a4347000 ---p 00000000 00:00 0 
7f03a4347000-7f03a435c000 rw-p 00000000 00:00 0 
7f03a435c000-7f03a448f000 ---p 00000000 00:00 0 
7f03a448f000-7f03a449a000 rw-p 00000000 00:00 0 
7f03a449a000-7f03a4850000 ---p 00000000 00:00 0 
7f03a4850000-7f03a4858000 r-xp 00000000 08:05 8533544                    /usr/lib/jvm/java-8-openjdk-amd64/jre/lib/amd64/libzip.so
7f03a4858000-7f03a4a57000 ---p 00008000 08:05 8533544                    /usr/lib/jvm/java-8-openjdk-amd64/jre/lib/amd64/libzip.so
7f03a4a57000-7f03a4a58000 r--p 00007000 08:05 8533544                    /usr/lib/jvm/java-8-openjdk-amd64/jre/lib/amd64/libzip.so
7f03a4a58000-7f03a4a59000 rw-p 00008000 08:05 8533544                    /usr/lib/jvm/java-8-openjdk-amd64/jre/lib/amd64/libzip.so
7f03a4a59000-7f03a4a64000 r-xp 00000000 08:05 1835182                    /lib/x86_64-linux-gnu/libnss_files-2.23.so
7f03a4a64000-7f03a4c63000 ---p 0000b000 08:05 1835182                    /lib/x86_64-linux-gnu/libnss_files-2.23.so
7f03a4c63000-7f03a4c64000 r--p 0000a000 08:05 1835182                    /lib/x86_64-linux-gnu/libnss_files-2.23.so
7f03a4c64000-7f03a4c65000 rw-p 0000b000 08:05 1835182                    /lib/x86_64-linux-gnu/libnss_files-2.23.so
7f03a4c65000-7f03a4c6b000 rw-p 00000000 00:00 0 
7f03a4c6b000-7f03a4c76000 r-xp 00000000 08:05 1835186                    /lib/x86_64-linux-gnu/libnss_nis-2.23.so
7f03a4c76000-7f03a4e75000 ---p 0000b000 08:05 1835186                    /lib/x86_64-linux-gnu/libnss_nis-2.23.so
7f03a4e75000-7f03a4e76000 r--p 0000a000 08:05 1835186                    /lib/x86_64-linux-gnu/libnss_nis-2.23.so
7f03a4e76000-7f03a4e77000 rw-p 0000b000 08:05 1835186                    /lib/x86_64-linux-gnu/libnss_nis-2.23.so
7f03a4e77000-7f03a4e8d000 r-xp 00000000 08:05 1835025                    /lib/x86_64-linux-gnu/libnsl-2.23.so
7f03a4e8d000-7f03a508c000 ---p 00016000 08:05 1835025                    /lib/x86_64-linux-gnu/libnsl-2.23.so
7f03a508c000-7f03a508d000 r--p 00015000 08:05 1835025                    /lib/x86_64-linux-gnu/libnsl-2.23.so
7f03a508d000-7f03a508e000 rw-p 00016000 08:05 1835025                    /lib/x86_64-linux-gnu/libnsl-2.23.so
7f03a508e000-7f03a5090000 rw-p 00000000 00:00 0 
7f03a5090000-7f03a5098000 r-xp 00000000 08:05 1835177                    /lib/x86_64-linux-gnu/libnss_compat-2.23.so
7f03a5098000-7f03a5297000 ---p 00008000 08:05 1835177                    /lib/x86_64-linux-gnu/libnss_compat-2.23.so
7f03a5297000-7f03a5298000 r--p 00007000 08:05 1835177                    /lib/x86_64-linux-gnu/libnss_compat-2.23.so
7f03a5298000-7f03a5299000 rw-p 00008000 08:05 1835177                    /lib/x86_64-linux-gnu/libnss_compat-2.23.so
7f03a5299000-7f03a52c6000 r-xp 00000000 08:05 8533527                    /usr/lib/jvm/java-8-openjdk-amd64/jre/lib/amd64/libjava.so
7f03a52c6000-7f03a54c5000 ---p 0002d000 08:05 8533527                    /usr/lib/jvm/java-8-openjdk-amd64/jre/lib/amd64/libjava.so
7f03a54c5000-7f03a54c6000 r--p 0002c000 08:05 8533527                    /usr/lib/jvm/java-8-openjdk-amd64/jre/lib/amd64/libjava.so
7f03a54c6000-7f03a54c8000 rw-p 0002d000 08:05 8533527                    /usr/lib/jvm/java-8-openjdk-amd64/jre/lib/amd64/libjava.so
7f03a54c8000-7f03a54d7000 r-xp 00000000 08:05 8533542                    /usr/lib/jvm/java-8-openjdk-amd64/jre/lib/amd64/libverify.so
7f03a54d7000-7f03a56d6000 ---p 0000f000 08:05 8533542                    /usr/lib/jvm/java-8-openjdk-amd64/jre/lib/amd64/libverify.so
7f03a56d6000-7f03a56d8000 r--p 0000e000 08:05 8533542                    /usr/lib/jvm/java-8-openjdk-amd64/jre/lib/amd64/libverify.so
7f03a56d8000-7f03a56d9000 rw-p 00010000 08:05 8533542                    /usr/lib/jvm/java-8-openjdk-amd64/jre/lib/amd64/libverify.so
7f03a56d9000-7f03a56e0000 r-xp 00000000 08:05 1835187                    /lib/x86_64-linux-gnu/librt-2.23.so
7f03a56e0000-7f03a58df000 ---p 00007000 08:05 1835187                    /lib/x86_64-linux-gnu/librt-2.23.so
7f03a58df000-7f03a58e0000 r--p 00006000 08:05 1835187                    /lib/x86_64-linux-gnu/librt-2.23.so
7f03a58e0000-7f03a58e1000 rw-p 00007000 08:05 1835187                    /lib/x86_64-linux-gnu/librt-2.23.so
7f03a58e1000-7f03a58f7000 r-xp 00000000 08:05 1839627                    /lib/x86_64-linux-gnu/libgcc_s.so.1
7f03a58f7000-7f03a5af6000 ---p 00016000 08:05 1839627                    /lib/x86_64-linux-gnu/libgcc_s.so.1
7f03a5af6000-7f03a5af7000 rw-p 00015000 08:05 1839627                    /lib/x86_64-linux-gnu/libgcc_s.so.1
7f03a5af7000-7f03a5bff000 r-xp 00000000 08:05 1835022                    /lib/x86_64-linux-gnu/libm-2.23.so
7f03a5bff000-7f03a5dfe000 ---p 00108000 08:05 1835022                    /lib/x86_64-linux-gnu/libm-2.23.so
7f03a5dfe000-7f03a5dff000 r--p 00107000 08:05 1835022                    /lib/x86_64-linux-gnu/libm-2.23.so
7f03a5dff000-7f03a5e00000 rw-p 00108000 08:05 1835022                    /lib/x86_64-linux-gnu/libm-2.23.so
7f03a5e00000-7f03a5f72000 r-xp 00000000 08:05 5244930                    /usr/lib/x86_64-linux-gnu/libstdc++.so.6.0.21
7f03a5f72000-7f03a6172000 ---p 00172000 08:05 5244930                    /usr/lib/x86_64-linux-gnu/libstdc++.so.6.0.21
7f03a6172000-7f03a617c000 r--p 00172000 08:05 5244930                    /usr/lib/x86_64-linux-gnu/libstdc++.so.6.0.21
7f03a617c000-7f03a617e000 rw-p 0017c000 08:05 5244930                    /usr/lib/x86_64-linux-gnu/libstdc++.so.6.0.21
7f03a617e000-7f03a6182000 rw-p 00000000 00:00 0 
7f03a6182000-7f03a6dd4000 r-xp 00000000 08:05 8533537                    /usr/lib/jvm/java-8-openjdk-amd64/jre/lib/amd64/server/libjvm.so
7f03a6dd4000-7f03a6fd4000 ---p 00c52000 08:05 8533537                    /usr/lib/jvm/java-8-openjdk-amd64/jre/lib/amd64/server/libjvm.so
7f03a6fd4000-7f03a7067000 r--p 00c52000 08:05 8533537                    /usr/lib/jvm/java-8-openjdk-amd64/jre/lib/amd64/server/libjvm.so
7f03a7067000-7f03a7090000 rw-p 00ce5000 08:05 8533537                    /usr/lib/jvm/java-8-openjdk-amd64/jre/lib/amd64/server/libjvm.so
7f03a7090000-7f03a70c0000 rw-p 00000000 00:00 0 
7f03a70c0000-7f03a70d8000 r-xp 00000000 08:05 1835092                    /lib/x86_64-linux-gnu/libpthread-2.23.so
7f03a70d8000-7f03a72d7000 ---p 00018000 08:05 1835092                    /lib/x86_64-linux-gnu/libpthread-2.23.so
7f03a72d7000-7f03a72d8000 r--p 00017000 08:05 1835092                    /lib/x86_64-linux-gnu/libpthread-2.23.so
7f03a72d8000-7f03a72d9000 rw-p 00018000 08:05 1835092                    /lib/x86_64-linux-gnu/libpthread-2.23.so
7f03a72d9000-7f03a72dd000 rw-p 00000000 00:00 0 
7f03a72dd000-7f03a72e0000 r-xp 00000000 08:05 1835099                    /lib/x86_64-linux-gnu/libdl-2.23.so
7f03a72e0000-7f03a74df000 ---p 00003000 08:05 1835099                    /lib/x86_64-linux-gnu/libdl-2.23.so
7f03a74df000-7f03a74e0000 r--p 00002000 08:05 1835099                    /lib/x86_64-linux-gnu/libdl-2.23.so
7f03a74e0000-7f03a74e1000 rw-p 00003000 08:05 1835099                    /lib/x86_64-linux-gnu/libdl-2.23.so
7f03a74e1000-7f03a74fa000 r-xp 00000000 08:05 1839561                    /lib/x86_64-linux-gnu/libz.so.1.2.8
7f03a74fa000-7f03a76f9000 ---p 00019000 08:05 1839561                    /lib/x86_64-linux-gnu/libz.so.1.2.8
7f03a76f9000-7f03a76fa000 r--p 00018000 08:05 1839561                    /lib/x86_64-linux-gnu/libz.so.1.2.8
7f03a76fa000-7f03a76fb000 rw-p 00019000 08:05 1839561                    /lib/x86_64-linux-gnu/libz.so.1.2.8
7f03a76fb000-7f03a78bb000 r-xp 00000000 08:05 1835096                    /lib/x86_64-linux-gnu/libc-2.23.so
7f03a78bb000-7f03a7abb000 ---p 001c0000 08:05 1835096                    /lib/x86_64-linux-gnu/libc-2.23.so
7f03a7abb000-7f03a7abf000 r--p 001c0000 08:05 1835096                    /lib/x86_64-linux-gnu/libc-2.23.so
7f03a7abf000-7f03a7ac1000 rw-p 001c4000 08:05 1835096                    /lib/x86_64-linux-gnu/libc-2.23.so
7f03a7ac1000-7f03a7ac5000 rw-p 00000000 00:00 0 
7f03a7ac5000-7f03a7ad2000 r-xp 00000000 08:05 8533540                    /usr/lib/jvm/java-8-openjdk-amd64/jre/lib/amd64/jli/libjli.so
7f03a7ad2000-7f03a7cd2000 ---p 0000d000 08:05 8533540                    /usr/lib/jvm/java-8-openjdk-amd64/jre/lib/amd64/jli/libjli.so
7f03a7cd2000-7f03a7cd3000 r--p 0000d000 08:05 8533540                    /usr/lib/jvm/java-8-openjdk-amd64/jre/lib/amd64/jli/libjli.so
7f03a7cd3000-7f03a7cd4000 rw-p 0000e000 08:05 8533540                    /usr/lib/jvm/java-8-openjdk-amd64/jre/lib/amd64/jli/libjli.so
7f03a7cd4000-7f03a7cfa000 r-xp 00000000 08:05 1835037                    /lib/x86_64-linux-gnu/ld-2.23.so
7f03a7cfe000-7f03a7d00000 r--s 0000c000 08:05 6951373                    /home/chris/Desktop/NetworkSecurity/Project1/PacketParser/commons-cli-1.4.jar
7f03a7d00000-7f03a7d0a000 r--s 00116000 08:05 8262877                    /usr/lib/jvm/java-8-openjdk-amd64/jre/lib/ext/localedata.jar
7f03a7d0a000-7f03a7dd5000 rw-p 00000000 00:00 0 
7f03a7dd5000-7f03a7dd8000 ---p 00000000 00:00 0 
7f03a7dd8000-7f03a7eda000 rw-p 00000000 00:00 0 
7f03a7edb000-7f03a7edd000 r--s 00008000 08:05 8262876                    /usr/lib/jvm/java-8-openjdk-amd64/jre/lib/ext/sunec.jar
7f03a7edd000-7f03a7edf000 r--s 00001000 08:05 8262880                    /usr/lib/jvm/java-8-openjdk-amd64/jre/lib/ext/dnsns.jar
7f03a7edf000-7f03a7ee0000 r--s 0000a000 08:05 8262879                    /usr/lib/jvm/java-8-openjdk-amd64/jre/lib/ext/jaccess.jar
7f03a7ee0000-7f03a7ee3000 r--s 0000f000 08:05 8261925                    /usr/lib/jvm/java-8-openjdk-amd64/jre/lib/ext/icedtea-sound.jar
7f03a7ee3000-7f03a7ee7000 r--s 00037000 08:05 8262878                    /usr/lib/jvm/java-8-openjdk-amd64/jre/lib/ext/sunpkcs11.jar
7f03a7ee7000-7f03a7ee8000 r--s 00010000 08:05 8262873                    /usr/lib/jvm/java-8-openjdk-amd64/jre/lib/ext/zipfs.jar
7f03a7ee8000-7f03a7eee000 r--s 0003a000 08:05 8262875                    /usr/lib/jvm/java-8-openjdk-amd64/jre/lib/ext/sunjce_provider.jar
7f03a7eee000-7f03a7ef6000 rw-s 00000000 08:05 659569                     /tmp/hsperfdata_chris/3612
7f03a7ef6000-7f03a7ef7000 rw-p 00000000 00:00 0 
7f03a7ef7000-7f03a7ef8000 r--p 00000000 00:00 0 
7f03a7ef8000-7f03a7ef9000 rw-p 00000000 00:00 0 
7f03a7ef9000-7f03a7efa000 r--p 00025000 08:05 1835037                    /lib/x86_64-linux-gnu/ld-2.23.so
7f03a7efa000-7f03a7efb000 rw-p 00026000 08:05 1835037                    /lib/x86_64-linux-gnu/ld-2.23.so
7f03a7efb000-7f03a7efc000 rw-p 00000000 00:00 0 
7ffca8828000-7ffca8849000 rw-p 00000000 00:00 0                          [stack]
7ffca89b4000-7ffca89b7000 r--p 00000000 00:00 0                          [vvar]
7ffca89b7000-7ffca89b9000 r-xp 00000000 00:00 0                          [vdso]
ffffffffff600000-ffffffffff601000 r-xp 00000000 00:00 0                  [vsyscall]

VM Arguments:
java_command: Main
java_class_path (initial): .:commons-cli-1.4.jar
Launcher Type: SUN_STANDARD

Environment Variables:
PATH=/home/chris/bin:/home/chris/.local/bin:/usr/local/sbin:/usr/local/bin:/usr/sbin:/usr/bin:/sbin:/bin:/usr/games:/usr/local/games:~/opt/gradle/gradle-4.0/bin:/snap/bin
SHELL=/bin/bash
DISPLAY=:0

Signal Handlers:
SIGSEGV: [libjvm.so+0xa69040], sa_mask[0]=11111111011111111101111111111110, sa_flags=SA_RESTART|SA_SIGINFO
SIGBUS: [libjvm.so+0xa69040], sa_mask[0]=11111111011111111101111111111110, sa_flags=SA_RESTART|SA_SIGINFO
SIGFPE: [libjvm.so+0x8b2170], sa_mask[0]=11111111011111111101111111111110, sa_flags=SA_RESTART|SA_SIGINFO
SIGPIPE: [libjvm.so+0x8b2170], sa_mask[0]=11111111011111111101111111111110, sa_flags=SA_RESTART|SA_SIGINFO
SIGXFSZ: [libjvm.so+0x8b2170], sa_mask[0]=11111111011111111101111111111110, sa_flags=SA_RESTART|SA_SIGINFO
SIGILL: [libjvm.so+0x8b2170], sa_mask[0]=11111111011111111101111111111110, sa_flags=SA_RESTART|SA_SIGINFO
SIGUSR1: SIG_DFL, sa_mask[0]=00000000000000000000000000000000, sa_flags=none
SIGUSR2: [libjvm.so+0x8b2020], sa_mask[0]=00000000000000000000000000000000, sa_flags=SA_RESTART|SA_SIGINFO
SIGHUP: [libjvm.so+0x8b24f0], sa_mask[0]=11111111011111111101111111111110, sa_flags=SA_RESTART|SA_SIGINFO
SIGINT: [libjvm.so+0x8b24f0], sa_mask[0]=11111111011111111101111111111110, sa_flags=SA_RESTART|SA_SIGINFO
SIGTERM: [libjvm.so+0x8b24f0], sa_mask[0]=11111111011111111101111111111110, sa_flags=SA_RESTART|SA_SIGINFO
SIGQUIT: [libjvm.so+0x8b24f0], sa_mask[0]=11111111011111111101111111111110, sa_flags=SA_RESTART|SA_SIGINFO


---------------  S Y S T E M  ---------------

OS:DISTRIB_ID=Ubuntu
DISTRIB_RELEASE=16.04
DISTRIB_CODENAME=xenial
DISTRIB_DESCRIPTION="Ubuntu 16.04.3 LTS"

uname:Linux 4.13.0-32-generic #35~16.04.1-Ubuntu SMP Thu Jan 25 10:13:43 UTC 2018 x86_64
libc:glibc 2.23 NPTL 2.23 
rlimit: STACK 8192k, CORE 0k, NPROC 31061, NOFILE 1048576, AS infinity
load average:1.46 1.56 0.82

/proc/meminfo:
MemTotal:        8057372 kB
MemFree:         5463792 kB
MemAvailable:    6467704 kB
Buffers:          111072 kB
Cached:          1347484 kB
SwapCached:            0 kB
Active:          1425636 kB
Inactive:         962744 kB
Active(anon):     932964 kB
Inactive(anon):   259664 kB
Active(file):     492672 kB
Inactive(file):   703080 kB
Unevictable:          32 kB
Mlocked:              32 kB
SwapTotal:       8276988 kB
SwapFree:        8276988 kB
Dirty:              1688 kB
Writeback:             0 kB
AnonPages:        929892 kB
Mapped:           396976 kB
Shmem:            262808 kB
Slab:             103904 kB
SReclaimable:      64944 kB
SUnreclaim:        38960 kB
KernelStack:        9616 kB
PageTables:        34152 kB
NFS_Unstable:          0 kB
Bounce:                0 kB
WritebackTmp:          0 kB
CommitLimit:    12305672 kB
Committed_AS:    5679220 kB
VmallocTotal:   34359738367 kB
VmallocUsed:           0 kB
VmallocChunk:          0 kB
HardwareCorrupted:     0 kB
AnonHugePages:         0 kB
ShmemHugePages:        0 kB
ShmemPmdMapped:        0 kB
CmaTotal:              0 kB
CmaFree:               0 kB
HugePages_Total:       0
HugePages_Free:        0
HugePages_Rsvd:        0
HugePages_Surp:        0
Hugepagesize:       2048 kB
DirectMap4k:      120208 kB
DirectMap2M:     6060032 kB
DirectMap1G:     2097152 kB


CPU:total 4 (initial active 4) (2 cores per cpu, 2 threads per core) family 6 model 78 stepping 3, cmov, cx8, fxsr, mmx, sse, sse2, sse3, ssse3, sse4.1, sse4.2, popcnt, avx, avx2, aes, clmul, erms, rtm, 3dnowpref, lzcnt, ht, tsc, tscinvbit, bmi1, bmi2, adx

/proc/cpuinfo:
processor	: 0
vendor_id	: GenuineIntel
cpu family	: 6
model		: 78
model name	: Intel(R) Core(TM) i3-6100U CPU @ 2.30GHz
stepping	: 3
microcode	: 0x7c
cpu MHz		: 2300.000
cache size	: 3072 KB
physical id	: 0
siblings	: 4
core id		: 0
cpu cores	: 2
apicid		: 0
initial apicid	: 0
fpu		: yes
fpu_exception	: yes
cpuid level	: 22
wp		: yes
flags		: fpu vme de pse tsc msr pae mce cx8 apic sep mtrr pge mca cmov pat pse36 clflush dts acpi mmx fxsr sse sse2 ss ht tm pbe syscall nx pdpe1gb rdtscp lm constant_tsc art arch_perfmon pebs bts rep_good nopl xtopology nonstop_tsc cpuid aperfmperf tsc_known_freq pni pclmulqdq dtes64 monitor ds_cpl vmx est tm2 ssse3 sdbg fma cx16 xtpr pdcm pcid sse4_1 sse4_2 x2apic movbe popcnt aes xsave avx f16c rdrand lahf_lm abm 3dnowprefetch cpuid_fault epb invpcid_single pti intel_pt tpr_shadow vnmi flexpriority ept vpid fsgsbase tsc_adjust bmi1 hle avx2 smep bmi2 erms invpcid rtm mpx rdseed adx smap clflushopt xsaveopt xsavec xgetbv1 xsaves dtherm ida arat pln pts hwp hwp_notify hwp_act_window hwp_epp
bugs		: cpu_meltdown spectre_v1 spectre_v2
bogomips	: 4608.00
clflush size	: 64
cache_alignment	: 64
address sizes	: 39 bits physical, 48 bits virtual
power management:

processor	: 1
vendor_id	: GenuineIntel
cpu family	: 6
model		: 78
model name	: Intel(R) Core(TM) i3-6100U CPU @ 2.30GHz
stepping	: 3
microcode	: 0x7c
cpu MHz		: 2300.000
cache size	: 3072 KB
physical id	: 0
siblings	: 4
core id		: 1
cpu cores	: 2
apicid		: 2
initial apicid	: 2
fpu		: yes
fpu_exception	: yes
cpuid level	: 22
wp		: yes
flags		: fpu vme de pse tsc msr pae mce cx8 apic sep mtrr pge mca cmov pat pse36 clflush dts acpi mmx fxsr sse sse2 ss ht tm pbe syscall nx pdpe1gb rdtscp lm constant_tsc art arch_perfmon pebs bts rep_good nopl xtopology nonstop_tsc cpuid aperfmperf tsc_known_freq pni pclmulqdq dtes64 monitor ds_cpl vmx est tm2 ssse3 sdbg fma cx16 xtpr pdcm pcid sse4_1 sse4_2 x2apic movbe popcnt aes xsave avx f16c rdrand lahf_lm abm 3dnowprefetch cpuid_fault epb invpcid_single pti intel_pt tpr_shadow vnmi flexpriority ept vpid fsgsbase tsc_adjust bmi1 hle avx2 smep bmi2 erms invpcid rtm mpx rdseed adx smap clflushopt xsaveopt xsavec xgetbv1 xsaves dtherm ida arat pln pts hwp hwp_notify hwp_act_window hwp_epp
bugs		: cpu_meltdown spectre_v1 spectre_v2
bogomips	: 4608.00
clflush size	: 64
cache_alignment	: 64
address sizes	: 39 bits physical, 48 bits virtual
power management:

processor	: 2
vendor_id	: GenuineIntel
cpu family	: 6
model		: 78
model name	: Intel(R) Core(TM) i3-6100U CPU @ 2.30GHz
stepping	: 3
microcode	: 0x7c
cpu MHz		: 2300.000
cache size	: 3072 KB
physical id	: 0
siblings	: 4
core id		: 0
cpu cores	: 2
apicid		: 1
initial apicid	: 1
fpu		: yes
fpu_exception	: yes
cpuid level	: 22
wp		: yes
flags		: fpu vme de pse tsc msr pae mce cx8 apic sep mtrr pge mca cmov pat pse36 clflush dts acpi mmx fxsr sse sse2 ss ht tm pbe syscall nx pdpe1gb rdtscp lm constant_tsc art arch_perfmon pebs bts rep_good nopl xtopology nonstop_tsc cpuid aperfmperf tsc_known_freq pni pclmulqdq dtes64 monitor ds_cpl vmx est tm2 ssse3 sdbg fma cx16 xtpr pdcm pcid sse4_1 sse4_2 x2apic movbe popcnt aes xsave avx f16c rdrand lahf_lm abm 3dnowprefetch cpuid_fault epb invpcid_single pti intel_pt tpr_shadow vnmi flexpriority ept vpid fsgsbase tsc_adjust bmi1 hle avx2 smep bmi2 erms invpcid rtm mpx rdseed adx smap clflushopt xsaveopt xsavec xgetbv1 xsaves dtherm ida arat pln pts hwp hwp_notify hwp_act_window hwp_epp
bugs		: cpu_meltdown spectre_v1 spectre_v2
bogomips	: 4608.00
clflush size	: 64
cache_alignment	: 64
address sizes	: 39 bits physical, 48 bits virtual
power management:

processor	: 3
vendor_id	: GenuineIntel
cpu family	: 6
model		: 78
model name	: Intel(R) Core(TM) i3-6100U CPU @ 2.30GHz
stepping	: 3
microcode	: 0x7c
cpu MHz		: 2300.000
cache size	: 3072 KB
physical id	: 0
siblings	: 4
core id		: 1
cpu cores	: 2
apicid		: 3
initial apicid	: 3
fpu		: yes
fpu_exception	: yes
cpuid level	: 22
wp		: yes
flags		: fpu vme de pse tsc msr pae mce cx8 apic sep mtrr pge mca cmov pat pse36 clflush dts acpi mmx fxsr sse sse2 ss ht tm pbe syscall nx pdpe1gb rdtscp lm constant_tsc art arch_perfmon pebs bts rep_good nopl xtopology nonstop_tsc cpuid aperfmperf tsc_known_freq pni pclmulqdq dtes64 monitor ds_cpl vmx est tm2 ssse3 sdbg fma cx16 xtpr pdcm pcid sse4_1 sse4_2 x2apic movbe popcnt aes xsave avx f16c rdrand lahf_lm abm 3dnowprefetch cpuid_fault epb invpcid_single pti intel_pt tpr_shadow vnmi flexpriority ept vpid fsgsbase tsc_adjust bmi1 hle avx2 smep bmi2 erms invpcid rtm mpx rdseed adx smap clflushopt xsaveopt xsavec xgetbv1 xsaves dtherm ida arat pln pts hwp hwp_notify hwp_act_window hwp_epp
bugs		: cpu_meltdown spectre_v1 spectre_v2
bogomips	: 4608.00
clflush size	: 64
cache_alignment	: 64
address sizes	: 39 bits physical, 48 bits virtual
power management:



Memory: 4k page, physical 8057372k(5463792k free), swap 8276988k(8276988k free)

vm_info: OpenJDK 64-Bit Server VM (25.151-b12) for linux-amd64 JRE (1.8.0_151-8u151-b12-0ubuntu0.16.04.2-b12), built on Oct 27 2017 21:59:02 by "buildd" with gcc 5.4.0 20160609

time: Fri Feb 23 10:25:35 2018
elapsed time: 2 seconds (0d 0h 0m 2s)

