#
# A fatal error has been detected by the Java Runtime Environment:
#
#  SIGSEGV (0xb) at pc=0x00007fd0108ee134, pid=3879, tid=0x00007fd02ae3b700
#
# JRE version: OpenJDK Runtime Environment (8.0_151-b12) (build 1.8.0_151-8u151-b12-0ubuntu0.16.04.2-b12)
# Java VM: OpenJDK 64-Bit Server VM (25.151-b12 mixed mode linux-amd64 compressed oops)
# Problematic frame:
# C  [libpcap.so.0.8+0xf134]  pcap_next+0x4
#
# Failed to write core dump. Core dumps have been disabled. To enable core dumping, try "ulimit -c unlimited" before starting Java again
#
# If you would like to submit a bug report, please visit:
#   http://bugreport.java.com/bugreport/crash.jsp
# The crash happened outside the Java Virtual Machine in native code.
# See problematic frame for where to report the bug.
#

---------------  T H R E A D  ---------------

Current thread (0x00007fd024009800):  JavaThread "main" [_thread_in_native, id=3880, stack(0x00007fd02ad3b000,0x00007fd02ae3c000)]

siginfo: si_signo: 11 (SIGSEGV), si_code: 1 (SEGV_MAPERR), si_addr: 0x0000000000000260

Registers:
RAX=0x0000000000000000, RBX=0x00007fd0130b8548, RCX=0x00007fd02a7582dd, RDX=0x00007fd02ae3a790
RSP=0x00007fd02ae3a730, RBP=0x00007fd02ae3a7b0, RSI=0x00007fd02ae3a790, RDI=0x0000000000000000
R8 =0x00007fd0240000b8, R9 =0x0000000000000000, R10=0x0000000000000077, R11=0x00007fd0108ee130
R12=0x0000000000000000, R13=0x00007fd0130b8548, R14=0x00007fd02ae3a830, R15=0x00007fd024009800
RIP=0x00007fd0108ee134, EFLAGS=0x0000000000010206, CSGSFS=0x002b000000000033, ERR=0x0000000000000004
  TRAPNO=0x000000000000000e

Top of Stack: (sp=0x00007fd02ae3a730)
0x00007fd02ae3a730:   0000000000000000 00007fd02aa26620
0x00007fd02ae3a740:   00007fd010d595b8 00007fd02a6d07fa
0x00007fd02ae3a750:   00007fd0130b8548 00007fd024150390
0x00007fd02ae3a760:   0000000000000002 00007fd010d590b5
0x00007fd02ae3a770:   00007fd02ae3a830 00007fd0240099e0
0x00007fd02ae3a780:   00007fd02ae3a7b0 00007fd0130b8548
0x00007fd02ae3a790:   0000000000000000 00007fd0130b8548
0x00007fd02ae3a7a0:   00007fd02ae3a810 00007fd0145ce612
0x00007fd02ae3a7b0:   00007fd02ae3a810 00007fd0145ce774
0x00007fd02ae3a7c0:   0000000600000001 00007fd0145ce4c2
0x00007fd02ae3a7d0:   00007fd02ae3a7d0 00007fd0130b8548
0x00007fd02ae3a7e0:   00007fd02ae3a830 00007fd0130b8dc0
0x00007fd02ae3a7f0:   0000000000000000 00007fd0130b8548
0x00007fd02ae3a800:   0000000000000000 00007fd02ae3a830
0x00007fd02ae3a810:   00007fd02ae3a878 00007fd0145bed80
0x00007fd02ae3a820:   0000000000000000 00007fd0145c827b
0x00007fd02ae3a830:   00000000d7089c98 00007fd02ae3a838
0x00007fd02ae3a840:   00007fd0130b6a2d 00007fd02ae3a8c8
0x00007fd02ae3a850:   00007fd0130b6e38 0000000000000000
0x00007fd02ae3a860:   00007fd0130b6b38 00007fd02ae3a830
0x00007fd02ae3a870:   00007fd02ae3a8c8 00007fd02ae3a910
0x00007fd02ae3a880:   00007fd0145bed80 0000000000000000
0x00007fd02ae3a890:   0000000000000000 0000000000000000
0x00007fd02ae3a8a0:   0000000000000000 0000000000000000
0x00007fd02ae3a8b0:   0000000000000000 0000000000000000
0x00007fd02ae3a8c0:   0000000000000000 00000000d7084ee8
0x00007fd02ae3a8d0:   00007fd02ae3a8d0 00007fd0130b6616
0x00007fd02ae3a8e0:   00007fd02ae3a9b8 00007fd0130b6e38
0x00007fd02ae3a8f0:   0000000000000000 00007fd0130b6878
0x00007fd02ae3a900:   00007fd02ae3a8c8 00007fd02ae3a9b8
0x00007fd02ae3a910:   00007fd02ae3aa00 00007fd0145beffd
0x00007fd02ae3a920:   0000000000000000 0000000000000000 

Instructions: (pc=0x00007fd0108ee134)
0x00007fd0108ee114:   e0 90 66 2e 0f 1f 84 00 00 00 00 00 eb ee 0f 1f
0x00007fd0108ee124:   40 00 66 2e 0f 1f 84 00 00 00 00 00 48 83 ec 38
0x00007fd0108ee134:   48 8b 97 60 02 00 00 64 48 8b 04 25 28 00 00 00
0x00007fd0108ee144:   48 89 44 24 28 31 c0 48 8d 4c 24 10 48 8d 44 24 

Register to memory mapping:

RAX=0x0000000000000000 is an unknown value
RBX={method} {0x00007fd0130b8548} 'readPacket' '()[B' in 'SimplePacketDriver'
RCX=0x00007fd02a7582dd: __write+0x2d in /lib/x86_64-linux-gnu/libc.so.6 at 0x00007fd02a661000
RDX=0x00007fd02ae3a790 is pointing into the stack for thread: 0x00007fd024009800
RSP=0x00007fd02ae3a730 is pointing into the stack for thread: 0x00007fd024009800
RBP=0x00007fd02ae3a7b0 is pointing into the stack for thread: 0x00007fd024009800
RSI=0x00007fd02ae3a790 is pointing into the stack for thread: 0x00007fd024009800
RDI=0x0000000000000000 is an unknown value
R8 =0x00007fd0240000b8 is an unknown value
R9 =0x0000000000000000 is an unknown value
R10=0x0000000000000077 is an unknown value
R11=0x00007fd0108ee130: pcap_next+0 in /usr/lib/x86_64-linux-gnu/libpcap.so.0.8 at 0x00007fd0108df000
R12=0x0000000000000000 is an unknown value
R13={method} {0x00007fd0130b8548} 'readPacket' '()[B' in 'SimplePacketDriver'
R14=0x00007fd02ae3a830 is pointing into the stack for thread: 0x00007fd024009800
R15=0x00007fd024009800 is a thread


Stack: [0x00007fd02ad3b000,0x00007fd02ae3c000],  sp=0x00007fd02ae3a730,  free space=1021k
Native frames: (J=compiled Java code, j=interpreted, Vv=VM code, C=native code)
C  [libpcap.so.0.8+0xf134]  pcap_next+0x4
j  SimplePacketDriver.readPacket()[B+0
j  OptionHandler.getPacket()[B+13
j  OptionHandler.runOptions()V+862
j  Main.main([Ljava/lang/String;)V+18
v  ~StubRoutines::call_stub
V  [libjvm.so+0x66287b]
V  [libjvm.so+0x68452e]
V  [libjvm.so+0x686e5f]
C  [libjli.so+0x3552]
C  [libjli.so+0x73dd]
C  [libpthread.so.0+0x76ba]  start_thread+0xca

Java frames: (J=compiled Java code, j=interpreted, Vv=VM code)
j  SimplePacketDriver.readPacket()[B+0
j  OptionHandler.getPacket()[B+13
j  OptionHandler.runOptions()V+862
j  Main.main([Ljava/lang/String;)V+18
v  ~StubRoutines::call_stub

---------------  P R O C E S S  ---------------

Java Threads: ( => current thread )
  0x00007fd0240c1800 JavaThread "Service Thread" daemon [_thread_blocked, id=3892, stack(0x00007fd011092000,0x00007fd011193000)]
  0x00007fd0240b2000 JavaThread "C1 CompilerThread2" daemon [_thread_blocked, id=3891, stack(0x00007fd011193000,0x00007fd011294000)]
  0x00007fd0240b0800 JavaThread "C2 CompilerThread1" daemon [_thread_blocked, id=3890, stack(0x00007fd011294000,0x00007fd011395000)]
  0x00007fd0240ad800 JavaThread "C2 CompilerThread0" daemon [_thread_blocked, id=3889, stack(0x00007fd011395000,0x00007fd011496000)]
  0x00007fd0240ab800 JavaThread "Signal Dispatcher" daemon [_thread_blocked, id=3888, stack(0x00007fd011496000,0x00007fd011597000)]
  0x00007fd024083800 JavaThread "Finalizer" daemon [_thread_blocked, id=3887, stack(0x00007fd01186f000,0x00007fd011970000)]
  0x00007fd02407f000 JavaThread "Reference Handler" daemon [_thread_blocked, id=3886, stack(0x00007fd011970000,0x00007fd011a71000)]
=>0x00007fd024009800 JavaThread "main" [_thread_in_native, id=3880, stack(0x00007fd02ad3b000,0x00007fd02ae3c000)]

Other Threads:
  0x00007fd024077000 VMThread [stack: 0x00007fd011a71000,0x00007fd011b72000] [id=3885]
  0x00007fd0240c4000 WatcherThread [stack: 0x00007fd010f91000,0x00007fd011092000] [id=3893]

VM state:not at safepoint (normal execution)

VM Mutex/Monitor currently owned by a thread: None

Heap:
 PSYoungGen      total 36864K, used 1910K [0x00000000d7000000, 0x00000000d9900000, 0x0000000100000000)
  eden space 31744K, 6% used [0x00000000d7000000,0x00000000d71dd9a0,0x00000000d8f00000)
  from space 5120K, 0% used [0x00000000d9400000,0x00000000d9400000,0x00000000d9900000)
  to   space 5120K, 0% used [0x00000000d8f00000,0x00000000d8f00000,0x00000000d9400000)
 ParOldGen       total 84992K, used 0K [0x0000000085000000, 0x000000008a300000, 0x00000000d7000000)
  object space 84992K, 0% used [0x0000000085000000,0x0000000085000000,0x000000008a300000)
 Metaspace       used 3627K, capacity 4656K, committed 4864K, reserved 1056768K
  class space    used 400K, capacity 428K, committed 512K, reserved 1048576K

Card table byte_map: [0x00007fd013e1e000,0x00007fd0141f7000] byte_map_base: 0x00007fd0139f6000

Marking Bits: (ParMarkBitMap*) 0x00007fd02a0092c0
 Begin Bits: [0x00007fd008280000, 0x00007fd00a140000)
 End Bits:   [0x00007fd00a140000, 0x00007fd00c000000)

Polling page: 0x00007fd02ae5d000

CodeCache: size=245760Kb used=1245Kb max_used=1256Kb free=244514Kb
 bounds [0x00007fd0145b7000, 0x00007fd014827000, 0x00007fd0235b7000]
 total_blobs=330 nmethods=89 adapters=156
 compilation: enabled

Compilation events (10 events):
Event: 0.100 Thread 0x00007fd0240b2000 nmethod 85 0x00007fd0146ed0d0 code [0x00007fd0146ed260, 0x00007fd0146ed508]
Event: 0.100 Thread 0x00007fd0240b2000   86       3       java.lang.Character::isBmpCodePoint (13 bytes)
Event: 0.100 Thread 0x00007fd0240b2000 nmethod 86 0x00007fd0146ed650 code [0x00007fd0146ed7c0, 0x00007fd0146ed950]
Event: 0.100 Thread 0x00007fd0240b2000   88       3       java.util.regex.ASCII::isAscii (13 bytes)
Event: 0.101 Thread 0x00007fd0240b2000 nmethod 88 0x00007fd0146ed9d0 code [0x00007fd0146edb40, 0x00007fd0146edcd0]
Event: 0.101 Thread 0x00007fd0240b2000   87       1       java.util.regex.Pattern::flags (5 bytes)
Event: 0.101 Thread 0x00007fd0240b2000 nmethod 87 0x00007fd0146edd50 code [0x00007fd0146edea0, 0x00007fd0146edfb0]
Event: 0.102 Thread 0x00007fd0240ad800 nmethod 83 0x00007fd0146f0dd0 code [0x00007fd0146f0f20, 0x00007fd0146f10b8]
Event: 1.798 Thread 0x00007fd0240b2000   89       1       java.nio.Buffer::position (5 bytes)
Event: 1.799 Thread 0x00007fd0240b2000 nmethod 89 0x00007fd0146f0b10 code [0x00007fd0146f0c60, 0x00007fd0146f0d70]

GC Heap History (0 events):
No events

Deoptimization events (0 events):
No events

Internal exceptions (8 events):
Event: 0.022 Thread 0x00007fd024009800 Exception <a 'java/lang/NoSuchMethodError': Method sun.misc.Unsafe.defineClass(Ljava/lang/String;[BII)Ljava/lang/Class; name or signature does not match> (0x00000000d7007ca8) thrown at [/build/openjdk-8-W2Qe27/openjdk-8-8u151-b12/src/hotspot/src/share/vm/
Event: 0.022 Thread 0x00007fd024009800 Exception <a 'java/lang/NoSuchMethodError': Method sun.misc.Unsafe.prefetchRead(Ljava/lang/Object;J)V name or signature does not match> (0x00000000d7007f90) thrown at [/build/openjdk-8-W2Qe27/openjdk-8-8u151-b12/src/hotspot/src/share/vm/prims/jni.cpp, lin
Event: 0.091 Thread 0x00007fd024009800 Exception <a 'java/security/PrivilegedActionException'> (0x00000000d71a27a8) thrown at [/build/openjdk-8-W2Qe27/openjdk-8-8u151-b12/src/hotspot/src/share/vm/prims/jvm.cpp, line 1390]
Event: 0.091 Thread 0x00007fd024009800 Exception <a 'java/security/PrivilegedActionException'> (0x00000000d71a2ba0) thrown at [/build/openjdk-8-W2Qe27/openjdk-8-8u151-b12/src/hotspot/src/share/vm/prims/jvm.cpp, line 1390]
Event: 0.092 Thread 0x00007fd024009800 Exception <a 'java/security/PrivilegedActionException'> (0x00000000d71a4e10) thrown at [/build/openjdk-8-W2Qe27/openjdk-8-8u151-b12/src/hotspot/src/share/vm/prims/jvm.cpp, line 1390]
Event: 0.092 Thread 0x00007fd024009800 Exception <a 'java/security/PrivilegedActionException'> (0x00000000d71a5208) thrown at [/build/openjdk-8-W2Qe27/openjdk-8-8u151-b12/src/hotspot/src/share/vm/prims/jvm.cpp, line 1390]
Event: 0.092 Thread 0x00007fd024009800 Exception <a 'java/security/PrivilegedActionException'> (0x00000000d71a5ec8) thrown at [/build/openjdk-8-W2Qe27/openjdk-8-8u151-b12/src/hotspot/src/share/vm/prims/jvm.cpp, line 1390]
Event: 0.092 Thread 0x00007fd024009800 Exception <a 'java/security/PrivilegedActionException'> (0x00000000d71a62c0) thrown at [/build/openjdk-8-W2Qe27/openjdk-8-8u151-b12/src/hotspot/src/share/vm/prims/jvm.cpp, line 1390]

Events (10 events):
Event: 0.098 loading class java/math/RoundingMode
Event: 0.098 loading class java/math/RoundingMode done
Event: 0.099 loading class java/util/regex/Pattern$GroupTail
Event: 0.099 loading class java/util/regex/Pattern$GroupTail done
Event: 0.099 loading class java/util/regex/Pattern$Ques
Event: 0.099 loading class java/util/regex/Pattern$Ques done
Event: 0.100 loading class java/util/regex/Pattern$Loop
Event: 0.100 loading class java/util/regex/Pattern$Loop done
Event: 0.100 loading class java/util/regex/Pattern$Prolog
Event: 0.100 loading class java/util/regex/Pattern$Prolog done


Dynamic libraries:
00400000-00401000 r-xp 00000000 08:05 8533564                            /usr/lib/jvm/java-8-openjdk-amd64/jre/bin/java
00600000-00601000 r--p 00000000 08:05 8533564                            /usr/lib/jvm/java-8-openjdk-amd64/jre/bin/java
00601000-00602000 rw-p 00001000 08:05 8533564                            /usr/lib/jvm/java-8-openjdk-amd64/jre/bin/java
011f7000-01218000 rw-p 00000000 00:00 0                                  [heap]
85000000-8a300000 rw-p 00000000 00:00 0 
8a300000-d7000000 ---p 00000000 00:00 0 
d7000000-d9900000 rw-p 00000000 00:00 0 
d9900000-100000000 ---p 00000000 00:00 0 
100000000-100080000 rw-p 00000000 00:00 0 
100080000-140000000 ---p 00000000 00:00 0 
7fcfd4000000-7fcfd4021000 rw-p 00000000 00:00 0 
7fcfd4021000-7fcfd8000000 ---p 00000000 00:00 0 
7fcfd8000000-7fcfd8021000 rw-p 00000000 00:00 0 
7fcfd8021000-7fcfdc000000 ---p 00000000 00:00 0 
7fcfdc000000-7fcfdc021000 rw-p 00000000 00:00 0 
7fcfdc021000-7fcfe0000000 ---p 00000000 00:00 0 
7fcfe0000000-7fcfe00fd000 rw-p 00000000 00:00 0 
7fcfe00fd000-7fcfe4000000 ---p 00000000 00:00 0 
7fcfe4000000-7fcfe4021000 rw-p 00000000 00:00 0 
7fcfe4021000-7fcfe8000000 ---p 00000000 00:00 0 
7fcfe8000000-7fcfe803e000 rw-p 00000000 00:00 0 
7fcfe803e000-7fcfec000000 ---p 00000000 00:00 0 
7fcfec000000-7fcfec021000 rw-p 00000000 00:00 0 
7fcfec021000-7fcff0000000 ---p 00000000 00:00 0 
7fcff0000000-7fcff0021000 rw-p 00000000 00:00 0 
7fcff0021000-7fcff4000000 ---p 00000000 00:00 0 
7fcff4000000-7fcff4021000 rw-p 00000000 00:00 0 
7fcff4021000-7fcff8000000 ---p 00000000 00:00 0 
7fcff8000000-7fcff8021000 rw-p 00000000 00:00 0 
7fcff8021000-7fcffc000000 ---p 00000000 00:00 0 
7fcffc000000-7fcffc021000 rw-p 00000000 00:00 0 
7fcffc021000-7fd000000000 ---p 00000000 00:00 0 
7fd004000000-7fd004021000 rw-p 00000000 00:00 0 
7fd004021000-7fd008000000 ---p 00000000 00:00 0 
7fd008280000-7fd00c000000 rw-p 00000000 00:00 0 
7fd00c000000-7fd00c021000 rw-p 00000000 00:00 0 
7fd00c021000-7fd010000000 ---p 00000000 00:00 0 
7fd0108df000-7fd01091d000 r-xp 00000000 08:05 5252117                    /usr/lib/x86_64-linux-gnu/libpcap.so.1.7.4
7fd01091d000-7fd010b1d000 ---p 0003e000 08:05 5252117                    /usr/lib/x86_64-linux-gnu/libpcap.so.1.7.4
7fd010b1d000-7fd010b1f000 r--p 0003e000 08:05 5252117                    /usr/lib/x86_64-linux-gnu/libpcap.so.1.7.4
7fd010b1f000-7fd010b20000 rw-p 00040000 08:05 5252117                    /usr/lib/x86_64-linux-gnu/libpcap.so.1.7.4
7fd010b20000-7fd010b21000 rw-p 00000000 00:00 0 
7fd010b21000-7fd010b37000 r-xp 00000000 08:05 5249511                    /usr/lib/x86_64-linux-gnu/libnet.so.1.7.0
7fd010b37000-7fd010d36000 ---p 00016000 08:05 5249511                    /usr/lib/x86_64-linux-gnu/libnet.so.1.7.0
7fd010d36000-7fd010d37000 r--p 00015000 08:05 5249511                    /usr/lib/x86_64-linux-gnu/libnet.so.1.7.0
7fd010d37000-7fd010d38000 rw-p 00016000 08:05 5249511                    /usr/lib/x86_64-linux-gnu/libnet.so.1.7.0
7fd010d38000-7fd010d3a000 rw-p 00000000 00:00 0 
7fd010d58000-7fd010d5a000 r-xp 00000000 08:05 5249935                    /usr/lib/x86_64-linux-gnu/libsimplepacketdriver_x64.so
7fd010d5a000-7fd010f59000 ---p 00002000 08:05 5249935                    /usr/lib/x86_64-linux-gnu/libsimplepacketdriver_x64.so
7fd010f59000-7fd010f5a000 r--p 00001000 08:05 5249935                    /usr/lib/x86_64-linux-gnu/libsimplepacketdriver_x64.so
7fd010f5a000-7fd010f5b000 rw-p 00002000 08:05 5249935                    /usr/lib/x86_64-linux-gnu/libsimplepacketdriver_x64.so
7fd010f5b000-7fd010f76000 r--s 001d6000 08:05 8262874                    /usr/lib/jvm/java-8-openjdk-amd64/jre/lib/ext/nashorn.jar
7fd010f76000-7fd010f91000 r--s 00394000 08:05 8262872                    /usr/lib/jvm/java-8-openjdk-amd64/jre/lib/ext/cldrdata.jar
7fd010f91000-7fd010f92000 ---p 00000000 00:00 0 
7fd010f92000-7fd011092000 rw-p 00000000 00:00 0 
7fd011092000-7fd011095000 ---p 00000000 00:00 0 
7fd011095000-7fd011193000 rw-p 00000000 00:00 0 
7fd011193000-7fd011196000 ---p 00000000 00:00 0 
7fd011196000-7fd011294000 rw-p 00000000 00:00 0 
7fd011294000-7fd011297000 ---p 00000000 00:00 0 
7fd011297000-7fd011395000 rw-p 00000000 00:00 0 
7fd011395000-7fd011398000 ---p 00000000 00:00 0 
7fd011398000-7fd011496000 rw-p 00000000 00:00 0 
7fd011496000-7fd011499000 ---p 00000000 00:00 0 
7fd011499000-7fd011597000 rw-p 00000000 00:00 0 
7fd011597000-7fd01186f000 r--p 00000000 08:05 5242947                    /usr/lib/locale/locale-archive
7fd01186f000-7fd011872000 ---p 00000000 00:00 0 
7fd011872000-7fd011970000 rw-p 00000000 00:00 0 
7fd011970000-7fd011973000 ---p 00000000 00:00 0 
7fd011973000-7fd011a71000 rw-p 00000000 00:00 0 
7fd011a71000-7fd011a72000 ---p 00000000 00:00 0 
7fd011a72000-7fd012ae4000 rw-p 00000000 00:00 0 
7fd012ae4000-7fd012cb3000 r--s 03c21000 08:05 8130606                    /usr/lib/jvm/java-8-openjdk-amd64/jre/lib/rt.jar
7fd012cb3000-7fd0130f3000 rw-p 00000000 00:00 0 
7fd0130f3000-7fd0134b3000 ---p 00000000 00:00 0 
7fd0134b3000-7fd01388b000 rw-p 00000000 00:00 0 
7fd01388b000-7fd01388c000 ---p 00000000 00:00 0 
7fd01388c000-7fd01398c000 rw-p 00000000 00:00 0 
7fd01398c000-7fd01398d000 ---p 00000000 00:00 0 
7fd01398d000-7fd013a8d000 rw-p 00000000 00:00 0 
7fd013a8d000-7fd013a8e000 ---p 00000000 00:00 0 
7fd013a8e000-7fd013bb8000 rw-p 00000000 00:00 0 
7fd013bb8000-7fd013e1e000 ---p 00000000 00:00 0 
7fd013e1e000-7fd013e48000 rw-p 00000000 00:00 0 
7fd013e48000-7fd0140ae000 ---p 00000000 00:00 0 
7fd0140ae000-7fd0140c3000 rw-p 00000000 00:00 0 
7fd0140c3000-7fd0141f6000 ---p 00000000 00:00 0 
7fd0141f6000-7fd014201000 rw-p 00000000 00:00 0 
7fd014201000-7fd0145b7000 ---p 00000000 00:00 0 
7fd0145b7000-7fd014827000 rwxp 00000000 00:00 0 
7fd014827000-7fd0235b7000 ---p 00000000 00:00 0 
7fd0235b7000-7fd0235bf000 r-xp 00000000 08:05 8533544                    /usr/lib/jvm/java-8-openjdk-amd64/jre/lib/amd64/libzip.so
7fd0235bf000-7fd0237be000 ---p 00008000 08:05 8533544                    /usr/lib/jvm/java-8-openjdk-amd64/jre/lib/amd64/libzip.so
7fd0237be000-7fd0237bf000 r--p 00007000 08:05 8533544                    /usr/lib/jvm/java-8-openjdk-amd64/jre/lib/amd64/libzip.so
7fd0237bf000-7fd0237c0000 rw-p 00008000 08:05 8533544                    /usr/lib/jvm/java-8-openjdk-amd64/jre/lib/amd64/libzip.so
7fd0237c0000-7fd0237cb000 r-xp 00000000 08:05 1835182                    /lib/x86_64-linux-gnu/libnss_files-2.23.so
7fd0237cb000-7fd0239ca000 ---p 0000b000 08:05 1835182                    /lib/x86_64-linux-gnu/libnss_files-2.23.so
7fd0239ca000-7fd0239cb000 r--p 0000a000 08:05 1835182                    /lib/x86_64-linux-gnu/libnss_files-2.23.so
7fd0239cb000-7fd0239cc000 rw-p 0000b000 08:05 1835182                    /lib/x86_64-linux-gnu/libnss_files-2.23.so
7fd0239cc000-7fd0239d2000 rw-p 00000000 00:00 0 
7fd0239d2000-7fd0239dd000 r-xp 00000000 08:05 1835186                    /lib/x86_64-linux-gnu/libnss_nis-2.23.so
7fd0239dd000-7fd023bdc000 ---p 0000b000 08:05 1835186                    /lib/x86_64-linux-gnu/libnss_nis-2.23.so
7fd023bdc000-7fd023bdd000 r--p 0000a000 08:05 1835186                    /lib/x86_64-linux-gnu/libnss_nis-2.23.so
7fd023bdd000-7fd023bde000 rw-p 0000b000 08:05 1835186                    /lib/x86_64-linux-gnu/libnss_nis-2.23.so
7fd023bde000-7fd023bf4000 r-xp 00000000 08:05 1835025                    /lib/x86_64-linux-gnu/libnsl-2.23.so
7fd023bf4000-7fd023df3000 ---p 00016000 08:05 1835025                    /lib/x86_64-linux-gnu/libnsl-2.23.so
7fd023df3000-7fd023df4000 r--p 00015000 08:05 1835025                    /lib/x86_64-linux-gnu/libnsl-2.23.so
7fd023df4000-7fd023df5000 rw-p 00016000 08:05 1835025                    /lib/x86_64-linux-gnu/libnsl-2.23.so
7fd023df5000-7fd023df7000 rw-p 00000000 00:00 0 
7fd023df7000-7fd023dff000 r-xp 00000000 08:05 1835177                    /lib/x86_64-linux-gnu/libnss_compat-2.23.so
7fd023dff000-7fd023ffe000 ---p 00008000 08:05 1835177                    /lib/x86_64-linux-gnu/libnss_compat-2.23.so
7fd023ffe000-7fd023fff000 r--p 00007000 08:05 1835177                    /lib/x86_64-linux-gnu/libnss_compat-2.23.so
7fd023fff000-7fd024000000 rw-p 00008000 08:05 1835177                    /lib/x86_64-linux-gnu/libnss_compat-2.23.so
7fd024000000-7fd024221000 rw-p 00000000 00:00 0 
7fd024221000-7fd028000000 ---p 00000000 00:00 0 
7fd028019000-7fd0280fe000 rw-p 00000000 00:00 0 
7fd0280fe000-7fd0280ff000 ---p 00000000 00:00 0 
7fd0280ff000-7fd0281ff000 rw-p 00000000 00:00 0 
7fd0281ff000-7fd02822c000 r-xp 00000000 08:05 8533527                    /usr/lib/jvm/java-8-openjdk-amd64/jre/lib/amd64/libjava.so
7fd02822c000-7fd02842b000 ---p 0002d000 08:05 8533527                    /usr/lib/jvm/java-8-openjdk-amd64/jre/lib/amd64/libjava.so
7fd02842b000-7fd02842c000 r--p 0002c000 08:05 8533527                    /usr/lib/jvm/java-8-openjdk-amd64/jre/lib/amd64/libjava.so
7fd02842c000-7fd02842e000 rw-p 0002d000 08:05 8533527                    /usr/lib/jvm/java-8-openjdk-amd64/jre/lib/amd64/libjava.so
7fd02842e000-7fd02843d000 r-xp 00000000 08:05 8533542                    /usr/lib/jvm/java-8-openjdk-amd64/jre/lib/amd64/libverify.so
7fd02843d000-7fd02863c000 ---p 0000f000 08:05 8533542                    /usr/lib/jvm/java-8-openjdk-amd64/jre/lib/amd64/libverify.so
7fd02863c000-7fd02863e000 r--p 0000e000 08:05 8533542                    /usr/lib/jvm/java-8-openjdk-amd64/jre/lib/amd64/libverify.so
7fd02863e000-7fd02863f000 rw-p 00010000 08:05 8533542                    /usr/lib/jvm/java-8-openjdk-amd64/jre/lib/amd64/libverify.so
7fd02863f000-7fd028646000 r-xp 00000000 08:05 1835187                    /lib/x86_64-linux-gnu/librt-2.23.so
7fd028646000-7fd028845000 ---p 00007000 08:05 1835187                    /lib/x86_64-linux-gnu/librt-2.23.so
7fd028845000-7fd028846000 r--p 00006000 08:05 1835187                    /lib/x86_64-linux-gnu/librt-2.23.so
7fd028846000-7fd028847000 rw-p 00007000 08:05 1835187                    /lib/x86_64-linux-gnu/librt-2.23.so
7fd028847000-7fd02885d000 r-xp 00000000 08:05 1839627                    /lib/x86_64-linux-gnu/libgcc_s.so.1
7fd02885d000-7fd028a5c000 ---p 00016000 08:05 1839627                    /lib/x86_64-linux-gnu/libgcc_s.so.1
7fd028a5c000-7fd028a5d000 rw-p 00015000 08:05 1839627                    /lib/x86_64-linux-gnu/libgcc_s.so.1
7fd028a5d000-7fd028b65000 r-xp 00000000 08:05 1835022                    /lib/x86_64-linux-gnu/libm-2.23.so
7fd028b65000-7fd028d64000 ---p 00108000 08:05 1835022                    /lib/x86_64-linux-gnu/libm-2.23.so
7fd028d64000-7fd028d65000 r--p 00107000 08:05 1835022                    /lib/x86_64-linux-gnu/libm-2.23.so
7fd028d65000-7fd028d66000 rw-p 00108000 08:05 1835022                    /lib/x86_64-linux-gnu/libm-2.23.so
7fd028d66000-7fd028ed8000 r-xp 00000000 08:05 5244930                    /usr/lib/x86_64-linux-gnu/libstdc++.so.6.0.21
7fd028ed8000-7fd0290d8000 ---p 00172000 08:05 5244930                    /usr/lib/x86_64-linux-gnu/libstdc++.so.6.0.21
7fd0290d8000-7fd0290e2000 r--p 00172000 08:05 5244930                    /usr/lib/x86_64-linux-gnu/libstdc++.so.6.0.21
7fd0290e2000-7fd0290e4000 rw-p 0017c000 08:05 5244930                    /usr/lib/x86_64-linux-gnu/libstdc++.so.6.0.21
7fd0290e4000-7fd0290e8000 rw-p 00000000 00:00 0 
7fd0290e8000-7fd029d3a000 r-xp 00000000 08:05 8533537                    /usr/lib/jvm/java-8-openjdk-amd64/jre/lib/amd64/server/libjvm.so
7fd029d3a000-7fd029f3a000 ---p 00c52000 08:05 8533537                    /usr/lib/jvm/java-8-openjdk-amd64/jre/lib/amd64/server/libjvm.so
7fd029f3a000-7fd029fcd000 r--p 00c52000 08:05 8533537                    /usr/lib/jvm/java-8-openjdk-amd64/jre/lib/amd64/server/libjvm.so
7fd029fcd000-7fd029ff6000 rw-p 00ce5000 08:05 8533537                    /usr/lib/jvm/java-8-openjdk-amd64/jre/lib/amd64/server/libjvm.so
7fd029ff6000-7fd02a026000 rw-p 00000000 00:00 0 
7fd02a026000-7fd02a03e000 r-xp 00000000 08:05 1835092                    /lib/x86_64-linux-gnu/libpthread-2.23.so
7fd02a03e000-7fd02a23d000 ---p 00018000 08:05 1835092                    /lib/x86_64-linux-gnu/libpthread-2.23.so
7fd02a23d000-7fd02a23e000 r--p 00017000 08:05 1835092                    /lib/x86_64-linux-gnu/libpthread-2.23.so
7fd02a23e000-7fd02a23f000 rw-p 00018000 08:05 1835092                    /lib/x86_64-linux-gnu/libpthread-2.23.so
7fd02a23f000-7fd02a243000 rw-p 00000000 00:00 0 
7fd02a243000-7fd02a246000 r-xp 00000000 08:05 1835099                    /lib/x86_64-linux-gnu/libdl-2.23.so
7fd02a246000-7fd02a445000 ---p 00003000 08:05 1835099                    /lib/x86_64-linux-gnu/libdl-2.23.so
7fd02a445000-7fd02a446000 r--p 00002000 08:05 1835099                    /lib/x86_64-linux-gnu/libdl-2.23.so
7fd02a446000-7fd02a447000 rw-p 00003000 08:05 1835099                    /lib/x86_64-linux-gnu/libdl-2.23.so
7fd02a447000-7fd02a460000 r-xp 00000000 08:05 1839561                    /lib/x86_64-linux-gnu/libz.so.1.2.8
7fd02a460000-7fd02a65f000 ---p 00019000 08:05 1839561                    /lib/x86_64-linux-gnu/libz.so.1.2.8
7fd02a65f000-7fd02a660000 r--p 00018000 08:05 1839561                    /lib/x86_64-linux-gnu/libz.so.1.2.8
7fd02a660000-7fd02a661000 rw-p 00019000 08:05 1839561                    /lib/x86_64-linux-gnu/libz.so.1.2.8
7fd02a661000-7fd02a821000 r-xp 00000000 08:05 1835096                    /lib/x86_64-linux-gnu/libc-2.23.so
7fd02a821000-7fd02aa21000 ---p 001c0000 08:05 1835096                    /lib/x86_64-linux-gnu/libc-2.23.so
7fd02aa21000-7fd02aa25000 r--p 001c0000 08:05 1835096                    /lib/x86_64-linux-gnu/libc-2.23.so
7fd02aa25000-7fd02aa27000 rw-p 001c4000 08:05 1835096                    /lib/x86_64-linux-gnu/libc-2.23.so
7fd02aa27000-7fd02aa2b000 rw-p 00000000 00:00 0 
7fd02aa2b000-7fd02aa38000 r-xp 00000000 08:05 8533540                    /usr/lib/jvm/java-8-openjdk-amd64/jre/lib/amd64/jli/libjli.so
7fd02aa38000-7fd02ac38000 ---p 0000d000 08:05 8533540                    /usr/lib/jvm/java-8-openjdk-amd64/jre/lib/amd64/jli/libjli.so
7fd02ac38000-7fd02ac39000 r--p 0000d000 08:05 8533540                    /usr/lib/jvm/java-8-openjdk-amd64/jre/lib/amd64/jli/libjli.so
7fd02ac39000-7fd02ac3a000 rw-p 0000e000 08:05 8533540                    /usr/lib/jvm/java-8-openjdk-amd64/jre/lib/amd64/jli/libjli.so
7fd02ac3a000-7fd02ac60000 r-xp 00000000 08:05 1835037                    /lib/x86_64-linux-gnu/ld-2.23.so
7fd02ac64000-7fd02ac66000 r--s 0000c000 08:05 6951373                    /home/chris/Desktop/NetworkSecurity/Project1/PacketParser/commons-cli-1.4.jar
7fd02ac66000-7fd02ac70000 r--s 00116000 08:05 8262877                    /usr/lib/jvm/java-8-openjdk-amd64/jre/lib/ext/localedata.jar
7fd02ac70000-7fd02ad3b000 rw-p 00000000 00:00 0 
7fd02ad3b000-7fd02ad3e000 ---p 00000000 00:00 0 
7fd02ad3e000-7fd02ae40000 rw-p 00000000 00:00 0 
7fd02ae41000-7fd02ae43000 r--s 00008000 08:05 8262876                    /usr/lib/jvm/java-8-openjdk-amd64/jre/lib/ext/sunec.jar
7fd02ae43000-7fd02ae45000 r--s 00001000 08:05 8262880                    /usr/lib/jvm/java-8-openjdk-amd64/jre/lib/ext/dnsns.jar
7fd02ae45000-7fd02ae46000 r--s 0000a000 08:05 8262879                    /usr/lib/jvm/java-8-openjdk-amd64/jre/lib/ext/jaccess.jar
7fd02ae46000-7fd02ae49000 r--s 0000f000 08:05 8261925                    /usr/lib/jvm/java-8-openjdk-amd64/jre/lib/ext/icedtea-sound.jar
7fd02ae49000-7fd02ae4d000 r--s 00037000 08:05 8262878                    /usr/lib/jvm/java-8-openjdk-amd64/jre/lib/ext/sunpkcs11.jar
7fd02ae4d000-7fd02ae4e000 r--s 00010000 08:05 8262873                    /usr/lib/jvm/java-8-openjdk-amd64/jre/lib/ext/zipfs.jar
7fd02ae4e000-7fd02ae54000 r--s 0003a000 08:05 8262875                    /usr/lib/jvm/java-8-openjdk-amd64/jre/lib/ext/sunjce_provider.jar
7fd02ae54000-7fd02ae5c000 rw-s 00000000 08:05 659560                     /tmp/hsperfdata_chris/3879
7fd02ae5c000-7fd02ae5d000 rw-p 00000000 00:00 0 
7fd02ae5d000-7fd02ae5e000 r--p 00000000 00:00 0 
7fd02ae5e000-7fd02ae5f000 rw-p 00000000 00:00 0 
7fd02ae5f000-7fd02ae60000 r--p 00025000 08:05 1835037                    /lib/x86_64-linux-gnu/ld-2.23.so
7fd02ae60000-7fd02ae61000 rw-p 00026000 08:05 1835037                    /lib/x86_64-linux-gnu/ld-2.23.so
7fd02ae61000-7fd02ae62000 rw-p 00000000 00:00 0 
7ffe74eb7000-7ffe74ed8000 rw-p 00000000 00:00 0                          [stack]
7ffe74ffa000-7ffe74ffd000 r--p 00000000 00:00 0                          [vvar]
7ffe74ffd000-7ffe74fff000 r-xp 00000000 00:00 0                          [vdso]
ffffffffff600000-ffffffffff601000 r-xp 00000000 00:00 0                  [vsyscall]

VM Arguments:
java_command: Main
java_class_path (initial): .:commons-cli-1.4.jar
Launcher Type: SUN_STANDARD

Environment Variables:
PATH=/home/chris/bin:/home/chris/.local/bin:/usr/local/sbin:/usr/local/bin:/usr/sbin:/usr/bin:/sbin:/bin:/usr/games:/usr/local/games:~/opt/gradle/gradle-4.0/bin:/snap/bin
SHELL=/bin/bash
DISPLAY=:0

Signal Handlers:
SIGSEGV: [libjvm.so+0xa69040], sa_mask[0]=11111111011111111101111111111110, sa_flags=SA_RESTART|SA_SIGINFO
SIGBUS: [libjvm.so+0xa69040], sa_mask[0]=11111111011111111101111111111110, sa_flags=SA_RESTART|SA_SIGINFO
SIGFPE: [libjvm.so+0x8b2170], sa_mask[0]=11111111011111111101111111111110, sa_flags=SA_RESTART|SA_SIGINFO
SIGPIPE: [libjvm.so+0x8b2170], sa_mask[0]=11111111011111111101111111111110, sa_flags=SA_RESTART|SA_SIGINFO
SIGXFSZ: [libjvm.so+0x8b2170], sa_mask[0]=11111111011111111101111111111110, sa_flags=SA_RESTART|SA_SIGINFO
SIGILL: [libjvm.so+0x8b2170], sa_mask[0]=11111111011111111101111111111110, sa_flags=SA_RESTART|SA_SIGINFO
SIGUSR1: SIG_DFL, sa_mask[0]=00000000000000000000000000000000, sa_flags=none
SIGUSR2: [libjvm.so+0x8b2020], sa_mask[0]=00000000000000000000000000000000, sa_flags=SA_RESTART|SA_SIGINFO
SIGHUP: [libjvm.so+0x8b24f0], sa_mask[0]=11111111011111111101111111111110, sa_flags=SA_RESTART|SA_SIGINFO
SIGINT: [libjvm.so+0x8b24f0], sa_mask[0]=11111111011111111101111111111110, sa_flags=SA_RESTART|SA_SIGINFO
SIGTERM: [libjvm.so+0x8b24f0], sa_mask[0]=11111111011111111101111111111110, sa_flags=SA_RESTART|SA_SIGINFO
SIGQUIT: [libjvm.so+0x8b24f0], sa_mask[0]=11111111011111111101111111111110, sa_flags=SA_RESTART|SA_SIGINFO


---------------  S Y S T E M  ---------------

OS:DISTRIB_ID=Ubuntu
DISTRIB_RELEASE=16.04
DISTRIB_CODENAME=xenial
DISTRIB_DESCRIPTION="Ubuntu 16.04.3 LTS"

uname:Linux 4.13.0-32-generic #35~16.04.1-Ubuntu SMP Thu Jan 25 10:13:43 UTC 2018 x86_64
libc:glibc 2.23 NPTL 2.23 
rlimit: STACK 8192k, CORE 0k, NPROC 31061, NOFILE 1048576, AS infinity
load average:0.89 1.27 1.05

/proc/meminfo:
MemTotal:        8057372 kB
MemFree:         5160368 kB
MemAvailable:    6082824 kB
Buffers:          207132 kB
Cached:          1128852 kB
SwapCached:            0 kB
Active:          1770500 kB
Inactive:         827656 kB
Active(anon):    1265592 kB
Inactive(anon):   262884 kB
Active(file):     504908 kB
Inactive(file):   564772 kB
Unevictable:          32 kB
Mlocked:              32 kB
SwapTotal:       8276988 kB
SwapFree:        8276988 kB
Dirty:               120 kB
Writeback:             0 kB
AnonPages:       1262220 kB
Mapped:           364104 kB
Shmem:            266308 kB
Slab:             194432 kB
SReclaimable:     154176 kB
SUnreclaim:        40256 kB
KernelStack:       10192 kB
PageTables:        37136 kB
NFS_Unstable:          0 kB
Bounce:                0 kB
WritebackTmp:          0 kB
CommitLimit:    12305672 kB
Committed_AS:    6393424 kB
VmallocTotal:   34359738367 kB
VmallocUsed:           0 kB
VmallocChunk:          0 kB
HardwareCorrupted:     0 kB
AnonHugePages:         0 kB
ShmemHugePages:        0 kB
ShmemPmdMapped:        0 kB
CmaTotal:              0 kB
CmaFree:               0 kB
HugePages_Total:       0
HugePages_Free:        0
HugePages_Rsvd:        0
HugePages_Surp:        0
Hugepagesize:       2048 kB
DirectMap4k:      114064 kB
DirectMap2M:     5017600 kB
DirectMap1G:     3145728 kB


CPU:total 4 (initial active 4) (2 cores per cpu, 2 threads per core) family 6 model 78 stepping 3, cmov, cx8, fxsr, mmx, sse, sse2, sse3, ssse3, sse4.1, sse4.2, popcnt, avx, avx2, aes, clmul, erms, rtm, 3dnowpref, lzcnt, ht, tsc, tscinvbit, bmi1, bmi2, adx

/proc/cpuinfo:
processor	: 0
vendor_id	: GenuineIntel
cpu family	: 6
model		: 78
model name	: Intel(R) Core(TM) i3-6100U CPU @ 2.30GHz
stepping	: 3
microcode	: 0x7c
cpu MHz		: 2300.000
cache size	: 3072 KB
physical id	: 0
siblings	: 4
core id		: 0
cpu cores	: 2
apicid		: 0
initial apicid	: 0
fpu		: yes
fpu_exception	: yes
cpuid level	: 22
wp		: yes
flags		: fpu vme de pse tsc msr pae mce cx8 apic sep mtrr pge mca cmov pat pse36 clflush dts acpi mmx fxsr sse sse2 ss ht tm pbe syscall nx pdpe1gb rdtscp lm constant_tsc art arch_perfmon pebs bts rep_good nopl xtopology nonstop_tsc cpuid aperfmperf tsc_known_freq pni pclmulqdq dtes64 monitor ds_cpl vmx est tm2 ssse3 sdbg fma cx16 xtpr pdcm pcid sse4_1 sse4_2 x2apic movbe popcnt aes xsave avx f16c rdrand lahf_lm abm 3dnowprefetch cpuid_fault epb invpcid_single pti intel_pt tpr_shadow vnmi flexpriority ept vpid fsgsbase tsc_adjust bmi1 hle avx2 smep bmi2 erms invpcid rtm mpx rdseed adx smap clflushopt xsaveopt xsavec xgetbv1 xsaves dtherm ida arat pln pts hwp hwp_notify hwp_act_window hwp_epp
bugs		: cpu_meltdown spectre_v1 spectre_v2
bogomips	: 4608.00
clflush size	: 64
cache_alignment	: 64
address sizes	: 39 bits physical, 48 bits virtual
power management:

processor	: 1
vendor_id	: GenuineIntel
cpu family	: 6
model		: 78
model name	: Intel(R) Core(TM) i3-6100U CPU @ 2.30GHz
stepping	: 3
microcode	: 0x7c
cpu MHz		: 2300.000
cache size	: 3072 KB
physical id	: 0
siblings	: 4
core id		: 1
cpu cores	: 2
apicid		: 2
initial apicid	: 2
fpu		: yes
fpu_exception	: yes
cpuid level	: 22
wp		: yes
flags		: fpu vme de pse tsc msr pae mce cx8 apic sep mtrr pge mca cmov pat pse36 clflush dts acpi mmx fxsr sse sse2 ss ht tm pbe syscall nx pdpe1gb rdtscp lm constant_tsc art arch_perfmon pebs bts rep_good nopl xtopology nonstop_tsc cpuid aperfmperf tsc_known_freq pni pclmulqdq dtes64 monitor ds_cpl vmx est tm2 ssse3 sdbg fma cx16 xtpr pdcm pcid sse4_1 sse4_2 x2apic movbe popcnt aes xsave avx f16c rdrand lahf_lm abm 3dnowprefetch cpuid_fault epb invpcid_single pti intel_pt tpr_shadow vnmi flexpriority ept vpid fsgsbase tsc_adjust bmi1 hle avx2 smep bmi2 erms invpcid rtm mpx rdseed adx smap clflushopt xsaveopt xsavec xgetbv1 xsaves dtherm ida arat pln pts hwp hwp_notify hwp_act_window hwp_epp
bugs		: cpu_meltdown spectre_v1 spectre_v2
bogomips	: 4608.00
clflush size	: 64
cache_alignment	: 64
address sizes	: 39 bits physical, 48 bits virtual
power management:

processor	: 2
vendor_id	: GenuineIntel
cpu family	: 6
model		: 78
model name	: Intel(R) Core(TM) i3-6100U CPU @ 2.30GHz
stepping	: 3
microcode	: 0x7c
cpu MHz		: 2300.000
cache size	: 3072 KB
physical id	: 0
siblings	: 4
core id		: 0
cpu cores	: 2
apicid		: 1
initial apicid	: 1
fpu		: yes
fpu_exception	: yes
cpuid level	: 22
wp		: yes
flags		: fpu vme de pse tsc msr pae mce cx8 apic sep mtrr pge mca cmov pat pse36 clflush dts acpi mmx fxsr sse sse2 ss ht tm pbe syscall nx pdpe1gb rdtscp lm constant_tsc art arch_perfmon pebs bts rep_good nopl xtopology nonstop_tsc cpuid aperfmperf tsc_known_freq pni pclmulqdq dtes64 monitor ds_cpl vmx est tm2 ssse3 sdbg fma cx16 xtpr pdcm pcid sse4_1 sse4_2 x2apic movbe popcnt aes xsave avx f16c rdrand lahf_lm abm 3dnowprefetch cpuid_fault epb invpcid_single pti intel_pt tpr_shadow vnmi flexpriority ept vpid fsgsbase tsc_adjust bmi1 hle avx2 smep bmi2 erms invpcid rtm mpx rdseed adx smap clflushopt xsaveopt xsavec xgetbv1 xsaves dtherm ida arat pln pts hwp hwp_notify hwp_act_window hwp_epp
bugs		: cpu_meltdown spectre_v1 spectre_v2
bogomips	: 4608.00
clflush size	: 64
cache_alignment	: 64
address sizes	: 39 bits physical, 48 bits virtual
power management:

processor	: 3
vendor_id	: GenuineIntel
cpu family	: 6
model		: 78
model name	: Intel(R) Core(TM) i3-6100U CPU @ 2.30GHz
stepping	: 3
microcode	: 0x7c
cpu MHz		: 2300.000
cache size	: 3072 KB
physical id	: 0
siblings	: 4
core id		: 1
cpu cores	: 2
apicid		: 3
initial apicid	: 3
fpu		: yes
fpu_exception	: yes
cpuid level	: 22
wp		: yes
flags		: fpu vme de pse tsc msr pae mce cx8 apic sep mtrr pge mca cmov pat pse36 clflush dts acpi mmx fxsr sse sse2 ss ht tm pbe syscall nx pdpe1gb rdtscp lm constant_tsc art arch_perfmon pebs bts rep_good nopl xtopology nonstop_tsc cpuid aperfmperf tsc_known_freq pni pclmulqdq dtes64 monitor ds_cpl vmx est tm2 ssse3 sdbg fma cx16 xtpr pdcm pcid sse4_1 sse4_2 x2apic movbe popcnt aes xsave avx f16c rdrand lahf_lm abm 3dnowprefetch cpuid_fault epb invpcid_single pti intel_pt tpr_shadow vnmi flexpriority ept vpid fsgsbase tsc_adjust bmi1 hle avx2 smep bmi2 erms invpcid rtm mpx rdseed adx smap clflushopt xsaveopt xsavec xgetbv1 xsaves dtherm ida arat pln pts hwp hwp_notify hwp_act_window hwp_epp
bugs		: cpu_meltdown spectre_v1 spectre_v2
bogomips	: 4608.00
clflush size	: 64
cache_alignment	: 64
address sizes	: 39 bits physical, 48 bits virtual
power management:



Memory: 4k page, physical 8057372k(5160368k free), swap 8276988k(8276988k free)

vm_info: OpenJDK 64-Bit Server VM (25.151-b12) for linux-amd64 JRE (1.8.0_151-8u151-b12-0ubuntu0.16.04.2-b12), built on Oct 27 2017 21:59:02 by "buildd" with gcc 5.4.0 20160609

time: Fri Feb 23 14:31:57 2018
elapsed time: 1 seconds (0d 0h 0m 1s)

