#
# A fatal error has been detected by the Java Runtime Environment:
#
#  SIGSEGV (0xb) at pc=0x00007f286c10e134, pid=3154, tid=0x00007f288664f700
#
# JRE version: OpenJDK Runtime Environment (8.0_151-b12) (build 1.8.0_151-8u151-b12-0ubuntu0.16.04.2-b12)
# Java VM: OpenJDK 64-Bit Server VM (25.151-b12 mixed mode linux-amd64 compressed oops)
# Problematic frame:
# C  [libpcap.so.0.8+0xf134]  pcap_next+0x4
#
# Failed to write core dump. Core dumps have been disabled. To enable core dumping, try "ulimit -c unlimited" before starting Java again
#
# If you would like to submit a bug report, please visit:
#   http://bugreport.java.com/bugreport/crash.jsp
# The crash happened outside the Java Virtual Machine in native code.
# See problematic frame for where to report the bug.
#

---------------  T H R E A D  ---------------

Current thread (0x00007f2880009800):  JavaThread "main" [_thread_in_native, id=3155, stack(0x00007f288654f000,0x00007f2886650000)]

siginfo: si_signo: 11 (SIGSEGV), si_code: 1 (SEGV_MAPERR), si_addr: 0x0000000000000260

Registers:
RAX=0x0000000000000000, RBX=0x00007f286e96f548, RCX=0x00007f2885f6c2dd, RDX=0x00007f288664e790
RSP=0x00007f288664e730, RBP=0x00007f288664e7b0, RSI=0x00007f288664e790, RDI=0x0000000000000000
R8 =0x00007f28800000b8, R9 =0x0000000000000000, R10=0x0000000000000077, R11=0x00007f286c10e130
R12=0x0000000000000000, R13=0x00007f286e96f548, R14=0x00007f288664e830, R15=0x00007f2880009800
RIP=0x00007f286c10e134, EFLAGS=0x0000000000010206, CSGSFS=0x002b000000000033, ERR=0x0000000000000004
  TRAPNO=0x000000000000000e

Top of Stack: (sp=0x00007f288664e730)
0x00007f288664e730:   0000000000000000 00007f288623a620
0x00007f288664e740:   00007f286c5795b8 00007f2885ee47fa
0x00007f288664e750:   00007f286e96f548 00007f288015fe00
0x00007f288664e760:   0000000000000002 00007f286c5790b5
0x00007f288664e770:   00007f288664e830 00007f28800099e0
0x00007f288664e780:   00007f288664e7b0 00007f286e96f548
0x00007f288664e790:   0000000000000000 00007f286e96f548
0x00007f288664e7a0:   00007f288664e810 00007f286ff86612
0x00007f288664e7b0:   00007f288664e810 00007f286ff86774
0x00007f288664e7c0:   0000000600000001 00007f286ff864c2
0x00007f288664e7d0:   00007f288664e7d0 00007f286e96f548
0x00007f288664e7e0:   00007f288664e830 00007f286e96fdc0
0x00007f288664e7f0:   0000000000000000 00007f286e96f548
0x00007f288664e800:   0000000000000000 00007f288664e830
0x00007f288664e810:   00007f288664e878 00007f286ff76d80
0x00007f288664e820:   0000000000000000 00007f286ff8027b
0x00007f288664e830:   00000000d7089c98 00007f288664e838
0x00007f288664e840:   00007f286e96da2d 00007f288664e8c8
0x00007f288664e850:   00007f286e96de38 0000000000000000
0x00007f288664e860:   00007f286e96db38 00007f288664e830
0x00007f288664e870:   00007f288664e8c8 00007f288664e910
0x00007f288664e880:   00007f286ff76d80 0000000000000000
0x00007f288664e890:   0000000000000000 0000000000000000
0x00007f288664e8a0:   0000000000000000 0000000000000000
0x00007f288664e8b0:   0000000000000000 0000000000000000
0x00007f288664e8c0:   0000000000000000 00000000d7084ee8
0x00007f288664e8d0:   00007f288664e8d0 00007f286e96d616
0x00007f288664e8e0:   00007f288664e9b8 00007f286e96de38
0x00007f288664e8f0:   0000000000000000 00007f286e96d878
0x00007f288664e900:   00007f288664e8c8 00007f288664e9b8
0x00007f288664e910:   00007f288664ea00 00007f286ff76ffd
0x00007f288664e920:   0000000000000000 0000000000000000 

Instructions: (pc=0x00007f286c10e134)
0x00007f286c10e114:   e0 90 66 2e 0f 1f 84 00 00 00 00 00 eb ee 0f 1f
0x00007f286c10e124:   40 00 66 2e 0f 1f 84 00 00 00 00 00 48 83 ec 38
0x00007f286c10e134:   48 8b 97 60 02 00 00 64 48 8b 04 25 28 00 00 00
0x00007f286c10e144:   48 89 44 24 28 31 c0 48 8d 4c 24 10 48 8d 44 24 

Register to memory mapping:

RAX=0x0000000000000000 is an unknown value
RBX={method} {0x00007f286e96f548} 'readPacket' '()[B' in 'SimplePacketDriver'
RCX=0x00007f2885f6c2dd: __write+0x2d in /lib/x86_64-linux-gnu/libc.so.6 at 0x00007f2885e75000
RDX=0x00007f288664e790 is pointing into the stack for thread: 0x00007f2880009800
RSP=0x00007f288664e730 is pointing into the stack for thread: 0x00007f2880009800
RBP=0x00007f288664e7b0 is pointing into the stack for thread: 0x00007f2880009800
RSI=0x00007f288664e790 is pointing into the stack for thread: 0x00007f2880009800
RDI=0x0000000000000000 is an unknown value
R8 =0x00007f28800000b8 is an unknown value
R9 =0x0000000000000000 is an unknown value
R10=0x0000000000000077 is an unknown value
R11=0x00007f286c10e130: pcap_next+0 in /usr/lib/x86_64-linux-gnu/libpcap.so.0.8 at 0x00007f286c0ff000
R12=0x0000000000000000 is an unknown value
R13={method} {0x00007f286e96f548} 'readPacket' '()[B' in 'SimplePacketDriver'
R14=0x00007f288664e830 is pointing into the stack for thread: 0x00007f2880009800
R15=0x00007f2880009800 is a thread


Stack: [0x00007f288654f000,0x00007f2886650000],  sp=0x00007f288664e730,  free space=1021k
Native frames: (J=compiled Java code, j=interpreted, Vv=VM code, C=native code)
C  [libpcap.so.0.8+0xf134]  pcap_next+0x4
j  SimplePacketDriver.readPacket()[B+0
j  OptionHandler.getPacket()[B+13
j  OptionHandler.runOptions()V+862
j  Main.main([Ljava/lang/String;)V+18
v  ~StubRoutines::call_stub
V  [libjvm.so+0x66287b]
V  [libjvm.so+0x68452e]
V  [libjvm.so+0x686e5f]
C  [libjli.so+0x3552]
C  [libjli.so+0x73dd]
C  [libpthread.so.0+0x76ba]  start_thread+0xca

Java frames: (J=compiled Java code, j=interpreted, Vv=VM code)
j  SimplePacketDriver.readPacket()[B+0
j  OptionHandler.getPacket()[B+13
j  OptionHandler.runOptions()V+862
j  Main.main([Ljava/lang/String;)V+18
v  ~StubRoutines::call_stub

---------------  P R O C E S S  ---------------

Java Threads: ( => current thread )
  0x00007f28800c1800 JavaThread "Service Thread" daemon [_thread_blocked, id=3167, stack(0x00007f286c8b2000,0x00007f286c9b3000)]
  0x00007f28800b2000 JavaThread "C1 CompilerThread2" daemon [_thread_blocked, id=3166, stack(0x00007f286c9b3000,0x00007f286cab4000)]
  0x00007f28800b0800 JavaThread "C2 CompilerThread1" daemon [_thread_blocked, id=3165, stack(0x00007f286cab4000,0x00007f286cbb5000)]
  0x00007f28800ad800 JavaThread "C2 CompilerThread0" daemon [_thread_blocked, id=3164, stack(0x00007f286cbb5000,0x00007f286ccb6000)]
  0x00007f28800ab800 JavaThread "Signal Dispatcher" daemon [_thread_blocked, id=3163, stack(0x00007f286ccb6000,0x00007f286cdb7000)]
  0x00007f2880083800 JavaThread "Finalizer" daemon [_thread_blocked, id=3162, stack(0x00007f286d08f000,0x00007f286d190000)]
  0x00007f288007f000 JavaThread "Reference Handler" daemon [_thread_blocked, id=3161, stack(0x00007f286d190000,0x00007f286d291000)]
=>0x00007f2880009800 JavaThread "main" [_thread_in_native, id=3155, stack(0x00007f288654f000,0x00007f2886650000)]

Other Threads:
  0x00007f2880077000 VMThread [stack: 0x00007f286d291000,0x00007f286d392000] [id=3160]
  0x00007f28800c4000 WatcherThread [stack: 0x00007f286c7b1000,0x00007f286c8b2000] [id=3168]

VM state:not at safepoint (normal execution)

VM Mutex/Monitor currently owned by a thread: None

Heap:
 PSYoungGen      total 36864K, used 1910K [0x00000000d7000000, 0x00000000d9900000, 0x0000000100000000)
  eden space 31744K, 6% used [0x00000000d7000000,0x00000000d71dd9a0,0x00000000d8f00000)
  from space 5120K, 0% used [0x00000000d9400000,0x00000000d9400000,0x00000000d9900000)
  to   space 5120K, 0% used [0x00000000d8f00000,0x00000000d8f00000,0x00000000d9400000)
 ParOldGen       total 84992K, used 0K [0x0000000085000000, 0x000000008a300000, 0x00000000d7000000)
  object space 84992K, 0% used [0x0000000085000000,0x0000000085000000,0x000000008a300000)
 Metaspace       used 3627K, capacity 4656K, committed 4864K, reserved 1056768K
  class space    used 400K, capacity 428K, committed 512K, reserved 1048576K

Card table byte_map: [0x00007f286f7d6000,0x00007f286fbaf000] byte_map_base: 0x00007f286f3ae000

Marking Bits: (ParMarkBitMap*) 0x00007f288581d2c0
 Begin Bits: [0x00007f2864280000, 0x00007f2866140000)
 End Bits:   [0x00007f2866140000, 0x00007f2868000000)

Polling page: 0x00007f2886671000

CodeCache: size=245760Kb used=1246Kb max_used=1257Kb free=244513Kb
 bounds [0x00007f286ff6f000, 0x00007f28701df000, 0x00007f287ef6f000]
 total_blobs=331 nmethods=90 adapters=156
 compilation: enabled

Compilation events (10 events):
Event: 0.101 Thread 0x00007f28800b2000 nmethod 89 0x00007f28700a5310 code [0x00007f28700a5480, 0x00007f28700a5610]
Event: 0.101 Thread 0x00007f28800b2000   86       3       java.util.regex.Pattern::next (33 bytes)
Event: 0.101 Thread 0x00007f28800b2000 nmethod 86 0x00007f28700a5690 code [0x00007f28700a5820, 0x00007f28700a5ac8]
Event: 0.101 Thread 0x00007f28800b2000   87       3       java.lang.Character::isBmpCodePoint (13 bytes)
Event: 0.101 Thread 0x00007f28800b2000 nmethod 87 0x00007f28700a5c10 code [0x00007f28700a5d80, 0x00007f28700a5f10]
Event: 0.101 Thread 0x00007f28800b2000   88       1       java.util.regex.Pattern::flags (5 bytes)
Event: 0.101 Thread 0x00007f28800b2000 nmethod 88 0x00007f28700a5f90 code [0x00007f28700a60e0, 0x00007f28700a61f0]
Event: 0.102 Thread 0x00007f28800b0800 nmethod 84 0x00007f28700a9010 code [0x00007f28700a9160, 0x00007f28700a92f8]
Event: 1.368 Thread 0x00007f28800b2000   90       1       java.nio.Buffer::position (5 bytes)
Event: 1.369 Thread 0x00007f28800b2000 nmethod 90 0x00007f28700a8d50 code [0x00007f28700a8ea0, 0x00007f28700a8fb0]

GC Heap History (0 events):
No events

Deoptimization events (0 events):
No events

Internal exceptions (8 events):
Event: 0.023 Thread 0x00007f2880009800 Exception <a 'java/lang/NoSuchMethodError': Method sun.misc.Unsafe.defineClass(Ljava/lang/String;[BII)Ljava/lang/Class; name or signature does not match> (0x00000000d7007ca8) thrown at [/build/openjdk-8-W2Qe27/openjdk-8-8u151-b12/src/hotspot/src/share/vm/
Event: 0.023 Thread 0x00007f2880009800 Exception <a 'java/lang/NoSuchMethodError': Method sun.misc.Unsafe.prefetchRead(Ljava/lang/Object;J)V name or signature does not match> (0x00000000d7007f90) thrown at [/build/openjdk-8-W2Qe27/openjdk-8-8u151-b12/src/hotspot/src/share/vm/prims/jni.cpp, lin
Event: 0.092 Thread 0x00007f2880009800 Exception <a 'java/security/PrivilegedActionException'> (0x00000000d71a27a8) thrown at [/build/openjdk-8-W2Qe27/openjdk-8-8u151-b12/src/hotspot/src/share/vm/prims/jvm.cpp, line 1390]
Event: 0.092 Thread 0x00007f2880009800 Exception <a 'java/security/PrivilegedActionException'> (0x00000000d71a2ba0) thrown at [/build/openjdk-8-W2Qe27/openjdk-8-8u151-b12/src/hotspot/src/share/vm/prims/jvm.cpp, line 1390]
Event: 0.092 Thread 0x00007f2880009800 Exception <a 'java/security/PrivilegedActionException'> (0x00000000d71a4e10) thrown at [/build/openjdk-8-W2Qe27/openjdk-8-8u151-b12/src/hotspot/src/share/vm/prims/jvm.cpp, line 1390]
Event: 0.092 Thread 0x00007f2880009800 Exception <a 'java/security/PrivilegedActionException'> (0x00000000d71a5208) thrown at [/build/openjdk-8-W2Qe27/openjdk-8-8u151-b12/src/hotspot/src/share/vm/prims/jvm.cpp, line 1390]
Event: 0.092 Thread 0x00007f2880009800 Exception <a 'java/security/PrivilegedActionException'> (0x00000000d71a5ec8) thrown at [/build/openjdk-8-W2Qe27/openjdk-8-8u151-b12/src/hotspot/src/share/vm/prims/jvm.cpp, line 1390]
Event: 0.092 Thread 0x00007f2880009800 Exception <a 'java/security/PrivilegedActionException'> (0x00000000d71a62c0) thrown at [/build/openjdk-8-W2Qe27/openjdk-8-8u151-b12/src/hotspot/src/share/vm/prims/jvm.cpp, line 1390]

Events (10 events):
Event: 0.098 loading class java/math/RoundingMode
Event: 0.098 loading class java/math/RoundingMode done
Event: 0.100 loading class java/util/regex/Pattern$GroupTail
Event: 0.100 loading class java/util/regex/Pattern$GroupTail done
Event: 0.100 loading class java/util/regex/Pattern$Ques
Event: 0.100 loading class java/util/regex/Pattern$Ques done
Event: 0.100 loading class java/util/regex/Pattern$Loop
Event: 0.100 loading class java/util/regex/Pattern$Loop done
Event: 0.100 loading class java/util/regex/Pattern$Prolog
Event: 0.100 loading class java/util/regex/Pattern$Prolog done


Dynamic libraries:
00400000-00401000 r-xp 00000000 08:05 8533564                            /usr/lib/jvm/java-8-openjdk-amd64/jre/bin/java
00600000-00601000 r--p 00000000 08:05 8533564                            /usr/lib/jvm/java-8-openjdk-amd64/jre/bin/java
00601000-00602000 rw-p 00001000 08:05 8533564                            /usr/lib/jvm/java-8-openjdk-amd64/jre/bin/java
00f0c000-00f2d000 rw-p 00000000 00:00 0                                  [heap]
85000000-8a300000 rw-p 00000000 00:00 0 
8a300000-d7000000 ---p 00000000 00:00 0 
d7000000-d9900000 rw-p 00000000 00:00 0 
d9900000-100000000 ---p 00000000 00:00 0 
100000000-100080000 rw-p 00000000 00:00 0 
100080000-140000000 ---p 00000000 00:00 0 
7f2830000000-7f2830021000 rw-p 00000000 00:00 0 
7f2830021000-7f2834000000 ---p 00000000 00:00 0 
7f2834000000-7f2834021000 rw-p 00000000 00:00 0 
7f2834021000-7f2838000000 ---p 00000000 00:00 0 
7f2838000000-7f2838021000 rw-p 00000000 00:00 0 
7f2838021000-7f283c000000 ---p 00000000 00:00 0 
7f283c000000-7f283c0dd000 rw-p 00000000 00:00 0 
7f283c0dd000-7f2840000000 ---p 00000000 00:00 0 
7f2840000000-7f2840021000 rw-p 00000000 00:00 0 
7f2840021000-7f2844000000 ---p 00000000 00:00 0 
7f2844000000-7f284404e000 rw-p 00000000 00:00 0 
7f284404e000-7f2848000000 ---p 00000000 00:00 0 
7f2848000000-7f2848021000 rw-p 00000000 00:00 0 
7f2848021000-7f284c000000 ---p 00000000 00:00 0 
7f284c000000-7f284c021000 rw-p 00000000 00:00 0 
7f284c021000-7f2850000000 ---p 00000000 00:00 0 
7f2850000000-7f2850021000 rw-p 00000000 00:00 0 
7f2850021000-7f2854000000 ---p 00000000 00:00 0 
7f2854000000-7f2854021000 rw-p 00000000 00:00 0 
7f2854021000-7f2858000000 ---p 00000000 00:00 0 
7f2858000000-7f2858021000 rw-p 00000000 00:00 0 
7f2858021000-7f285c000000 ---p 00000000 00:00 0 
7f2860000000-7f2860021000 rw-p 00000000 00:00 0 
7f2860021000-7f2864000000 ---p 00000000 00:00 0 
7f2864280000-7f2868000000 rw-p 00000000 00:00 0 
7f2868000000-7f2868021000 rw-p 00000000 00:00 0 
7f2868021000-7f286c000000 ---p 00000000 00:00 0 
7f286c0ff000-7f286c13d000 r-xp 00000000 08:05 5252117                    /usr/lib/x86_64-linux-gnu/libpcap.so.1.7.4
7f286c13d000-7f286c33d000 ---p 0003e000 08:05 5252117                    /usr/lib/x86_64-linux-gnu/libpcap.so.1.7.4
7f286c33d000-7f286c33f000 r--p 0003e000 08:05 5252117                    /usr/lib/x86_64-linux-gnu/libpcap.so.1.7.4
7f286c33f000-7f286c340000 rw-p 00040000 08:05 5252117                    /usr/lib/x86_64-linux-gnu/libpcap.so.1.7.4
7f286c340000-7f286c341000 rw-p 00000000 00:00 0 
7f286c341000-7f286c357000 r-xp 00000000 08:05 5249511                    /usr/lib/x86_64-linux-gnu/libnet.so.1.7.0
7f286c357000-7f286c556000 ---p 00016000 08:05 5249511                    /usr/lib/x86_64-linux-gnu/libnet.so.1.7.0
7f286c556000-7f286c557000 r--p 00015000 08:05 5249511                    /usr/lib/x86_64-linux-gnu/libnet.so.1.7.0
7f286c557000-7f286c558000 rw-p 00016000 08:05 5249511                    /usr/lib/x86_64-linux-gnu/libnet.so.1.7.0
7f286c558000-7f286c55a000 rw-p 00000000 00:00 0 
7f286c578000-7f286c57a000 r-xp 00000000 08:05 5249935                    /usr/lib/x86_64-linux-gnu/libsimplepacketdriver_x64.so
7f286c57a000-7f286c779000 ---p 00002000 08:05 5249935                    /usr/lib/x86_64-linux-gnu/libsimplepacketdriver_x64.so
7f286c779000-7f286c77a000 r--p 00001000 08:05 5249935                    /usr/lib/x86_64-linux-gnu/libsimplepacketdriver_x64.so
7f286c77a000-7f286c77b000 rw-p 00002000 08:05 5249935                    /usr/lib/x86_64-linux-gnu/libsimplepacketdriver_x64.so
7f286c77b000-7f286c796000 r--s 001d6000 08:05 8262874                    /usr/lib/jvm/java-8-openjdk-amd64/jre/lib/ext/nashorn.jar
7f286c796000-7f286c7b1000 r--s 00394000 08:05 8262872                    /usr/lib/jvm/java-8-openjdk-amd64/jre/lib/ext/cldrdata.jar
7f286c7b1000-7f286c7b2000 ---p 00000000 00:00 0 
7f286c7b2000-7f286c8b2000 rw-p 00000000 00:00 0 
7f286c8b2000-7f286c8b5000 ---p 00000000 00:00 0 
7f286c8b5000-7f286c9b3000 rw-p 00000000 00:00 0 
7f286c9b3000-7f286c9b6000 ---p 00000000 00:00 0 
7f286c9b6000-7f286cab4000 rw-p 00000000 00:00 0 
7f286cab4000-7f286cab7000 ---p 00000000 00:00 0 
7f286cab7000-7f286cbb5000 rw-p 00000000 00:00 0 
7f286cbb5000-7f286cbb8000 ---p 00000000 00:00 0 
7f286cbb8000-7f286ccb6000 rw-p 00000000 00:00 0 
7f286ccb6000-7f286ccb9000 ---p 00000000 00:00 0 
7f286ccb9000-7f286cdb7000 rw-p 00000000 00:00 0 
7f286cdb7000-7f286d08f000 r--p 00000000 08:05 5242947                    /usr/lib/locale/locale-archive
7f286d08f000-7f286d092000 ---p 00000000 00:00 0 
7f286d092000-7f286d190000 rw-p 00000000 00:00 0 
7f286d190000-7f286d193000 ---p 00000000 00:00 0 
7f286d193000-7f286d291000 rw-p 00000000 00:00 0 
7f286d291000-7f286d292000 ---p 00000000 00:00 0 
7f286d292000-7f286e325000 rw-p 00000000 00:00 0 
7f286e325000-7f286e4f4000 r--s 03c21000 08:05 8130606                    /usr/lib/jvm/java-8-openjdk-amd64/jre/lib/rt.jar
7f286e4f4000-7f286e9aa000 rw-p 00000000 00:00 0 
7f286e9aa000-7f286ed6a000 ---p 00000000 00:00 0 
7f286ed6a000-7f286f142000 rw-p 00000000 00:00 0 
7f286f142000-7f286f143000 ---p 00000000 00:00 0 
7f286f143000-7f286f243000 rw-p 00000000 00:00 0 
7f286f243000-7f286f244000 ---p 00000000 00:00 0 
7f286f244000-7f286f344000 rw-p 00000000 00:00 0 
7f286f344000-7f286f345000 ---p 00000000 00:00 0 
7f286f345000-7f286f445000 rw-p 00000000 00:00 0 
7f286f445000-7f286f446000 ---p 00000000 00:00 0 
7f286f446000-7f286f570000 rw-p 00000000 00:00 0 
7f286f570000-7f286f7d6000 ---p 00000000 00:00 0 
7f286f7d6000-7f286f800000 rw-p 00000000 00:00 0 
7f286f800000-7f286fa66000 ---p 00000000 00:00 0 
7f286fa66000-7f286fa7b000 rw-p 00000000 00:00 0 
7f286fa7b000-7f286fbae000 ---p 00000000 00:00 0 
7f286fbae000-7f286fbb9000 rw-p 00000000 00:00 0 
7f286fbb9000-7f286ff6f000 ---p 00000000 00:00 0 
7f286ff6f000-7f28701df000 rwxp 00000000 00:00 0 
7f28701df000-7f287ef6f000 ---p 00000000 00:00 0 
7f287ef6f000-7f287ef77000 r-xp 00000000 08:05 8533544                    /usr/lib/jvm/java-8-openjdk-amd64/jre/lib/amd64/libzip.so
7f287ef77000-7f287f176000 ---p 00008000 08:05 8533544                    /usr/lib/jvm/java-8-openjdk-amd64/jre/lib/amd64/libzip.so
7f287f176000-7f287f177000 r--p 00007000 08:05 8533544                    /usr/lib/jvm/java-8-openjdk-amd64/jre/lib/amd64/libzip.so
7f287f177000-7f287f178000 rw-p 00008000 08:05 8533544                    /usr/lib/jvm/java-8-openjdk-amd64/jre/lib/amd64/libzip.so
7f287f178000-7f287f183000 r-xp 00000000 08:05 1835182                    /lib/x86_64-linux-gnu/libnss_files-2.23.so
7f287f183000-7f287f382000 ---p 0000b000 08:05 1835182                    /lib/x86_64-linux-gnu/libnss_files-2.23.so
7f287f382000-7f287f383000 r--p 0000a000 08:05 1835182                    /lib/x86_64-linux-gnu/libnss_files-2.23.so
7f287f383000-7f287f384000 rw-p 0000b000 08:05 1835182                    /lib/x86_64-linux-gnu/libnss_files-2.23.so
7f287f384000-7f287f38a000 rw-p 00000000 00:00 0 
7f287f38a000-7f287f395000 r-xp 00000000 08:05 1835186                    /lib/x86_64-linux-gnu/libnss_nis-2.23.so
7f287f395000-7f287f594000 ---p 0000b000 08:05 1835186                    /lib/x86_64-linux-gnu/libnss_nis-2.23.so
7f287f594000-7f287f595000 r--p 0000a000 08:05 1835186                    /lib/x86_64-linux-gnu/libnss_nis-2.23.so
7f287f595000-7f287f596000 rw-p 0000b000 08:05 1835186                    /lib/x86_64-linux-gnu/libnss_nis-2.23.so
7f287f596000-7f287f5ac000 r-xp 00000000 08:05 1835025                    /lib/x86_64-linux-gnu/libnsl-2.23.so
7f287f5ac000-7f287f7ab000 ---p 00016000 08:05 1835025                    /lib/x86_64-linux-gnu/libnsl-2.23.so
7f287f7ab000-7f287f7ac000 r--p 00015000 08:05 1835025                    /lib/x86_64-linux-gnu/libnsl-2.23.so
7f287f7ac000-7f287f7ad000 rw-p 00016000 08:05 1835025                    /lib/x86_64-linux-gnu/libnsl-2.23.so
7f287f7ad000-7f287f7af000 rw-p 00000000 00:00 0 
7f287f7af000-7f287f7b7000 r-xp 00000000 08:05 1835177                    /lib/x86_64-linux-gnu/libnss_compat-2.23.so
7f287f7b7000-7f287f9b6000 ---p 00008000 08:05 1835177                    /lib/x86_64-linux-gnu/libnss_compat-2.23.so
7f287f9b6000-7f287f9b7000 r--p 00007000 08:05 1835177                    /lib/x86_64-linux-gnu/libnss_compat-2.23.so
7f287f9b7000-7f287f9b8000 rw-p 00008000 08:05 1835177                    /lib/x86_64-linux-gnu/libnss_compat-2.23.so
7f287f9b8000-7f287f9e5000 r-xp 00000000 08:05 8533527                    /usr/lib/jvm/java-8-openjdk-amd64/jre/lib/amd64/libjava.so
7f287f9e5000-7f287fbe4000 ---p 0002d000 08:05 8533527                    /usr/lib/jvm/java-8-openjdk-amd64/jre/lib/amd64/libjava.so
7f287fbe4000-7f287fbe5000 r--p 0002c000 08:05 8533527                    /usr/lib/jvm/java-8-openjdk-amd64/jre/lib/amd64/libjava.so
7f287fbe5000-7f287fbe7000 rw-p 0002d000 08:05 8533527                    /usr/lib/jvm/java-8-openjdk-amd64/jre/lib/amd64/libjava.so
7f287fbe7000-7f287fbf6000 r-xp 00000000 08:05 8533542                    /usr/lib/jvm/java-8-openjdk-amd64/jre/lib/amd64/libverify.so
7f287fbf6000-7f287fdf5000 ---p 0000f000 08:05 8533542                    /usr/lib/jvm/java-8-openjdk-amd64/jre/lib/amd64/libverify.so
7f287fdf5000-7f287fdf7000 r--p 0000e000 08:05 8533542                    /usr/lib/jvm/java-8-openjdk-amd64/jre/lib/amd64/libverify.so
7f287fdf7000-7f287fdf8000 rw-p 00010000 08:05 8533542                    /usr/lib/jvm/java-8-openjdk-amd64/jre/lib/amd64/libverify.so
7f287fdf8000-7f287fdff000 r-xp 00000000 08:05 1835187                    /lib/x86_64-linux-gnu/librt-2.23.so
7f287fdff000-7f287fffe000 ---p 00007000 08:05 1835187                    /lib/x86_64-linux-gnu/librt-2.23.so
7f287fffe000-7f287ffff000 r--p 00006000 08:05 1835187                    /lib/x86_64-linux-gnu/librt-2.23.so
7f287ffff000-7f2880000000 rw-p 00007000 08:05 1835187                    /lib/x86_64-linux-gnu/librt-2.23.so
7f2880000000-7f2880230000 rw-p 00000000 00:00 0 
7f2880230000-7f2884000000 ---p 00000000 00:00 0 
7f288400d000-7f288405b000 rw-p 00000000 00:00 0 
7f288405b000-7f2884071000 r-xp 00000000 08:05 1839627                    /lib/x86_64-linux-gnu/libgcc_s.so.1
7f2884071000-7f2884270000 ---p 00016000 08:05 1839627                    /lib/x86_64-linux-gnu/libgcc_s.so.1
7f2884270000-7f2884271000 rw-p 00015000 08:05 1839627                    /lib/x86_64-linux-gnu/libgcc_s.so.1
7f2884271000-7f2884379000 r-xp 00000000 08:05 1835022                    /lib/x86_64-linux-gnu/libm-2.23.so
7f2884379000-7f2884578000 ---p 00108000 08:05 1835022                    /lib/x86_64-linux-gnu/libm-2.23.so
7f2884578000-7f2884579000 r--p 00107000 08:05 1835022                    /lib/x86_64-linux-gnu/libm-2.23.so
7f2884579000-7f288457a000 rw-p 00108000 08:05 1835022                    /lib/x86_64-linux-gnu/libm-2.23.so
7f288457a000-7f28846ec000 r-xp 00000000 08:05 5244930                    /usr/lib/x86_64-linux-gnu/libstdc++.so.6.0.21
7f28846ec000-7f28848ec000 ---p 00172000 08:05 5244930                    /usr/lib/x86_64-linux-gnu/libstdc++.so.6.0.21
7f28848ec000-7f28848f6000 r--p 00172000 08:05 5244930                    /usr/lib/x86_64-linux-gnu/libstdc++.so.6.0.21
7f28848f6000-7f28848f8000 rw-p 0017c000 08:05 5244930                    /usr/lib/x86_64-linux-gnu/libstdc++.so.6.0.21
7f28848f8000-7f28848fc000 rw-p 00000000 00:00 0 
7f28848fc000-7f288554e000 r-xp 00000000 08:05 8533537                    /usr/lib/jvm/java-8-openjdk-amd64/jre/lib/amd64/server/libjvm.so
7f288554e000-7f288574e000 ---p 00c52000 08:05 8533537                    /usr/lib/jvm/java-8-openjdk-amd64/jre/lib/amd64/server/libjvm.so
7f288574e000-7f28857e1000 r--p 00c52000 08:05 8533537                    /usr/lib/jvm/java-8-openjdk-amd64/jre/lib/amd64/server/libjvm.so
7f28857e1000-7f288580a000 rw-p 00ce5000 08:05 8533537                    /usr/lib/jvm/java-8-openjdk-amd64/jre/lib/amd64/server/libjvm.so
7f288580a000-7f288583a000 rw-p 00000000 00:00 0 
7f288583a000-7f2885852000 r-xp 00000000 08:05 1835092                    /lib/x86_64-linux-gnu/libpthread-2.23.so
7f2885852000-7f2885a51000 ---p 00018000 08:05 1835092                    /lib/x86_64-linux-gnu/libpthread-2.23.so
7f2885a51000-7f2885a52000 r--p 00017000 08:05 1835092                    /lib/x86_64-linux-gnu/libpthread-2.23.so
7f2885a52000-7f2885a53000 rw-p 00018000 08:05 1835092                    /lib/x86_64-linux-gnu/libpthread-2.23.so
7f2885a53000-7f2885a57000 rw-p 00000000 00:00 0 
7f2885a57000-7f2885a5a000 r-xp 00000000 08:05 1835099                    /lib/x86_64-linux-gnu/libdl-2.23.so
7f2885a5a000-7f2885c59000 ---p 00003000 08:05 1835099                    /lib/x86_64-linux-gnu/libdl-2.23.so
7f2885c59000-7f2885c5a000 r--p 00002000 08:05 1835099                    /lib/x86_64-linux-gnu/libdl-2.23.so
7f2885c5a000-7f2885c5b000 rw-p 00003000 08:05 1835099                    /lib/x86_64-linux-gnu/libdl-2.23.so
7f2885c5b000-7f2885c74000 r-xp 00000000 08:05 1839561                    /lib/x86_64-linux-gnu/libz.so.1.2.8
7f2885c74000-7f2885e73000 ---p 00019000 08:05 1839561                    /lib/x86_64-linux-gnu/libz.so.1.2.8
7f2885e73000-7f2885e74000 r--p 00018000 08:05 1839561                    /lib/x86_64-linux-gnu/libz.so.1.2.8
7f2885e74000-7f2885e75000 rw-p 00019000 08:05 1839561                    /lib/x86_64-linux-gnu/libz.so.1.2.8
7f2885e75000-7f2886035000 r-xp 00000000 08:05 1835096                    /lib/x86_64-linux-gnu/libc-2.23.so
7f2886035000-7f2886235000 ---p 001c0000 08:05 1835096                    /lib/x86_64-linux-gnu/libc-2.23.so
7f2886235000-7f2886239000 r--p 001c0000 08:05 1835096                    /lib/x86_64-linux-gnu/libc-2.23.so
7f2886239000-7f288623b000 rw-p 001c4000 08:05 1835096                    /lib/x86_64-linux-gnu/libc-2.23.so
7f288623b000-7f288623f000 rw-p 00000000 00:00 0 
7f288623f000-7f288624c000 r-xp 00000000 08:05 8533540                    /usr/lib/jvm/java-8-openjdk-amd64/jre/lib/amd64/jli/libjli.so
7f288624c000-7f288644c000 ---p 0000d000 08:05 8533540                    /usr/lib/jvm/java-8-openjdk-amd64/jre/lib/amd64/jli/libjli.so
7f288644c000-7f288644d000 r--p 0000d000 08:05 8533540                    /usr/lib/jvm/java-8-openjdk-amd64/jre/lib/amd64/jli/libjli.so
7f288644d000-7f288644e000 rw-p 0000e000 08:05 8533540                    /usr/lib/jvm/java-8-openjdk-amd64/jre/lib/amd64/jli/libjli.so
7f288644e000-7f2886474000 r-xp 00000000 08:05 1835037                    /lib/x86_64-linux-gnu/ld-2.23.so
7f2886478000-7f288647a000 r--s 0000c000 08:05 6951373                    /home/chris/Desktop/NetworkSecurity/Project1/PacketParser/commons-cli-1.4.jar
7f288647a000-7f2886484000 r--s 00116000 08:05 8262877                    /usr/lib/jvm/java-8-openjdk-amd64/jre/lib/ext/localedata.jar
7f2886484000-7f288654f000 rw-p 00000000 00:00 0 
7f288654f000-7f2886552000 ---p 00000000 00:00 0 
7f2886552000-7f2886654000 rw-p 00000000 00:00 0 
7f2886655000-7f2886657000 r--s 00008000 08:05 8262876                    /usr/lib/jvm/java-8-openjdk-amd64/jre/lib/ext/sunec.jar
7f2886657000-7f2886659000 r--s 00001000 08:05 8262880                    /usr/lib/jvm/java-8-openjdk-amd64/jre/lib/ext/dnsns.jar
7f2886659000-7f288665a000 r--s 0000a000 08:05 8262879                    /usr/lib/jvm/java-8-openjdk-amd64/jre/lib/ext/jaccess.jar
7f288665a000-7f288665d000 r--s 0000f000 08:05 8261925                    /usr/lib/jvm/java-8-openjdk-amd64/jre/lib/ext/icedtea-sound.jar
7f288665d000-7f2886661000 r--s 00037000 08:05 8262878                    /usr/lib/jvm/java-8-openjdk-amd64/jre/lib/ext/sunpkcs11.jar
7f2886661000-7f2886662000 r--s 00010000 08:05 8262873                    /usr/lib/jvm/java-8-openjdk-amd64/jre/lib/ext/zipfs.jar
7f2886662000-7f2886668000 r--s 0003a000 08:05 8262875                    /usr/lib/jvm/java-8-openjdk-amd64/jre/lib/ext/sunjce_provider.jar
7f2886668000-7f2886670000 rw-s 00000000 08:05 659569                     /tmp/hsperfdata_chris/3154
7f2886670000-7f2886671000 rw-p 00000000 00:00 0 
7f2886671000-7f2886672000 r--p 00000000 00:00 0 
7f2886672000-7f2886673000 rw-p 00000000 00:00 0 
7f2886673000-7f2886674000 r--p 00025000 08:05 1835037                    /lib/x86_64-linux-gnu/ld-2.23.so
7f2886674000-7f2886675000 rw-p 00026000 08:05 1835037                    /lib/x86_64-linux-gnu/ld-2.23.so
7f2886675000-7f2886676000 rw-p 00000000 00:00 0 
7fff5c9d7000-7fff5c9f8000 rw-p 00000000 00:00 0                          [stack]
7fff5c9fa000-7fff5c9fd000 r--p 00000000 00:00 0                          [vvar]
7fff5c9fd000-7fff5c9ff000 r-xp 00000000 00:00 0                          [vdso]
ffffffffff600000-ffffffffff601000 r-xp 00000000 00:00 0                  [vsyscall]

VM Arguments:
java_command: Main
java_class_path (initial): .:commons-cli-1.4.jar
Launcher Type: SUN_STANDARD

Environment Variables:
PATH=/home/chris/bin:/home/chris/.local/bin:/usr/local/sbin:/usr/local/bin:/usr/sbin:/usr/bin:/sbin:/bin:/usr/games:/usr/local/games:~/opt/gradle/gradle-4.0/bin:/snap/bin
SHELL=/bin/bash
DISPLAY=:0

Signal Handlers:
SIGSEGV: [libjvm.so+0xa69040], sa_mask[0]=11111111011111111101111111111110, sa_flags=SA_RESTART|SA_SIGINFO
SIGBUS: [libjvm.so+0xa69040], sa_mask[0]=11111111011111111101111111111110, sa_flags=SA_RESTART|SA_SIGINFO
SIGFPE: [libjvm.so+0x8b2170], sa_mask[0]=11111111011111111101111111111110, sa_flags=SA_RESTART|SA_SIGINFO
SIGPIPE: [libjvm.so+0x8b2170], sa_mask[0]=11111111011111111101111111111110, sa_flags=SA_RESTART|SA_SIGINFO
SIGXFSZ: [libjvm.so+0x8b2170], sa_mask[0]=11111111011111111101111111111110, sa_flags=SA_RESTART|SA_SIGINFO
SIGILL: [libjvm.so+0x8b2170], sa_mask[0]=11111111011111111101111111111110, sa_flags=SA_RESTART|SA_SIGINFO
SIGUSR1: SIG_DFL, sa_mask[0]=00000000000000000000000000000000, sa_flags=none
SIGUSR2: [libjvm.so+0x8b2020], sa_mask[0]=00000000000000000000000000000000, sa_flags=SA_RESTART|SA_SIGINFO
SIGHUP: [libjvm.so+0x8b24f0], sa_mask[0]=11111111011111111101111111111110, sa_flags=SA_RESTART|SA_SIGINFO
SIGINT: [libjvm.so+0x8b24f0], sa_mask[0]=11111111011111111101111111111110, sa_flags=SA_RESTART|SA_SIGINFO
SIGTERM: [libjvm.so+0x8b24f0], sa_mask[0]=11111111011111111101111111111110, sa_flags=SA_RESTART|SA_SIGINFO
SIGQUIT: [libjvm.so+0x8b24f0], sa_mask[0]=11111111011111111101111111111110, sa_flags=SA_RESTART|SA_SIGINFO


---------------  S Y S T E M  ---------------

OS:DISTRIB_ID=Ubuntu
DISTRIB_RELEASE=16.04
DISTRIB_CODENAME=xenial
DISTRIB_DESCRIPTION="Ubuntu 16.04.3 LTS"

uname:Linux 4.13.0-32-generic #35~16.04.1-Ubuntu SMP Thu Jan 25 10:13:43 UTC 2018 x86_64
libc:glibc 2.23 NPTL 2.23 
rlimit: STACK 8192k, CORE 0k, NPROC 31061, NOFILE 1048576, AS infinity
load average:2.17 1.58 0.72

/proc/meminfo:
MemTotal:        8057372 kB
MemFree:         5831092 kB
MemAvailable:    6623684 kB
Buffers:          100364 kB
Cached:          1138740 kB
SwapCached:            0 kB
Active:          1156588 kB
Inactive:         873812 kB
Active(anon):     794436 kB
Inactive(anon):   248820 kB
Active(file):     362152 kB
Inactive(file):   624992 kB
Unevictable:          32 kB
Mlocked:              32 kB
SwapTotal:       8276988 kB
SwapFree:        8276988 kB
Dirty:              3676 kB
Writeback:             0 kB
AnonPages:        791420 kB
Mapped:           385980 kB
Shmem:            251964 kB
Slab:              97160 kB
SReclaimable:      59520 kB
SUnreclaim:        37640 kB
KernelStack:        8992 kB
PageTables:        32860 kB
NFS_Unstable:          0 kB
Bounce:                0 kB
WritebackTmp:          0 kB
CommitLimit:    12305672 kB
Committed_AS:    5230996 kB
VmallocTotal:   34359738367 kB
VmallocUsed:           0 kB
VmallocChunk:          0 kB
HardwareCorrupted:     0 kB
AnonHugePages:         0 kB
ShmemHugePages:        0 kB
ShmemPmdMapped:        0 kB
CmaTotal:              0 kB
CmaFree:               0 kB
HugePages_Total:       0
HugePages_Free:        0
HugePages_Rsvd:        0
HugePages_Surp:        0
Hugepagesize:       2048 kB
DirectMap4k:      118160 kB
DirectMap2M:     6062080 kB
DirectMap1G:     2097152 kB


CPU:total 4 (initial active 4) (2 cores per cpu, 2 threads per core) family 6 model 78 stepping 3, cmov, cx8, fxsr, mmx, sse, sse2, sse3, ssse3, sse4.1, sse4.2, popcnt, avx, avx2, aes, clmul, erms, rtm, 3dnowpref, lzcnt, ht, tsc, tscinvbit, bmi1, bmi2, adx

/proc/cpuinfo:
processor	: 0
vendor_id	: GenuineIntel
cpu family	: 6
model		: 78
model name	: Intel(R) Core(TM) i3-6100U CPU @ 2.30GHz
stepping	: 3
microcode	: 0x7c
cpu MHz		: 2300.000
cache size	: 3072 KB
physical id	: 0
siblings	: 4
core id		: 0
cpu cores	: 2
apicid		: 0
initial apicid	: 0
fpu		: yes
fpu_exception	: yes
cpuid level	: 22
wp		: yes
flags		: fpu vme de pse tsc msr pae mce cx8 apic sep mtrr pge mca cmov pat pse36 clflush dts acpi mmx fxsr sse sse2 ss ht tm pbe syscall nx pdpe1gb rdtscp lm constant_tsc art arch_perfmon pebs bts rep_good nopl xtopology nonstop_tsc cpuid aperfmperf tsc_known_freq pni pclmulqdq dtes64 monitor ds_cpl vmx est tm2 ssse3 sdbg fma cx16 xtpr pdcm pcid sse4_1 sse4_2 x2apic movbe popcnt aes xsave avx f16c rdrand lahf_lm abm 3dnowprefetch cpuid_fault epb invpcid_single pti intel_pt tpr_shadow vnmi flexpriority ept vpid fsgsbase tsc_adjust bmi1 hle avx2 smep bmi2 erms invpcid rtm mpx rdseed adx smap clflushopt xsaveopt xsavec xgetbv1 xsaves dtherm ida arat pln pts hwp hwp_notify hwp_act_window hwp_epp
bugs		: cpu_meltdown spectre_v1 spectre_v2
bogomips	: 4608.00
clflush size	: 64
cache_alignment	: 64
address sizes	: 39 bits physical, 48 bits virtual
power management:

processor	: 1
vendor_id	: GenuineIntel
cpu family	: 6
model		: 78
model name	: Intel(R) Core(TM) i3-6100U CPU @ 2.30GHz
stepping	: 3
microcode	: 0x7c
cpu MHz		: 2300.000
cache size	: 3072 KB
physical id	: 0
siblings	: 4
core id		: 1
cpu cores	: 2
apicid		: 2
initial apicid	: 2
fpu		: yes
fpu_exception	: yes
cpuid level	: 22
wp		: yes
flags		: fpu vme de pse tsc msr pae mce cx8 apic sep mtrr pge mca cmov pat pse36 clflush dts acpi mmx fxsr sse sse2 ss ht tm pbe syscall nx pdpe1gb rdtscp lm constant_tsc art arch_perfmon pebs bts rep_good nopl xtopology nonstop_tsc cpuid aperfmperf tsc_known_freq pni pclmulqdq dtes64 monitor ds_cpl vmx est tm2 ssse3 sdbg fma cx16 xtpr pdcm pcid sse4_1 sse4_2 x2apic movbe popcnt aes xsave avx f16c rdrand lahf_lm abm 3dnowprefetch cpuid_fault epb invpcid_single pti intel_pt tpr_shadow vnmi flexpriority ept vpid fsgsbase tsc_adjust bmi1 hle avx2 smep bmi2 erms invpcid rtm mpx rdseed adx smap clflushopt xsaveopt xsavec xgetbv1 xsaves dtherm ida arat pln pts hwp hwp_notify hwp_act_window hwp_epp
bugs		: cpu_meltdown spectre_v1 spectre_v2
bogomips	: 4608.00
clflush size	: 64
cache_alignment	: 64
address sizes	: 39 bits physical, 48 bits virtual
power management:

processor	: 2
vendor_id	: GenuineIntel
cpu family	: 6
model		: 78
model name	: Intel(R) Core(TM) i3-6100U CPU @ 2.30GHz
stepping	: 3
microcode	: 0x7c
cpu MHz		: 2300.000
cache size	: 3072 KB
physical id	: 0
siblings	: 4
core id		: 0
cpu cores	: 2
apicid		: 1
initial apicid	: 1
fpu		: yes
fpu_exception	: yes
cpuid level	: 22
wp		: yes
flags		: fpu vme de pse tsc msr pae mce cx8 apic sep mtrr pge mca cmov pat pse36 clflush dts acpi mmx fxsr sse sse2 ss ht tm pbe syscall nx pdpe1gb rdtscp lm constant_tsc art arch_perfmon pebs bts rep_good nopl xtopology nonstop_tsc cpuid aperfmperf tsc_known_freq pni pclmulqdq dtes64 monitor ds_cpl vmx est tm2 ssse3 sdbg fma cx16 xtpr pdcm pcid sse4_1 sse4_2 x2apic movbe popcnt aes xsave avx f16c rdrand lahf_lm abm 3dnowprefetch cpuid_fault epb invpcid_single pti intel_pt tpr_shadow vnmi flexpriority ept vpid fsgsbase tsc_adjust bmi1 hle avx2 smep bmi2 erms invpcid rtm mpx rdseed adx smap clflushopt xsaveopt xsavec xgetbv1 xsaves dtherm ida arat pln pts hwp hwp_notify hwp_act_window hwp_epp
bugs		: cpu_meltdown spectre_v1 spectre_v2
bogomips	: 4608.00
clflush size	: 64
cache_alignment	: 64
address sizes	: 39 bits physical, 48 bits virtual
power management:

processor	: 3
vendor_id	: GenuineIntel
cpu family	: 6
model		: 78
model name	: Intel(R) Core(TM) i3-6100U CPU @ 2.30GHz
stepping	: 3
microcode	: 0x7c
cpu MHz		: 2300.000
cache size	: 3072 KB
physical id	: 0
siblings	: 4
core id		: 1
cpu cores	: 2
apicid		: 3
initial apicid	: 3
fpu		: yes
fpu_exception	: yes
cpuid level	: 22
wp		: yes
flags		: fpu vme de pse tsc msr pae mce cx8 apic sep mtrr pge mca cmov pat pse36 clflush dts acpi mmx fxsr sse sse2 ss ht tm pbe syscall nx pdpe1gb rdtscp lm constant_tsc art arch_perfmon pebs bts rep_good nopl xtopology nonstop_tsc cpuid aperfmperf tsc_known_freq pni pclmulqdq dtes64 monitor ds_cpl vmx est tm2 ssse3 sdbg fma cx16 xtpr pdcm pcid sse4_1 sse4_2 x2apic movbe popcnt aes xsave avx f16c rdrand lahf_lm abm 3dnowprefetch cpuid_fault epb invpcid_single pti intel_pt tpr_shadow vnmi flexpriority ept vpid fsgsbase tsc_adjust bmi1 hle avx2 smep bmi2 erms invpcid rtm mpx rdseed adx smap clflushopt xsaveopt xsavec xgetbv1 xsaves dtherm ida arat pln pts hwp hwp_notify hwp_act_window hwp_epp
bugs		: cpu_meltdown spectre_v1 spectre_v2
bogomips	: 4608.00
clflush size	: 64
cache_alignment	: 64
address sizes	: 39 bits physical, 48 bits virtual
power management:



Memory: 4k page, physical 8057372k(5831092k free), swap 8276988k(8276988k free)

vm_info: OpenJDK 64-Bit Server VM (25.151-b12) for linux-amd64 JRE (1.8.0_151-8u151-b12-0ubuntu0.16.04.2-b12), built on Oct 27 2017 21:59:02 by "buildd" with gcc 5.4.0 20160609

time: Fri Feb 23 10:23:45 2018
elapsed time: 1 seconds (0d 0h 0m 1s)

