#
# A fatal error has been detected by the Java Runtime Environment:
#
#  SIGSEGV (0xb) at pc=0x00007f14689d5134, pid=2622, tid=0x00007f1482f10700
#
# JRE version: OpenJDK Runtime Environment (8.0_151-b12) (build 1.8.0_151-8u151-b12-0ubuntu0.16.04.2-b12)
# Java VM: OpenJDK 64-Bit Server VM (25.151-b12 mixed mode linux-amd64 compressed oops)
# Problematic frame:
# C  [libpcap.so.0.8+0xf134]  pcap_next+0x4
#
# Failed to write core dump. Core dumps have been disabled. To enable core dumping, try "ulimit -c unlimited" before starting Java again
#
# If you would like to submit a bug report, please visit:
#   http://bugreport.java.com/bugreport/crash.jsp
# The crash happened outside the Java Virtual Machine in native code.
# See problematic frame for where to report the bug.
#

---------------  T H R E A D  ---------------

Current thread (0x00007f147c009800):  JavaThread "main" [_thread_in_native, id=2623, stack(0x00007f1482e10000,0x00007f1482f11000)]

siginfo: si_signo: 11 (SIGSEGV), si_code: 1 (SEGV_MAPERR), si_addr: 0x0000000000000260

Registers:
RAX=0x0000000000000000, RBX=0x00007f146b1c0548, RCX=0x00007f148282d2dd, RDX=0x00007f1482f0f790
RSP=0x00007f1482f0f730, RBP=0x00007f1482f0f7b0, RSI=0x00007f1482f0f790, RDI=0x0000000000000000
R8 =0x00007f147c0000b8, R9 =0x0000000000000000, R10=0x0000000000000077, R11=0x00007f14689d5130
R12=0x0000000000000000, R13=0x00007f146b1c0548, R14=0x00007f1482f0f830, R15=0x00007f147c009800
RIP=0x00007f14689d5134, EFLAGS=0x0000000000010206, CSGSFS=0x002b000000000033, ERR=0x0000000000000004
  TRAPNO=0x000000000000000e

Top of Stack: (sp=0x00007f1482f0f730)
0x00007f1482f0f730:   0000000000000000 00007f1482afb620
0x00007f1482f0f740:   00007f1468e405b8 00007f14827a57fa
0x00007f1482f0f750:   00007f146b1c0548 00007f147c147f20
0x00007f1482f0f760:   0000000000000002 00007f1468e400b5
0x00007f1482f0f770:   00007f1482f0f830 00007f147c0099e0
0x00007f1482f0f780:   00007f1482f0f7b0 00007f146b1c0548
0x00007f1482f0f790:   0000000000000000 00007f146b1c0548
0x00007f1482f0f7a0:   00007f1482f0f810 00007f146c7d7612
0x00007f1482f0f7b0:   00007f1482f0f810 00007f146c7d7774
0x00007f1482f0f7c0:   0000000600000001 00007f146c7d74c2
0x00007f1482f0f7d0:   00007f1482f0f7d0 00007f146b1c0548
0x00007f1482f0f7e0:   00007f1482f0f830 00007f146b1c0dc0
0x00007f1482f0f7f0:   0000000000000000 00007f146b1c0548
0x00007f1482f0f800:   0000000000000000 00007f1482f0f830
0x00007f1482f0f810:   00007f1482f0f878 00007f146c7c7d80
0x00007f1482f0f820:   0000000000000000 00007f146c7d127b
0x00007f1482f0f830:   00000000d7089c98 00007f1482f0f838
0x00007f1482f0f840:   00007f146b1bea2d 00007f1482f0f8c8
0x00007f1482f0f850:   00007f146b1bee38 0000000000000000
0x00007f1482f0f860:   00007f146b1beb38 00007f1482f0f830
0x00007f1482f0f870:   00007f1482f0f8c8 00007f1482f0f910
0x00007f1482f0f880:   00007f146c7c7d80 0000000000000000
0x00007f1482f0f890:   0000000000000000 0000000000000000
0x00007f1482f0f8a0:   0000000000000000 0000000000000000
0x00007f1482f0f8b0:   0000000000000000 0000000000000000
0x00007f1482f0f8c0:   0000000000000000 00000000d7084ee8
0x00007f1482f0f8d0:   00007f1482f0f8d0 00007f146b1be616
0x00007f1482f0f8e0:   00007f1482f0f9b8 00007f146b1bee38
0x00007f1482f0f8f0:   0000000000000000 00007f146b1be878
0x00007f1482f0f900:   00007f1482f0f8c8 00007f1482f0f9b8
0x00007f1482f0f910:   00007f1482f0fa00 00007f146c7c7ffd
0x00007f1482f0f920:   0000000000000000 0000000000000000 

Instructions: (pc=0x00007f14689d5134)
0x00007f14689d5114:   e0 90 66 2e 0f 1f 84 00 00 00 00 00 eb ee 0f 1f
0x00007f14689d5124:   40 00 66 2e 0f 1f 84 00 00 00 00 00 48 83 ec 38
0x00007f14689d5134:   48 8b 97 60 02 00 00 64 48 8b 04 25 28 00 00 00
0x00007f14689d5144:   48 89 44 24 28 31 c0 48 8d 4c 24 10 48 8d 44 24 

Register to memory mapping:

RAX=0x0000000000000000 is an unknown value
RBX={method} {0x00007f146b1c0548} 'readPacket' '()[B' in 'SimplePacketDriver'
RCX=0x00007f148282d2dd: __write+0x2d in /lib/x86_64-linux-gnu/libc.so.6 at 0x00007f1482736000
RDX=0x00007f1482f0f790 is pointing into the stack for thread: 0x00007f147c009800
RSP=0x00007f1482f0f730 is pointing into the stack for thread: 0x00007f147c009800
RBP=0x00007f1482f0f7b0 is pointing into the stack for thread: 0x00007f147c009800
RSI=0x00007f1482f0f790 is pointing into the stack for thread: 0x00007f147c009800
RDI=0x0000000000000000 is an unknown value
R8 =0x00007f147c0000b8 is an unknown value
R9 =0x0000000000000000 is an unknown value
R10=0x0000000000000077 is an unknown value
R11=0x00007f14689d5130: pcap_next+0 in /usr/lib/x86_64-linux-gnu/libpcap.so.0.8 at 0x00007f14689c6000
R12=0x0000000000000000 is an unknown value
R13={method} {0x00007f146b1c0548} 'readPacket' '()[B' in 'SimplePacketDriver'
R14=0x00007f1482f0f830 is pointing into the stack for thread: 0x00007f147c009800
R15=0x00007f147c009800 is a thread


Stack: [0x00007f1482e10000,0x00007f1482f11000],  sp=0x00007f1482f0f730,  free space=1021k
Native frames: (J=compiled Java code, j=interpreted, Vv=VM code, C=native code)
C  [libpcap.so.0.8+0xf134]  pcap_next+0x4
j  SimplePacketDriver.readPacket()[B+0
j  OptionHandler.getPacket()[B+13
j  OptionHandler.runOptions()V+862
j  Main.main([Ljava/lang/String;)V+18
v  ~StubRoutines::call_stub
V  [libjvm.so+0x66287b]
V  [libjvm.so+0x68452e]
V  [libjvm.so+0x686e5f]
C  [libjli.so+0x3552]
C  [libjli.so+0x73dd]
C  [libpthread.so.0+0x76ba]  start_thread+0xca

Java frames: (J=compiled Java code, j=interpreted, Vv=VM code)
j  SimplePacketDriver.readPacket()[B+0
j  OptionHandler.getPacket()[B+13
j  OptionHandler.runOptions()V+862
j  Main.main([Ljava/lang/String;)V+18
v  ~StubRoutines::call_stub

---------------  P R O C E S S  ---------------

Java Threads: ( => current thread )
  0x00007f147c0c1800 JavaThread "Service Thread" daemon [_thread_blocked, id=2635, stack(0x00007f1469179000,0x00007f146927a000)]
  0x00007f147c0b2000 JavaThread "C1 CompilerThread2" daemon [_thread_blocked, id=2634, stack(0x00007f146927a000,0x00007f146937b000)]
  0x00007f147c0b0800 JavaThread "C2 CompilerThread1" daemon [_thread_blocked, id=2633, stack(0x00007f146937b000,0x00007f146947c000)]
  0x00007f147c0ad800 JavaThread "C2 CompilerThread0" daemon [_thread_blocked, id=2632, stack(0x00007f146947c000,0x00007f146957d000)]
  0x00007f147c0ab800 JavaThread "Signal Dispatcher" daemon [_thread_blocked, id=2631, stack(0x00007f146957d000,0x00007f146967e000)]
  0x00007f147c083800 JavaThread "Finalizer" daemon [_thread_blocked, id=2630, stack(0x00007f1469956000,0x00007f1469a57000)]
  0x00007f147c07f000 JavaThread "Reference Handler" daemon [_thread_blocked, id=2629, stack(0x00007f1469a57000,0x00007f1469b58000)]
=>0x00007f147c009800 JavaThread "main" [_thread_in_native, id=2623, stack(0x00007f1482e10000,0x00007f1482f11000)]

Other Threads:
  0x00007f147c077000 VMThread [stack: 0x00007f1469b58000,0x00007f1469c59000] [id=2628]
  0x00007f147c0c4000 WatcherThread [stack: 0x00007f1469078000,0x00007f1469179000] [id=2636]

VM state:not at safepoint (normal execution)

VM Mutex/Monitor currently owned by a thread: None

Heap:
 PSYoungGen      total 36864K, used 1910K [0x00000000d7000000, 0x00000000d9900000, 0x0000000100000000)
  eden space 31744K, 6% used [0x00000000d7000000,0x00000000d71dd9a0,0x00000000d8f00000)
  from space 5120K, 0% used [0x00000000d9400000,0x00000000d9400000,0x00000000d9900000)
  to   space 5120K, 0% used [0x00000000d8f00000,0x00000000d8f00000,0x00000000d9400000)
 ParOldGen       total 84992K, used 0K [0x0000000085000000, 0x000000008a300000, 0x00000000d7000000)
  object space 84992K, 0% used [0x0000000085000000,0x0000000085000000,0x000000008a300000)
 Metaspace       used 3626K, capacity 4656K, committed 4864K, reserved 1056768K
  class space    used 400K, capacity 428K, committed 512K, reserved 1048576K

Card table byte_map: [0x00007f146c027000,0x00007f146c400000] byte_map_base: 0x00007f146bbff000

Marking Bits: (ParMarkBitMap*) 0x00007f14820de2c0
 Begin Bits: [0x00007f1460280000, 0x00007f1462140000)
 End Bits:   [0x00007f1462140000, 0x00007f1464000000)

Polling page: 0x00007f1482f32000

CodeCache: size=245760Kb used=1244Kb max_used=1255Kb free=244515Kb
 bounds [0x00007f146c7c0000, 0x00007f146ca30000, 0x00007f147b7c0000]
 total_blobs=331 nmethods=90 adapters=156
 compilation: enabled

Compilation events (10 events):
Event: 0.332 Thread 0x00007f147c0b2000 nmethod 87 0x00007f146c8f5f90 code [0x00007f146c8f6100, 0x00007f146c8f6290]
Event: 0.332 Thread 0x00007f147c0b2000   86       3       java.util.regex.Pattern::next (33 bytes)
Event: 0.332 Thread 0x00007f147c0b2000 nmethod 86 0x00007f146c8f6310 code [0x00007f146c8f64a0, 0x00007f146c8f6748]
Event: 0.332 Thread 0x00007f147c0b2000   88       1       java.util.regex.Pattern::flags (5 bytes)
Event: 0.333 Thread 0x00007f147c0b2000 nmethod 88 0x00007f146c8f6890 code [0x00007f146c8f69e0, 0x00007f146c8f6af0]
Event: 0.333 Thread 0x00007f147c0b2000   89       3       java.util.regex.ASCII::isAscii (13 bytes)
Event: 0.333 Thread 0x00007f147c0b2000 nmethod 89 0x00007f146c8f6b50 code [0x00007f146c8f6cc0, 0x00007f146c8f6e50]
Event: 0.336 Thread 0x00007f147c0b0800 nmethod 84 0x00007f146c8f9c90 code [0x00007f146c8f9de0, 0x00007f146c8f9f78]
Event: 1.943 Thread 0x00007f147c0b2000   90       1       java.nio.Buffer::position (5 bytes)
Event: 1.943 Thread 0x00007f147c0b2000 nmethod 90 0x00007f146c8f99d0 code [0x00007f146c8f9b20, 0x00007f146c8f9c30]

GC Heap History (0 events):
No events

Deoptimization events (0 events):
No events

Internal exceptions (8 events):
Event: 0.040 Thread 0x00007f147c009800 Exception <a 'java/lang/NoSuchMethodError': Method sun.misc.Unsafe.defineClass(Ljava/lang/String;[BII)Ljava/lang/Class; name or signature does not match> (0x00000000d7007ca8) thrown at [/build/openjdk-8-W2Qe27/openjdk-8-8u151-b12/src/hotspot/src/share/vm/
Event: 0.040 Thread 0x00007f147c009800 Exception <a 'java/lang/NoSuchMethodError': Method sun.misc.Unsafe.prefetchRead(Ljava/lang/Object;J)V name or signature does not match> (0x00000000d7007f90) thrown at [/build/openjdk-8-W2Qe27/openjdk-8-8u151-b12/src/hotspot/src/share/vm/prims/jni.cpp, lin
Event: 0.271 Thread 0x00007f147c009800 Exception <a 'java/security/PrivilegedActionException'> (0x00000000d71a27a8) thrown at [/build/openjdk-8-W2Qe27/openjdk-8-8u151-b12/src/hotspot/src/share/vm/prims/jvm.cpp, line 1390]
Event: 0.271 Thread 0x00007f147c009800 Exception <a 'java/security/PrivilegedActionException'> (0x00000000d71a2ba0) thrown at [/build/openjdk-8-W2Qe27/openjdk-8-8u151-b12/src/hotspot/src/share/vm/prims/jvm.cpp, line 1390]
Event: 0.271 Thread 0x00007f147c009800 Exception <a 'java/security/PrivilegedActionException'> (0x00000000d71a4e10) thrown at [/build/openjdk-8-W2Qe27/openjdk-8-8u151-b12/src/hotspot/src/share/vm/prims/jvm.cpp, line 1390]
Event: 0.271 Thread 0x00007f147c009800 Exception <a 'java/security/PrivilegedActionException'> (0x00000000d71a5208) thrown at [/build/openjdk-8-W2Qe27/openjdk-8-8u151-b12/src/hotspot/src/share/vm/prims/jvm.cpp, line 1390]
Event: 0.271 Thread 0x00007f147c009800 Exception <a 'java/security/PrivilegedActionException'> (0x00000000d71a5ec8) thrown at [/build/openjdk-8-W2Qe27/openjdk-8-8u151-b12/src/hotspot/src/share/vm/prims/jvm.cpp, line 1390]
Event: 0.272 Thread 0x00007f147c009800 Exception <a 'java/security/PrivilegedActionException'> (0x00000000d71a62c0) thrown at [/build/openjdk-8-W2Qe27/openjdk-8-8u151-b12/src/hotspot/src/share/vm/prims/jvm.cpp, line 1390]

Events (10 events):
Event: 0.326 loading class java/math/RoundingMode
Event: 0.326 loading class java/math/RoundingMode done
Event: 0.330 loading class java/util/regex/Pattern$GroupTail
Event: 0.330 loading class java/util/regex/Pattern$GroupTail done
Event: 0.330 loading class java/util/regex/Pattern$Ques
Event: 0.330 loading class java/util/regex/Pattern$Ques done
Event: 0.331 loading class java/util/regex/Pattern$Loop
Event: 0.331 loading class java/util/regex/Pattern$Loop done
Event: 0.331 loading class java/util/regex/Pattern$Prolog
Event: 0.331 loading class java/util/regex/Pattern$Prolog done


Dynamic libraries:
00400000-00401000 r-xp 00000000 08:05 8533564                            /usr/lib/jvm/java-8-openjdk-amd64/jre/bin/java
00600000-00601000 r--p 00000000 08:05 8533564                            /usr/lib/jvm/java-8-openjdk-amd64/jre/bin/java
00601000-00602000 rw-p 00001000 08:05 8533564                            /usr/lib/jvm/java-8-openjdk-amd64/jre/bin/java
0190b000-0192c000 rw-p 00000000 00:00 0                                  [heap]
85000000-8a300000 rw-p 00000000 00:00 0 
8a300000-d7000000 ---p 00000000 00:00 0 
d7000000-d9900000 rw-p 00000000 00:00 0 
d9900000-100000000 ---p 00000000 00:00 0 
100000000-100080000 rw-p 00000000 00:00 0 
100080000-140000000 ---p 00000000 00:00 0 
7f142c000000-7f142c021000 rw-p 00000000 00:00 0 
7f142c021000-7f1430000000 ---p 00000000 00:00 0 
7f1434000000-7f1434105000 rw-p 00000000 00:00 0 
7f1434105000-7f1438000000 ---p 00000000 00:00 0 
7f1438000000-7f1438021000 rw-p 00000000 00:00 0 
7f1438021000-7f143c000000 ---p 00000000 00:00 0 
7f143c000000-7f143c056000 rw-p 00000000 00:00 0 
7f143c056000-7f1440000000 ---p 00000000 00:00 0 
7f1440000000-7f1440021000 rw-p 00000000 00:00 0 
7f1440021000-7f1444000000 ---p 00000000 00:00 0 
7f1444000000-7f1444021000 rw-p 00000000 00:00 0 
7f1444021000-7f1448000000 ---p 00000000 00:00 0 
7f1448000000-7f1448021000 rw-p 00000000 00:00 0 
7f1448021000-7f144c000000 ---p 00000000 00:00 0 
7f144c000000-7f144c021000 rw-p 00000000 00:00 0 
7f144c021000-7f1450000000 ---p 00000000 00:00 0 
7f1450000000-7f1450021000 rw-p 00000000 00:00 0 
7f1450021000-7f1454000000 ---p 00000000 00:00 0 
7f1454000000-7f1454021000 rw-p 00000000 00:00 0 
7f1454021000-7f1458000000 ---p 00000000 00:00 0 
7f1458000000-7f1458021000 rw-p 00000000 00:00 0 
7f1458021000-7f145c000000 ---p 00000000 00:00 0 
7f145c000000-7f145c021000 rw-p 00000000 00:00 0 
7f145c021000-7f1460000000 ---p 00000000 00:00 0 
7f1460280000-7f1464000000 rw-p 00000000 00:00 0 
7f1464000000-7f1464021000 rw-p 00000000 00:00 0 
7f1464021000-7f1468000000 ---p 00000000 00:00 0 
7f14689c6000-7f1468a04000 r-xp 00000000 08:05 5243940                    /usr/lib/x86_64-linux-gnu/libpcap.so.1.7.4
7f1468a04000-7f1468c04000 ---p 0003e000 08:05 5243940                    /usr/lib/x86_64-linux-gnu/libpcap.so.1.7.4
7f1468c04000-7f1468c06000 r--p 0003e000 08:05 5243940                    /usr/lib/x86_64-linux-gnu/libpcap.so.1.7.4
7f1468c06000-7f1468c07000 rw-p 00040000 08:05 5243940                    /usr/lib/x86_64-linux-gnu/libpcap.so.1.7.4
7f1468c07000-7f1468c08000 rw-p 00000000 00:00 0 
7f1468c08000-7f1468c1e000 r-xp 00000000 08:05 5249511                    /usr/lib/x86_64-linux-gnu/libnet.so.1.7.0
7f1468c1e000-7f1468e1d000 ---p 00016000 08:05 5249511                    /usr/lib/x86_64-linux-gnu/libnet.so.1.7.0
7f1468e1d000-7f1468e1e000 r--p 00015000 08:05 5249511                    /usr/lib/x86_64-linux-gnu/libnet.so.1.7.0
7f1468e1e000-7f1468e1f000 rw-p 00016000 08:05 5249511                    /usr/lib/x86_64-linux-gnu/libnet.so.1.7.0
7f1468e1f000-7f1468e21000 rw-p 00000000 00:00 0 
7f1468e3f000-7f1468e41000 r-xp 00000000 08:05 5249935                    /usr/lib/x86_64-linux-gnu/libsimplepacketdriver_x64.so
7f1468e41000-7f1469040000 ---p 00002000 08:05 5249935                    /usr/lib/x86_64-linux-gnu/libsimplepacketdriver_x64.so
7f1469040000-7f1469041000 r--p 00001000 08:05 5249935                    /usr/lib/x86_64-linux-gnu/libsimplepacketdriver_x64.so
7f1469041000-7f1469042000 rw-p 00002000 08:05 5249935                    /usr/lib/x86_64-linux-gnu/libsimplepacketdriver_x64.so
7f1469042000-7f146905d000 r--s 001d6000 08:05 8262874                    /usr/lib/jvm/java-8-openjdk-amd64/jre/lib/ext/nashorn.jar
7f146905d000-7f1469078000 r--s 00394000 08:05 8262872                    /usr/lib/jvm/java-8-openjdk-amd64/jre/lib/ext/cldrdata.jar
7f1469078000-7f1469079000 ---p 00000000 00:00 0 
7f1469079000-7f1469179000 rw-p 00000000 00:00 0 
7f1469179000-7f146917c000 ---p 00000000 00:00 0 
7f146917c000-7f146927a000 rw-p 00000000 00:00 0 
7f146927a000-7f146927d000 ---p 00000000 00:00 0 
7f146927d000-7f146937b000 rw-p 00000000 00:00 0 
7f146937b000-7f146937e000 ---p 00000000 00:00 0 
7f146937e000-7f146947c000 rw-p 00000000 00:00 0 
7f146947c000-7f146947f000 ---p 00000000 00:00 0 
7f146947f000-7f146957d000 rw-p 00000000 00:00 0 
7f146957d000-7f1469580000 ---p 00000000 00:00 0 
7f1469580000-7f146967e000 rw-p 00000000 00:00 0 
7f146967e000-7f1469956000 r--p 00000000 08:05 5242947                    /usr/lib/locale/locale-archive
7f1469956000-7f1469959000 ---p 00000000 00:00 0 
7f1469959000-7f1469a57000 rw-p 00000000 00:00 0 
7f1469a57000-7f1469a5a000 ---p 00000000 00:00 0 
7f1469a5a000-7f1469b58000 rw-p 00000000 00:00 0 
7f1469b58000-7f1469b59000 ---p 00000000 00:00 0 
7f1469b59000-7f146abec000 rw-p 00000000 00:00 0 
7f146abec000-7f146adbb000 r--s 03c21000 08:05 8130606                    /usr/lib/jvm/java-8-openjdk-amd64/jre/lib/rt.jar
7f146adbb000-7f146b1fb000 rw-p 00000000 00:00 0 
7f146b1fb000-7f146b5bb000 ---p 00000000 00:00 0 
7f146b5bb000-7f146b993000 rw-p 00000000 00:00 0 
7f146b993000-7f146b994000 ---p 00000000 00:00 0 
7f146b994000-7f146ba94000 rw-p 00000000 00:00 0 
7f146ba94000-7f146ba95000 ---p 00000000 00:00 0 
7f146ba95000-7f146bb95000 rw-p 00000000 00:00 0 
7f146bb95000-7f146bb96000 ---p 00000000 00:00 0 
7f146bb96000-7f146bc96000 rw-p 00000000 00:00 0 
7f146bc96000-7f146bc97000 ---p 00000000 00:00 0 
7f146bc97000-7f146bdc1000 rw-p 00000000 00:00 0 
7f146bdc1000-7f146c027000 ---p 00000000 00:00 0 
7f146c027000-7f146c051000 rw-p 00000000 00:00 0 
7f146c051000-7f146c2b7000 ---p 00000000 00:00 0 
7f146c2b7000-7f146c2cc000 rw-p 00000000 00:00 0 
7f146c2cc000-7f146c3ff000 ---p 00000000 00:00 0 
7f146c3ff000-7f146c40a000 rw-p 00000000 00:00 0 
7f146c40a000-7f146c7c0000 ---p 00000000 00:00 0 
7f146c7c0000-7f146ca30000 rwxp 00000000 00:00 0 
7f146ca30000-7f147b7c0000 ---p 00000000 00:00 0 
7f147b7c0000-7f147b7c8000 r-xp 00000000 08:05 8533544                    /usr/lib/jvm/java-8-openjdk-amd64/jre/lib/amd64/libzip.so
7f147b7c8000-7f147b9c7000 ---p 00008000 08:05 8533544                    /usr/lib/jvm/java-8-openjdk-amd64/jre/lib/amd64/libzip.so
7f147b9c7000-7f147b9c8000 r--p 00007000 08:05 8533544                    /usr/lib/jvm/java-8-openjdk-amd64/jre/lib/amd64/libzip.so
7f147b9c8000-7f147b9c9000 rw-p 00008000 08:05 8533544                    /usr/lib/jvm/java-8-openjdk-amd64/jre/lib/amd64/libzip.so
7f147b9c9000-7f147b9d4000 r-xp 00000000 08:05 1835182                    /lib/x86_64-linux-gnu/libnss_files-2.23.so
7f147b9d4000-7f147bbd3000 ---p 0000b000 08:05 1835182                    /lib/x86_64-linux-gnu/libnss_files-2.23.so
7f147bbd3000-7f147bbd4000 r--p 0000a000 08:05 1835182                    /lib/x86_64-linux-gnu/libnss_files-2.23.so
7f147bbd4000-7f147bbd5000 rw-p 0000b000 08:05 1835182                    /lib/x86_64-linux-gnu/libnss_files-2.23.so
7f147bbd5000-7f147bbdb000 rw-p 00000000 00:00 0 
7f147bbdb000-7f147bbe6000 r-xp 00000000 08:05 1835186                    /lib/x86_64-linux-gnu/libnss_nis-2.23.so
7f147bbe6000-7f147bde5000 ---p 0000b000 08:05 1835186                    /lib/x86_64-linux-gnu/libnss_nis-2.23.so
7f147bde5000-7f147bde6000 r--p 0000a000 08:05 1835186                    /lib/x86_64-linux-gnu/libnss_nis-2.23.so
7f147bde6000-7f147bde7000 rw-p 0000b000 08:05 1835186                    /lib/x86_64-linux-gnu/libnss_nis-2.23.so
7f147bde7000-7f147bdfd000 r-xp 00000000 08:05 1835025                    /lib/x86_64-linux-gnu/libnsl-2.23.so
7f147bdfd000-7f147bffc000 ---p 00016000 08:05 1835025                    /lib/x86_64-linux-gnu/libnsl-2.23.so
7f147bffc000-7f147bffd000 r--p 00015000 08:05 1835025                    /lib/x86_64-linux-gnu/libnsl-2.23.so
7f147bffd000-7f147bffe000 rw-p 00016000 08:05 1835025                    /lib/x86_64-linux-gnu/libnsl-2.23.so
7f147bffe000-7f147c000000 rw-p 00000000 00:00 0 
7f147c000000-7f147c200000 rw-p 00000000 00:00 0 
7f147c200000-7f1480000000 ---p 00000000 00:00 0 
7f1480007000-7f14800cb000 rw-p 00000000 00:00 0 
7f14800cb000-7f14800d3000 r-xp 00000000 08:05 1835177                    /lib/x86_64-linux-gnu/libnss_compat-2.23.so
7f14800d3000-7f14802d2000 ---p 00008000 08:05 1835177                    /lib/x86_64-linux-gnu/libnss_compat-2.23.so
7f14802d2000-7f14802d3000 r--p 00007000 08:05 1835177                    /lib/x86_64-linux-gnu/libnss_compat-2.23.so
7f14802d3000-7f14802d4000 rw-p 00008000 08:05 1835177                    /lib/x86_64-linux-gnu/libnss_compat-2.23.so
7f14802d4000-7f1480301000 r-xp 00000000 08:05 8533527                    /usr/lib/jvm/java-8-openjdk-amd64/jre/lib/amd64/libjava.so
7f1480301000-7f1480500000 ---p 0002d000 08:05 8533527                    /usr/lib/jvm/java-8-openjdk-amd64/jre/lib/amd64/libjava.so
7f1480500000-7f1480501000 r--p 0002c000 08:05 8533527                    /usr/lib/jvm/java-8-openjdk-amd64/jre/lib/amd64/libjava.so
7f1480501000-7f1480503000 rw-p 0002d000 08:05 8533527                    /usr/lib/jvm/java-8-openjdk-amd64/jre/lib/amd64/libjava.so
7f1480503000-7f1480512000 r-xp 00000000 08:05 8533542                    /usr/lib/jvm/java-8-openjdk-amd64/jre/lib/amd64/libverify.so
7f1480512000-7f1480711000 ---p 0000f000 08:05 8533542                    /usr/lib/jvm/java-8-openjdk-amd64/jre/lib/amd64/libverify.so
7f1480711000-7f1480713000 r--p 0000e000 08:05 8533542                    /usr/lib/jvm/java-8-openjdk-amd64/jre/lib/amd64/libverify.so
7f1480713000-7f1480714000 rw-p 00010000 08:05 8533542                    /usr/lib/jvm/java-8-openjdk-amd64/jre/lib/amd64/libverify.so
7f1480714000-7f148071b000 r-xp 00000000 08:05 1835187                    /lib/x86_64-linux-gnu/librt-2.23.so
7f148071b000-7f148091a000 ---p 00007000 08:05 1835187                    /lib/x86_64-linux-gnu/librt-2.23.so
7f148091a000-7f148091b000 r--p 00006000 08:05 1835187                    /lib/x86_64-linux-gnu/librt-2.23.so
7f148091b000-7f148091c000 rw-p 00007000 08:05 1835187                    /lib/x86_64-linux-gnu/librt-2.23.so
7f148091c000-7f1480932000 r-xp 00000000 08:05 1839627                    /lib/x86_64-linux-gnu/libgcc_s.so.1
7f1480932000-7f1480b31000 ---p 00016000 08:05 1839627                    /lib/x86_64-linux-gnu/libgcc_s.so.1
7f1480b31000-7f1480b32000 rw-p 00015000 08:05 1839627                    /lib/x86_64-linux-gnu/libgcc_s.so.1
7f1480b32000-7f1480c3a000 r-xp 00000000 08:05 1835022                    /lib/x86_64-linux-gnu/libm-2.23.so
7f1480c3a000-7f1480e39000 ---p 00108000 08:05 1835022                    /lib/x86_64-linux-gnu/libm-2.23.so
7f1480e39000-7f1480e3a000 r--p 00107000 08:05 1835022                    /lib/x86_64-linux-gnu/libm-2.23.so
7f1480e3a000-7f1480e3b000 rw-p 00108000 08:05 1835022                    /lib/x86_64-linux-gnu/libm-2.23.so
7f1480e3b000-7f1480fad000 r-xp 00000000 08:05 5244930                    /usr/lib/x86_64-linux-gnu/libstdc++.so.6.0.21
7f1480fad000-7f14811ad000 ---p 00172000 08:05 5244930                    /usr/lib/x86_64-linux-gnu/libstdc++.so.6.0.21
7f14811ad000-7f14811b7000 r--p 00172000 08:05 5244930                    /usr/lib/x86_64-linux-gnu/libstdc++.so.6.0.21
7f14811b7000-7f14811b9000 rw-p 0017c000 08:05 5244930                    /usr/lib/x86_64-linux-gnu/libstdc++.so.6.0.21
7f14811b9000-7f14811bd000 rw-p 00000000 00:00 0 
7f14811bd000-7f1481e0f000 r-xp 00000000 08:05 8533537                    /usr/lib/jvm/java-8-openjdk-amd64/jre/lib/amd64/server/libjvm.so
7f1481e0f000-7f148200f000 ---p 00c52000 08:05 8533537                    /usr/lib/jvm/java-8-openjdk-amd64/jre/lib/amd64/server/libjvm.so
7f148200f000-7f14820a2000 r--p 00c52000 08:05 8533537                    /usr/lib/jvm/java-8-openjdk-amd64/jre/lib/amd64/server/libjvm.so
7f14820a2000-7f14820cb000 rw-p 00ce5000 08:05 8533537                    /usr/lib/jvm/java-8-openjdk-amd64/jre/lib/amd64/server/libjvm.so
7f14820cb000-7f14820fb000 rw-p 00000000 00:00 0 
7f14820fb000-7f1482113000 r-xp 00000000 08:05 1835092                    /lib/x86_64-linux-gnu/libpthread-2.23.so
7f1482113000-7f1482312000 ---p 00018000 08:05 1835092                    /lib/x86_64-linux-gnu/libpthread-2.23.so
7f1482312000-7f1482313000 r--p 00017000 08:05 1835092                    /lib/x86_64-linux-gnu/libpthread-2.23.so
7f1482313000-7f1482314000 rw-p 00018000 08:05 1835092                    /lib/x86_64-linux-gnu/libpthread-2.23.so
7f1482314000-7f1482318000 rw-p 00000000 00:00 0 
7f1482318000-7f148231b000 r-xp 00000000 08:05 1835099                    /lib/x86_64-linux-gnu/libdl-2.23.so
7f148231b000-7f148251a000 ---p 00003000 08:05 1835099                    /lib/x86_64-linux-gnu/libdl-2.23.so
7f148251a000-7f148251b000 r--p 00002000 08:05 1835099                    /lib/x86_64-linux-gnu/libdl-2.23.so
7f148251b000-7f148251c000 rw-p 00003000 08:05 1835099                    /lib/x86_64-linux-gnu/libdl-2.23.so
7f148251c000-7f1482535000 r-xp 00000000 08:05 1839561                    /lib/x86_64-linux-gnu/libz.so.1.2.8
7f1482535000-7f1482734000 ---p 00019000 08:05 1839561                    /lib/x86_64-linux-gnu/libz.so.1.2.8
7f1482734000-7f1482735000 r--p 00018000 08:05 1839561                    /lib/x86_64-linux-gnu/libz.so.1.2.8
7f1482735000-7f1482736000 rw-p 00019000 08:05 1839561                    /lib/x86_64-linux-gnu/libz.so.1.2.8
7f1482736000-7f14828f6000 r-xp 00000000 08:05 1835096                    /lib/x86_64-linux-gnu/libc-2.23.so
7f14828f6000-7f1482af6000 ---p 001c0000 08:05 1835096                    /lib/x86_64-linux-gnu/libc-2.23.so
7f1482af6000-7f1482afa000 r--p 001c0000 08:05 1835096                    /lib/x86_64-linux-gnu/libc-2.23.so
7f1482afa000-7f1482afc000 rw-p 001c4000 08:05 1835096                    /lib/x86_64-linux-gnu/libc-2.23.so
7f1482afc000-7f1482b00000 rw-p 00000000 00:00 0 
7f1482b00000-7f1482b0d000 r-xp 00000000 08:05 8533540                    /usr/lib/jvm/java-8-openjdk-amd64/jre/lib/amd64/jli/libjli.so
7f1482b0d000-7f1482d0d000 ---p 0000d000 08:05 8533540                    /usr/lib/jvm/java-8-openjdk-amd64/jre/lib/amd64/jli/libjli.so
7f1482d0d000-7f1482d0e000 r--p 0000d000 08:05 8533540                    /usr/lib/jvm/java-8-openjdk-amd64/jre/lib/amd64/jli/libjli.so
7f1482d0e000-7f1482d0f000 rw-p 0000e000 08:05 8533540                    /usr/lib/jvm/java-8-openjdk-amd64/jre/lib/amd64/jli/libjli.so
7f1482d0f000-7f1482d35000 r-xp 00000000 08:05 1835037                    /lib/x86_64-linux-gnu/ld-2.23.so
7f1482d39000-7f1482d3b000 r--s 0000c000 08:05 6951373                    /home/chris/Desktop/NetworkSecurity/Project1/PacketParser/commons-cli-1.4.jar
7f1482d3b000-7f1482d45000 r--s 00116000 08:05 8262877                    /usr/lib/jvm/java-8-openjdk-amd64/jre/lib/ext/localedata.jar
7f1482d45000-7f1482e10000 rw-p 00000000 00:00 0 
7f1482e10000-7f1482e13000 ---p 00000000 00:00 0 
7f1482e13000-7f1482f15000 rw-p 00000000 00:00 0 
7f1482f16000-7f1482f18000 r--s 00008000 08:05 8262876                    /usr/lib/jvm/java-8-openjdk-amd64/jre/lib/ext/sunec.jar
7f1482f18000-7f1482f1a000 r--s 00001000 08:05 8262880                    /usr/lib/jvm/java-8-openjdk-amd64/jre/lib/ext/dnsns.jar
7f1482f1a000-7f1482f1b000 r--s 0000a000 08:05 8262879                    /usr/lib/jvm/java-8-openjdk-amd64/jre/lib/ext/jaccess.jar
7f1482f1b000-7f1482f1e000 r--s 0000f000 08:05 8261925                    /usr/lib/jvm/java-8-openjdk-amd64/jre/lib/ext/icedtea-sound.jar
7f1482f1e000-7f1482f22000 r--s 00037000 08:05 8262878                    /usr/lib/jvm/java-8-openjdk-amd64/jre/lib/ext/sunpkcs11.jar
7f1482f22000-7f1482f23000 r--s 00010000 08:05 8262873                    /usr/lib/jvm/java-8-openjdk-amd64/jre/lib/ext/zipfs.jar
7f1482f23000-7f1482f29000 r--s 0003a000 08:05 8262875                    /usr/lib/jvm/java-8-openjdk-amd64/jre/lib/ext/sunjce_provider.jar
7f1482f29000-7f1482f31000 rw-s 00000000 08:05 659560                     /tmp/hsperfdata_chris/2622
7f1482f31000-7f1482f32000 rw-p 00000000 00:00 0 
7f1482f32000-7f1482f33000 r--p 00000000 00:00 0 
7f1482f33000-7f1482f34000 rw-p 00000000 00:00 0 
7f1482f34000-7f1482f35000 r--p 00025000 08:05 1835037                    /lib/x86_64-linux-gnu/ld-2.23.so
7f1482f35000-7f1482f36000 rw-p 00026000 08:05 1835037                    /lib/x86_64-linux-gnu/ld-2.23.so
7f1482f36000-7f1482f37000 rw-p 00000000 00:00 0 
7fff28362000-7fff28383000 rw-p 00000000 00:00 0                          [stack]
7fff2839b000-7fff2839e000 r--p 00000000 00:00 0                          [vvar]
7fff2839e000-7fff283a0000 r-xp 00000000 00:00 0                          [vdso]
ffffffffff600000-ffffffffff601000 r-xp 00000000 00:00 0                  [vsyscall]

VM Arguments:
java_command: Main
java_class_path (initial): .:commons-cli-1.4.jar
Launcher Type: SUN_STANDARD

Environment Variables:
PATH=/home/chris/bin:/home/chris/.local/bin:/usr/local/sbin:/usr/local/bin:/usr/sbin:/usr/bin:/sbin:/bin:/usr/games:/usr/local/games:~/opt/gradle/gradle-4.0/bin:/snap/bin
SHELL=/bin/bash
DISPLAY=:0

Signal Handlers:
SIGSEGV: [libjvm.so+0xa69040], sa_mask[0]=11111111011111111101111111111110, sa_flags=SA_RESTART|SA_SIGINFO
SIGBUS: [libjvm.so+0xa69040], sa_mask[0]=11111111011111111101111111111110, sa_flags=SA_RESTART|SA_SIGINFO
SIGFPE: [libjvm.so+0x8b2170], sa_mask[0]=11111111011111111101111111111110, sa_flags=SA_RESTART|SA_SIGINFO
SIGPIPE: [libjvm.so+0x8b2170], sa_mask[0]=11111111011111111101111111111110, sa_flags=SA_RESTART|SA_SIGINFO
SIGXFSZ: [libjvm.so+0x8b2170], sa_mask[0]=11111111011111111101111111111110, sa_flags=SA_RESTART|SA_SIGINFO
SIGILL: [libjvm.so+0x8b2170], sa_mask[0]=11111111011111111101111111111110, sa_flags=SA_RESTART|SA_SIGINFO
SIGUSR1: SIG_DFL, sa_mask[0]=00000000000000000000000000000000, sa_flags=none
SIGUSR2: [libjvm.so+0x8b2020], sa_mask[0]=00000000000000000000000000000000, sa_flags=SA_RESTART|SA_SIGINFO
SIGHUP: [libjvm.so+0x8b24f0], sa_mask[0]=11111111011111111101111111111110, sa_flags=SA_RESTART|SA_SIGINFO
SIGINT: [libjvm.so+0x8b24f0], sa_mask[0]=11111111011111111101111111111110, sa_flags=SA_RESTART|SA_SIGINFO
SIGTERM: [libjvm.so+0x8b24f0], sa_mask[0]=11111111011111111101111111111110, sa_flags=SA_RESTART|SA_SIGINFO
SIGQUIT: [libjvm.so+0x8b24f0], sa_mask[0]=11111111011111111101111111111110, sa_flags=SA_RESTART|SA_SIGINFO


---------------  S Y S T E M  ---------------

OS:DISTRIB_ID=Ubuntu
DISTRIB_RELEASE=16.04
DISTRIB_CODENAME=xenial
DISTRIB_DESCRIPTION="Ubuntu 16.04.3 LTS"

uname:Linux 4.13.0-32-generic #35~16.04.1-Ubuntu SMP Thu Jan 25 10:13:43 UTC 2018 x86_64
libc:glibc 2.23 NPTL 2.23 
rlimit: STACK 8192k, CORE 0k, NPROC 31061, NOFILE 1048576, AS infinity
load average:0.30 0.57 0.42

/proc/meminfo:
MemTotal:        8057372 kB
MemFree:         6108176 kB
MemAvailable:    6644716 kB
Buffers:           99388 kB
Cached:           890132 kB
SwapCached:            0 kB
Active:          1050048 kB
Inactive:         716304 kB
Active(anon):     780052 kB
Inactive(anon):   248700 kB
Active(file):     269996 kB
Inactive(file):   467604 kB
Unevictable:          32 kB
Mlocked:              32 kB
SwapTotal:       8276988 kB
SwapFree:        8276988 kB
Dirty:               108 kB
Writeback:             0 kB
AnonPages:        776944 kB
Mapped:           339168 kB
Shmem:            251924 kB
Slab:              83492 kB
SReclaimable:      46504 kB
SUnreclaim:        36988 kB
KernelStack:        8928 kB
PageTables:        32644 kB
NFS_Unstable:          0 kB
Bounce:                0 kB
WritebackTmp:          0 kB
CommitLimit:    12305672 kB
Committed_AS:    5225220 kB
VmallocTotal:   34359738367 kB
VmallocUsed:           0 kB
VmallocChunk:          0 kB
HardwareCorrupted:     0 kB
AnonHugePages:         0 kB
ShmemHugePages:        0 kB
ShmemPmdMapped:        0 kB
CmaTotal:              0 kB
CmaFree:               0 kB
HugePages_Total:       0
HugePages_Free:        0
HugePages_Rsvd:        0
HugePages_Surp:        0
Hugepagesize:       2048 kB
DirectMap4k:      138640 kB
DirectMap2M:     3944448 kB
DirectMap1G:     4194304 kB


CPU:total 4 (initial active 4) (2 cores per cpu, 2 threads per core) family 6 model 78 stepping 3, cmov, cx8, fxsr, mmx, sse, sse2, sse3, ssse3, sse4.1, sse4.2, popcnt, avx, avx2, aes, clmul, erms, rtm, 3dnowpref, lzcnt, ht, tsc, tscinvbit, bmi1, bmi2, adx

/proc/cpuinfo:
processor	: 0
vendor_id	: GenuineIntel
cpu family	: 6
model		: 78
model name	: Intel(R) Core(TM) i3-6100U CPU @ 2.30GHz
stepping	: 3
microcode	: 0x7c
cpu MHz		: 2300.000
cache size	: 3072 KB
physical id	: 0
siblings	: 4
core id		: 0
cpu cores	: 2
apicid		: 0
initial apicid	: 0
fpu		: yes
fpu_exception	: yes
cpuid level	: 22
wp		: yes
flags		: fpu vme de pse tsc msr pae mce cx8 apic sep mtrr pge mca cmov pat pse36 clflush dts acpi mmx fxsr sse sse2 ss ht tm pbe syscall nx pdpe1gb rdtscp lm constant_tsc art arch_perfmon pebs bts rep_good nopl xtopology nonstop_tsc cpuid aperfmperf tsc_known_freq pni pclmulqdq dtes64 monitor ds_cpl vmx est tm2 ssse3 sdbg fma cx16 xtpr pdcm pcid sse4_1 sse4_2 x2apic movbe popcnt aes xsave avx f16c rdrand lahf_lm abm 3dnowprefetch cpuid_fault epb invpcid_single pti intel_pt tpr_shadow vnmi flexpriority ept vpid fsgsbase tsc_adjust bmi1 hle avx2 smep bmi2 erms invpcid rtm mpx rdseed adx smap clflushopt xsaveopt xsavec xgetbv1 xsaves dtherm ida arat pln pts hwp hwp_notify hwp_act_window hwp_epp
bugs		: cpu_meltdown spectre_v1 spectre_v2
bogomips	: 4608.00
clflush size	: 64
cache_alignment	: 64
address sizes	: 39 bits physical, 48 bits virtual
power management:

processor	: 1
vendor_id	: GenuineIntel
cpu family	: 6
model		: 78
model name	: Intel(R) Core(TM) i3-6100U CPU @ 2.30GHz
stepping	: 3
microcode	: 0x7c
cpu MHz		: 2300.000
cache size	: 3072 KB
physical id	: 0
siblings	: 4
core id		: 1
cpu cores	: 2
apicid		: 2
initial apicid	: 2
fpu		: yes
fpu_exception	: yes
cpuid level	: 22
wp		: yes
flags		: fpu vme de pse tsc msr pae mce cx8 apic sep mtrr pge mca cmov pat pse36 clflush dts acpi mmx fxsr sse sse2 ss ht tm pbe syscall nx pdpe1gb rdtscp lm constant_tsc art arch_perfmon pebs bts rep_good nopl xtopology nonstop_tsc cpuid aperfmperf tsc_known_freq pni pclmulqdq dtes64 monitor ds_cpl vmx est tm2 ssse3 sdbg fma cx16 xtpr pdcm pcid sse4_1 sse4_2 x2apic movbe popcnt aes xsave avx f16c rdrand lahf_lm abm 3dnowprefetch cpuid_fault epb invpcid_single pti intel_pt tpr_shadow vnmi flexpriority ept vpid fsgsbase tsc_adjust bmi1 hle avx2 smep bmi2 erms invpcid rtm mpx rdseed adx smap clflushopt xsaveopt xsavec xgetbv1 xsaves dtherm ida arat pln pts hwp hwp_notify hwp_act_window hwp_epp
bugs		: cpu_meltdown spectre_v1 spectre_v2
bogomips	: 4608.00
clflush size	: 64
cache_alignment	: 64
address sizes	: 39 bits physical, 48 bits virtual
power management:

processor	: 2
vendor_id	: GenuineIntel
cpu family	: 6
model		: 78
model name	: Intel(R) Core(TM) i3-6100U CPU @ 2.30GHz
stepping	: 3
microcode	: 0x7c
cpu MHz		: 2300.000
cache size	: 3072 KB
physical id	: 0
siblings	: 4
core id		: 0
cpu cores	: 2
apicid		: 1
initial apicid	: 1
fpu		: yes
fpu_exception	: yes
cpuid level	: 22
wp		: yes
flags		: fpu vme de pse tsc msr pae mce cx8 apic sep mtrr pge mca cmov pat pse36 clflush dts acpi mmx fxsr sse sse2 ss ht tm pbe syscall nx pdpe1gb rdtscp lm constant_tsc art arch_perfmon pebs bts rep_good nopl xtopology nonstop_tsc cpuid aperfmperf tsc_known_freq pni pclmulqdq dtes64 monitor ds_cpl vmx est tm2 ssse3 sdbg fma cx16 xtpr pdcm pcid sse4_1 sse4_2 x2apic movbe popcnt aes xsave avx f16c rdrand lahf_lm abm 3dnowprefetch cpuid_fault epb invpcid_single pti intel_pt tpr_shadow vnmi flexpriority ept vpid fsgsbase tsc_adjust bmi1 hle avx2 smep bmi2 erms invpcid rtm mpx rdseed adx smap clflushopt xsaveopt xsavec xgetbv1 xsaves dtherm ida arat pln pts hwp hwp_notify hwp_act_window hwp_epp
bugs		: cpu_meltdown spectre_v1 spectre_v2
bogomips	: 4608.00
clflush size	: 64
cache_alignment	: 64
address sizes	: 39 bits physical, 48 bits virtual
power management:

processor	: 3
vendor_id	: GenuineIntel
cpu family	: 6
model		: 78
model name	: Intel(R) Core(TM) i3-6100U CPU @ 2.30GHz
stepping	: 3
microcode	: 0x7c
cpu MHz		: 2300.000
cache size	: 3072 KB
physical id	: 0
siblings	: 4
core id		: 1
cpu cores	: 2
apicid		: 3
initial apicid	: 3
fpu		: yes
fpu_exception	: yes
cpuid level	: 22
wp		: yes
flags		: fpu vme de pse tsc msr pae mce cx8 apic sep mtrr pge mca cmov pat pse36 clflush dts acpi mmx fxsr sse sse2 ss ht tm pbe syscall nx pdpe1gb rdtscp lm constant_tsc art arch_perfmon pebs bts rep_good nopl xtopology nonstop_tsc cpuid aperfmperf tsc_known_freq pni pclmulqdq dtes64 monitor ds_cpl vmx est tm2 ssse3 sdbg fma cx16 xtpr pdcm pcid sse4_1 sse4_2 x2apic movbe popcnt aes xsave avx f16c rdrand lahf_lm abm 3dnowprefetch cpuid_fault epb invpcid_single pti intel_pt tpr_shadow vnmi flexpriority ept vpid fsgsbase tsc_adjust bmi1 hle avx2 smep bmi2 erms invpcid rtm mpx rdseed adx smap clflushopt xsaveopt xsavec xgetbv1 xsaves dtherm ida arat pln pts hwp hwp_notify hwp_act_window hwp_epp
bugs		: cpu_meltdown spectre_v1 spectre_v2
bogomips	: 4608.00
clflush size	: 64
cache_alignment	: 64
address sizes	: 39 bits physical, 48 bits virtual
power management:



Memory: 4k page, physical 8057372k(6108176k free), swap 8276988k(8276988k free)

vm_info: OpenJDK 64-Bit Server VM (25.151-b12) for linux-amd64 JRE (1.8.0_151-8u151-b12-0ubuntu0.16.04.2-b12), built on Oct 27 2017 21:59:02 by "buildd" with gcc 5.4.0 20160609

time: Fri Feb 23 20:50:44 2018
elapsed time: 2 seconds (0d 0h 0m 2s)

