#
# A fatal error has been detected by the Java Runtime Environment:
#
#  SIGSEGV (0xb) at pc=0x00007fd7c7dcd134, pid=3631, tid=0x00007fd7ee2f0700
#
# JRE version: OpenJDK Runtime Environment (8.0_151-b12) (build 1.8.0_151-8u151-b12-0ubuntu0.16.04.2-b12)
# Java VM: OpenJDK 64-Bit Server VM (25.151-b12 mixed mode linux-amd64 compressed oops)
# Problematic frame:
# C  [libpcap.so.0.8+0xf134]  pcap_next+0x4
#
# Failed to write core dump. Core dumps have been disabled. To enable core dumping, try "ulimit -c unlimited" before starting Java again
#
# If you would like to submit a bug report, please visit:
#   http://bugreport.java.com/bugreport/crash.jsp
# The crash happened outside the Java Virtual Machine in native code.
# See problematic frame for where to report the bug.
#

---------------  T H R E A D  ---------------

Current thread (0x00007fd7e4009800):  JavaThread "main" [_thread_in_native, id=3632, stack(0x00007fd7ee1f0000,0x00007fd7ee2f1000)]

siginfo: si_signo: 11 (SIGSEGV), si_code: 1 (SEGV_MAPERR), si_addr: 0x0000000000000260

Registers:
RAX=0x0000000000000000, RBX=0x00007fd7e966b548, RCX=0x00007fd7edc0d2dd, RDX=0x00007fd7ee2ef790
RSP=0x00007fd7ee2ef730, RBP=0x00007fd7ee2ef7b0, RSI=0x00007fd7ee2ef790, RDI=0x0000000000000000
R8 =0x00007fd7e40000b8, R9 =0x0000000000000000, R10=0x0000000000000077, R11=0x00007fd7c7dcd130
R12=0x0000000000000000, R13=0x00007fd7e966b548, R14=0x00007fd7ee2ef830, R15=0x00007fd7e4009800
RIP=0x00007fd7c7dcd134, EFLAGS=0x0000000000010206, CSGSFS=0x002b000000000033, ERR=0x0000000000000004
  TRAPNO=0x000000000000000e

Top of Stack: (sp=0x00007fd7ee2ef730)
0x00007fd7ee2ef730:   0000000000000000 00007fd7ededb620
0x00007fd7ee2ef740:   00007fd7d421d5b8 00007fd7edb857fa
0x00007fd7ee2ef750:   00007fd7e966b548 00007fd7e41503a0
0x00007fd7ee2ef760:   0000000000000002 00007fd7d421d0b5
0x00007fd7ee2ef770:   00007fd7ee2ef830 00007fd7e40099e0
0x00007fd7ee2ef780:   00007fd7ee2ef7b0 00007fd7e966b548
0x00007fd7ee2ef790:   0000000000000000 00007fd7e966b548
0x00007fd7ee2ef7a0:   00007fd7ee2ef810 00007fd7d5017612
0x00007fd7ee2ef7b0:   00007fd7ee2ef810 00007fd7d5017774
0x00007fd7ee2ef7c0:   0000000600000001 00007fd7d50174c2
0x00007fd7ee2ef7d0:   00007fd7ee2ef7d0 00007fd7e966b548
0x00007fd7ee2ef7e0:   00007fd7ee2ef830 00007fd7e966bdc0
0x00007fd7ee2ef7f0:   0000000000000000 00007fd7e966b548
0x00007fd7ee2ef800:   0000000000000000 00007fd7ee2ef830
0x00007fd7ee2ef810:   00007fd7ee2ef878 00007fd7d5007d80
0x00007fd7ee2ef820:   0000000000000000 00007fd7d501127b
0x00007fd7ee2ef830:   00000000d7089c98 00007fd7ee2ef838
0x00007fd7ee2ef840:   00007fd7e9669a2d 00007fd7ee2ef8c8
0x00007fd7ee2ef850:   00007fd7e9669e38 0000000000000000
0x00007fd7ee2ef860:   00007fd7e9669b38 00007fd7ee2ef830
0x00007fd7ee2ef870:   00007fd7ee2ef8c8 00007fd7ee2ef910
0x00007fd7ee2ef880:   00007fd7d5007d80 0000000000000000
0x00007fd7ee2ef890:   0000000000000000 0000000000000000
0x00007fd7ee2ef8a0:   0000000000000000 0000000000000000
0x00007fd7ee2ef8b0:   0000000000000000 0000000000000000
0x00007fd7ee2ef8c0:   0000000000000000 00000000d7084ee8
0x00007fd7ee2ef8d0:   00007fd7ee2ef8d0 00007fd7e9669616
0x00007fd7ee2ef8e0:   00007fd7ee2ef9b8 00007fd7e9669e38
0x00007fd7ee2ef8f0:   0000000000000000 00007fd7e9669878
0x00007fd7ee2ef900:   00007fd7ee2ef8c8 00007fd7ee2ef9b8
0x00007fd7ee2ef910:   00007fd7ee2efa00 00007fd7d5007ffd
0x00007fd7ee2ef920:   0000000000000000 0000000000000000 

Instructions: (pc=0x00007fd7c7dcd134)
0x00007fd7c7dcd114:   e0 90 66 2e 0f 1f 84 00 00 00 00 00 eb ee 0f 1f
0x00007fd7c7dcd124:   40 00 66 2e 0f 1f 84 00 00 00 00 00 48 83 ec 38
0x00007fd7c7dcd134:   48 8b 97 60 02 00 00 64 48 8b 04 25 28 00 00 00
0x00007fd7c7dcd144:   48 89 44 24 28 31 c0 48 8d 4c 24 10 48 8d 44 24 

Register to memory mapping:

RAX=0x0000000000000000 is an unknown value
RBX={method} {0x00007fd7e966b548} 'readPacket' '()[B' in 'SimplePacketDriver'
RCX=0x00007fd7edc0d2dd: __write+0x2d in /lib/x86_64-linux-gnu/libc.so.6 at 0x00007fd7edb16000
RDX=0x00007fd7ee2ef790 is pointing into the stack for thread: 0x00007fd7e4009800
RSP=0x00007fd7ee2ef730 is pointing into the stack for thread: 0x00007fd7e4009800
RBP=0x00007fd7ee2ef7b0 is pointing into the stack for thread: 0x00007fd7e4009800
RSI=0x00007fd7ee2ef790 is pointing into the stack for thread: 0x00007fd7e4009800
RDI=0x0000000000000000 is an unknown value
R8 =0x00007fd7e40000b8 is an unknown value
R9 =0x0000000000000000 is an unknown value
R10=0x0000000000000077 is an unknown value
R11=0x00007fd7c7dcd130: pcap_next+0 in /usr/lib/x86_64-linux-gnu/libpcap.so.0.8 at 0x00007fd7c7dbe000
R12=0x0000000000000000 is an unknown value
R13={method} {0x00007fd7e966b548} 'readPacket' '()[B' in 'SimplePacketDriver'
R14=0x00007fd7ee2ef830 is pointing into the stack for thread: 0x00007fd7e4009800
R15=0x00007fd7e4009800 is a thread


Stack: [0x00007fd7ee1f0000,0x00007fd7ee2f1000],  sp=0x00007fd7ee2ef730,  free space=1021k
Native frames: (J=compiled Java code, j=interpreted, Vv=VM code, C=native code)
C  [libpcap.so.0.8+0xf134]  pcap_next+0x4
j  SimplePacketDriver.readPacket()[B+0
j  OptionHandler.getPacket()[B+13
j  OptionHandler.runOptions()V+862
j  Main.main([Ljava/lang/String;)V+18
v  ~StubRoutines::call_stub
V  [libjvm.so+0x66287b]
V  [libjvm.so+0x68452e]
V  [libjvm.so+0x686e5f]
C  [libjli.so+0x3552]
C  [libjli.so+0x73dd]
C  [libpthread.so.0+0x76ba]  start_thread+0xca

Java frames: (J=compiled Java code, j=interpreted, Vv=VM code)
j  SimplePacketDriver.readPacket()[B+0
j  OptionHandler.getPacket()[B+13
j  OptionHandler.runOptions()V+862
j  Main.main([Ljava/lang/String;)V+18
v  ~StubRoutines::call_stub

---------------  P R O C E S S  ---------------

Java Threads: ( => current thread )
  0x00007fd7e40c9800 JavaThread "Service Thread" daemon [_thread_blocked, id=3644, stack(0x00007fd7d4520000,0x00007fd7d4621000)]
  0x00007fd7e40b2000 JavaThread "C1 CompilerThread2" daemon [_thread_blocked, id=3643, stack(0x00007fd7d4621000,0x00007fd7d4722000)]
  0x00007fd7e40b0800 JavaThread "C2 CompilerThread1" daemon [_thread_blocked, id=3642, stack(0x00007fd7d4722000,0x00007fd7d4823000)]
  0x00007fd7e40ad800 JavaThread "C2 CompilerThread0" daemon [_thread_blocked, id=3641, stack(0x00007fd7d4823000,0x00007fd7d4924000)]
  0x00007fd7e40ab800 JavaThread "Signal Dispatcher" daemon [_thread_blocked, id=3640, stack(0x00007fd7d4924000,0x00007fd7d4a25000)]
  0x00007fd7e4083800 JavaThread "Finalizer" daemon [_thread_blocked, id=3639, stack(0x00007fd7d4cfd000,0x00007fd7d4dfe000)]
  0x00007fd7e407f000 JavaThread "Reference Handler" daemon [_thread_blocked, id=3638, stack(0x00007fd7d4dfe000,0x00007fd7d4eff000)]
=>0x00007fd7e4009800 JavaThread "main" [_thread_in_native, id=3632, stack(0x00007fd7ee1f0000,0x00007fd7ee2f1000)]

Other Threads:
  0x00007fd7e4077000 VMThread [stack: 0x00007fd7d4eff000,0x00007fd7d5000000] [id=3637]
  0x00007fd7e40cc000 WatcherThread [stack: 0x00007fd7d441f000,0x00007fd7d4520000] [id=3645]

VM state:not at safepoint (normal execution)

VM Mutex/Monitor currently owned by a thread: None

Heap:
 PSYoungGen      total 36864K, used 1910K [0x00000000d7000000, 0x00000000d9900000, 0x0000000100000000)
  eden space 31744K, 6% used [0x00000000d7000000,0x00000000d71dd9a0,0x00000000d8f00000)
  from space 5120K, 0% used [0x00000000d9400000,0x00000000d9400000,0x00000000d9900000)
  to   space 5120K, 0% used [0x00000000d8f00000,0x00000000d8f00000,0x00000000d9400000)
 ParOldGen       total 84992K, used 0K [0x0000000085000000, 0x000000008a300000, 0x00000000d7000000)
  object space 84992K, 0% used [0x0000000085000000,0x0000000085000000,0x000000008a300000)
 Metaspace       used 3627K, capacity 4656K, committed 4864K, reserved 1056768K
  class space    used 400K, capacity 428K, committed 512K, reserved 1048576K

Card table byte_map: [0x00007fd7ea4d2000,0x00007fd7ea8ab000] byte_map_base: 0x00007fd7ea0aa000

Marking Bits: (ParMarkBitMap*) 0x00007fd7ed4be2c0
 Begin Bits: [0x00007fd7cc280000, 0x00007fd7ce140000)
 End Bits:   [0x00007fd7ce140000, 0x00007fd7d0000000)

Polling page: 0x00007fd7ee312000

CodeCache: size=245760Kb used=1244Kb max_used=1255Kb free=244515Kb
 bounds [0x00007fd7d5000000, 0x00007fd7d5270000, 0x00007fd7e4000000]
 total_blobs=331 nmethods=90 adapters=156
 compilation: enabled

Compilation events (10 events):
Event: 0.121 Thread 0x00007fd7e40b2000 nmethod 87 0x00007fd7d5135e90 code [0x00007fd7d5136000, 0x00007fd7d5136190]
Event: 0.121 Thread 0x00007fd7e40b2000   86       3       java.util.regex.Pattern::next (33 bytes)
Event: 0.121 Thread 0x00007fd7e40b2000 nmethod 86 0x00007fd7d5136210 code [0x00007fd7d51363a0, 0x00007fd7d5136648]
Event: 0.121 Thread 0x00007fd7e40b2000   89       3       java.util.regex.ASCII::isAscii (13 bytes)
Event: 0.121 Thread 0x00007fd7e40b2000 nmethod 89 0x00007fd7d5136790 code [0x00007fd7d5136900, 0x00007fd7d5136a90]
Event: 0.121 Thread 0x00007fd7e40b2000   88       1       java.util.regex.Pattern::flags (5 bytes)
Event: 0.121 Thread 0x00007fd7e40b2000 nmethod 88 0x00007fd7d5136b10 code [0x00007fd7d5136c60, 0x00007fd7d5136d70]
Event: 0.122 Thread 0x00007fd7e40b0800 nmethod 84 0x00007fd7d5139b90 code [0x00007fd7d5139ce0, 0x00007fd7d5139e78]
Event: 2.039 Thread 0x00007fd7e40b2000   90       1       java.nio.Buffer::position (5 bytes)
Event: 2.040 Thread 0x00007fd7e40b2000 nmethod 90 0x00007fd7d51398d0 code [0x00007fd7d5139a20, 0x00007fd7d5139b30]

GC Heap History (0 events):
No events

Deoptimization events (0 events):
No events

Internal exceptions (8 events):
Event: 0.042 Thread 0x00007fd7e4009800 Exception <a 'java/lang/NoSuchMethodError': Method sun.misc.Unsafe.defineClass(Ljava/lang/String;[BII)Ljava/lang/Class; name or signature does not match> (0x00000000d7007ca8) thrown at [/build/openjdk-8-W2Qe27/openjdk-8-8u151-b12/src/hotspot/src/share/vm/
Event: 0.042 Thread 0x00007fd7e4009800 Exception <a 'java/lang/NoSuchMethodError': Method sun.misc.Unsafe.prefetchRead(Ljava/lang/Object;J)V name or signature does not match> (0x00000000d7007f90) thrown at [/build/openjdk-8-W2Qe27/openjdk-8-8u151-b12/src/hotspot/src/share/vm/prims/jni.cpp, lin
Event: 0.111 Thread 0x00007fd7e4009800 Exception <a 'java/security/PrivilegedActionException'> (0x00000000d71a27a8) thrown at [/build/openjdk-8-W2Qe27/openjdk-8-8u151-b12/src/hotspot/src/share/vm/prims/jvm.cpp, line 1390]
Event: 0.111 Thread 0x00007fd7e4009800 Exception <a 'java/security/PrivilegedActionException'> (0x00000000d71a2ba0) thrown at [/build/openjdk-8-W2Qe27/openjdk-8-8u151-b12/src/hotspot/src/share/vm/prims/jvm.cpp, line 1390]
Event: 0.112 Thread 0x00007fd7e4009800 Exception <a 'java/security/PrivilegedActionException'> (0x00000000d71a4e10) thrown at [/build/openjdk-8-W2Qe27/openjdk-8-8u151-b12/src/hotspot/src/share/vm/prims/jvm.cpp, line 1390]
Event: 0.112 Thread 0x00007fd7e4009800 Exception <a 'java/security/PrivilegedActionException'> (0x00000000d71a5208) thrown at [/build/openjdk-8-W2Qe27/openjdk-8-8u151-b12/src/hotspot/src/share/vm/prims/jvm.cpp, line 1390]
Event: 0.112 Thread 0x00007fd7e4009800 Exception <a 'java/security/PrivilegedActionException'> (0x00000000d71a5ec8) thrown at [/build/openjdk-8-W2Qe27/openjdk-8-8u151-b12/src/hotspot/src/share/vm/prims/jvm.cpp, line 1390]
Event: 0.112 Thread 0x00007fd7e4009800 Exception <a 'java/security/PrivilegedActionException'> (0x00000000d71a62c0) thrown at [/build/openjdk-8-W2Qe27/openjdk-8-8u151-b12/src/hotspot/src/share/vm/prims/jvm.cpp, line 1390]

Events (10 events):
Event: 0.118 loading class java/math/RoundingMode
Event: 0.118 loading class java/math/RoundingMode done
Event: 0.120 loading class java/util/regex/Pattern$GroupTail
Event: 0.120 loading class java/util/regex/Pattern$GroupTail done
Event: 0.120 loading class java/util/regex/Pattern$Ques
Event: 0.120 loading class java/util/regex/Pattern$Ques done
Event: 0.120 loading class java/util/regex/Pattern$Loop
Event: 0.120 loading class java/util/regex/Pattern$Loop done
Event: 0.120 loading class java/util/regex/Pattern$Prolog
Event: 0.120 loading class java/util/regex/Pattern$Prolog done


Dynamic libraries:
00400000-00401000 r-xp 00000000 08:05 8533564                            /usr/lib/jvm/java-8-openjdk-amd64/jre/bin/java
00600000-00601000 r--p 00000000 08:05 8533564                            /usr/lib/jvm/java-8-openjdk-amd64/jre/bin/java
00601000-00602000 rw-p 00001000 08:05 8533564                            /usr/lib/jvm/java-8-openjdk-amd64/jre/bin/java
013e3000-01404000 rw-p 00000000 00:00 0                                  [heap]
85000000-8a300000 rw-p 00000000 00:00 0 
8a300000-d7000000 ---p 00000000 00:00 0 
d7000000-d9900000 rw-p 00000000 00:00 0 
d9900000-100000000 ---p 00000000 00:00 0 
100000000-100080000 rw-p 00000000 00:00 0 
100080000-140000000 ---p 00000000 00:00 0 
7fd798000000-7fd798021000 rw-p 00000000 00:00 0 
7fd798021000-7fd79c000000 ---p 00000000 00:00 0 
7fd79c000000-7fd79c021000 rw-p 00000000 00:00 0 
7fd79c021000-7fd7a0000000 ---p 00000000 00:00 0 
7fd7a0000000-7fd7a0021000 rw-p 00000000 00:00 0 
7fd7a0021000-7fd7a4000000 ---p 00000000 00:00 0 
7fd7a4000000-7fd7a40cd000 rw-p 00000000 00:00 0 
7fd7a40cd000-7fd7a8000000 ---p 00000000 00:00 0 
7fd7a8000000-7fd7a8021000 rw-p 00000000 00:00 0 
7fd7a8021000-7fd7ac000000 ---p 00000000 00:00 0 
7fd7ac000000-7fd7ac04e000 rw-p 00000000 00:00 0 
7fd7ac04e000-7fd7b0000000 ---p 00000000 00:00 0 
7fd7b0000000-7fd7b0021000 rw-p 00000000 00:00 0 
7fd7b0021000-7fd7b4000000 ---p 00000000 00:00 0 
7fd7b4000000-7fd7b4021000 rw-p 00000000 00:00 0 
7fd7b4021000-7fd7b8000000 ---p 00000000 00:00 0 
7fd7b8000000-7fd7b8021000 rw-p 00000000 00:00 0 
7fd7b8021000-7fd7bc000000 ---p 00000000 00:00 0 
7fd7bc000000-7fd7bc021000 rw-p 00000000 00:00 0 
7fd7bc021000-7fd7c0000000 ---p 00000000 00:00 0 
7fd7c0000000-7fd7c0021000 rw-p 00000000 00:00 0 
7fd7c0021000-7fd7c4000000 ---p 00000000 00:00 0 
7fd7c7dbe000-7fd7c7dfc000 r-xp 00000000 08:05 5252117                    /usr/lib/x86_64-linux-gnu/libpcap.so.1.7.4
7fd7c7dfc000-7fd7c7ffc000 ---p 0003e000 08:05 5252117                    /usr/lib/x86_64-linux-gnu/libpcap.so.1.7.4
7fd7c7ffc000-7fd7c7ffe000 r--p 0003e000 08:05 5252117                    /usr/lib/x86_64-linux-gnu/libpcap.so.1.7.4
7fd7c7ffe000-7fd7c7fff000 rw-p 00040000 08:05 5252117                    /usr/lib/x86_64-linux-gnu/libpcap.so.1.7.4
7fd7c7fff000-7fd7c8000000 rw-p 00000000 00:00 0 
7fd7c8000000-7fd7c8021000 rw-p 00000000 00:00 0 
7fd7c8021000-7fd7cc000000 ---p 00000000 00:00 0 
7fd7cc067000-7fd7cc07d000 r-xp 00000000 08:05 5249511                    /usr/lib/x86_64-linux-gnu/libnet.so.1.7.0
7fd7cc07d000-7fd7cc27c000 ---p 00016000 08:05 5249511                    /usr/lib/x86_64-linux-gnu/libnet.so.1.7.0
7fd7cc27c000-7fd7cc27d000 r--p 00015000 08:05 5249511                    /usr/lib/x86_64-linux-gnu/libnet.so.1.7.0
7fd7cc27d000-7fd7cc27e000 rw-p 00016000 08:05 5249511                    /usr/lib/x86_64-linux-gnu/libnet.so.1.7.0
7fd7cc27e000-7fd7d0000000 rw-p 00000000 00:00 0 
7fd7d0000000-7fd7d0021000 rw-p 00000000 00:00 0 
7fd7d0021000-7fd7d4000000 ---p 00000000 00:00 0 
7fd7d421c000-7fd7d421e000 r-xp 00000000 08:05 5249935                    /usr/lib/x86_64-linux-gnu/libsimplepacketdriver_x64.so
7fd7d421e000-7fd7d441d000 ---p 00002000 08:05 5249935                    /usr/lib/x86_64-linux-gnu/libsimplepacketdriver_x64.so
7fd7d441d000-7fd7d441e000 r--p 00001000 08:05 5249935                    /usr/lib/x86_64-linux-gnu/libsimplepacketdriver_x64.so
7fd7d441e000-7fd7d441f000 rw-p 00002000 08:05 5249935                    /usr/lib/x86_64-linux-gnu/libsimplepacketdriver_x64.so
7fd7d441f000-7fd7d4420000 ---p 00000000 00:00 0 
7fd7d4420000-7fd7d4520000 rw-p 00000000 00:00 0 
7fd7d4520000-7fd7d4523000 ---p 00000000 00:00 0 
7fd7d4523000-7fd7d4621000 rw-p 00000000 00:00 0 
7fd7d4621000-7fd7d4624000 ---p 00000000 00:00 0 
7fd7d4624000-7fd7d4722000 rw-p 00000000 00:00 0 
7fd7d4722000-7fd7d4725000 ---p 00000000 00:00 0 
7fd7d4725000-7fd7d4823000 rw-p 00000000 00:00 0 
7fd7d4823000-7fd7d4826000 ---p 00000000 00:00 0 
7fd7d4826000-7fd7d4924000 rw-p 00000000 00:00 0 
7fd7d4924000-7fd7d4927000 ---p 00000000 00:00 0 
7fd7d4927000-7fd7d4a25000 rw-p 00000000 00:00 0 
7fd7d4a25000-7fd7d4cfd000 r--p 00000000 08:05 5242947                    /usr/lib/locale/locale-archive
7fd7d4cfd000-7fd7d4d00000 ---p 00000000 00:00 0 
7fd7d4d00000-7fd7d4dfe000 rw-p 00000000 00:00 0 
7fd7d4dfe000-7fd7d4e01000 ---p 00000000 00:00 0 
7fd7d4e01000-7fd7d4eff000 rw-p 00000000 00:00 0 
7fd7d4eff000-7fd7d4f00000 ---p 00000000 00:00 0 
7fd7d4f00000-7fd7d5000000 rw-p 00000000 00:00 0 
7fd7d5000000-7fd7d5270000 rwxp 00000000 00:00 0 
7fd7d5270000-7fd7e4000000 ---p 00000000 00:00 0 
7fd7e4000000-7fd7e4241000 rw-p 00000000 00:00 0 
7fd7e4241000-7fd7e8000000 ---p 00000000 00:00 0 
7fd7e800a000-7fd7e8025000 r--s 001d6000 08:05 8262874                    /usr/lib/jvm/java-8-openjdk-amd64/jre/lib/ext/nashorn.jar
7fd7e8025000-7fd7e8040000 r--s 00394000 08:05 8262872                    /usr/lib/jvm/java-8-openjdk-amd64/jre/lib/ext/cldrdata.jar
7fd7e8040000-7fd7e9021000 rw-p 00000000 00:00 0 
7fd7e9021000-7fd7e91f0000 r--s 03c21000 08:05 8130606                    /usr/lib/jvm/java-8-openjdk-amd64/jre/lib/rt.jar
7fd7e91f0000-7fd7e96a6000 rw-p 00000000 00:00 0 
7fd7e96a6000-7fd7e9a66000 ---p 00000000 00:00 0 
7fd7e9a66000-7fd7e9e3e000 rw-p 00000000 00:00 0 
7fd7e9e3e000-7fd7e9e3f000 ---p 00000000 00:00 0 
7fd7e9e3f000-7fd7e9f3f000 rw-p 00000000 00:00 0 
7fd7e9f3f000-7fd7e9f40000 ---p 00000000 00:00 0 
7fd7e9f40000-7fd7ea040000 rw-p 00000000 00:00 0 
7fd7ea040000-7fd7ea041000 ---p 00000000 00:00 0 
7fd7ea041000-7fd7ea141000 rw-p 00000000 00:00 0 
7fd7ea141000-7fd7ea142000 ---p 00000000 00:00 0 
7fd7ea142000-7fd7ea26c000 rw-p 00000000 00:00 0 
7fd7ea26c000-7fd7ea4d2000 ---p 00000000 00:00 0 
7fd7ea4d2000-7fd7ea4fc000 rw-p 00000000 00:00 0 
7fd7ea4fc000-7fd7ea762000 ---p 00000000 00:00 0 
7fd7ea762000-7fd7ea777000 rw-p 00000000 00:00 0 
7fd7ea777000-7fd7ea8aa000 ---p 00000000 00:00 0 
7fd7ea8aa000-7fd7ea8b5000 rw-p 00000000 00:00 0 
7fd7ea8b5000-7fd7eac6b000 ---p 00000000 00:00 0 
7fd7eac6b000-7fd7eac73000 r-xp 00000000 08:05 8533544                    /usr/lib/jvm/java-8-openjdk-amd64/jre/lib/amd64/libzip.so
7fd7eac73000-7fd7eae72000 ---p 00008000 08:05 8533544                    /usr/lib/jvm/java-8-openjdk-amd64/jre/lib/amd64/libzip.so
7fd7eae72000-7fd7eae73000 r--p 00007000 08:05 8533544                    /usr/lib/jvm/java-8-openjdk-amd64/jre/lib/amd64/libzip.so
7fd7eae73000-7fd7eae74000 rw-p 00008000 08:05 8533544                    /usr/lib/jvm/java-8-openjdk-amd64/jre/lib/amd64/libzip.so
7fd7eae74000-7fd7eae7f000 r-xp 00000000 08:05 1835182                    /lib/x86_64-linux-gnu/libnss_files-2.23.so
7fd7eae7f000-7fd7eb07e000 ---p 0000b000 08:05 1835182                    /lib/x86_64-linux-gnu/libnss_files-2.23.so
7fd7eb07e000-7fd7eb07f000 r--p 0000a000 08:05 1835182                    /lib/x86_64-linux-gnu/libnss_files-2.23.so
7fd7eb07f000-7fd7eb080000 rw-p 0000b000 08:05 1835182                    /lib/x86_64-linux-gnu/libnss_files-2.23.so
7fd7eb080000-7fd7eb086000 rw-p 00000000 00:00 0 
7fd7eb086000-7fd7eb091000 r-xp 00000000 08:05 1835186                    /lib/x86_64-linux-gnu/libnss_nis-2.23.so
7fd7eb091000-7fd7eb290000 ---p 0000b000 08:05 1835186                    /lib/x86_64-linux-gnu/libnss_nis-2.23.so
7fd7eb290000-7fd7eb291000 r--p 0000a000 08:05 1835186                    /lib/x86_64-linux-gnu/libnss_nis-2.23.so
7fd7eb291000-7fd7eb292000 rw-p 0000b000 08:05 1835186                    /lib/x86_64-linux-gnu/libnss_nis-2.23.so
7fd7eb292000-7fd7eb2a8000 r-xp 00000000 08:05 1835025                    /lib/x86_64-linux-gnu/libnsl-2.23.so
7fd7eb2a8000-7fd7eb4a7000 ---p 00016000 08:05 1835025                    /lib/x86_64-linux-gnu/libnsl-2.23.so
7fd7eb4a7000-7fd7eb4a8000 r--p 00015000 08:05 1835025                    /lib/x86_64-linux-gnu/libnsl-2.23.so
7fd7eb4a8000-7fd7eb4a9000 rw-p 00016000 08:05 1835025                    /lib/x86_64-linux-gnu/libnsl-2.23.so
7fd7eb4a9000-7fd7eb4ab000 rw-p 00000000 00:00 0 
7fd7eb4ab000-7fd7eb4b3000 r-xp 00000000 08:05 1835177                    /lib/x86_64-linux-gnu/libnss_compat-2.23.so
7fd7eb4b3000-7fd7eb6b2000 ---p 00008000 08:05 1835177                    /lib/x86_64-linux-gnu/libnss_compat-2.23.so
7fd7eb6b2000-7fd7eb6b3000 r--p 00007000 08:05 1835177                    /lib/x86_64-linux-gnu/libnss_compat-2.23.so
7fd7eb6b3000-7fd7eb6b4000 rw-p 00008000 08:05 1835177                    /lib/x86_64-linux-gnu/libnss_compat-2.23.so
7fd7eb6b4000-7fd7eb6e1000 r-xp 00000000 08:05 8533527                    /usr/lib/jvm/java-8-openjdk-amd64/jre/lib/amd64/libjava.so
7fd7eb6e1000-7fd7eb8e0000 ---p 0002d000 08:05 8533527                    /usr/lib/jvm/java-8-openjdk-amd64/jre/lib/amd64/libjava.so
7fd7eb8e0000-7fd7eb8e1000 r--p 0002c000 08:05 8533527                    /usr/lib/jvm/java-8-openjdk-amd64/jre/lib/amd64/libjava.so
7fd7eb8e1000-7fd7eb8e3000 rw-p 0002d000 08:05 8533527                    /usr/lib/jvm/java-8-openjdk-amd64/jre/lib/amd64/libjava.so
7fd7eb8e3000-7fd7eb8f2000 r-xp 00000000 08:05 8533542                    /usr/lib/jvm/java-8-openjdk-amd64/jre/lib/amd64/libverify.so
7fd7eb8f2000-7fd7ebaf1000 ---p 0000f000 08:05 8533542                    /usr/lib/jvm/java-8-openjdk-amd64/jre/lib/amd64/libverify.so
7fd7ebaf1000-7fd7ebaf3000 r--p 0000e000 08:05 8533542                    /usr/lib/jvm/java-8-openjdk-amd64/jre/lib/amd64/libverify.so
7fd7ebaf3000-7fd7ebaf4000 rw-p 00010000 08:05 8533542                    /usr/lib/jvm/java-8-openjdk-amd64/jre/lib/amd64/libverify.so
7fd7ebaf4000-7fd7ebafb000 r-xp 00000000 08:05 1835187                    /lib/x86_64-linux-gnu/librt-2.23.so
7fd7ebafb000-7fd7ebcfa000 ---p 00007000 08:05 1835187                    /lib/x86_64-linux-gnu/librt-2.23.so
7fd7ebcfa000-7fd7ebcfb000 r--p 00006000 08:05 1835187                    /lib/x86_64-linux-gnu/librt-2.23.so
7fd7ebcfb000-7fd7ebcfc000 rw-p 00007000 08:05 1835187                    /lib/x86_64-linux-gnu/librt-2.23.so
7fd7ebcfc000-7fd7ebd12000 r-xp 00000000 08:05 1839627                    /lib/x86_64-linux-gnu/libgcc_s.so.1
7fd7ebd12000-7fd7ebf11000 ---p 00016000 08:05 1839627                    /lib/x86_64-linux-gnu/libgcc_s.so.1
7fd7ebf11000-7fd7ebf12000 rw-p 00015000 08:05 1839627                    /lib/x86_64-linux-gnu/libgcc_s.so.1
7fd7ebf12000-7fd7ec01a000 r-xp 00000000 08:05 1835022                    /lib/x86_64-linux-gnu/libm-2.23.so
7fd7ec01a000-7fd7ec219000 ---p 00108000 08:05 1835022                    /lib/x86_64-linux-gnu/libm-2.23.so
7fd7ec219000-7fd7ec21a000 r--p 00107000 08:05 1835022                    /lib/x86_64-linux-gnu/libm-2.23.so
7fd7ec21a000-7fd7ec21b000 rw-p 00108000 08:05 1835022                    /lib/x86_64-linux-gnu/libm-2.23.so
7fd7ec21b000-7fd7ec38d000 r-xp 00000000 08:05 5244930                    /usr/lib/x86_64-linux-gnu/libstdc++.so.6.0.21
7fd7ec38d000-7fd7ec58d000 ---p 00172000 08:05 5244930                    /usr/lib/x86_64-linux-gnu/libstdc++.so.6.0.21
7fd7ec58d000-7fd7ec597000 r--p 00172000 08:05 5244930                    /usr/lib/x86_64-linux-gnu/libstdc++.so.6.0.21
7fd7ec597000-7fd7ec599000 rw-p 0017c000 08:05 5244930                    /usr/lib/x86_64-linux-gnu/libstdc++.so.6.0.21
7fd7ec599000-7fd7ec59d000 rw-p 00000000 00:00 0 
7fd7ec59d000-7fd7ed1ef000 r-xp 00000000 08:05 8533537                    /usr/lib/jvm/java-8-openjdk-amd64/jre/lib/amd64/server/libjvm.so
7fd7ed1ef000-7fd7ed3ef000 ---p 00c52000 08:05 8533537                    /usr/lib/jvm/java-8-openjdk-amd64/jre/lib/amd64/server/libjvm.so
7fd7ed3ef000-7fd7ed482000 r--p 00c52000 08:05 8533537                    /usr/lib/jvm/java-8-openjdk-amd64/jre/lib/amd64/server/libjvm.so
7fd7ed482000-7fd7ed4ab000 rw-p 00ce5000 08:05 8533537                    /usr/lib/jvm/java-8-openjdk-amd64/jre/lib/amd64/server/libjvm.so
7fd7ed4ab000-7fd7ed4db000 rw-p 00000000 00:00 0 
7fd7ed4db000-7fd7ed4f3000 r-xp 00000000 08:05 1835092                    /lib/x86_64-linux-gnu/libpthread-2.23.so
7fd7ed4f3000-7fd7ed6f2000 ---p 00018000 08:05 1835092                    /lib/x86_64-linux-gnu/libpthread-2.23.so
7fd7ed6f2000-7fd7ed6f3000 r--p 00017000 08:05 1835092                    /lib/x86_64-linux-gnu/libpthread-2.23.so
7fd7ed6f3000-7fd7ed6f4000 rw-p 00018000 08:05 1835092                    /lib/x86_64-linux-gnu/libpthread-2.23.so
7fd7ed6f4000-7fd7ed6f8000 rw-p 00000000 00:00 0 
7fd7ed6f8000-7fd7ed6fb000 r-xp 00000000 08:05 1835099                    /lib/x86_64-linux-gnu/libdl-2.23.so
7fd7ed6fb000-7fd7ed8fa000 ---p 00003000 08:05 1835099                    /lib/x86_64-linux-gnu/libdl-2.23.so
7fd7ed8fa000-7fd7ed8fb000 r--p 00002000 08:05 1835099                    /lib/x86_64-linux-gnu/libdl-2.23.so
7fd7ed8fb000-7fd7ed8fc000 rw-p 00003000 08:05 1835099                    /lib/x86_64-linux-gnu/libdl-2.23.so
7fd7ed8fc000-7fd7ed915000 r-xp 00000000 08:05 1839561                    /lib/x86_64-linux-gnu/libz.so.1.2.8
7fd7ed915000-7fd7edb14000 ---p 00019000 08:05 1839561                    /lib/x86_64-linux-gnu/libz.so.1.2.8
7fd7edb14000-7fd7edb15000 r--p 00018000 08:05 1839561                    /lib/x86_64-linux-gnu/libz.so.1.2.8
7fd7edb15000-7fd7edb16000 rw-p 00019000 08:05 1839561                    /lib/x86_64-linux-gnu/libz.so.1.2.8
7fd7edb16000-7fd7edcd6000 r-xp 00000000 08:05 1835096                    /lib/x86_64-linux-gnu/libc-2.23.so
7fd7edcd6000-7fd7eded6000 ---p 001c0000 08:05 1835096                    /lib/x86_64-linux-gnu/libc-2.23.so
7fd7eded6000-7fd7ededa000 r--p 001c0000 08:05 1835096                    /lib/x86_64-linux-gnu/libc-2.23.so
7fd7ededa000-7fd7ededc000 rw-p 001c4000 08:05 1835096                    /lib/x86_64-linux-gnu/libc-2.23.so
7fd7ededc000-7fd7edee0000 rw-p 00000000 00:00 0 
7fd7edee0000-7fd7edeed000 r-xp 00000000 08:05 8533540                    /usr/lib/jvm/java-8-openjdk-amd64/jre/lib/amd64/jli/libjli.so
7fd7edeed000-7fd7ee0ed000 ---p 0000d000 08:05 8533540                    /usr/lib/jvm/java-8-openjdk-amd64/jre/lib/amd64/jli/libjli.so
7fd7ee0ed000-7fd7ee0ee000 r--p 0000d000 08:05 8533540                    /usr/lib/jvm/java-8-openjdk-amd64/jre/lib/amd64/jli/libjli.so
7fd7ee0ee000-7fd7ee0ef000 rw-p 0000e000 08:05 8533540                    /usr/lib/jvm/java-8-openjdk-amd64/jre/lib/amd64/jli/libjli.so
7fd7ee0ef000-7fd7ee115000 r-xp 00000000 08:05 1835037                    /lib/x86_64-linux-gnu/ld-2.23.so
7fd7ee119000-7fd7ee11b000 r--s 0000c000 08:05 6951373                    /home/chris/Desktop/NetworkSecurity/Project1/PacketParser/commons-cli-1.4.jar
7fd7ee11b000-7fd7ee125000 r--s 00116000 08:05 8262877                    /usr/lib/jvm/java-8-openjdk-amd64/jre/lib/ext/localedata.jar
7fd7ee125000-7fd7ee1f0000 rw-p 00000000 00:00 0 
7fd7ee1f0000-7fd7ee1f3000 ---p 00000000 00:00 0 
7fd7ee1f3000-7fd7ee2f5000 rw-p 00000000 00:00 0 
7fd7ee2f6000-7fd7ee2f8000 r--s 00008000 08:05 8262876                    /usr/lib/jvm/java-8-openjdk-amd64/jre/lib/ext/sunec.jar
7fd7ee2f8000-7fd7ee2fa000 r--s 00001000 08:05 8262880                    /usr/lib/jvm/java-8-openjdk-amd64/jre/lib/ext/dnsns.jar
7fd7ee2fa000-7fd7ee2fb000 r--s 0000a000 08:05 8262879                    /usr/lib/jvm/java-8-openjdk-amd64/jre/lib/ext/jaccess.jar
7fd7ee2fb000-7fd7ee2fe000 r--s 0000f000 08:05 8261925                    /usr/lib/jvm/java-8-openjdk-amd64/jre/lib/ext/icedtea-sound.jar
7fd7ee2fe000-7fd7ee302000 r--s 00037000 08:05 8262878                    /usr/lib/jvm/java-8-openjdk-amd64/jre/lib/ext/sunpkcs11.jar
7fd7ee302000-7fd7ee303000 r--s 00010000 08:05 8262873                    /usr/lib/jvm/java-8-openjdk-amd64/jre/lib/ext/zipfs.jar
7fd7ee303000-7fd7ee309000 r--s 0003a000 08:05 8262875                    /usr/lib/jvm/java-8-openjdk-amd64/jre/lib/ext/sunjce_provider.jar
7fd7ee309000-7fd7ee311000 rw-s 00000000 08:05 659569                     /tmp/hsperfdata_chris/3631
7fd7ee311000-7fd7ee312000 rw-p 00000000 00:00 0 
7fd7ee312000-7fd7ee313000 r--p 00000000 00:00 0 
7fd7ee313000-7fd7ee314000 rw-p 00000000 00:00 0 
7fd7ee314000-7fd7ee315000 r--p 00025000 08:05 1835037                    /lib/x86_64-linux-gnu/ld-2.23.so
7fd7ee315000-7fd7ee316000 rw-p 00026000 08:05 1835037                    /lib/x86_64-linux-gnu/ld-2.23.so
7fd7ee316000-7fd7ee317000 rw-p 00000000 00:00 0 
7ffc3f787000-7ffc3f7a8000 rw-p 00000000 00:00 0                          [stack]
7ffc3f7d6000-7ffc3f7d9000 r--p 00000000 00:00 0                          [vvar]
7ffc3f7d9000-7ffc3f7db000 r-xp 00000000 00:00 0                          [vdso]
ffffffffff600000-ffffffffff601000 r-xp 00000000 00:00 0                  [vsyscall]

VM Arguments:
java_command: Main
java_class_path (initial): .:commons-cli-1.4.jar
Launcher Type: SUN_STANDARD

Environment Variables:
PATH=/home/chris/bin:/home/chris/.local/bin:/usr/local/sbin:/usr/local/bin:/usr/sbin:/usr/bin:/sbin:/bin:/usr/games:/usr/local/games:~/opt/gradle/gradle-4.0/bin:/snap/bin
SHELL=/bin/bash
DISPLAY=:0

Signal Handlers:
SIGSEGV: [libjvm.so+0xa69040], sa_mask[0]=11111111011111111101111111111110, sa_flags=SA_RESTART|SA_SIGINFO
SIGBUS: [libjvm.so+0xa69040], sa_mask[0]=11111111011111111101111111111110, sa_flags=SA_RESTART|SA_SIGINFO
SIGFPE: [libjvm.so+0x8b2170], sa_mask[0]=11111111011111111101111111111110, sa_flags=SA_RESTART|SA_SIGINFO
SIGPIPE: [libjvm.so+0x8b2170], sa_mask[0]=11111111011111111101111111111110, sa_flags=SA_RESTART|SA_SIGINFO
SIGXFSZ: [libjvm.so+0x8b2170], sa_mask[0]=11111111011111111101111111111110, sa_flags=SA_RESTART|SA_SIGINFO
SIGILL: [libjvm.so+0x8b2170], sa_mask[0]=11111111011111111101111111111110, sa_flags=SA_RESTART|SA_SIGINFO
SIGUSR1: SIG_DFL, sa_mask[0]=00000000000000000000000000000000, sa_flags=none
SIGUSR2: [libjvm.so+0x8b2020], sa_mask[0]=00000000000000000000000000000000, sa_flags=SA_RESTART|SA_SIGINFO
SIGHUP: [libjvm.so+0x8b24f0], sa_mask[0]=11111111011111111101111111111110, sa_flags=SA_RESTART|SA_SIGINFO
SIGINT: [libjvm.so+0x8b24f0], sa_mask[0]=11111111011111111101111111111110, sa_flags=SA_RESTART|SA_SIGINFO
SIGTERM: [libjvm.so+0x8b24f0], sa_mask[0]=11111111011111111101111111111110, sa_flags=SA_RESTART|SA_SIGINFO
SIGQUIT: [libjvm.so+0x8b24f0], sa_mask[0]=11111111011111111101111111111110, sa_flags=SA_RESTART|SA_SIGINFO


---------------  S Y S T E M  ---------------

OS:DISTRIB_ID=Ubuntu
DISTRIB_RELEASE=16.04
DISTRIB_CODENAME=xenial
DISTRIB_DESCRIPTION="Ubuntu 16.04.3 LTS"

uname:Linux 4.13.0-32-generic #35~16.04.1-Ubuntu SMP Thu Jan 25 10:13:43 UTC 2018 x86_64
libc:glibc 2.23 NPTL 2.23 
rlimit: STACK 8192k, CORE 0k, NPROC 31061, NOFILE 1048576, AS infinity
load average:1.35 1.54 0.81

/proc/meminfo:
MemTotal:        8057372 kB
MemFree:         5467744 kB
MemAvailable:    6471716 kB
Buffers:          111080 kB
Cached:          1345648 kB
SwapCached:            0 kB
Active:          1424180 kB
Inactive:         960900 kB
Active(anon):     931492 kB
Inactive(anon):   257788 kB
Active(file):     492688 kB
Inactive(file):   703112 kB
Unevictable:          32 kB
Mlocked:              32 kB
SwapTotal:       8276988 kB
SwapFree:        8276988 kB
Dirty:              1768 kB
Writeback:             0 kB
AnonPages:        928400 kB
Mapped:           397412 kB
Shmem:            260932 kB
Slab:             103884 kB
SReclaimable:      64964 kB
SUnreclaim:        38920 kB
KernelStack:        9536 kB
PageTables:        34156 kB
NFS_Unstable:          0 kB
Bounce:                0 kB
WritebackTmp:          0 kB
CommitLimit:    12305672 kB
Committed_AS:    5680192 kB
VmallocTotal:   34359738367 kB
VmallocUsed:           0 kB
VmallocChunk:          0 kB
HardwareCorrupted:     0 kB
AnonHugePages:         0 kB
ShmemHugePages:        0 kB
ShmemPmdMapped:        0 kB
CmaTotal:              0 kB
CmaFree:               0 kB
HugePages_Total:       0
HugePages_Free:        0
HugePages_Rsvd:        0
HugePages_Surp:        0
Hugepagesize:       2048 kB
DirectMap4k:      120208 kB
DirectMap2M:     6060032 kB
DirectMap1G:     2097152 kB


CPU:total 4 (initial active 4) (2 cores per cpu, 2 threads per core) family 6 model 78 stepping 3, cmov, cx8, fxsr, mmx, sse, sse2, sse3, ssse3, sse4.1, sse4.2, popcnt, avx, avx2, aes, clmul, erms, rtm, 3dnowpref, lzcnt, ht, tsc, tscinvbit, bmi1, bmi2, adx

/proc/cpuinfo:
processor	: 0
vendor_id	: GenuineIntel
cpu family	: 6
model		: 78
model name	: Intel(R) Core(TM) i3-6100U CPU @ 2.30GHz
stepping	: 3
microcode	: 0x7c
cpu MHz		: 2300.000
cache size	: 3072 KB
physical id	: 0
siblings	: 4
core id		: 0
cpu cores	: 2
apicid		: 0
initial apicid	: 0
fpu		: yes
fpu_exception	: yes
cpuid level	: 22
wp		: yes
flags		: fpu vme de pse tsc msr pae mce cx8 apic sep mtrr pge mca cmov pat pse36 clflush dts acpi mmx fxsr sse sse2 ss ht tm pbe syscall nx pdpe1gb rdtscp lm constant_tsc art arch_perfmon pebs bts rep_good nopl xtopology nonstop_tsc cpuid aperfmperf tsc_known_freq pni pclmulqdq dtes64 monitor ds_cpl vmx est tm2 ssse3 sdbg fma cx16 xtpr pdcm pcid sse4_1 sse4_2 x2apic movbe popcnt aes xsave avx f16c rdrand lahf_lm abm 3dnowprefetch cpuid_fault epb invpcid_single pti intel_pt tpr_shadow vnmi flexpriority ept vpid fsgsbase tsc_adjust bmi1 hle avx2 smep bmi2 erms invpcid rtm mpx rdseed adx smap clflushopt xsaveopt xsavec xgetbv1 xsaves dtherm ida arat pln pts hwp hwp_notify hwp_act_window hwp_epp
bugs		: cpu_meltdown spectre_v1 spectre_v2
bogomips	: 4608.00
clflush size	: 64
cache_alignment	: 64
address sizes	: 39 bits physical, 48 bits virtual
power management:

processor	: 1
vendor_id	: GenuineIntel
cpu family	: 6
model		: 78
model name	: Intel(R) Core(TM) i3-6100U CPU @ 2.30GHz
stepping	: 3
microcode	: 0x7c
cpu MHz		: 2300.000
cache size	: 3072 KB
physical id	: 0
siblings	: 4
core id		: 1
cpu cores	: 2
apicid		: 2
initial apicid	: 2
fpu		: yes
fpu_exception	: yes
cpuid level	: 22
wp		: yes
flags		: fpu vme de pse tsc msr pae mce cx8 apic sep mtrr pge mca cmov pat pse36 clflush dts acpi mmx fxsr sse sse2 ss ht tm pbe syscall nx pdpe1gb rdtscp lm constant_tsc art arch_perfmon pebs bts rep_good nopl xtopology nonstop_tsc cpuid aperfmperf tsc_known_freq pni pclmulqdq dtes64 monitor ds_cpl vmx est tm2 ssse3 sdbg fma cx16 xtpr pdcm pcid sse4_1 sse4_2 x2apic movbe popcnt aes xsave avx f16c rdrand lahf_lm abm 3dnowprefetch cpuid_fault epb invpcid_single pti intel_pt tpr_shadow vnmi flexpriority ept vpid fsgsbase tsc_adjust bmi1 hle avx2 smep bmi2 erms invpcid rtm mpx rdseed adx smap clflushopt xsaveopt xsavec xgetbv1 xsaves dtherm ida arat pln pts hwp hwp_notify hwp_act_window hwp_epp
bugs		: cpu_meltdown spectre_v1 spectre_v2
bogomips	: 4608.00
clflush size	: 64
cache_alignment	: 64
address sizes	: 39 bits physical, 48 bits virtual
power management:

processor	: 2
vendor_id	: GenuineIntel
cpu family	: 6
model		: 78
model name	: Intel(R) Core(TM) i3-6100U CPU @ 2.30GHz
stepping	: 3
microcode	: 0x7c
cpu MHz		: 2300.000
cache size	: 3072 KB
physical id	: 0
siblings	: 4
core id		: 0
cpu cores	: 2
apicid		: 1
initial apicid	: 1
fpu		: yes
fpu_exception	: yes
cpuid level	: 22
wp		: yes
flags		: fpu vme de pse tsc msr pae mce cx8 apic sep mtrr pge mca cmov pat pse36 clflush dts acpi mmx fxsr sse sse2 ss ht tm pbe syscall nx pdpe1gb rdtscp lm constant_tsc art arch_perfmon pebs bts rep_good nopl xtopology nonstop_tsc cpuid aperfmperf tsc_known_freq pni pclmulqdq dtes64 monitor ds_cpl vmx est tm2 ssse3 sdbg fma cx16 xtpr pdcm pcid sse4_1 sse4_2 x2apic movbe popcnt aes xsave avx f16c rdrand lahf_lm abm 3dnowprefetch cpuid_fault epb invpcid_single pti intel_pt tpr_shadow vnmi flexpriority ept vpid fsgsbase tsc_adjust bmi1 hle avx2 smep bmi2 erms invpcid rtm mpx rdseed adx smap clflushopt xsaveopt xsavec xgetbv1 xsaves dtherm ida arat pln pts hwp hwp_notify hwp_act_window hwp_epp
bugs		: cpu_meltdown spectre_v1 spectre_v2
bogomips	: 4608.00
clflush size	: 64
cache_alignment	: 64
address sizes	: 39 bits physical, 48 bits virtual
power management:

processor	: 3
vendor_id	: GenuineIntel
cpu family	: 6
model		: 78
model name	: Intel(R) Core(TM) i3-6100U CPU @ 2.30GHz
stepping	: 3
microcode	: 0x7c
cpu MHz		: 2300.000
cache size	: 3072 KB
physical id	: 0
siblings	: 4
core id		: 1
cpu cores	: 2
apicid		: 3
initial apicid	: 3
fpu		: yes
fpu_exception	: yes
cpuid level	: 22
wp		: yes
flags		: fpu vme de pse tsc msr pae mce cx8 apic sep mtrr pge mca cmov pat pse36 clflush dts acpi mmx fxsr sse sse2 ss ht tm pbe syscall nx pdpe1gb rdtscp lm constant_tsc art arch_perfmon pebs bts rep_good nopl xtopology nonstop_tsc cpuid aperfmperf tsc_known_freq pni pclmulqdq dtes64 monitor ds_cpl vmx est tm2 ssse3 sdbg fma cx16 xtpr pdcm pcid sse4_1 sse4_2 x2apic movbe popcnt aes xsave avx f16c rdrand lahf_lm abm 3dnowprefetch cpuid_fault epb invpcid_single pti intel_pt tpr_shadow vnmi flexpriority ept vpid fsgsbase tsc_adjust bmi1 hle avx2 smep bmi2 erms invpcid rtm mpx rdseed adx smap clflushopt xsaveopt xsavec xgetbv1 xsaves dtherm ida arat pln pts hwp hwp_notify hwp_act_window hwp_epp
bugs		: cpu_meltdown spectre_v1 spectre_v2
bogomips	: 4608.00
clflush size	: 64
cache_alignment	: 64
address sizes	: 39 bits physical, 48 bits virtual
power management:



Memory: 4k page, physical 8057372k(5467744k free), swap 8276988k(8276988k free)

vm_info: OpenJDK 64-Bit Server VM (25.151-b12) for linux-amd64 JRE (1.8.0_151-8u151-b12-0ubuntu0.16.04.2-b12), built on Oct 27 2017 21:59:02 by "buildd" with gcc 5.4.0 20160609

time: Fri Feb 23 10:25:38 2018
elapsed time: 2 seconds (0d 0h 0m 2s)

