#
# A fatal error has been detected by the Java Runtime Environment:
#
#  SIGSEGV (0xb) at pc=0x00007f95481e2134, pid=3178, tid=0x00007f956272a700
#
# JRE version: OpenJDK Runtime Environment (8.0_151-b12) (build 1.8.0_151-8u151-b12-0ubuntu0.16.04.2-b12)
# Java VM: OpenJDK 64-Bit Server VM (25.151-b12 mixed mode linux-amd64 compressed oops)
# Problematic frame:
# C  [libpcap.so.0.8+0xf134]  pcap_next+0x4
#
# Failed to write core dump. Core dumps have been disabled. To enable core dumping, try "ulimit -c unlimited" before starting Java again
#
# If you would like to submit a bug report, please visit:
#   http://bugreport.java.com/bugreport/crash.jsp
# The crash happened outside the Java Virtual Machine in native code.
# See problematic frame for where to report the bug.
#

---------------  T H R E A D  ---------------

Current thread (0x00007f955c009800):  JavaThread "main" [_thread_in_native, id=3179, stack(0x00007f956262a000,0x00007f956272b000)]

siginfo: si_signo: 11 (SIGSEGV), si_code: 1 (SEGV_MAPERR), si_addr: 0x0000000000000260

Registers:
RAX=0x0000000000000000, RBX=0x00007f954aa70548, RCX=0x00007f95620472dd, RDX=0x00007f9562729790
RSP=0x00007f9562729730, RBP=0x00007f95627297b0, RSI=0x00007f9562729790, RDI=0x0000000000000000
R8 =0x00007f955c0000b8, R9 =0x0000000000000000, R10=0x0000000000000077, R11=0x00007f95481e2130
R12=0x0000000000000000, R13=0x00007f954aa70548, R14=0x00007f9562729830, R15=0x00007f955c009800
RIP=0x00007f95481e2134, EFLAGS=0x0000000000010206, CSGSFS=0x002b000000000033, ERR=0x0000000000000004
  TRAPNO=0x000000000000000e

Top of Stack: (sp=0x00007f9562729730)
0x00007f9562729730:   0000000000000000 00007f9562315620
0x00007f9562729740:   00007f954864d5b8 00007f9561fbf7fa
0x00007f9562729750:   00007f954aa70548 00007f955c157e10
0x00007f9562729760:   0000000000000002 00007f954864d0b5
0x00007f9562729770:   00007f9562729830 00007f955c0099e0
0x00007f9562729780:   00007f95627297b0 00007f954aa70548
0x00007f9562729790:   0000000000000000 00007f954aa70548
0x00007f95627297a0:   00007f9562729810 00007f954bf86612
0x00007f95627297b0:   00007f9562729810 00007f954bf86774
0x00007f95627297c0:   0000000600000001 00007f954bf864c2
0x00007f95627297d0:   00007f95627297d0 00007f954aa70548
0x00007f95627297e0:   00007f9562729830 00007f954aa70dc0
0x00007f95627297f0:   0000000000000000 00007f954aa70548
0x00007f9562729800:   0000000000000000 00007f9562729830
0x00007f9562729810:   00007f9562729878 00007f954bf76d80
0x00007f9562729820:   0000000000000000 00007f954bf8027b
0x00007f9562729830:   00000000d7089c98 00007f9562729838
0x00007f9562729840:   00007f954aa6ea2d 00007f95627298c8
0x00007f9562729850:   00007f954aa6ee38 0000000000000000
0x00007f9562729860:   00007f954aa6eb38 00007f9562729830
0x00007f9562729870:   00007f95627298c8 00007f9562729910
0x00007f9562729880:   00007f954bf76d80 0000000000000000
0x00007f9562729890:   0000000000000000 0000000000000000
0x00007f95627298a0:   0000000000000000 0000000000000000
0x00007f95627298b0:   0000000000000000 0000000000000000
0x00007f95627298c0:   0000000000000000 00000000d7084ee8
0x00007f95627298d0:   00007f95627298d0 00007f954aa6e616
0x00007f95627298e0:   00007f95627299b8 00007f954aa6ee38
0x00007f95627298f0:   0000000000000000 00007f954aa6e878
0x00007f9562729900:   00007f95627298c8 00007f95627299b8
0x00007f9562729910:   00007f9562729a00 00007f954bf76ffd
0x00007f9562729920:   0000000000000000 0000000000000000 

Instructions: (pc=0x00007f95481e2134)
0x00007f95481e2114:   e0 90 66 2e 0f 1f 84 00 00 00 00 00 eb ee 0f 1f
0x00007f95481e2124:   40 00 66 2e 0f 1f 84 00 00 00 00 00 48 83 ec 38
0x00007f95481e2134:   48 8b 97 60 02 00 00 64 48 8b 04 25 28 00 00 00
0x00007f95481e2144:   48 89 44 24 28 31 c0 48 8d 4c 24 10 48 8d 44 24 

Register to memory mapping:

RAX=0x0000000000000000 is an unknown value
RBX={method} {0x00007f954aa70548} 'readPacket' '()[B' in 'SimplePacketDriver'
RCX=0x00007f95620472dd: __write+0x2d in /lib/x86_64-linux-gnu/libc.so.6 at 0x00007f9561f50000
RDX=0x00007f9562729790 is pointing into the stack for thread: 0x00007f955c009800
RSP=0x00007f9562729730 is pointing into the stack for thread: 0x00007f955c009800
RBP=0x00007f95627297b0 is pointing into the stack for thread: 0x00007f955c009800
RSI=0x00007f9562729790 is pointing into the stack for thread: 0x00007f955c009800
RDI=0x0000000000000000 is an unknown value
R8 =0x00007f955c0000b8 is an unknown value
R9 =0x0000000000000000 is an unknown value
R10=0x0000000000000077 is an unknown value
R11=0x00007f95481e2130: pcap_next+0 in /usr/lib/x86_64-linux-gnu/libpcap.so.0.8 at 0x00007f95481d3000
R12=0x0000000000000000 is an unknown value
R13={method} {0x00007f954aa70548} 'readPacket' '()[B' in 'SimplePacketDriver'
R14=0x00007f9562729830 is pointing into the stack for thread: 0x00007f955c009800
R15=0x00007f955c009800 is a thread


Stack: [0x00007f956262a000,0x00007f956272b000],  sp=0x00007f9562729730,  free space=1021k
Native frames: (J=compiled Java code, j=interpreted, Vv=VM code, C=native code)
C  [libpcap.so.0.8+0xf134]  pcap_next+0x4
j  SimplePacketDriver.readPacket()[B+0
j  OptionHandler.getPacket()[B+13
j  OptionHandler.runOptions()V+862
j  Main.main([Ljava/lang/String;)V+18
v  ~StubRoutines::call_stub
V  [libjvm.so+0x66287b]
V  [libjvm.so+0x68452e]
V  [libjvm.so+0x686e5f]
C  [libjli.so+0x3552]
C  [libjli.so+0x73dd]
C  [libpthread.so.0+0x76ba]  start_thread+0xca

Java frames: (J=compiled Java code, j=interpreted, Vv=VM code)
j  SimplePacketDriver.readPacket()[B+0
j  OptionHandler.getPacket()[B+13
j  OptionHandler.runOptions()V+862
j  Main.main([Ljava/lang/String;)V+18
v  ~StubRoutines::call_stub

---------------  P R O C E S S  ---------------

Java Threads: ( => current thread )
  0x00007f955c0c1800 JavaThread "Service Thread" daemon [_thread_blocked, id=3191, stack(0x00007f9548986000,0x00007f9548a87000)]
  0x00007f955c0b2000 JavaThread "C1 CompilerThread2" daemon [_thread_blocked, id=3190, stack(0x00007f9548a87000,0x00007f9548b88000)]
  0x00007f955c0b0800 JavaThread "C2 CompilerThread1" daemon [_thread_blocked, id=3189, stack(0x00007f9548b88000,0x00007f9548c89000)]
  0x00007f955c0ad800 JavaThread "C2 CompilerThread0" daemon [_thread_blocked, id=3188, stack(0x00007f9548c89000,0x00007f9548d8a000)]
  0x00007f955c0ab800 JavaThread "Signal Dispatcher" daemon [_thread_blocked, id=3187, stack(0x00007f9548d8a000,0x00007f9548e8b000)]
  0x00007f955c083800 JavaThread "Finalizer" daemon [_thread_blocked, id=3186, stack(0x00007f9549163000,0x00007f9549264000)]
  0x00007f955c07f000 JavaThread "Reference Handler" daemon [_thread_blocked, id=3185, stack(0x00007f9549264000,0x00007f9549365000)]
=>0x00007f955c009800 JavaThread "main" [_thread_in_native, id=3179, stack(0x00007f956262a000,0x00007f956272b000)]

Other Threads:
  0x00007f955c077000 VMThread [stack: 0x00007f9549365000,0x00007f9549466000] [id=3184]
  0x00007f955c0c4000 WatcherThread [stack: 0x00007f9548885000,0x00007f9548986000] [id=3192]

VM state:not at safepoint (normal execution)

VM Mutex/Monitor currently owned by a thread: None

Heap:
 PSYoungGen      total 36864K, used 1910K [0x00000000d7000000, 0x00000000d9900000, 0x0000000100000000)
  eden space 31744K, 6% used [0x00000000d7000000,0x00000000d71dd9a0,0x00000000d8f00000)
  from space 5120K, 0% used [0x00000000d9400000,0x00000000d9400000,0x00000000d9900000)
  to   space 5120K, 0% used [0x00000000d8f00000,0x00000000d8f00000,0x00000000d9400000)
 ParOldGen       total 84992K, used 0K [0x0000000085000000, 0x000000008a300000, 0x00000000d7000000)
  object space 84992K, 0% used [0x0000000085000000,0x0000000085000000,0x000000008a300000)
 Metaspace       used 3626K, capacity 4656K, committed 4864K, reserved 1056768K
  class space    used 400K, capacity 428K, committed 512K, reserved 1048576K

Card table byte_map: [0x00007f954b7d6000,0x00007f954bbaf000] byte_map_base: 0x00007f954b3ae000

Marking Bits: (ParMarkBitMap*) 0x00007f95618f82c0
 Begin Bits: [0x00007f9540280000, 0x00007f9542140000)
 End Bits:   [0x00007f9542140000, 0x00007f9544000000)

Polling page: 0x00007f956274c000

CodeCache: size=245760Kb used=1244Kb max_used=1255Kb free=244515Kb
 bounds [0x00007f954bf6f000, 0x00007f954c1df000, 0x00007f955af6f000]
 total_blobs=329 nmethods=88 adapters=156
 compilation: enabled

Compilation events (10 events):
Event: 0.091 Thread 0x00007f955c0b2000 nmethod 85 0x00007f954c0a4f90 code [0x00007f954c0a5100, 0x00007f954c0a5290]
Event: 0.091 Thread 0x00007f955c0b2000   84       3       java.util.regex.Pattern::next (33 bytes)
Event: 0.091 Thread 0x00007f955c0b2000 nmethod 84 0x00007f954c0a5310 code [0x00007f954c0a54a0, 0x00007f954c0a5748]
Event: 0.091 Thread 0x00007f955c0b2000   87       3       java.util.regex.ASCII::isAscii (13 bytes)
Event: 0.091 Thread 0x00007f955c0b2000 nmethod 87 0x00007f954c0a5890 code [0x00007f954c0a5a00, 0x00007f954c0a5b90]
Event: 0.091 Thread 0x00007f955c0b2000   86       1       java.util.regex.Pattern::flags (5 bytes)
Event: 0.091 Thread 0x00007f955c0b2000 nmethod 86 0x00007f954c0a5c10 code [0x00007f954c0a5d60, 0x00007f954c0a5e70]
Event: 0.093 Thread 0x00007f955c0b0800 nmethod 82 0x00007f954c0a8c90 code [0x00007f954c0a8de0, 0x00007f954c0a8f78]
Event: 66.307 Thread 0x00007f955c0b2000   88       1       java.nio.Buffer::position (5 bytes)
Event: 66.307 Thread 0x00007f955c0b2000 nmethod 88 0x00007f954c0a89d0 code [0x00007f954c0a8b20, 0x00007f954c0a8c30]

GC Heap History (0 events):
No events

Deoptimization events (0 events):
No events

Internal exceptions (8 events):
Event: 0.017 Thread 0x00007f955c009800 Exception <a 'java/lang/NoSuchMethodError': Method sun.misc.Unsafe.defineClass(Ljava/lang/String;[BII)Ljava/lang/Class; name or signature does not match> (0x00000000d7007ca8) thrown at [/build/openjdk-8-W2Qe27/openjdk-8-8u151-b12/src/hotspot/src/share/vm/
Event: 0.017 Thread 0x00007f955c009800 Exception <a 'java/lang/NoSuchMethodError': Method sun.misc.Unsafe.prefetchRead(Ljava/lang/Object;J)V name or signature does not match> (0x00000000d7007f90) thrown at [/build/openjdk-8-W2Qe27/openjdk-8-8u151-b12/src/hotspot/src/share/vm/prims/jni.cpp, lin
Event: 0.082 Thread 0x00007f955c009800 Exception <a 'java/security/PrivilegedActionException'> (0x00000000d71a27a8) thrown at [/build/openjdk-8-W2Qe27/openjdk-8-8u151-b12/src/hotspot/src/share/vm/prims/jvm.cpp, line 1390]
Event: 0.082 Thread 0x00007f955c009800 Exception <a 'java/security/PrivilegedActionException'> (0x00000000d71a2ba0) thrown at [/build/openjdk-8-W2Qe27/openjdk-8-8u151-b12/src/hotspot/src/share/vm/prims/jvm.cpp, line 1390]
Event: 0.082 Thread 0x00007f955c009800 Exception <a 'java/security/PrivilegedActionException'> (0x00000000d71a4e10) thrown at [/build/openjdk-8-W2Qe27/openjdk-8-8u151-b12/src/hotspot/src/share/vm/prims/jvm.cpp, line 1390]
Event: 0.082 Thread 0x00007f955c009800 Exception <a 'java/security/PrivilegedActionException'> (0x00000000d71a5208) thrown at [/build/openjdk-8-W2Qe27/openjdk-8-8u151-b12/src/hotspot/src/share/vm/prims/jvm.cpp, line 1390]
Event: 0.082 Thread 0x00007f955c009800 Exception <a 'java/security/PrivilegedActionException'> (0x00000000d71a5ec8) thrown at [/build/openjdk-8-W2Qe27/openjdk-8-8u151-b12/src/hotspot/src/share/vm/prims/jvm.cpp, line 1390]
Event: 0.082 Thread 0x00007f955c009800 Exception <a 'java/security/PrivilegedActionException'> (0x00000000d71a62c0) thrown at [/build/openjdk-8-W2Qe27/openjdk-8-8u151-b12/src/hotspot/src/share/vm/prims/jvm.cpp, line 1390]

Events (10 events):
Event: 0.090 loading class java/util/regex/Pattern$GroupTail
Event: 0.090 loading class java/util/regex/Pattern$GroupTail done
Event: 0.090 loading class java/util/regex/Pattern$Ques
Event: 0.090 loading class java/util/regex/Pattern$Ques done
Event: 0.090 loading class java/util/regex/Pattern$Loop
Event: 0.090 loading class java/util/regex/Pattern$Loop done
Event: 0.090 loading class java/util/regex/Pattern$Prolog
Event: 0.091 loading class java/util/regex/Pattern$Prolog done
Event: 4.061 Executing VM operation: EnableBiasedLocking
Event: 4.061 Executing VM operation: EnableBiasedLocking done


Dynamic libraries:
00400000-00401000 r-xp 00000000 08:05 8533564                            /usr/lib/jvm/java-8-openjdk-amd64/jre/bin/java
00600000-00601000 r--p 00000000 08:05 8533564                            /usr/lib/jvm/java-8-openjdk-amd64/jre/bin/java
00601000-00602000 rw-p 00001000 08:05 8533564                            /usr/lib/jvm/java-8-openjdk-amd64/jre/bin/java
022db000-022fc000 rw-p 00000000 00:00 0                                  [heap]
85000000-8a300000 rw-p 00000000 00:00 0 
8a300000-d7000000 ---p 00000000 00:00 0 
d7000000-d9900000 rw-p 00000000 00:00 0 
d9900000-100000000 ---p 00000000 00:00 0 
100000000-100080000 rw-p 00000000 00:00 0 
100080000-140000000 ---p 00000000 00:00 0 
7f950c000000-7f950c021000 rw-p 00000000 00:00 0 
7f950c021000-7f9510000000 ---p 00000000 00:00 0 
7f9510000000-7f9510021000 rw-p 00000000 00:00 0 
7f9510021000-7f9514000000 ---p 00000000 00:00 0 
7f9514000000-7f9514021000 rw-p 00000000 00:00 0 
7f9514021000-7f9518000000 ---p 00000000 00:00 0 
7f9518000000-7f95180ed000 rw-p 00000000 00:00 0 
7f95180ed000-7f951c000000 ---p 00000000 00:00 0 
7f951c000000-7f951c021000 rw-p 00000000 00:00 0 
7f951c021000-7f9520000000 ---p 00000000 00:00 0 
7f9520000000-7f9520046000 rw-p 00000000 00:00 0 
7f9520046000-7f9524000000 ---p 00000000 00:00 0 
7f9524000000-7f9524021000 rw-p 00000000 00:00 0 
7f9524021000-7f9528000000 ---p 00000000 00:00 0 
7f9528000000-7f9528021000 rw-p 00000000 00:00 0 
7f9528021000-7f952c000000 ---p 00000000 00:00 0 
7f952c000000-7f952c021000 rw-p 00000000 00:00 0 
7f952c021000-7f9530000000 ---p 00000000 00:00 0 
7f9530000000-7f9530021000 rw-p 00000000 00:00 0 
7f9530021000-7f9534000000 ---p 00000000 00:00 0 
7f9534000000-7f9534021000 rw-p 00000000 00:00 0 
7f9534021000-7f9538000000 ---p 00000000 00:00 0 
7f953c000000-7f953c021000 rw-p 00000000 00:00 0 
7f953c021000-7f9540000000 ---p 00000000 00:00 0 
7f9540280000-7f9544000000 rw-p 00000000 00:00 0 
7f9544000000-7f9544021000 rw-p 00000000 00:00 0 
7f9544021000-7f9548000000 ---p 00000000 00:00 0 
7f95481d3000-7f9548211000 r-xp 00000000 08:05 5252117                    /usr/lib/x86_64-linux-gnu/libpcap.so.1.7.4
7f9548211000-7f9548411000 ---p 0003e000 08:05 5252117                    /usr/lib/x86_64-linux-gnu/libpcap.so.1.7.4
7f9548411000-7f9548413000 r--p 0003e000 08:05 5252117                    /usr/lib/x86_64-linux-gnu/libpcap.so.1.7.4
7f9548413000-7f9548414000 rw-p 00040000 08:05 5252117                    /usr/lib/x86_64-linux-gnu/libpcap.so.1.7.4
7f9548414000-7f9548415000 rw-p 00000000 00:00 0 
7f9548415000-7f954842b000 r-xp 00000000 08:05 5249511                    /usr/lib/x86_64-linux-gnu/libnet.so.1.7.0
7f954842b000-7f954862a000 ---p 00016000 08:05 5249511                    /usr/lib/x86_64-linux-gnu/libnet.so.1.7.0
7f954862a000-7f954862b000 r--p 00015000 08:05 5249511                    /usr/lib/x86_64-linux-gnu/libnet.so.1.7.0
7f954862b000-7f954862c000 rw-p 00016000 08:05 5249511                    /usr/lib/x86_64-linux-gnu/libnet.so.1.7.0
7f954862c000-7f954862e000 rw-p 00000000 00:00 0 
7f954864c000-7f954864e000 r-xp 00000000 08:05 5249935                    /usr/lib/x86_64-linux-gnu/libsimplepacketdriver_x64.so
7f954864e000-7f954884d000 ---p 00002000 08:05 5249935                    /usr/lib/x86_64-linux-gnu/libsimplepacketdriver_x64.so
7f954884d000-7f954884e000 r--p 00001000 08:05 5249935                    /usr/lib/x86_64-linux-gnu/libsimplepacketdriver_x64.so
7f954884e000-7f954884f000 rw-p 00002000 08:05 5249935                    /usr/lib/x86_64-linux-gnu/libsimplepacketdriver_x64.so
7f954884f000-7f954886a000 r--s 001d6000 08:05 8262874                    /usr/lib/jvm/java-8-openjdk-amd64/jre/lib/ext/nashorn.jar
7f954886a000-7f9548885000 r--s 00394000 08:05 8262872                    /usr/lib/jvm/java-8-openjdk-amd64/jre/lib/ext/cldrdata.jar
7f9548885000-7f9548886000 ---p 00000000 00:00 0 
7f9548886000-7f9548986000 rw-p 00000000 00:00 0 
7f9548986000-7f9548989000 ---p 00000000 00:00 0 
7f9548989000-7f9548a87000 rw-p 00000000 00:00 0 
7f9548a87000-7f9548a8a000 ---p 00000000 00:00 0 
7f9548a8a000-7f9548b88000 rw-p 00000000 00:00 0 
7f9548b88000-7f9548b8b000 ---p 00000000 00:00 0 
7f9548b8b000-7f9548c89000 rw-p 00000000 00:00 0 
7f9548c89000-7f9548c8c000 ---p 00000000 00:00 0 
7f9548c8c000-7f9548d8a000 rw-p 00000000 00:00 0 
7f9548d8a000-7f9548d8d000 ---p 00000000 00:00 0 
7f9548d8d000-7f9548e8b000 rw-p 00000000 00:00 0 
7f9548e8b000-7f9549163000 r--p 00000000 08:05 5242947                    /usr/lib/locale/locale-archive
7f9549163000-7f9549166000 ---p 00000000 00:00 0 
7f9549166000-7f9549264000 rw-p 00000000 00:00 0 
7f9549264000-7f9549267000 ---p 00000000 00:00 0 
7f9549267000-7f9549365000 rw-p 00000000 00:00 0 
7f9549365000-7f9549366000 ---p 00000000 00:00 0 
7f9549366000-7f954a426000 rw-p 00000000 00:00 0 
7f954a426000-7f954a5f5000 r--s 03c21000 08:05 8130606                    /usr/lib/jvm/java-8-openjdk-amd64/jre/lib/rt.jar
7f954a5f5000-7f954aaab000 rw-p 00000000 00:00 0 
7f954aaab000-7f954ae6b000 ---p 00000000 00:00 0 
7f954ae6b000-7f954b243000 rw-p 00000000 00:00 0 
7f954b243000-7f954b244000 ---p 00000000 00:00 0 
7f954b244000-7f954b344000 rw-p 00000000 00:00 0 
7f954b344000-7f954b345000 ---p 00000000 00:00 0 
7f954b345000-7f954b445000 rw-p 00000000 00:00 0 
7f954b445000-7f954b446000 ---p 00000000 00:00 0 
7f954b446000-7f954b570000 rw-p 00000000 00:00 0 
7f954b570000-7f954b7d6000 ---p 00000000 00:00 0 
7f954b7d6000-7f954b800000 rw-p 00000000 00:00 0 
7f954b800000-7f954ba66000 ---p 00000000 00:00 0 
7f954ba66000-7f954ba7b000 rw-p 00000000 00:00 0 
7f954ba7b000-7f954bbae000 ---p 00000000 00:00 0 
7f954bbae000-7f954bbb9000 rw-p 00000000 00:00 0 
7f954bbb9000-7f954bf6f000 ---p 00000000 00:00 0 
7f954bf6f000-7f954c1df000 rwxp 00000000 00:00 0 
7f954c1df000-7f955af6f000 ---p 00000000 00:00 0 
7f955af6f000-7f955af77000 r-xp 00000000 08:05 8533544                    /usr/lib/jvm/java-8-openjdk-amd64/jre/lib/amd64/libzip.so
7f955af77000-7f955b176000 ---p 00008000 08:05 8533544                    /usr/lib/jvm/java-8-openjdk-amd64/jre/lib/amd64/libzip.so
7f955b176000-7f955b177000 r--p 00007000 08:05 8533544                    /usr/lib/jvm/java-8-openjdk-amd64/jre/lib/amd64/libzip.so
7f955b177000-7f955b178000 rw-p 00008000 08:05 8533544                    /usr/lib/jvm/java-8-openjdk-amd64/jre/lib/amd64/libzip.so
7f955b178000-7f955b183000 r-xp 00000000 08:05 1835182                    /lib/x86_64-linux-gnu/libnss_files-2.23.so
7f955b183000-7f955b382000 ---p 0000b000 08:05 1835182                    /lib/x86_64-linux-gnu/libnss_files-2.23.so
7f955b382000-7f955b383000 r--p 0000a000 08:05 1835182                    /lib/x86_64-linux-gnu/libnss_files-2.23.so
7f955b383000-7f955b384000 rw-p 0000b000 08:05 1835182                    /lib/x86_64-linux-gnu/libnss_files-2.23.so
7f955b384000-7f955b38a000 rw-p 00000000 00:00 0 
7f955b38a000-7f955b395000 r-xp 00000000 08:05 1835186                    /lib/x86_64-linux-gnu/libnss_nis-2.23.so
7f955b395000-7f955b594000 ---p 0000b000 08:05 1835186                    /lib/x86_64-linux-gnu/libnss_nis-2.23.so
7f955b594000-7f955b595000 r--p 0000a000 08:05 1835186                    /lib/x86_64-linux-gnu/libnss_nis-2.23.so
7f955b595000-7f955b596000 rw-p 0000b000 08:05 1835186                    /lib/x86_64-linux-gnu/libnss_nis-2.23.so
7f955b596000-7f955b5ac000 r-xp 00000000 08:05 1835025                    /lib/x86_64-linux-gnu/libnsl-2.23.so
7f955b5ac000-7f955b7ab000 ---p 00016000 08:05 1835025                    /lib/x86_64-linux-gnu/libnsl-2.23.so
7f955b7ab000-7f955b7ac000 r--p 00015000 08:05 1835025                    /lib/x86_64-linux-gnu/libnsl-2.23.so
7f955b7ac000-7f955b7ad000 rw-p 00016000 08:05 1835025                    /lib/x86_64-linux-gnu/libnsl-2.23.so
7f955b7ad000-7f955b7af000 rw-p 00000000 00:00 0 
7f955b7af000-7f955b7b7000 r-xp 00000000 08:05 1835177                    /lib/x86_64-linux-gnu/libnss_compat-2.23.so
7f955b7b7000-7f955b9b6000 ---p 00008000 08:05 1835177                    /lib/x86_64-linux-gnu/libnss_compat-2.23.so
7f955b9b6000-7f955b9b7000 r--p 00007000 08:05 1835177                    /lib/x86_64-linux-gnu/libnss_compat-2.23.so
7f955b9b7000-7f955b9b8000 rw-p 00008000 08:05 1835177                    /lib/x86_64-linux-gnu/libnss_compat-2.23.so
7f955b9b8000-7f955b9e5000 r-xp 00000000 08:05 8533527                    /usr/lib/jvm/java-8-openjdk-amd64/jre/lib/amd64/libjava.so
7f955b9e5000-7f955bbe4000 ---p 0002d000 08:05 8533527                    /usr/lib/jvm/java-8-openjdk-amd64/jre/lib/amd64/libjava.so
7f955bbe4000-7f955bbe5000 r--p 0002c000 08:05 8533527                    /usr/lib/jvm/java-8-openjdk-amd64/jre/lib/amd64/libjava.so
7f955bbe5000-7f955bbe7000 rw-p 0002d000 08:05 8533527                    /usr/lib/jvm/java-8-openjdk-amd64/jre/lib/amd64/libjava.so
7f955bbe7000-7f955bbf6000 r-xp 00000000 08:05 8533542                    /usr/lib/jvm/java-8-openjdk-amd64/jre/lib/amd64/libverify.so
7f955bbf6000-7f955bdf5000 ---p 0000f000 08:05 8533542                    /usr/lib/jvm/java-8-openjdk-amd64/jre/lib/amd64/libverify.so
7f955bdf5000-7f955bdf7000 r--p 0000e000 08:05 8533542                    /usr/lib/jvm/java-8-openjdk-amd64/jre/lib/amd64/libverify.so
7f955bdf7000-7f955bdf8000 rw-p 00010000 08:05 8533542                    /usr/lib/jvm/java-8-openjdk-amd64/jre/lib/amd64/libverify.so
7f955bdf8000-7f955bdff000 r-xp 00000000 08:05 1835187                    /lib/x86_64-linux-gnu/librt-2.23.so
7f955bdff000-7f955bffe000 ---p 00007000 08:05 1835187                    /lib/x86_64-linux-gnu/librt-2.23.so
7f955bffe000-7f955bfff000 r--p 00006000 08:05 1835187                    /lib/x86_64-linux-gnu/librt-2.23.so
7f955bfff000-7f955c000000 rw-p 00007000 08:05 1835187                    /lib/x86_64-linux-gnu/librt-2.23.so
7f955c000000-7f955c21b000 rw-p 00000000 00:00 0 
7f955c21b000-7f9560000000 ---p 00000000 00:00 0 
7f9560014000-7f9560035000 rw-p 00000000 00:00 0 
7f9560035000-7f9560036000 ---p 00000000 00:00 0 
7f9560036000-7f9560136000 rw-p 00000000 00:00 0 
7f9560136000-7f956014c000 r-xp 00000000 08:05 1839627                    /lib/x86_64-linux-gnu/libgcc_s.so.1
7f956014c000-7f956034b000 ---p 00016000 08:05 1839627                    /lib/x86_64-linux-gnu/libgcc_s.so.1
7f956034b000-7f956034c000 rw-p 00015000 08:05 1839627                    /lib/x86_64-linux-gnu/libgcc_s.so.1
7f956034c000-7f9560454000 r-xp 00000000 08:05 1835022                    /lib/x86_64-linux-gnu/libm-2.23.so
7f9560454000-7f9560653000 ---p 00108000 08:05 1835022                    /lib/x86_64-linux-gnu/libm-2.23.so
7f9560653000-7f9560654000 r--p 00107000 08:05 1835022                    /lib/x86_64-linux-gnu/libm-2.23.so
7f9560654000-7f9560655000 rw-p 00108000 08:05 1835022                    /lib/x86_64-linux-gnu/libm-2.23.so
7f9560655000-7f95607c7000 r-xp 00000000 08:05 5244930                    /usr/lib/x86_64-linux-gnu/libstdc++.so.6.0.21
7f95607c7000-7f95609c7000 ---p 00172000 08:05 5244930                    /usr/lib/x86_64-linux-gnu/libstdc++.so.6.0.21
7f95609c7000-7f95609d1000 r--p 00172000 08:05 5244930                    /usr/lib/x86_64-linux-gnu/libstdc++.so.6.0.21
7f95609d1000-7f95609d3000 rw-p 0017c000 08:05 5244930                    /usr/lib/x86_64-linux-gnu/libstdc++.so.6.0.21
7f95609d3000-7f95609d7000 rw-p 00000000 00:00 0 
7f95609d7000-7f9561629000 r-xp 00000000 08:05 8533537                    /usr/lib/jvm/java-8-openjdk-amd64/jre/lib/amd64/server/libjvm.so
7f9561629000-7f9561829000 ---p 00c52000 08:05 8533537                    /usr/lib/jvm/java-8-openjdk-amd64/jre/lib/amd64/server/libjvm.so
7f9561829000-7f95618bc000 r--p 00c52000 08:05 8533537                    /usr/lib/jvm/java-8-openjdk-amd64/jre/lib/amd64/server/libjvm.so
7f95618bc000-7f95618e5000 rw-p 00ce5000 08:05 8533537                    /usr/lib/jvm/java-8-openjdk-amd64/jre/lib/amd64/server/libjvm.so
7f95618e5000-7f9561915000 rw-p 00000000 00:00 0 
7f9561915000-7f956192d000 r-xp 00000000 08:05 1835092                    /lib/x86_64-linux-gnu/libpthread-2.23.so
7f956192d000-7f9561b2c000 ---p 00018000 08:05 1835092                    /lib/x86_64-linux-gnu/libpthread-2.23.so
7f9561b2c000-7f9561b2d000 r--p 00017000 08:05 1835092                    /lib/x86_64-linux-gnu/libpthread-2.23.so
7f9561b2d000-7f9561b2e000 rw-p 00018000 08:05 1835092                    /lib/x86_64-linux-gnu/libpthread-2.23.so
7f9561b2e000-7f9561b32000 rw-p 00000000 00:00 0 
7f9561b32000-7f9561b35000 r-xp 00000000 08:05 1835099                    /lib/x86_64-linux-gnu/libdl-2.23.so
7f9561b35000-7f9561d34000 ---p 00003000 08:05 1835099                    /lib/x86_64-linux-gnu/libdl-2.23.so
7f9561d34000-7f9561d35000 r--p 00002000 08:05 1835099                    /lib/x86_64-linux-gnu/libdl-2.23.so
7f9561d35000-7f9561d36000 rw-p 00003000 08:05 1835099                    /lib/x86_64-linux-gnu/libdl-2.23.so
7f9561d36000-7f9561d4f000 r-xp 00000000 08:05 1839561                    /lib/x86_64-linux-gnu/libz.so.1.2.8
7f9561d4f000-7f9561f4e000 ---p 00019000 08:05 1839561                    /lib/x86_64-linux-gnu/libz.so.1.2.8
7f9561f4e000-7f9561f4f000 r--p 00018000 08:05 1839561                    /lib/x86_64-linux-gnu/libz.so.1.2.8
7f9561f4f000-7f9561f50000 rw-p 00019000 08:05 1839561                    /lib/x86_64-linux-gnu/libz.so.1.2.8
7f9561f50000-7f9562110000 r-xp 00000000 08:05 1835096                    /lib/x86_64-linux-gnu/libc-2.23.so
7f9562110000-7f9562310000 ---p 001c0000 08:05 1835096                    /lib/x86_64-linux-gnu/libc-2.23.so
7f9562310000-7f9562314000 r--p 001c0000 08:05 1835096                    /lib/x86_64-linux-gnu/libc-2.23.so
7f9562314000-7f9562316000 rw-p 001c4000 08:05 1835096                    /lib/x86_64-linux-gnu/libc-2.23.so
7f9562316000-7f956231a000 rw-p 00000000 00:00 0 
7f956231a000-7f9562327000 r-xp 00000000 08:05 8533540                    /usr/lib/jvm/java-8-openjdk-amd64/jre/lib/amd64/jli/libjli.so
7f9562327000-7f9562527000 ---p 0000d000 08:05 8533540                    /usr/lib/jvm/java-8-openjdk-amd64/jre/lib/amd64/jli/libjli.so
7f9562527000-7f9562528000 r--p 0000d000 08:05 8533540                    /usr/lib/jvm/java-8-openjdk-amd64/jre/lib/amd64/jli/libjli.so
7f9562528000-7f9562529000 rw-p 0000e000 08:05 8533540                    /usr/lib/jvm/java-8-openjdk-amd64/jre/lib/amd64/jli/libjli.so
7f9562529000-7f956254f000 r-xp 00000000 08:05 1835037                    /lib/x86_64-linux-gnu/ld-2.23.so
7f9562553000-7f9562555000 r--s 0000c000 08:05 6951373                    /home/chris/Desktop/NetworkSecurity/Project1/PacketParser/commons-cli-1.4.jar
7f9562555000-7f956255f000 r--s 00116000 08:05 8262877                    /usr/lib/jvm/java-8-openjdk-amd64/jre/lib/ext/localedata.jar
7f956255f000-7f956262a000 rw-p 00000000 00:00 0 
7f956262a000-7f956262d000 ---p 00000000 00:00 0 
7f956262d000-7f956272f000 rw-p 00000000 00:00 0 
7f9562730000-7f9562732000 r--s 00008000 08:05 8262876                    /usr/lib/jvm/java-8-openjdk-amd64/jre/lib/ext/sunec.jar
7f9562732000-7f9562734000 r--s 00001000 08:05 8262880                    /usr/lib/jvm/java-8-openjdk-amd64/jre/lib/ext/dnsns.jar
7f9562734000-7f9562735000 r--s 0000a000 08:05 8262879                    /usr/lib/jvm/java-8-openjdk-amd64/jre/lib/ext/jaccess.jar
7f9562735000-7f9562738000 r--s 0000f000 08:05 8261925                    /usr/lib/jvm/java-8-openjdk-amd64/jre/lib/ext/icedtea-sound.jar
7f9562738000-7f956273c000 r--s 00037000 08:05 8262878                    /usr/lib/jvm/java-8-openjdk-amd64/jre/lib/ext/sunpkcs11.jar
7f956273c000-7f956273d000 r--s 00010000 08:05 8262873                    /usr/lib/jvm/java-8-openjdk-amd64/jre/lib/ext/zipfs.jar
7f956273d000-7f9562743000 r--s 0003a000 08:05 8262875                    /usr/lib/jvm/java-8-openjdk-amd64/jre/lib/ext/sunjce_provider.jar
7f9562743000-7f956274b000 rw-s 00000000 08:05 659569                     /tmp/hsperfdata_chris/3178
7f956274b000-7f956274c000 rw-p 00000000 00:00 0 
7f956274c000-7f956274d000 r--p 00000000 00:00 0 
7f956274d000-7f956274e000 rw-p 00000000 00:00 0 
7f956274e000-7f956274f000 r--p 00025000 08:05 1835037                    /lib/x86_64-linux-gnu/ld-2.23.so
7f956274f000-7f9562750000 rw-p 00026000 08:05 1835037                    /lib/x86_64-linux-gnu/ld-2.23.so
7f9562750000-7f9562751000 rw-p 00000000 00:00 0 
7ffcb55ea000-7ffcb560b000 rw-p 00000000 00:00 0                          [stack]
7ffcb56d5000-7ffcb56d8000 r--p 00000000 00:00 0                          [vvar]
7ffcb56d8000-7ffcb56da000 r-xp 00000000 00:00 0                          [vdso]
ffffffffff600000-ffffffffff601000 r-xp 00000000 00:00 0                  [vsyscall]

VM Arguments:
java_command: Main
java_class_path (initial): .:commons-cli-1.4.jar
Launcher Type: SUN_STANDARD

Environment Variables:
PATH=/home/chris/bin:/home/chris/.local/bin:/usr/local/sbin:/usr/local/bin:/usr/sbin:/usr/bin:/sbin:/bin:/usr/games:/usr/local/games:~/opt/gradle/gradle-4.0/bin:/snap/bin
SHELL=/bin/bash
DISPLAY=:0

Signal Handlers:
SIGSEGV: [libjvm.so+0xa69040], sa_mask[0]=11111111011111111101111111111110, sa_flags=SA_RESTART|SA_SIGINFO
SIGBUS: [libjvm.so+0xa69040], sa_mask[0]=11111111011111111101111111111110, sa_flags=SA_RESTART|SA_SIGINFO
SIGFPE: [libjvm.so+0x8b2170], sa_mask[0]=11111111011111111101111111111110, sa_flags=SA_RESTART|SA_SIGINFO
SIGPIPE: [libjvm.so+0x8b2170], sa_mask[0]=11111111011111111101111111111110, sa_flags=SA_RESTART|SA_SIGINFO
SIGXFSZ: [libjvm.so+0x8b2170], sa_mask[0]=11111111011111111101111111111110, sa_flags=SA_RESTART|SA_SIGINFO
SIGILL: [libjvm.so+0x8b2170], sa_mask[0]=11111111011111111101111111111110, sa_flags=SA_RESTART|SA_SIGINFO
SIGUSR1: SIG_DFL, sa_mask[0]=00000000000000000000000000000000, sa_flags=none
SIGUSR2: [libjvm.so+0x8b2020], sa_mask[0]=00000000000000000000000000000000, sa_flags=SA_RESTART|SA_SIGINFO
SIGHUP: [libjvm.so+0x8b24f0], sa_mask[0]=11111111011111111101111111111110, sa_flags=SA_RESTART|SA_SIGINFO
SIGINT: [libjvm.so+0x8b24f0], sa_mask[0]=11111111011111111101111111111110, sa_flags=SA_RESTART|SA_SIGINFO
SIGTERM: [libjvm.so+0x8b24f0], sa_mask[0]=11111111011111111101111111111110, sa_flags=SA_RESTART|SA_SIGINFO
SIGQUIT: [libjvm.so+0x8b24f0], sa_mask[0]=11111111011111111101111111111110, sa_flags=SA_RESTART|SA_SIGINFO


---------------  S Y S T E M  ---------------

OS:DISTRIB_ID=Ubuntu
DISTRIB_RELEASE=16.04
DISTRIB_CODENAME=xenial
DISTRIB_DESCRIPTION="Ubuntu 16.04.3 LTS"

uname:Linux 4.13.0-32-generic #35~16.04.1-Ubuntu SMP Thu Jan 25 10:13:43 UTC 2018 x86_64
libc:glibc 2.23 NPTL 2.23 
rlimit: STACK 8192k, CORE 0k, NPROC 31061, NOFILE 1048576, AS infinity
load average:1.74 1.62 0.80

/proc/meminfo:
MemTotal:        8057372 kB
MemFree:         5637516 kB
MemAvailable:    6445484 kB
Buffers:          102400 kB
Cached:          1164808 kB
SwapCached:            0 kB
Active:          1327280 kB
Inactive:         892440 kB
Active(anon):     955652 kB
Inactive(anon):   261996 kB
Active(file):     371628 kB
Inactive(file):   630444 kB
Unevictable:          32 kB
Mlocked:              32 kB
SwapTotal:       8276988 kB
SwapFree:        8276988 kB
Dirty:              9356 kB
Writeback:             0 kB
AnonPages:        952636 kB
Mapped:           397368 kB
Shmem:            265140 kB
Slab:              98496 kB
SReclaimable:      60416 kB
SUnreclaim:        38080 kB
KernelStack:        9696 kB
PageTables:        34144 kB
NFS_Unstable:          0 kB
Bounce:                0 kB
WritebackTmp:          0 kB
CommitLimit:    12305672 kB
Committed_AS:    5691104 kB
VmallocTotal:   34359738367 kB
VmallocUsed:           0 kB
VmallocChunk:          0 kB
HardwareCorrupted:     0 kB
AnonHugePages:         0 kB
ShmemHugePages:        0 kB
ShmemPmdMapped:        0 kB
CmaTotal:              0 kB
CmaFree:               0 kB
HugePages_Total:       0
HugePages_Free:        0
HugePages_Rsvd:        0
HugePages_Surp:        0
Hugepagesize:       2048 kB
DirectMap4k:      120208 kB
DirectMap2M:     6060032 kB
DirectMap1G:     2097152 kB


CPU:total 4 (initial active 4) (2 cores per cpu, 2 threads per core) family 6 model 78 stepping 3, cmov, cx8, fxsr, mmx, sse, sse2, sse3, ssse3, sse4.1, sse4.2, popcnt, avx, avx2, aes, clmul, erms, rtm, 3dnowpref, lzcnt, ht, tsc, tscinvbit, bmi1, bmi2, adx

/proc/cpuinfo:
processor	: 0
vendor_id	: GenuineIntel
cpu family	: 6
model		: 78
model name	: Intel(R) Core(TM) i3-6100U CPU @ 2.30GHz
stepping	: 3
microcode	: 0x7c
cpu MHz		: 2300.000
cache size	: 3072 KB
physical id	: 0
siblings	: 4
core id		: 0
cpu cores	: 2
apicid		: 0
initial apicid	: 0
fpu		: yes
fpu_exception	: yes
cpuid level	: 22
wp		: yes
flags		: fpu vme de pse tsc msr pae mce cx8 apic sep mtrr pge mca cmov pat pse36 clflush dts acpi mmx fxsr sse sse2 ss ht tm pbe syscall nx pdpe1gb rdtscp lm constant_tsc art arch_perfmon pebs bts rep_good nopl xtopology nonstop_tsc cpuid aperfmperf tsc_known_freq pni pclmulqdq dtes64 monitor ds_cpl vmx est tm2 ssse3 sdbg fma cx16 xtpr pdcm pcid sse4_1 sse4_2 x2apic movbe popcnt aes xsave avx f16c rdrand lahf_lm abm 3dnowprefetch cpuid_fault epb invpcid_single pti intel_pt tpr_shadow vnmi flexpriority ept vpid fsgsbase tsc_adjust bmi1 hle avx2 smep bmi2 erms invpcid rtm mpx rdseed adx smap clflushopt xsaveopt xsavec xgetbv1 xsaves dtherm ida arat pln pts hwp hwp_notify hwp_act_window hwp_epp
bugs		: cpu_meltdown spectre_v1 spectre_v2
bogomips	: 4608.00
clflush size	: 64
cache_alignment	: 64
address sizes	: 39 bits physical, 48 bits virtual
power management:

processor	: 1
vendor_id	: GenuineIntel
cpu family	: 6
model		: 78
model name	: Intel(R) Core(TM) i3-6100U CPU @ 2.30GHz
stepping	: 3
microcode	: 0x7c
cpu MHz		: 2300.000
cache size	: 3072 KB
physical id	: 0
siblings	: 4
core id		: 1
cpu cores	: 2
apicid		: 2
initial apicid	: 2
fpu		: yes
fpu_exception	: yes
cpuid level	: 22
wp		: yes
flags		: fpu vme de pse tsc msr pae mce cx8 apic sep mtrr pge mca cmov pat pse36 clflush dts acpi mmx fxsr sse sse2 ss ht tm pbe syscall nx pdpe1gb rdtscp lm constant_tsc art arch_perfmon pebs bts rep_good nopl xtopology nonstop_tsc cpuid aperfmperf tsc_known_freq pni pclmulqdq dtes64 monitor ds_cpl vmx est tm2 ssse3 sdbg fma cx16 xtpr pdcm pcid sse4_1 sse4_2 x2apic movbe popcnt aes xsave avx f16c rdrand lahf_lm abm 3dnowprefetch cpuid_fault epb invpcid_single pti intel_pt tpr_shadow vnmi flexpriority ept vpid fsgsbase tsc_adjust bmi1 hle avx2 smep bmi2 erms invpcid rtm mpx rdseed adx smap clflushopt xsaveopt xsavec xgetbv1 xsaves dtherm ida arat pln pts hwp hwp_notify hwp_act_window hwp_epp
bugs		: cpu_meltdown spectre_v1 spectre_v2
bogomips	: 4608.00
clflush size	: 64
cache_alignment	: 64
address sizes	: 39 bits physical, 48 bits virtual
power management:

processor	: 2
vendor_id	: GenuineIntel
cpu family	: 6
model		: 78
model name	: Intel(R) Core(TM) i3-6100U CPU @ 2.30GHz
stepping	: 3
microcode	: 0x7c
cpu MHz		: 2300.000
cache size	: 3072 KB
physical id	: 0
siblings	: 4
core id		: 0
cpu cores	: 2
apicid		: 1
initial apicid	: 1
fpu		: yes
fpu_exception	: yes
cpuid level	: 22
wp		: yes
flags		: fpu vme de pse tsc msr pae mce cx8 apic sep mtrr pge mca cmov pat pse36 clflush dts acpi mmx fxsr sse sse2 ss ht tm pbe syscall nx pdpe1gb rdtscp lm constant_tsc art arch_perfmon pebs bts rep_good nopl xtopology nonstop_tsc cpuid aperfmperf tsc_known_freq pni pclmulqdq dtes64 monitor ds_cpl vmx est tm2 ssse3 sdbg fma cx16 xtpr pdcm pcid sse4_1 sse4_2 x2apic movbe popcnt aes xsave avx f16c rdrand lahf_lm abm 3dnowprefetch cpuid_fault epb invpcid_single pti intel_pt tpr_shadow vnmi flexpriority ept vpid fsgsbase tsc_adjust bmi1 hle avx2 smep bmi2 erms invpcid rtm mpx rdseed adx smap clflushopt xsaveopt xsavec xgetbv1 xsaves dtherm ida arat pln pts hwp hwp_notify hwp_act_window hwp_epp
bugs		: cpu_meltdown spectre_v1 spectre_v2
bogomips	: 4608.00
clflush size	: 64
cache_alignment	: 64
address sizes	: 39 bits physical, 48 bits virtual
power management:

processor	: 3
vendor_id	: GenuineIntel
cpu family	: 6
model		: 78
model name	: Intel(R) Core(TM) i3-6100U CPU @ 2.30GHz
stepping	: 3
microcode	: 0x7c
cpu MHz		: 2300.000
cache size	: 3072 KB
physical id	: 0
siblings	: 4
core id		: 1
cpu cores	: 2
apicid		: 3
initial apicid	: 3
fpu		: yes
fpu_exception	: yes
cpuid level	: 22
wp		: yes
flags		: fpu vme de pse tsc msr pae mce cx8 apic sep mtrr pge mca cmov pat pse36 clflush dts acpi mmx fxsr sse sse2 ss ht tm pbe syscall nx pdpe1gb rdtscp lm constant_tsc art arch_perfmon pebs bts rep_good nopl xtopology nonstop_tsc cpuid aperfmperf tsc_known_freq pni pclmulqdq dtes64 monitor ds_cpl vmx est tm2 ssse3 sdbg fma cx16 xtpr pdcm pcid sse4_1 sse4_2 x2apic movbe popcnt aes xsave avx f16c rdrand lahf_lm abm 3dnowprefetch cpuid_fault epb invpcid_single pti intel_pt tpr_shadow vnmi flexpriority ept vpid fsgsbase tsc_adjust bmi1 hle avx2 smep bmi2 erms invpcid rtm mpx rdseed adx smap clflushopt xsaveopt xsavec xgetbv1 xsaves dtherm ida arat pln pts hwp hwp_notify hwp_act_window hwp_epp
bugs		: cpu_meltdown spectre_v1 spectre_v2
bogomips	: 4608.00
clflush size	: 64
cache_alignment	: 64
address sizes	: 39 bits physical, 48 bits virtual
power management:



Memory: 4k page, physical 8057372k(5637516k free), swap 8276988k(8276988k free)

vm_info: OpenJDK 64-Bit Server VM (25.151-b12) for linux-amd64 JRE (1.8.0_151-8u151-b12-0ubuntu0.16.04.2-b12), built on Oct 27 2017 21:59:02 by "buildd" with gcc 5.4.0 20160609

time: Fri Feb 23 10:25:00 2018
elapsed time: 66 seconds (0d 0h 1m 6s)

