#
# A fatal error has been detected by the Java Runtime Environment:
#
#  SIGSEGV (0xb) at pc=0x00007f42bd205134, pid=3071, tid=0x00007f42df4bf700
#
# JRE version: OpenJDK Runtime Environment (8.0_151-b12) (build 1.8.0_151-8u151-b12-0ubuntu0.16.04.2-b12)
# Java VM: OpenJDK 64-Bit Server VM (25.151-b12 mixed mode linux-amd64 compressed oops)
# Problematic frame:
# C  [libpcap.so.0.8+0xf134]  pcap_next+0x4
#
# Failed to write core dump. Core dumps have been disabled. To enable core dumping, try "ulimit -c unlimited" before starting Java again
#
# If you would like to submit a bug report, please visit:
#   http://bugreport.java.com/bugreport/crash.jsp
# The crash happened outside the Java Virtual Machine in native code.
# See problematic frame for where to report the bug.
#

---------------  T H R E A D  ---------------

Current thread (0x00007f42d8009800):  JavaThread "main" [_thread_in_native, id=3072, stack(0x00007f42df3bf000,0x00007f42df4c0000)]

siginfo: si_signo: 11 (SIGSEGV), si_code: 1 (SEGV_MAPERR), si_addr: 0x0000000000000260

Registers:
RAX=0x0000000000000000, RBX=0x00007f42bf82d548, RCX=0x00007f42deddc2dd, RDX=0x00007f42df4be790
RSP=0x00007f42df4be730, RBP=0x00007f42df4be7b0, RSI=0x00007f42df4be790, RDI=0x0000000000000000
R8 =0x00007f42d80000b8, R9 =0x0000000000000000, R10=0x0000000000000077, R11=0x00007f42bd205130
R12=0x0000000000000000, R13=0x00007f42bf82d548, R14=0x00007f42df4be830, R15=0x00007f42d8009800
RIP=0x00007f42bd205134, EFLAGS=0x0000000000010206, CSGSFS=0x002b000000000033, ERR=0x0000000000000004
  TRAPNO=0x000000000000000e

Top of Stack: (sp=0x00007f42df4be730)
0x00007f42df4be730:   0000000000000000 00007f42df0aa620
0x00007f42df4be740:   00007f42bd6705b8 00007f42ded547fa
0x00007f42df4be750:   00007f42bf82d548 00007f42d81503a0
0x00007f42df4be760:   0000000000000002 00007f42bd6700b5
0x00007f42df4be770:   00007f42df4be830 00007f42d80099e0
0x00007f42df4be780:   00007f42df4be7b0 00007f42bf82d548
0x00007f42df4be790:   0000000000000000 00007f42bf82d548
0x00007f42df4be7a0:   00007f42df4be810 00007f42c8e0e612
0x00007f42df4be7b0:   00007f42df4be810 00007f42c8e0e774
0x00007f42df4be7c0:   0000000600000001 00007f42c8e0e4c2
0x00007f42df4be7d0:   00007f42df4be7d0 00007f42bf82d548
0x00007f42df4be7e0:   00007f42df4be830 00007f42bf82ddc0
0x00007f42df4be7f0:   0000000000000000 00007f42bf82d548
0x00007f42df4be800:   0000000000000000 00007f42df4be830
0x00007f42df4be810:   00007f42df4be878 00007f42c8dfed80
0x00007f42df4be820:   0000000000000000 00007f42c8e0827b
0x00007f42df4be830:   00000000d7089c98 00007f42df4be838
0x00007f42df4be840:   00007f42bf82ba2d 00007f42df4be8c8
0x00007f42df4be850:   00007f42bf82be38 0000000000000000
0x00007f42df4be860:   00007f42bf82bb38 00007f42df4be830
0x00007f42df4be870:   00007f42df4be8c8 00007f42df4be910
0x00007f42df4be880:   00007f42c8dfed80 0000000000000000
0x00007f42df4be890:   0000000000000000 0000000000000000
0x00007f42df4be8a0:   0000000000000000 0000000000000000
0x00007f42df4be8b0:   0000000000000000 0000000000000000
0x00007f42df4be8c0:   0000000000000000 00000000d7084ee8
0x00007f42df4be8d0:   00007f42df4be8d0 00007f42bf82b616
0x00007f42df4be8e0:   00007f42df4be9b8 00007f42bf82be38
0x00007f42df4be8f0:   0000000000000000 00007f42bf82b878
0x00007f42df4be900:   00007f42df4be8c8 00007f42df4be9b8
0x00007f42df4be910:   00007f42df4bea00 00007f42c8dfeffd
0x00007f42df4be920:   0000000000000000 0000000000000000 

Instructions: (pc=0x00007f42bd205134)
0x00007f42bd205114:   e0 90 66 2e 0f 1f 84 00 00 00 00 00 eb ee 0f 1f
0x00007f42bd205124:   40 00 66 2e 0f 1f 84 00 00 00 00 00 48 83 ec 38
0x00007f42bd205134:   48 8b 97 60 02 00 00 64 48 8b 04 25 28 00 00 00
0x00007f42bd205144:   48 89 44 24 28 31 c0 48 8d 4c 24 10 48 8d 44 24 

Register to memory mapping:

RAX=0x0000000000000000 is an unknown value
RBX={method} {0x00007f42bf82d548} 'readPacket' '()[B' in 'SimplePacketDriver'
RCX=0x00007f42deddc2dd: __write+0x2d in /lib/x86_64-linux-gnu/libc.so.6 at 0x00007f42dece5000
RDX=0x00007f42df4be790 is pointing into the stack for thread: 0x00007f42d8009800
RSP=0x00007f42df4be730 is pointing into the stack for thread: 0x00007f42d8009800
RBP=0x00007f42df4be7b0 is pointing into the stack for thread: 0x00007f42d8009800
RSI=0x00007f42df4be790 is pointing into the stack for thread: 0x00007f42d8009800
RDI=0x0000000000000000 is an unknown value
R8 =0x00007f42d80000b8 is an unknown value
R9 =0x0000000000000000 is an unknown value
R10=0x0000000000000077 is an unknown value
R11=0x00007f42bd205130: pcap_next+0 in /usr/lib/x86_64-linux-gnu/libpcap.so.0.8 at 0x00007f42bd1f6000
R12=0x0000000000000000 is an unknown value
R13={method} {0x00007f42bf82d548} 'readPacket' '()[B' in 'SimplePacketDriver'
R14=0x00007f42df4be830 is pointing into the stack for thread: 0x00007f42d8009800
R15=0x00007f42d8009800 is a thread


Stack: [0x00007f42df3bf000,0x00007f42df4c0000],  sp=0x00007f42df4be730,  free space=1021k
Native frames: (J=compiled Java code, j=interpreted, Vv=VM code, C=native code)
C  [libpcap.so.0.8+0xf134]  pcap_next+0x4
j  SimplePacketDriver.readPacket()[B+0
j  OptionHandler.getPacket()[B+13
j  OptionHandler.runOptions()V+862
j  Main.main([Ljava/lang/String;)V+18
v  ~StubRoutines::call_stub
V  [libjvm.so+0x66287b]
V  [libjvm.so+0x68452e]
V  [libjvm.so+0x686e5f]
C  [libjli.so+0x3552]
C  [libjli.so+0x73dd]
C  [libpthread.so.0+0x76ba]  start_thread+0xca

Java frames: (J=compiled Java code, j=interpreted, Vv=VM code)
j  SimplePacketDriver.readPacket()[B+0
j  OptionHandler.getPacket()[B+13
j  OptionHandler.runOptions()V+862
j  Main.main([Ljava/lang/String;)V+18
v  ~StubRoutines::call_stub

---------------  P R O C E S S  ---------------

Java Threads: ( => current thread )
  0x00007f42d80c9800 JavaThread "Service Thread" daemon [_thread_blocked, id=3084, stack(0x00007f42bd9a9000,0x00007f42bdaaa000)]
  0x00007f42d80b2000 JavaThread "C1 CompilerThread2" daemon [_thread_blocked, id=3083, stack(0x00007f42bdaaa000,0x00007f42bdbab000)]
  0x00007f42d80b0800 JavaThread "C2 CompilerThread1" daemon [_thread_blocked, id=3082, stack(0x00007f42bdbab000,0x00007f42bdcac000)]
  0x00007f42d80ad800 JavaThread "C2 CompilerThread0" daemon [_thread_blocked, id=3081, stack(0x00007f42bdcac000,0x00007f42bddad000)]
  0x00007f42d80ab800 JavaThread "Signal Dispatcher" daemon [_thread_blocked, id=3080, stack(0x00007f42bddad000,0x00007f42bdeae000)]
  0x00007f42d8083800 JavaThread "Finalizer" daemon [_thread_blocked, id=3079, stack(0x00007f42be186000,0x00007f42be287000)]
  0x00007f42d807f000 JavaThread "Reference Handler" daemon [_thread_blocked, id=3078, stack(0x00007f42be287000,0x00007f42be388000)]
=>0x00007f42d8009800 JavaThread "main" [_thread_in_native, id=3072, stack(0x00007f42df3bf000,0x00007f42df4c0000)]

Other Threads:
  0x00007f42d8077000 VMThread [stack: 0x00007f42be388000,0x00007f42be489000] [id=3077]
  0x00007f42d80cc000 WatcherThread [stack: 0x00007f42bd8a8000,0x00007f42bd9a9000] [id=3085]

VM state:not at safepoint (normal execution)

VM Mutex/Monitor currently owned by a thread: None

Heap:
 PSYoungGen      total 36864K, used 1910K [0x00000000d7000000, 0x00000000d9900000, 0x0000000100000000)
  eden space 31744K, 6% used [0x00000000d7000000,0x00000000d71dd9a0,0x00000000d8f00000)
  from space 5120K, 0% used [0x00000000d9400000,0x00000000d9400000,0x00000000d9900000)
  to   space 5120K, 0% used [0x00000000d8f00000,0x00000000d8f00000,0x00000000d9400000)
 ParOldGen       total 84992K, used 0K [0x0000000085000000, 0x000000008a300000, 0x00000000d7000000)
  object space 84992K, 0% used [0x0000000085000000,0x0000000085000000,0x000000008a300000)
 Metaspace       used 3627K, capacity 4656K, committed 4864K, reserved 1056768K
  class space    used 400K, capacity 428K, committed 512K, reserved 1048576K

Card table byte_map: [0x00007f42c865e000,0x00007f42c8a37000] byte_map_base: 0x00007f42c8236000

Marking Bits: (ParMarkBitMap*) 0x00007f42de68d2c0
 Begin Bits: [0x00007f42c424a000, 0x00007f42c610a000)
 End Bits:   [0x00007f42c610a000, 0x00007f42c7fca000)

Polling page: 0x00007f42df4e1000

CodeCache: size=245760Kb used=1246Kb max_used=1256Kb free=244514Kb
 bounds [0x00007f42c8df7000, 0x00007f42c9067000, 0x00007f42d7df7000]
 total_blobs=331 nmethods=90 adapters=156
 compilation: enabled

Compilation events (10 events):
Event: 0.288 Thread 0x00007f42d80b2000 nmethod 86 0x00007f42c8f2d4d0 code [0x00007f42c8f2d660, 0x00007f42c8f2d908]
Event: 0.288 Thread 0x00007f42d80b2000   89       3       java.util.regex.ASCII::isAscii (13 bytes)
Event: 0.288 Thread 0x00007f42d80b2000 nmethod 89 0x00007f42c8f2da50 code [0x00007f42c8f2dbc0, 0x00007f42c8f2dd50]
Event: 0.288 Thread 0x00007f42d80b2000   87       3       java.lang.Character::isBmpCodePoint (13 bytes)
Event: 0.289 Thread 0x00007f42d80b2000 nmethod 87 0x00007f42c8f2ddd0 code [0x00007f42c8f2df40, 0x00007f42c8f2e0d0]
Event: 0.289 Thread 0x00007f42d80b2000   88       1       java.util.regex.Pattern::flags (5 bytes)
Event: 0.289 Thread 0x00007f42d80b2000 nmethod 88 0x00007f42c8f2e150 code [0x00007f42c8f2e2a0, 0x00007f42c8f2e3b0]
Event: 0.290 Thread 0x00007f42d80ad800 nmethod 84 0x00007f42c8f311d0 code [0x00007f42c8f31320, 0x00007f42c8f314b8]
Event: 39.824 Thread 0x00007f42d80b2000   90       1       java.nio.Buffer::position (5 bytes)
Event: 39.825 Thread 0x00007f42d80b2000 nmethod 90 0x00007f42c8f30f10 code [0x00007f42c8f31060, 0x00007f42c8f31170]

GC Heap History (0 events):
No events

Deoptimization events (0 events):
No events

Internal exceptions (8 events):
Event: 0.045 Thread 0x00007f42d8009800 Exception <a 'java/lang/NoSuchMethodError': Method sun.misc.Unsafe.defineClass(Ljava/lang/String;[BII)Ljava/lang/Class; name or signature does not match> (0x00000000d7007ca8) thrown at [/build/openjdk-8-W2Qe27/openjdk-8-8u151-b12/src/hotspot/src/share/vm/
Event: 0.045 Thread 0x00007f42d8009800 Exception <a 'java/lang/NoSuchMethodError': Method sun.misc.Unsafe.prefetchRead(Ljava/lang/Object;J)V name or signature does not match> (0x00000000d7007f90) thrown at [/build/openjdk-8-W2Qe27/openjdk-8-8u151-b12/src/hotspot/src/share/vm/prims/jni.cpp, lin
Event: 0.259 Thread 0x00007f42d8009800 Exception <a 'java/security/PrivilegedActionException'> (0x00000000d71a27a8) thrown at [/build/openjdk-8-W2Qe27/openjdk-8-8u151-b12/src/hotspot/src/share/vm/prims/jvm.cpp, line 1390]
Event: 0.259 Thread 0x00007f42d8009800 Exception <a 'java/security/PrivilegedActionException'> (0x00000000d71a2ba0) thrown at [/build/openjdk-8-W2Qe27/openjdk-8-8u151-b12/src/hotspot/src/share/vm/prims/jvm.cpp, line 1390]
Event: 0.259 Thread 0x00007f42d8009800 Exception <a 'java/security/PrivilegedActionException'> (0x00000000d71a4e10) thrown at [/build/openjdk-8-W2Qe27/openjdk-8-8u151-b12/src/hotspot/src/share/vm/prims/jvm.cpp, line 1390]
Event: 0.259 Thread 0x00007f42d8009800 Exception <a 'java/security/PrivilegedActionException'> (0x00000000d71a5208) thrown at [/build/openjdk-8-W2Qe27/openjdk-8-8u151-b12/src/hotspot/src/share/vm/prims/jvm.cpp, line 1390]
Event: 0.259 Thread 0x00007f42d8009800 Exception <a 'java/security/PrivilegedActionException'> (0x00000000d71a5ec8) thrown at [/build/openjdk-8-W2Qe27/openjdk-8-8u151-b12/src/hotspot/src/share/vm/prims/jvm.cpp, line 1390]
Event: 0.259 Thread 0x00007f42d8009800 Exception <a 'java/security/PrivilegedActionException'> (0x00000000d71a62c0) thrown at [/build/openjdk-8-W2Qe27/openjdk-8-8u151-b12/src/hotspot/src/share/vm/prims/jvm.cpp, line 1390]

Events (10 events):
Event: 0.287 loading class java/util/regex/Pattern$GroupTail
Event: 0.287 loading class java/util/regex/Pattern$GroupTail done
Event: 0.287 loading class java/util/regex/Pattern$Ques
Event: 0.287 loading class java/util/regex/Pattern$Ques done
Event: 0.287 loading class java/util/regex/Pattern$Loop
Event: 0.288 loading class java/util/regex/Pattern$Loop done
Event: 0.288 loading class java/util/regex/Pattern$Prolog
Event: 0.288 loading class java/util/regex/Pattern$Prolog done
Event: 4.088 Executing VM operation: EnableBiasedLocking
Event: 4.089 Executing VM operation: EnableBiasedLocking done


Dynamic libraries:
00400000-00401000 r-xp 00000000 08:05 8533564                            /usr/lib/jvm/java-8-openjdk-amd64/jre/bin/java
00600000-00601000 r--p 00000000 08:05 8533564                            /usr/lib/jvm/java-8-openjdk-amd64/jre/bin/java
00601000-00602000 rw-p 00001000 08:05 8533564                            /usr/lib/jvm/java-8-openjdk-amd64/jre/bin/java
0236f000-02390000 rw-p 00000000 00:00 0                                  [heap]
85000000-8a300000 rw-p 00000000 00:00 0 
8a300000-d7000000 ---p 00000000 00:00 0 
d7000000-d9900000 rw-p 00000000 00:00 0 
d9900000-100000000 ---p 00000000 00:00 0 
100000000-100080000 rw-p 00000000 00:00 0 
100080000-140000000 ---p 00000000 00:00 0 
7f4288000000-7f4288021000 rw-p 00000000 00:00 0 
7f4288021000-7f428c000000 ---p 00000000 00:00 0 
7f4290000000-7f42900f5000 rw-p 00000000 00:00 0 
7f42900f5000-7f4294000000 ---p 00000000 00:00 0 
7f4294000000-7f4294021000 rw-p 00000000 00:00 0 
7f4294021000-7f4298000000 ---p 00000000 00:00 0 
7f4298000000-7f4298046000 rw-p 00000000 00:00 0 
7f4298046000-7f429c000000 ---p 00000000 00:00 0 
7f429c000000-7f429c021000 rw-p 00000000 00:00 0 
7f429c021000-7f42a0000000 ---p 00000000 00:00 0 
7f42a0000000-7f42a0021000 rw-p 00000000 00:00 0 
7f42a0021000-7f42a4000000 ---p 00000000 00:00 0 
7f42a4000000-7f42a4021000 rw-p 00000000 00:00 0 
7f42a4021000-7f42a8000000 ---p 00000000 00:00 0 
7f42a8000000-7f42a8021000 rw-p 00000000 00:00 0 
7f42a8021000-7f42ac000000 ---p 00000000 00:00 0 
7f42ac000000-7f42ac021000 rw-p 00000000 00:00 0 
7f42ac021000-7f42b0000000 ---p 00000000 00:00 0 
7f42b0000000-7f42b0021000 rw-p 00000000 00:00 0 
7f42b0021000-7f42b4000000 ---p 00000000 00:00 0 
7f42b4000000-7f42b4021000 rw-p 00000000 00:00 0 
7f42b4021000-7f42b8000000 ---p 00000000 00:00 0 
7f42b8000000-7f42b8021000 rw-p 00000000 00:00 0 
7f42b8021000-7f42bc000000 ---p 00000000 00:00 0 
7f42bd1f6000-7f42bd234000 r-xp 00000000 08:05 5252117                    /usr/lib/x86_64-linux-gnu/libpcap.so.1.7.4
7f42bd234000-7f42bd434000 ---p 0003e000 08:05 5252117                    /usr/lib/x86_64-linux-gnu/libpcap.so.1.7.4
7f42bd434000-7f42bd436000 r--p 0003e000 08:05 5252117                    /usr/lib/x86_64-linux-gnu/libpcap.so.1.7.4
7f42bd436000-7f42bd437000 rw-p 00040000 08:05 5252117                    /usr/lib/x86_64-linux-gnu/libpcap.so.1.7.4
7f42bd437000-7f42bd438000 rw-p 00000000 00:00 0 
7f42bd438000-7f42bd44e000 r-xp 00000000 08:05 5249511                    /usr/lib/x86_64-linux-gnu/libnet.so.1.7.0
7f42bd44e000-7f42bd64d000 ---p 00016000 08:05 5249511                    /usr/lib/x86_64-linux-gnu/libnet.so.1.7.0
7f42bd64d000-7f42bd64e000 r--p 00015000 08:05 5249511                    /usr/lib/x86_64-linux-gnu/libnet.so.1.7.0
7f42bd64e000-7f42bd64f000 rw-p 00016000 08:05 5249511                    /usr/lib/x86_64-linux-gnu/libnet.so.1.7.0
7f42bd64f000-7f42bd651000 rw-p 00000000 00:00 0 
7f42bd66f000-7f42bd671000 r-xp 00000000 08:05 5249935                    /usr/lib/x86_64-linux-gnu/libsimplepacketdriver_x64.so
7f42bd671000-7f42bd870000 ---p 00002000 08:05 5249935                    /usr/lib/x86_64-linux-gnu/libsimplepacketdriver_x64.so
7f42bd870000-7f42bd871000 r--p 00001000 08:05 5249935                    /usr/lib/x86_64-linux-gnu/libsimplepacketdriver_x64.so
7f42bd871000-7f42bd872000 rw-p 00002000 08:05 5249935                    /usr/lib/x86_64-linux-gnu/libsimplepacketdriver_x64.so
7f42bd872000-7f42bd88d000 r--s 001d6000 08:05 8262874                    /usr/lib/jvm/java-8-openjdk-amd64/jre/lib/ext/nashorn.jar
7f42bd88d000-7f42bd8a8000 r--s 00394000 08:05 8262872                    /usr/lib/jvm/java-8-openjdk-amd64/jre/lib/ext/cldrdata.jar
7f42bd8a8000-7f42bd8a9000 ---p 00000000 00:00 0 
7f42bd8a9000-7f42bd9a9000 rw-p 00000000 00:00 0 
7f42bd9a9000-7f42bd9ac000 ---p 00000000 00:00 0 
7f42bd9ac000-7f42bdaaa000 rw-p 00000000 00:00 0 
7f42bdaaa000-7f42bdaad000 ---p 00000000 00:00 0 
7f42bdaad000-7f42bdbab000 rw-p 00000000 00:00 0 
7f42bdbab000-7f42bdbae000 ---p 00000000 00:00 0 
7f42bdbae000-7f42bdcac000 rw-p 00000000 00:00 0 
7f42bdcac000-7f42bdcaf000 ---p 00000000 00:00 0 
7f42bdcaf000-7f42bddad000 rw-p 00000000 00:00 0 
7f42bddad000-7f42bddb0000 ---p 00000000 00:00 0 
7f42bddb0000-7f42bdeae000 rw-p 00000000 00:00 0 
7f42bdeae000-7f42be186000 r--p 00000000 08:05 5242947                    /usr/lib/locale/locale-archive
7f42be186000-7f42be189000 ---p 00000000 00:00 0 
7f42be189000-7f42be287000 rw-p 00000000 00:00 0 
7f42be287000-7f42be28a000 ---p 00000000 00:00 0 
7f42be28a000-7f42be388000 rw-p 00000000 00:00 0 
7f42be388000-7f42be389000 ---p 00000000 00:00 0 
7f42be389000-7f42bf868000 rw-p 00000000 00:00 0 
7f42bf868000-7f42bfc28000 ---p 00000000 00:00 0 
7f42bfc28000-7f42c0000000 rw-p 00000000 00:00 0 
7f42c0000000-7f42c0021000 rw-p 00000000 00:00 0 
7f42c0021000-7f42c4000000 ---p 00000000 00:00 0 
7f42c4005000-7f42c41d4000 r--s 03c21000 08:05 8130606                    /usr/lib/jvm/java-8-openjdk-amd64/jre/lib/rt.jar
7f42c41d4000-7f42c7fca000 rw-p 00000000 00:00 0 
7f42c7fca000-7f42c7fcb000 ---p 00000000 00:00 0 
7f42c7fcb000-7f42c80cb000 rw-p 00000000 00:00 0 
7f42c80cb000-7f42c80cc000 ---p 00000000 00:00 0 
7f42c80cc000-7f42c81cc000 rw-p 00000000 00:00 0 
7f42c81cc000-7f42c81cd000 ---p 00000000 00:00 0 
7f42c81cd000-7f42c82cd000 rw-p 00000000 00:00 0 
7f42c82cd000-7f42c82ce000 ---p 00000000 00:00 0 
7f42c82ce000-7f42c83f8000 rw-p 00000000 00:00 0 
7f42c83f8000-7f42c865e000 ---p 00000000 00:00 0 
7f42c865e000-7f42c8688000 rw-p 00000000 00:00 0 
7f42c8688000-7f42c88ee000 ---p 00000000 00:00 0 
7f42c88ee000-7f42c8903000 rw-p 00000000 00:00 0 
7f42c8903000-7f42c8a36000 ---p 00000000 00:00 0 
7f42c8a36000-7f42c8a41000 rw-p 00000000 00:00 0 
7f42c8a41000-7f42c8df7000 ---p 00000000 00:00 0 
7f42c8df7000-7f42c9067000 rwxp 00000000 00:00 0 
7f42c9067000-7f42d7df7000 ---p 00000000 00:00 0 
7f42d7df7000-7f42d7dff000 r-xp 00000000 08:05 8533544                    /usr/lib/jvm/java-8-openjdk-amd64/jre/lib/amd64/libzip.so
7f42d7dff000-7f42d7ffe000 ---p 00008000 08:05 8533544                    /usr/lib/jvm/java-8-openjdk-amd64/jre/lib/amd64/libzip.so
7f42d7ffe000-7f42d7fff000 r--p 00007000 08:05 8533544                    /usr/lib/jvm/java-8-openjdk-amd64/jre/lib/amd64/libzip.so
7f42d7fff000-7f42d8000000 rw-p 00008000 08:05 8533544                    /usr/lib/jvm/java-8-openjdk-amd64/jre/lib/amd64/libzip.so
7f42d8000000-7f42d8214000 rw-p 00000000 00:00 0 
7f42d8214000-7f42dc000000 ---p 00000000 00:00 0 
7f42dc001000-7f42dc043000 rw-p 00000000 00:00 0 
7f42dc043000-7f42dc04e000 r-xp 00000000 08:05 1835182                    /lib/x86_64-linux-gnu/libnss_files-2.23.so
7f42dc04e000-7f42dc24d000 ---p 0000b000 08:05 1835182                    /lib/x86_64-linux-gnu/libnss_files-2.23.so
7f42dc24d000-7f42dc24e000 r--p 0000a000 08:05 1835182                    /lib/x86_64-linux-gnu/libnss_files-2.23.so
7f42dc24e000-7f42dc24f000 rw-p 0000b000 08:05 1835182                    /lib/x86_64-linux-gnu/libnss_files-2.23.so
7f42dc24f000-7f42dc255000 rw-p 00000000 00:00 0 
7f42dc255000-7f42dc260000 r-xp 00000000 08:05 1835186                    /lib/x86_64-linux-gnu/libnss_nis-2.23.so
7f42dc260000-7f42dc45f000 ---p 0000b000 08:05 1835186                    /lib/x86_64-linux-gnu/libnss_nis-2.23.so
7f42dc45f000-7f42dc460000 r--p 0000a000 08:05 1835186                    /lib/x86_64-linux-gnu/libnss_nis-2.23.so
7f42dc460000-7f42dc461000 rw-p 0000b000 08:05 1835186                    /lib/x86_64-linux-gnu/libnss_nis-2.23.so
7f42dc461000-7f42dc477000 r-xp 00000000 08:05 1835025                    /lib/x86_64-linux-gnu/libnsl-2.23.so
7f42dc477000-7f42dc676000 ---p 00016000 08:05 1835025                    /lib/x86_64-linux-gnu/libnsl-2.23.so
7f42dc676000-7f42dc677000 r--p 00015000 08:05 1835025                    /lib/x86_64-linux-gnu/libnsl-2.23.so
7f42dc677000-7f42dc678000 rw-p 00016000 08:05 1835025                    /lib/x86_64-linux-gnu/libnsl-2.23.so
7f42dc678000-7f42dc67a000 rw-p 00000000 00:00 0 
7f42dc67a000-7f42dc682000 r-xp 00000000 08:05 1835177                    /lib/x86_64-linux-gnu/libnss_compat-2.23.so
7f42dc682000-7f42dc881000 ---p 00008000 08:05 1835177                    /lib/x86_64-linux-gnu/libnss_compat-2.23.so
7f42dc881000-7f42dc882000 r--p 00007000 08:05 1835177                    /lib/x86_64-linux-gnu/libnss_compat-2.23.so
7f42dc882000-7f42dc883000 rw-p 00008000 08:05 1835177                    /lib/x86_64-linux-gnu/libnss_compat-2.23.so
7f42dc883000-7f42dc8b0000 r-xp 00000000 08:05 8533527                    /usr/lib/jvm/java-8-openjdk-amd64/jre/lib/amd64/libjava.so
7f42dc8b0000-7f42dcaaf000 ---p 0002d000 08:05 8533527                    /usr/lib/jvm/java-8-openjdk-amd64/jre/lib/amd64/libjava.so
7f42dcaaf000-7f42dcab0000 r--p 0002c000 08:05 8533527                    /usr/lib/jvm/java-8-openjdk-amd64/jre/lib/amd64/libjava.so
7f42dcab0000-7f42dcab2000 rw-p 0002d000 08:05 8533527                    /usr/lib/jvm/java-8-openjdk-amd64/jre/lib/amd64/libjava.so
7f42dcab2000-7f42dcac1000 r-xp 00000000 08:05 8533542                    /usr/lib/jvm/java-8-openjdk-amd64/jre/lib/amd64/libverify.so
7f42dcac1000-7f42dccc0000 ---p 0000f000 08:05 8533542                    /usr/lib/jvm/java-8-openjdk-amd64/jre/lib/amd64/libverify.so
7f42dccc0000-7f42dccc2000 r--p 0000e000 08:05 8533542                    /usr/lib/jvm/java-8-openjdk-amd64/jre/lib/amd64/libverify.so
7f42dccc2000-7f42dccc3000 rw-p 00010000 08:05 8533542                    /usr/lib/jvm/java-8-openjdk-amd64/jre/lib/amd64/libverify.so
7f42dccc3000-7f42dccca000 r-xp 00000000 08:05 1835187                    /lib/x86_64-linux-gnu/librt-2.23.so
7f42dccca000-7f42dcec9000 ---p 00007000 08:05 1835187                    /lib/x86_64-linux-gnu/librt-2.23.so
7f42dcec9000-7f42dceca000 r--p 00006000 08:05 1835187                    /lib/x86_64-linux-gnu/librt-2.23.so
7f42dceca000-7f42dcecb000 rw-p 00007000 08:05 1835187                    /lib/x86_64-linux-gnu/librt-2.23.so
7f42dcecb000-7f42dcee1000 r-xp 00000000 08:05 1839627                    /lib/x86_64-linux-gnu/libgcc_s.so.1
7f42dcee1000-7f42dd0e0000 ---p 00016000 08:05 1839627                    /lib/x86_64-linux-gnu/libgcc_s.so.1
7f42dd0e0000-7f42dd0e1000 rw-p 00015000 08:05 1839627                    /lib/x86_64-linux-gnu/libgcc_s.so.1
7f42dd0e1000-7f42dd1e9000 r-xp 00000000 08:05 1835022                    /lib/x86_64-linux-gnu/libm-2.23.so
7f42dd1e9000-7f42dd3e8000 ---p 00108000 08:05 1835022                    /lib/x86_64-linux-gnu/libm-2.23.so
7f42dd3e8000-7f42dd3e9000 r--p 00107000 08:05 1835022                    /lib/x86_64-linux-gnu/libm-2.23.so
7f42dd3e9000-7f42dd3ea000 rw-p 00108000 08:05 1835022                    /lib/x86_64-linux-gnu/libm-2.23.so
7f42dd3ea000-7f42dd55c000 r-xp 00000000 08:05 5244930                    /usr/lib/x86_64-linux-gnu/libstdc++.so.6.0.21
7f42dd55c000-7f42dd75c000 ---p 00172000 08:05 5244930                    /usr/lib/x86_64-linux-gnu/libstdc++.so.6.0.21
7f42dd75c000-7f42dd766000 r--p 00172000 08:05 5244930                    /usr/lib/x86_64-linux-gnu/libstdc++.so.6.0.21
7f42dd766000-7f42dd768000 rw-p 0017c000 08:05 5244930                    /usr/lib/x86_64-linux-gnu/libstdc++.so.6.0.21
7f42dd768000-7f42dd76c000 rw-p 00000000 00:00 0 
7f42dd76c000-7f42de3be000 r-xp 00000000 08:05 8533537                    /usr/lib/jvm/java-8-openjdk-amd64/jre/lib/amd64/server/libjvm.so
7f42de3be000-7f42de5be000 ---p 00c52000 08:05 8533537                    /usr/lib/jvm/java-8-openjdk-amd64/jre/lib/amd64/server/libjvm.so
7f42de5be000-7f42de651000 r--p 00c52000 08:05 8533537                    /usr/lib/jvm/java-8-openjdk-amd64/jre/lib/amd64/server/libjvm.so
7f42de651000-7f42de67a000 rw-p 00ce5000 08:05 8533537                    /usr/lib/jvm/java-8-openjdk-amd64/jre/lib/amd64/server/libjvm.so
7f42de67a000-7f42de6aa000 rw-p 00000000 00:00 0 
7f42de6aa000-7f42de6c2000 r-xp 00000000 08:05 1835092                    /lib/x86_64-linux-gnu/libpthread-2.23.so
7f42de6c2000-7f42de8c1000 ---p 00018000 08:05 1835092                    /lib/x86_64-linux-gnu/libpthread-2.23.so
7f42de8c1000-7f42de8c2000 r--p 00017000 08:05 1835092                    /lib/x86_64-linux-gnu/libpthread-2.23.so
7f42de8c2000-7f42de8c3000 rw-p 00018000 08:05 1835092                    /lib/x86_64-linux-gnu/libpthread-2.23.so
7f42de8c3000-7f42de8c7000 rw-p 00000000 00:00 0 
7f42de8c7000-7f42de8ca000 r-xp 00000000 08:05 1835099                    /lib/x86_64-linux-gnu/libdl-2.23.so
7f42de8ca000-7f42deac9000 ---p 00003000 08:05 1835099                    /lib/x86_64-linux-gnu/libdl-2.23.so
7f42deac9000-7f42deaca000 r--p 00002000 08:05 1835099                    /lib/x86_64-linux-gnu/libdl-2.23.so
7f42deaca000-7f42deacb000 rw-p 00003000 08:05 1835099                    /lib/x86_64-linux-gnu/libdl-2.23.so
7f42deacb000-7f42deae4000 r-xp 00000000 08:05 1839561                    /lib/x86_64-linux-gnu/libz.so.1.2.8
7f42deae4000-7f42dece3000 ---p 00019000 08:05 1839561                    /lib/x86_64-linux-gnu/libz.so.1.2.8
7f42dece3000-7f42dece4000 r--p 00018000 08:05 1839561                    /lib/x86_64-linux-gnu/libz.so.1.2.8
7f42dece4000-7f42dece5000 rw-p 00019000 08:05 1839561                    /lib/x86_64-linux-gnu/libz.so.1.2.8
7f42dece5000-7f42deea5000 r-xp 00000000 08:05 1835096                    /lib/x86_64-linux-gnu/libc-2.23.so
7f42deea5000-7f42df0a5000 ---p 001c0000 08:05 1835096                    /lib/x86_64-linux-gnu/libc-2.23.so
7f42df0a5000-7f42df0a9000 r--p 001c0000 08:05 1835096                    /lib/x86_64-linux-gnu/libc-2.23.so
7f42df0a9000-7f42df0ab000 rw-p 001c4000 08:05 1835096                    /lib/x86_64-linux-gnu/libc-2.23.so
7f42df0ab000-7f42df0af000 rw-p 00000000 00:00 0 
7f42df0af000-7f42df0bc000 r-xp 00000000 08:05 8533540                    /usr/lib/jvm/java-8-openjdk-amd64/jre/lib/amd64/jli/libjli.so
7f42df0bc000-7f42df2bc000 ---p 0000d000 08:05 8533540                    /usr/lib/jvm/java-8-openjdk-amd64/jre/lib/amd64/jli/libjli.so
7f42df2bc000-7f42df2bd000 r--p 0000d000 08:05 8533540                    /usr/lib/jvm/java-8-openjdk-amd64/jre/lib/amd64/jli/libjli.so
7f42df2bd000-7f42df2be000 rw-p 0000e000 08:05 8533540                    /usr/lib/jvm/java-8-openjdk-amd64/jre/lib/amd64/jli/libjli.so
7f42df2be000-7f42df2e4000 r-xp 00000000 08:05 1835037                    /lib/x86_64-linux-gnu/ld-2.23.so
7f42df2e8000-7f42df2ea000 r--s 0000c000 08:05 6951373                    /home/chris/Desktop/NetworkSecurity/Project1/PacketParser/commons-cli-1.4.jar
7f42df2ea000-7f42df2f4000 r--s 00116000 08:05 8262877                    /usr/lib/jvm/java-8-openjdk-amd64/jre/lib/ext/localedata.jar
7f42df2f4000-7f42df3bf000 rw-p 00000000 00:00 0 
7f42df3bf000-7f42df3c2000 ---p 00000000 00:00 0 
7f42df3c2000-7f42df4c4000 rw-p 00000000 00:00 0 
7f42df4c5000-7f42df4c7000 r--s 00008000 08:05 8262876                    /usr/lib/jvm/java-8-openjdk-amd64/jre/lib/ext/sunec.jar
7f42df4c7000-7f42df4c9000 r--s 00001000 08:05 8262880                    /usr/lib/jvm/java-8-openjdk-amd64/jre/lib/ext/dnsns.jar
7f42df4c9000-7f42df4ca000 r--s 0000a000 08:05 8262879                    /usr/lib/jvm/java-8-openjdk-amd64/jre/lib/ext/jaccess.jar
7f42df4ca000-7f42df4cd000 r--s 0000f000 08:05 8261925                    /usr/lib/jvm/java-8-openjdk-amd64/jre/lib/ext/icedtea-sound.jar
7f42df4cd000-7f42df4d1000 r--s 00037000 08:05 8262878                    /usr/lib/jvm/java-8-openjdk-amd64/jre/lib/ext/sunpkcs11.jar
7f42df4d1000-7f42df4d2000 r--s 00010000 08:05 8262873                    /usr/lib/jvm/java-8-openjdk-amd64/jre/lib/ext/zipfs.jar
7f42df4d2000-7f42df4d8000 r--s 0003a000 08:05 8262875                    /usr/lib/jvm/java-8-openjdk-amd64/jre/lib/ext/sunjce_provider.jar
7f42df4d8000-7f42df4e0000 rw-s 00000000 08:05 659569                     /tmp/hsperfdata_chris/3071
7f42df4e0000-7f42df4e1000 rw-p 00000000 00:00 0 
7f42df4e1000-7f42df4e2000 r--p 00000000 00:00 0 
7f42df4e2000-7f42df4e3000 rw-p 00000000 00:00 0 
7f42df4e3000-7f42df4e4000 r--p 00025000 08:05 1835037                    /lib/x86_64-linux-gnu/ld-2.23.so
7f42df4e4000-7f42df4e5000 rw-p 00026000 08:05 1835037                    /lib/x86_64-linux-gnu/ld-2.23.so
7f42df4e5000-7f42df4e6000 rw-p 00000000 00:00 0 
7ffd8a992000-7ffd8a9b3000 rw-p 00000000 00:00 0                          [stack]
7ffd8a9be000-7ffd8a9c1000 r--p 00000000 00:00 0                          [vvar]
7ffd8a9c1000-7ffd8a9c3000 r-xp 00000000 00:00 0                          [vdso]
ffffffffff600000-ffffffffff601000 r-xp 00000000 00:00 0                  [vsyscall]

VM Arguments:
java_command: Main
java_class_path (initial): .:commons-cli-1.4.jar
Launcher Type: SUN_STANDARD

Environment Variables:
PATH=/home/chris/bin:/home/chris/.local/bin:/usr/local/sbin:/usr/local/bin:/usr/sbin:/usr/bin:/sbin:/bin:/usr/games:/usr/local/games:~/opt/gradle/gradle-4.0/bin:/snap/bin
SHELL=/bin/bash
DISPLAY=:0

Signal Handlers:
SIGSEGV: [libjvm.so+0xa69040], sa_mask[0]=11111111011111111101111111111110, sa_flags=SA_RESTART|SA_SIGINFO
SIGBUS: [libjvm.so+0xa69040], sa_mask[0]=11111111011111111101111111111110, sa_flags=SA_RESTART|SA_SIGINFO
SIGFPE: [libjvm.so+0x8b2170], sa_mask[0]=11111111011111111101111111111110, sa_flags=SA_RESTART|SA_SIGINFO
SIGPIPE: [libjvm.so+0x8b2170], sa_mask[0]=11111111011111111101111111111110, sa_flags=SA_RESTART|SA_SIGINFO
SIGXFSZ: [libjvm.so+0x8b2170], sa_mask[0]=11111111011111111101111111111110, sa_flags=SA_RESTART|SA_SIGINFO
SIGILL: [libjvm.so+0x8b2170], sa_mask[0]=11111111011111111101111111111110, sa_flags=SA_RESTART|SA_SIGINFO
SIGUSR1: SIG_DFL, sa_mask[0]=00000000000000000000000000000000, sa_flags=none
SIGUSR2: [libjvm.so+0x8b2020], sa_mask[0]=00000000000000000000000000000000, sa_flags=SA_RESTART|SA_SIGINFO
SIGHUP: [libjvm.so+0x8b24f0], sa_mask[0]=11111111011111111101111111111110, sa_flags=SA_RESTART|SA_SIGINFO
SIGINT: [libjvm.so+0x8b24f0], sa_mask[0]=11111111011111111101111111111110, sa_flags=SA_RESTART|SA_SIGINFO
SIGTERM: [libjvm.so+0x8b24f0], sa_mask[0]=11111111011111111101111111111110, sa_flags=SA_RESTART|SA_SIGINFO
SIGQUIT: [libjvm.so+0x8b24f0], sa_mask[0]=11111111011111111101111111111110, sa_flags=SA_RESTART|SA_SIGINFO


---------------  S Y S T E M  ---------------

OS:DISTRIB_ID=Ubuntu
DISTRIB_RELEASE=16.04
DISTRIB_CODENAME=xenial
DISTRIB_DESCRIPTION="Ubuntu 16.04.3 LTS"

uname:Linux 4.13.0-32-generic #35~16.04.1-Ubuntu SMP Thu Jan 25 10:13:43 UTC 2018 x86_64
libc:glibc 2.23 NPTL 2.23 
rlimit: STACK 8192k, CORE 0k, NPROC 31061, NOFILE 1048576, AS infinity
load average:1.06 1.36 0.64

/proc/meminfo:
MemTotal:        8057372 kB
MemFree:         5862948 kB
MemAvailable:    6649716 kB
Buffers:          100320 kB
Cached:          1130368 kB
SwapCached:            0 kB
Active:          1110256 kB
Inactive:         888692 kB
Active(anon):     771400 kB
Inactive(anon):   246080 kB
Active(file):     338856 kB
Inactive(file):   642612 kB
Unevictable:          32 kB
Mlocked:              32 kB
SwapTotal:       8276988 kB
SwapFree:        8276988 kB
Dirty:                32 kB
Writeback:             0 kB
AnonPages:        768288 kB
Mapped:           384440 kB
Shmem:            249224 kB
Slab:              96748 kB
SReclaimable:      59220 kB
SUnreclaim:        37528 kB
KernelStack:        8912 kB
PageTables:        32260 kB
NFS_Unstable:          0 kB
Bounce:                0 kB
WritebackTmp:          0 kB
CommitLimit:    12305672 kB
Committed_AS:    5190020 kB
VmallocTotal:   34359738367 kB
VmallocUsed:           0 kB
VmallocChunk:          0 kB
HardwareCorrupted:     0 kB
AnonHugePages:         0 kB
ShmemHugePages:        0 kB
ShmemPmdMapped:        0 kB
CmaTotal:              0 kB
CmaFree:               0 kB
HugePages_Total:       0
HugePages_Free:        0
HugePages_Rsvd:        0
HugePages_Surp:        0
Hugepagesize:       2048 kB
DirectMap4k:      118160 kB
DirectMap2M:     6062080 kB
DirectMap1G:     2097152 kB


CPU:total 4 (initial active 4) (2 cores per cpu, 2 threads per core) family 6 model 78 stepping 3, cmov, cx8, fxsr, mmx, sse, sse2, sse3, ssse3, sse4.1, sse4.2, popcnt, avx, avx2, aes, clmul, erms, rtm, 3dnowpref, lzcnt, ht, tsc, tscinvbit, bmi1, bmi2, adx

/proc/cpuinfo:
processor	: 0
vendor_id	: GenuineIntel
cpu family	: 6
model		: 78
model name	: Intel(R) Core(TM) i3-6100U CPU @ 2.30GHz
stepping	: 3
microcode	: 0x7c
cpu MHz		: 2300.000
cache size	: 3072 KB
physical id	: 0
siblings	: 4
core id		: 0
cpu cores	: 2
apicid		: 0
initial apicid	: 0
fpu		: yes
fpu_exception	: yes
cpuid level	: 22
wp		: yes
flags		: fpu vme de pse tsc msr pae mce cx8 apic sep mtrr pge mca cmov pat pse36 clflush dts acpi mmx fxsr sse sse2 ss ht tm pbe syscall nx pdpe1gb rdtscp lm constant_tsc art arch_perfmon pebs bts rep_good nopl xtopology nonstop_tsc cpuid aperfmperf tsc_known_freq pni pclmulqdq dtes64 monitor ds_cpl vmx est tm2 ssse3 sdbg fma cx16 xtpr pdcm pcid sse4_1 sse4_2 x2apic movbe popcnt aes xsave avx f16c rdrand lahf_lm abm 3dnowprefetch cpuid_fault epb invpcid_single pti intel_pt tpr_shadow vnmi flexpriority ept vpid fsgsbase tsc_adjust bmi1 hle avx2 smep bmi2 erms invpcid rtm mpx rdseed adx smap clflushopt xsaveopt xsavec xgetbv1 xsaves dtherm ida arat pln pts hwp hwp_notify hwp_act_window hwp_epp
bugs		: cpu_meltdown spectre_v1 spectre_v2
bogomips	: 4608.00
clflush size	: 64
cache_alignment	: 64
address sizes	: 39 bits physical, 48 bits virtual
power management:

processor	: 1
vendor_id	: GenuineIntel
cpu family	: 6
model		: 78
model name	: Intel(R) Core(TM) i3-6100U CPU @ 2.30GHz
stepping	: 3
microcode	: 0x7c
cpu MHz		: 2300.000
cache size	: 3072 KB
physical id	: 0
siblings	: 4
core id		: 1
cpu cores	: 2
apicid		: 2
initial apicid	: 2
fpu		: yes
fpu_exception	: yes
cpuid level	: 22
wp		: yes
flags		: fpu vme de pse tsc msr pae mce cx8 apic sep mtrr pge mca cmov pat pse36 clflush dts acpi mmx fxsr sse sse2 ss ht tm pbe syscall nx pdpe1gb rdtscp lm constant_tsc art arch_perfmon pebs bts rep_good nopl xtopology nonstop_tsc cpuid aperfmperf tsc_known_freq pni pclmulqdq dtes64 monitor ds_cpl vmx est tm2 ssse3 sdbg fma cx16 xtpr pdcm pcid sse4_1 sse4_2 x2apic movbe popcnt aes xsave avx f16c rdrand lahf_lm abm 3dnowprefetch cpuid_fault epb invpcid_single pti intel_pt tpr_shadow vnmi flexpriority ept vpid fsgsbase tsc_adjust bmi1 hle avx2 smep bmi2 erms invpcid rtm mpx rdseed adx smap clflushopt xsaveopt xsavec xgetbv1 xsaves dtherm ida arat pln pts hwp hwp_notify hwp_act_window hwp_epp
bugs		: cpu_meltdown spectre_v1 spectre_v2
bogomips	: 4608.00
clflush size	: 64
cache_alignment	: 64
address sizes	: 39 bits physical, 48 bits virtual
power management:

processor	: 2
vendor_id	: GenuineIntel
cpu family	: 6
model		: 78
model name	: Intel(R) Core(TM) i3-6100U CPU @ 2.30GHz
stepping	: 3
microcode	: 0x7c
cpu MHz		: 2300.000
cache size	: 3072 KB
physical id	: 0
siblings	: 4
core id		: 0
cpu cores	: 2
apicid		: 1
initial apicid	: 1
fpu		: yes
fpu_exception	: yes
cpuid level	: 22
wp		: yes
flags		: fpu vme de pse tsc msr pae mce cx8 apic sep mtrr pge mca cmov pat pse36 clflush dts acpi mmx fxsr sse sse2 ss ht tm pbe syscall nx pdpe1gb rdtscp lm constant_tsc art arch_perfmon pebs bts rep_good nopl xtopology nonstop_tsc cpuid aperfmperf tsc_known_freq pni pclmulqdq dtes64 monitor ds_cpl vmx est tm2 ssse3 sdbg fma cx16 xtpr pdcm pcid sse4_1 sse4_2 x2apic movbe popcnt aes xsave avx f16c rdrand lahf_lm abm 3dnowprefetch cpuid_fault epb invpcid_single pti intel_pt tpr_shadow vnmi flexpriority ept vpid fsgsbase tsc_adjust bmi1 hle avx2 smep bmi2 erms invpcid rtm mpx rdseed adx smap clflushopt xsaveopt xsavec xgetbv1 xsaves dtherm ida arat pln pts hwp hwp_notify hwp_act_window hwp_epp
bugs		: cpu_meltdown spectre_v1 spectre_v2
bogomips	: 4608.00
clflush size	: 64
cache_alignment	: 64
address sizes	: 39 bits physical, 48 bits virtual
power management:

processor	: 3
vendor_id	: GenuineIntel
cpu family	: 6
model		: 78
model name	: Intel(R) Core(TM) i3-6100U CPU @ 2.30GHz
stepping	: 3
microcode	: 0x7c
cpu MHz		: 2300.000
cache size	: 3072 KB
physical id	: 0
siblings	: 4
core id		: 1
cpu cores	: 2
apicid		: 3
initial apicid	: 3
fpu		: yes
fpu_exception	: yes
cpuid level	: 22
wp		: yes
flags		: fpu vme de pse tsc msr pae mce cx8 apic sep mtrr pge mca cmov pat pse36 clflush dts acpi mmx fxsr sse sse2 ss ht tm pbe syscall nx pdpe1gb rdtscp lm constant_tsc art arch_perfmon pebs bts rep_good nopl xtopology nonstop_tsc cpuid aperfmperf tsc_known_freq pni pclmulqdq dtes64 monitor ds_cpl vmx est tm2 ssse3 sdbg fma cx16 xtpr pdcm pcid sse4_1 sse4_2 x2apic movbe popcnt aes xsave avx f16c rdrand lahf_lm abm 3dnowprefetch cpuid_fault epb invpcid_single pti intel_pt tpr_shadow vnmi flexpriority ept vpid fsgsbase tsc_adjust bmi1 hle avx2 smep bmi2 erms invpcid rtm mpx rdseed adx smap clflushopt xsaveopt xsavec xgetbv1 xsaves dtherm ida arat pln pts hwp hwp_notify hwp_act_window hwp_epp
bugs		: cpu_meltdown spectre_v1 spectre_v2
bogomips	: 4608.00
clflush size	: 64
cache_alignment	: 64
address sizes	: 39 bits physical, 48 bits virtual
power management:



Memory: 4k page, physical 8057372k(5862948k free), swap 8276988k(8276988k free)

vm_info: OpenJDK 64-Bit Server VM (25.151-b12) for linux-amd64 JRE (1.8.0_151-8u151-b12-0ubuntu0.16.04.2-b12), built on Oct 27 2017 21:59:02 by "buildd" with gcc 5.4.0 20160609

time: Fri Feb 23 10:23:37 2018
elapsed time: 39 seconds (0d 0h 0m 39s)

